  *********************************************************************************************************
  **                                                                                                     **
  **           888888888888                                                                              **
  **         8888888888888888                                                                            **
  **      888888888888888888                                                                             **
  **     888888888888888888                                                                              **
  **    888888888888888                                                                                  **
  **   88888888888888888888                               88888                       8888:              **
  **   8888888888888888888888Z                            88888                       8888:              **
  **   888888888888888888888888?                          88888                       8888:              **
  **   8888888888888      8888888                                        888888       8888:              **
  **    88888888888         888888     8888:     88888    88888        888888888I     8888:    888888    **
  **    8888888888           88888:    8888:     88888    88888      $888888888888    8888:   888888     **
  **    I8Z 88888             88888    8888:     88888    88888    .888888     8888   8888: 888888       **
  **    .8Z 88888             88888    8888:     88888    88888    $88888             8888:88888         **
  **     8I 88888      .=88. .88888    8888:     88888    88888    88888              8888888888         **
  **    :8  88888      888888$8888$    8888:     88888    88888    8888O              88888888888        **
  **   ,7   +88888.     8888888888.    8888:     88888    88888    888888             88888O888888       **
  **         $888888:.   .8888888      88888....888888    88888     888888     8888   8888:  888888      **
  **          I8888888888888888888     888888888888888    88888     O888888888888O    8888:   888888     **
  **            O888888888888888888     88888888888888    88888       88888888888$    8888:    888888    **
  **               8888888Z     888      .8888I  88888    88888         8888888       8888:     888888   **
  **                                                                                                     **
  **                                                                                                     **
  **                                         Copyright (c) 2021                                          **
  **                          Regents of the University of California San Diego                          **
  **                                    & Michigan State University                                      **
  **                                        All Rights Reserved.                                         **
  **                                                                                                     **
  **                   This software provided pursuant to a license agreement containing                 **
  **                   restrictions on its disclosure, duplication, and use. This software               **
  **                   contains confidential and proprietary information, and may not be                 **
  **                   extracted or distributed, in whole or in part, for any purpose                    **
  **                   whatsoever, without the express written permission of the authors.                **
  **                   This notice, and the associated author list, must be attached to                  **
  **                   all copies, or extracts, of this software. Any additional                         **
  **                   restrictions set forth in the license agreement also apply to this                **
  **                   software.                                                                         **
  *********************************************************************************************************
                                                                                                           
  Cite this work as:                                                                                       
  Manathunga, M.; Jin, C.; Cruzeiro, V.W.D.; Smith, J.; Keipert, K.; Pekurovsky, D.; Mu, D.; Miao, Y.;     
  He, X.; Ayers, K.; Brothers, E.; Goetz, A.W.; Merz, K.M. QUICK-21.03                                     
  University of California San Diego, CA and Michigan State University, East Lansing, MI, 2021             
                                                                                                           
  If you have any comments or queries, please send us an email for technical support:                      
  quick.merzlab@gmail.com                                                                                  
                                                                                                           
| TASK STARTS ON: Fri Jul 30 12:47:41 2021
| INPUT FILE :    /home/saatvik/QUICK-amd/install/benchmark/gly12_8.in
| OUTPUT FILE:    /home/saatvik/QUICK-amd/install/benchmark/gly12_8.out
| DATE FILE  :    /home/saatvik/QUICK-amd/install/benchmark/gly12_8.dat
| BASIS SET PATH: /home/saatvik/QUICK-amd/install/basis

| - MPI Enabled -
| TOTAL RANKS     =     8
| MASTER NAME     = exp-2-20                      

 @ Read Job And Atom

  KEYWORD=HF BASIS=CC-PVDZ CUTOFF=1.0E-9 DENSERMS=1.0E-8 NCYC=1000 ZMAKE ENERGY                                                                                                                                   
 ============== JOB CARD =============
 METHOD = HATREE FOCK
 DIRECT SCF 
 SAD INITAL GUESS 
 USE DIIS SCF
 PRINT ENERGY EVERY CYCLE
 READ SAD GUESS FROM FILE
 Z-MATRIX CONSTRUCTION
 MAX SCF CYCLES =    200
 MAX DIIS CYCLES =   10
 DELTA DENSITY START CYCLE = 1000
 COMPUTATIONAL CUTOFF: 
      TWO-e INTEGRAL   =  0.100E-08
      BASIS SET PRIME  =  0.100E-19
      MATRIX ELEMENTS  =  0.100E-09
      BASIS FUNCTION   =  0.100E-09
 DENSITY MATRIX MAXIMUM RMS FOR CONVERGENCE  =  0.100E-07
 BASIS SET = CC-PVDZ,  TYPE = CARTESIAN
| BASIS FILE = /home/saatvik/QUICK-amd/install/basis/CC-PVDZ.BAS

 @ Finish reading job


 @ Begin SAD initial guess

 For Atom Kind =    1
 ELEMENT = O 
 BASIS FUNCTIONS =   15
 For Atom Kind =    2
 ELEMENT = C 
 BASIS FUNCTIONS =   15
 For Atom Kind =    3
 ELEMENT = N 
 BASIS FUNCTIONS =   15
 For Atom Kind =    4
 ELEMENT = H 
 BASIS FUNCTIONS =    5

 @ Finish SAD initial guess


 @ Begin Reading Molecular Information


 =========== Molecule Input ==========
 TOTAL MOLECULAR CHARGE  =    0    MULTIPLICITY                =    1
 TOTAL ATOM NUMBER       =   87    NUMBER OF ATOM TYPES        =    4
 NUMBER OF HYDROGEN ATOM =   38    NUMBER OF NON-HYDROGEN ATOM =   49
 NUMBER OF ELECTRONS     =  370

 -- INPUT GEOMETRY -- :
    O         -21.4842      -0.3959      -0.0207
    O         -20.2759       1.4976      -0.0261
    C         -20.3305       0.2868      -0.0213
    C         -19.1460      -0.6252      -0.0153
    N         -17.9409       0.1705      -0.0163
    C         -16.7265      -0.4017      -0.0116
    O         -16.5729      -1.6236      -0.0063
    C         -15.5451       0.5404      -0.0132
    N         -14.3337      -0.2431      -0.0078
    C         -13.1238       0.3313      -0.0079
    O         -12.9701       1.5550      -0.0126
    C         -11.9392      -0.6077      -0.0019
    N         -10.7305       0.1805      -0.0030
    C          -9.5177      -0.3863       0.0014
    O          -9.3545      -1.6089       0.0067
    C          -8.3390       0.5607      -0.0004
    N          -7.1254      -0.2201       0.0047
    C          -5.9158       0.3531       0.0042
    O          -5.7585       1.5766      -0.0006
    C          -4.7322      -0.5878       0.0098
    N          -3.5227       0.1995       0.0082
    C          -2.3100      -0.3667       0.0121
    O          -2.1453      -1.5893       0.0173
    C          -1.1318       0.5812       0.0097
    N           0.0823      -0.1990       0.0141
    C           1.2917       0.3740       0.0130
    O           1.4495       1.5976       0.0082
    C           2.4752      -0.5671       0.0179
    N           3.6849       0.2197       0.0155
    C           4.8976      -0.3468       0.0187
    O           5.0618      -1.5695       0.0240
    C           6.0758       0.6009       0.0154
    N           7.2901      -0.1788       0.0189
    C           8.4994       0.3952       0.0170
    O           8.6554       1.6190       0.0125
    C           9.6832      -0.5453       0.0208
    N          10.8931       0.2406       0.0176
    C          12.1057      -0.3279       0.0204
    C          13.2843       0.6187       0.0159
    O          12.2661      -1.5509       0.0262
    N          14.4994      -0.1583       0.0188
    C          15.7084       0.4206       0.0177
    C          16.8938      -0.5166       0.0173
    O          15.8547       1.6457       0.0159
    N          18.1044       0.2643       0.0255
    C          19.3186      -0.3139       0.0279
    C          20.5054       0.6210       0.1045
    O          19.4592      -1.5376       0.0113
    N          21.6712      -0.0332      -0.4297
    H          22.5487       0.4009      -0.2688
    H           3.5586       1.2082       0.0112
    H          -0.0387      -1.1882       0.0179
    H         -18.0508       1.1597      -0.0206
    H         -19.1933      -1.2730      -0.8812
    H         -19.1966      -1.2659       0.8557
    H         -15.5884       1.1870       0.8554
    H         -15.5852       1.1799      -0.8873
    H         -14.4536      -1.2323      -0.0040
    H         -11.9775      -1.2544      -0.8705
    H         -11.9806      -1.2471       0.8720
    H         -10.8565       1.1690      -0.0073
    H          -8.3843       1.2068       0.8683
    H          -8.3814       1.1999      -0.8744
    H          -7.2463      -1.2092       0.0085
    H          -4.7714      -1.2344      -0.8588
    H          -4.7739      -1.2270       0.8838
    H          -3.6493       1.1879       0.0039
    H          -1.1770       1.2272       0.8784
    H          -1.1750       1.2204      -0.8642
    H         -22.2701       0.1464      -0.0244
    H           2.4352      -1.2138      -0.8507
    H           2.4338      -1.2063       0.8919
    H           6.0310       1.2469       0.8842
    H           6.0317       1.2402      -0.8583
    H           7.1699      -1.1680       0.0225
    H           9.6422      -1.1920      -0.8477
    H           9.6422      -1.1849       0.8946
    H          13.2391       1.2655       0.8843
    H          13.2385       1.2582      -0.8578
    H          14.3840      -1.1477       0.0204
    H          10.7686       1.2292       0.0128
    H          16.8540      -1.1565      -0.8568
    H          16.8478      -1.1659       0.8841
    H          17.9888       1.2523       0.0068
    H          20.6058       0.9088       1.1534
    H          20.2884       1.5260      -0.4506
    H          21.6647      -1.0259      -0.3704

============== BASIS INFOS ==============
 BASIS FUNCTIONS =  925
 NSHELL =  408 NPRIM  = 2264
 JSHELL =  408 JBASIS = 1453


 @ End Reading Molecular Information 


 @ Begin Energy Calculation

                                         SCF ENERGY
| ------------------------------------------------------------------------------------------------------------------------
| NCYC       ENERGY         DELTA_E      SCF_TIME  DII_CYC   DII_TIME   O_TIME  DIAG_TIME    MAX_ERR    RMS_CHG    MAX_CHG
| ------------------------------------------------------------------------------------------------------------------------
|  1  -2580.570570216      ------        57.179     1        3.65     53.53      0.92    0.2412E+01  0.1732E-01  0.8281E+00
|  2  -2556.289401532  -.242812E+02     268.331     2        4.05    264.28      0.92    0.1766E+00  0.6155E-02  0.5251E+00
|  3  -2557.421373132  0.113197E+01     269.056     3        4.05    265.01      0.92    0.1802E+00  0.2454E-02  0.2616E+00
|  4  -2557.980303021  0.558930E+00     267.828     4        4.04    263.78      0.91    0.2556E-01  0.8019E-03  0.5736E-01
|  5  -2558.028090527  0.477875E-01     267.676     5        4.05    263.63      0.91    0.8615E-02  0.2810E-03  0.2358E-01
|  6  -2558.033650752  0.556023E-02     267.711     6        4.04    263.67      0.91    0.3712E-02  0.1169E-03  0.1169E-01
|  7  -2558.034612673  0.961921E-03     267.438     7        4.05    263.39      0.91    0.1514E-02  0.4429E-04  0.3838E-02
|  8  -2558.034744942  0.132268E-03     267.358     8        4.05    263.30      0.92    0.5149E-03  0.1505E-04  0.1198E-02
|  9  -2558.034760552  0.156107E-04     267.377     9        4.05    263.32      0.91    0.1829E-03  0.5929E-05  0.4459E-03
| 10  -2558.034763034  0.248153E-05     267.850    10        4.06    263.79      0.92    0.8674E-04  0.2460E-05  0.2175E-03
| 11  -2558.034763419  0.385343E-06     267.733     1        4.08    263.65      0.92    0.4295E-04  0.8598E-06  0.1147E-03
| -------------- 2E-INT CUTOFF CHANGE TO 0.1000E-09 ------------
| 12  -2558.034763583  0.164199E-06     292.532     2        4.06    288.47      0.91    0.1905E-04  0.3395E-06  0.5079E-04
| 13  -2558.034763593  0.926411E-08     292.393     3        4.08    288.31      0.92    0.8560E-05  0.1856E-06  0.2964E-04
| 14  -2558.034763595  0.213186E-08     292.488     4        4.07    288.42      0.91    0.2529E-05  0.6423E-07  0.9542E-05
| -------------- 2E-INT CUTOFF CHANGE TO 0.1000E-10 ------------
| 15  -2558.034763602  0.776345E-08     314.878     5        4.06    310.82      0.91    0.7040E-06  0.2127E-07  0.2729E-05
| 16  -2558.034763602  0.254659E-10     314.838     6        4.07    310.77      0.92    0.2698E-06  0.5816E-08  0.5997E-06
| ------------------------------------------------------------------------------------------------------------------------
| REACH CONVERGENCE AFTER  16 CYLCES
| MAX ERROR = 0.269823E-06   RMS CHANGE = 0.581621E-08   MAX CHANGE = 0.599703E-06
| -----------------------------------------------
 ELECTRONIC ENERGY    = -7425.254223183
 CORE_CORE REPULSION  =  4867.219459581
 TOTAL ENERGY         = -2558.034763602

 @ End Energy calculation


 @ Begin Zmake conversion

  
 Z-MATRIX:

   ATOM  ELEMENTAL  BOND LENGTH    BOND ANGLE    DIHEDRAL ANGLE
  NUMBER  SYMBOL    (ANGSTROMS)    (DEGREES)       (DEGREES)
     I                 I-NA         I-NA-NB        I-NA-NB-NC      NA   NB   NC

     1      O        0.00000  0     0.00000  0      0.00000  0      0    0    0
     2      O        2.24615  1     0.00000  0      0.00000  0      1    0    0
     3      C        1.34057  1    26.84191  1      0.00000  0      1    2    0
     4      C        2.34943  1    63.05731  1      0.00025  1      1    2    3
     5      N        3.58836  1    48.37520  1      0.00009  1      1    2    3
     6      C        4.75773  1    57.52610  1      0.00040  1      1    2    3
     7      O        5.06249  1    71.49148  1      0.00087  1      1    2    3
     8      C        6.01249  1    48.49754  1      0.00017  1      1    2    3
     9      N        7.15213  1    56.23276  1     -0.00027  1      1    2    3
    10      C        8.39202  1    52.48540  1     -0.00078  1      1    2    3
    11      O        8.73475  1    44.55092  1     -0.00093  1      1    2    3
    12      C        9.54735  1    58.72794  1     -0.00105  1      1    2    3
    13      N       10.76918  1    54.38842  1     -0.00228  1      1    2    3
    14      C       11.96658  1    57.41065  1     -0.00307  1      1    2    3
    15      O       12.19025  1    63.16758  1     -0.00282  1      1    2    3
    16      C       13.17998  1    53.29454  1     -0.00421  1      1    2    3
    17      N       14.35997  1    56.75513  1     -0.00565  1      1    2    3
    18      C       15.58642  1    54.70242  1     -0.00732  1      1    2    3
    19      O       15.84902  1    50.30726  1     -0.00786  1      1    2    3
    20      C       16.75316  1    58.11313  1     -0.00833  1      1    2    3
    21      N       17.97144  1    55.55827  1     -0.01078  1      1    2    3
    22      C       19.17431  1    57.36938  1     -0.01241  1      1    2    3
    23      O       19.37580  1    60.98791  1     -0.01195  1      1    2    3
    24      C       20.37588  1    54.70817  1     -0.01476  1      1    2    3
    25      N       21.56743  1    56.93366  1     -0.01696  1      1    2    3
    26      C       22.78899  1    55.52060  1     -0.01961  1      1    2    3
    27      O       23.02021  1    52.48879  1     -0.02041  1      1    2    3
    28      C       23.96008  1    57.86624  1     -0.02135  1      1    2    3
    29      N       25.17673  1    56.05563  1     -0.02488  1      1    2    3
    30      C       26.38189  1    57.35009  1     -0.02709  1      1    2    3
    31      O       26.57195  1    59.98810  1     -0.02619  1      1    2    3
    32      C       27.57808  1    55.38532  1     -0.03058  1      1    2    3
    33      N       28.77515  1    57.02433  1     -0.03362  1      1    2    3
    34      C       29.99411  1    55.94522  1     -0.03684  1      1    2    3
    35      O       30.20696  1    53.63199  1     -0.03726  1      1    2    3
    36      C       31.16779  1    57.73137  1     -0.03968  1      1    2    3
    37      N       32.38363  1    56.33041  1     -0.04372  1      1    2    3
    38      C       33.59004  1    57.34074  1     -0.04544  1      1    2    3
    39      C       34.78338  1    55.78514  1     -0.05029  1      1    2    3
    40      O       33.77015  1    59.41672  1     -0.04310  1      1    2    3
    41      N       35.98446  1    57.07826  1     -0.05278  1      1    2    3
    42      C       37.20160  1    56.19894  1     -0.05357  1      1    2    3
    43      C       38.37822  1    57.63682  1     -0.06241  1      1    2    3
    44      O       37.39470  1    54.32700  1     -0.04888  1      1    2    3
    45      N       39.59416  1    56.50120  1     -0.04555  1      1    2    3
    46      C       40.80295  1    57.34149  1     -0.04755  1      1    2    3
    47      C       42.00217  1    56.06974  1      0.08169  1      1    2    3
    48      O       40.95938  1    59.05381  1     -0.08217  1      1    2    3
    49      N       43.15891  1    56.97502  1     -0.77494  1      1    2    3
    50      H       44.04081  1    56.41939  1     -0.51295  1      1    2    3
    51      H       25.09419  1    53.79172  1     -0.02580  1      1    2    3
    52      H       21.46018  1    59.57252  1     -0.01649  1      1    2    3
    53      H        3.76936  1    33.08291  1     -0.00097  1      1    2    3
    54      H        2.59968  1    79.02190  1    -19.89443  1      1    2    3
    55      H        2.59969  1    79.02166  1     19.89513  1      1    2    3
    56      H        6.16713  1    43.08887  1     11.93668  1      1    2    3
    57      H        6.16709  1    43.08851  1    -11.93617  1      1    2    3
    58      H        7.08021  1    64.24075  1     -0.00026  1      1    2    3
    59      H        9.58319  1    62.71921  1     -5.87204  1      1    2    3
    60      H        9.58334  1    62.71823  1      5.87074  1      1    2    3
    61      H       10.74233  1    49.08031  1     -0.00267  1      1    2    3
    62      H       13.22753  1    50.59993  1      4.88619  1      1    2    3
    63      H       13.22719  1    50.59931  1     -4.89426  1      1    2    3
    64      H       14.26119  1    60.72614  1     -0.00539  1      1    2    3
    65      H       16.75482  1    60.36135  1     -3.43791  1      1    2    3
    66      H       16.75544  1    60.35989  1      3.42249  1      1    2    3
    67      H       17.90511  1    52.38190  1     -0.01133  1      1    2    3
    68      H       20.39181  1    52.93643  1      3.05490  1      1    2    3
    69      H       20.39086  1    52.93616  1     -3.08434  1      1    2    3
    70      H        0.95480  1    87.93289  1   -179.99912  1      1    2    3
    71      H       23.94782  1    59.42948  1     -2.44242  1      1    2    3
    72      H       23.94918  1    59.42770  1      2.40128  1      1    2    3
    73      H       27.57912  1    54.06758  1      2.20553  1      1    2    3
    74      H       27.57725  1    54.06752  1     -2.26674  1      1    2    3
    75      H       28.66460  1    59.00015  1     -0.03333  1      1    2    3
    76      H       31.14756  1    58.92939  1     -1.91036  1      1    2    3
    77      H       31.14988  1    58.92808  1      1.83216  1      1    2    3
    78      H       34.77488  1    54.73523  1      1.70702  1      1    2    3
    79      H       34.77215  1    54.73668  1     -1.80897  1      1    2    3
    80      H       35.87613  1    58.65745  1     -0.05623  1      1    2    3
    81      H       32.29374  1    54.57222  1     -0.04583  1      1    2    3
    82      H       38.35488  1    58.59772  1     -1.59633  1      1    2    3
    83      H       38.35045  1    58.62077  1      1.45069  1      1    2    3
    84      H       39.50741  1    55.06551  1     -0.07207  1      1    2    3
    85      H       42.12665  1    55.70088  1      1.81044  1      1    2    3
    86      H       41.81902  1    54.82255  1     -0.84045  1      1    2    3
    87      H       43.15498  1    58.29283  1     -0.67761  1      1    2    3

 @ End Zmake conversion


 @ Output Timing Information

------------- TIMING ---------------
| INITIAL GUESS TIME  =     6.103761000(  0.14%)
| TOTAL SCF TIME      =  4242.666008000( 99.81%)
|       TOTAL OP TIME      =  4178.136718000( 98.29%)
|             TOTAL 1e TIME      =     0.257507000(  0.01%)
|             TOTAL 2e TIME      =  4177.722546000( 98.28%)
|       TOTAL DII TIME      =    64.502478000(  1.52%)
|             TOTAL DIAG TIME    =    14.647812000(  0.34%)
| TOTAL TIME          =  4250.757241000
------------------------------------
| Job cpu time:  0 days  1 hours 10 minutes 50.8 seconds.

 @ Finish Output Timing Information

| Normal Termination. Task Finished on: Fri Jul 30 13:58:24 2021
