  *********************************************************************************************************
  **                                                                                                     **
  **           888888888888                                                                              **
  **         8888888888888888                                                                            **
  **      888888888888888888                                                                             **
  **     888888888888888888                                                                              **
  **    888888888888888                                                                                  **
  **   88888888888888888888                               88888                       8888:              **
  **   8888888888888888888888Z                            88888                       8888:              **
  **   888888888888888888888888?                          88888                       8888:              **
  **   8888888888888      8888888                                        888888       8888:              **
  **    88888888888         888888     8888:     88888    88888        888888888I     8888:    888888    **
  **    8888888888           88888:    8888:     88888    88888      $888888888888    8888:   888888     **
  **    I8Z 88888             88888    8888:     88888    88888    .888888     8888   8888: 888888       **
  **    .8Z 88888             88888    8888:     88888    88888    $88888             8888:88888         **
  **     8I 88888      .=88. .88888    8888:     88888    88888    88888              8888888888         **
  **    :8  88888      888888$8888$    8888:     88888    88888    8888O              88888888888        **
  **   ,7   +88888.     8888888888.    8888:     88888    88888    888888             88888O888888       **
  **         $888888:.   .8888888      88888....888888    88888     888888     8888   8888:  888888      **
  **          I8888888888888888888     888888888888888    88888     O888888888888O    8888:   888888     **
  **            O888888888888888888     88888888888888    88888       88888888888$    8888:    888888    **
  **               8888888Z     888      .8888I  88888    88888         8888888       8888:     888888   **
  **                                                                                                     **
  **                                                                                                     **
  **                                         Copyright (c) 2021                                          **
  **                          Regents of the University of California San Diego                          **
  **                                    & Michigan State University                                      **
  **                                        All Rights Reserved.                                         **
  **                                                                                                     **
  **                   This software provided pursuant to a license agreement containing                 **
  **                   restrictions on its disclosure, duplication, and use. This software               **
  **                   contains confidential and proprietary information, and may not be                 **
  **                   extracted or distributed, in whole or in part, for any purpose                    **
  **                   whatsoever, without the express written permission of the authors.                **
  **                   This notice, and the associated author list, must be attached to                  **
  **                   all copies, or extracts, of this software. Any additional                         **
  **                   restrictions set forth in the license agreement also apply to this                **
  **                   software.                                                                         **
  *********************************************************************************************************
                                                                                                           
  Cite this work as:                                                                                       
  Manathunga, M.; Jin, C.; Cruzeiro, V.W.D.; Smith, J.; Keipert, K.; Pekurovsky, D.; Mu, D.; Miao, Y.;     
  He, X.; Ayers, K.; Brothers, E.; Goetz, A.W.; Merz, K.M. QUICK-21.03                                     
  University of California San Diego, CA and Michigan State University, East Lansing, MI, 2021             
                                                                                                           
  If you have any comments or queries, please send us an email for technical support:                      
  quick.merzlab@gmail.com                                                                                  
                                                                                                           
| TASK STARTS ON: Tue Aug 10 15:14:21 2021
| INPUT FILE :    /home/saatvik/QUICK-cpu/install/benchmark/Valinomycin_64.in
| OUTPUT FILE:    /home/saatvik/QUICK-cpu/install/benchmark/Valinomycin_64.out
| DATE FILE  :    /home/saatvik/QUICK-cpu/install/benchmark/Valinomycin_64.dat
| BASIS SET PATH: /home/saatvik/QUICK-cpu/install/basis

| - MPI Enabled -
| TOTAL RANKS     =    64
| MASTER NAME     = exp-7-54                      

 @ Read Job And Atom

  KEYWORD=DFT B3LYP BASIS=6-31G** CUTOFF=1.0E-8 DENSERMS=1.0E-6 NCYC=1000 GRADIENT                                                                                                                                
 ============== JOB CARD =============
 METHOD = DENSITY FUNCTIONAL THEORY
 DENSITY FUNCTIONAL = B3LYP
 DIRECT SCF 
 SAD INITAL GUESS 
 USE DIIS SCF
 PRINT ENERGY EVERY CYCLE
 READ SAD GUESS FROM FILE
 STANDARD GRID = SG1
 GRADIENT CALCULATION
 MAX SCF CYCLES =    200
 MAX DIIS CYCLES =   10
 DELTA DENSITY START CYCLE = 1000
 COMPUTATIONAL CUTOFF: 
      TWO-e INTEGRAL   =  0.100E-07
      BASIS SET PRIME  =  0.100E-19
      MATRIX ELEMENTS  =  0.100E-09
      BASIS FUNCTION   =  0.100E-09
      GRADIENT CUTOFF  =  0.100E-07
 DENSITY MATRIX MAXIMUM RMS FOR CONVERGENCE  =  0.100E-05
 BASIS SET = 6-31G**,  TYPE = CARTESIAN
| BASIS FILE = /home/saatvik/QUICK-cpu/install/basis/6-31GDP.BAS

 @ Finish reading job


 @ Begin SAD initial guess

 For Atom Kind =    1
 ELEMENT = N 
 BASIS FUNCTIONS =   15
 For Atom Kind =    2
 ELEMENT = C 
 BASIS FUNCTIONS =   15
 For Atom Kind =    3
 ELEMENT = O 
 BASIS FUNCTIONS =   15
 For Atom Kind =    4
 ELEMENT = H 
 BASIS FUNCTIONS =    5

 @ Finish SAD initial guess


 @ Begin Reading Molecular Information


 =========== Molecule Input ==========
 TOTAL MOLECULAR CHARGE  =    0    MULTIPLICITY                =    1
 TOTAL ATOM NUMBER       =  168    NUMBER OF ATOM TYPES        =    4
 NUMBER OF HYDROGEN ATOM =   90    NUMBER OF NON-HYDROGEN ATOM =   78
 NUMBER OF ELECTRONS     =  600

 -- INPUT GEOMETRY -- :
    N           2.9800       2.9840       1.2240
    C           2.2880       3.5120       2.4000
    C           0.8080       3.2680       2.1760
    C           2.7680       2.8320       3.6640
    C           4.2720       3.1480       3.9560
    C           1.9200       3.2480       4.8760
    O           0.3120       2.2080       1.8600
    O           0.0880       4.3720       2.4400
    C          -1.3720       4.2040       2.3960
    C          -1.8280       4.1440       0.9200
    C          -1.9440       5.4680       3.0400
    O          -3.0120       3.7040       0.7680
    N          -1.0680       4.4560      -0.0640
    C          -1.5280       4.3400      -1.4480
    C          -1.9240       2.9000      -1.6760
    C          -0.4880       4.7600      -2.5000
    C          -0.2360       6.2760      -2.2840
    C          -0.9160       4.4400      -3.8760
    O          -1.2600       1.9440      -1.3600
    O          -3.1360       2.7840      -2.2440
    C          -3.6120       1.4760      -2.6240
    C          -4.1440       0.6920      -1.4800
    C          -4.6440       1.6520      -3.7280
    C          -5.8360       2.4480      -3.2080
    C          -4.0520       2.3040      -4.9480
    O          -4.5840      -0.4440      -1.7320
    N          -4.2200       1.2120      -0.2720
    C          -4.7400       0.4080       0.8280
    C          -3.8920      -0.8400       0.9360
    C          -4.7640       1.1800       2.1680
    C          -5.7160       2.3520       2.0520
    C          -5.1760       0.3040       3.3160
    O          -2.6640      -0.8640       1.0200
    O          -4.6360      -1.9640       0.9600
    C          -3.9600      -3.2480       1.1320
    C          -3.0760      -3.5640      -0.0560
    C          -5.0360      -4.3200       1.2560
    O          -2.1320      -4.3560       0.0920
    N          -3.3400      -3.0360      -1.2520
    C          -2.5160      -3.3880      -2.4080
    C          -1.0920      -2.9840      -2.1120
    C          -3.0320      -2.7320      -3.6720
    C          -4.4760      -3.1640      -3.9840
    C          -2.1640      -3.1160      -4.8720
    O          -0.7520      -1.9040      -1.6720
    O          -0.2240      -3.9680      -2.4080
    C           1.1840      -3.6560      -2.2360
    C           1.6680      -3.8880      -0.8600
    C           1.9600      -4.5480      -3.2240
    C           1.7400      -6.0080      -3.0520
    C           1.7280      -4.1000      -4.6520
    O           2.8600      -3.6720      -0.5800
    N           0.8400      -4.2480       0.1440
    C           1.3160      -4.2600       1.5320
    C           1.8160      -2.8440       1.8560
    C           0.2600      -4.7280       2.5120
    C          -0.1240      -6.1960       2.2360
    C           0.7360      -4.5520       3.9560
    O           1.2000      -1.8400       1.6440
    O           3.0280      -2.8800       2.4240
    C           3.5760      -1.6040       2.8560
    C           4.0320      -0.7360       1.6720
    C           4.7280      -1.9320       3.8200
    O           4.3440       0.4360       1.8880
    N           4.1840      -1.3400       0.4800
    C           4.5960      -0.4920      -0.6560
    C           3.5680       0.6160      -0.8000
    C           4.7040      -1.3400      -1.9280
    C           5.7440      -2.4280      -1.7560
    C           5.1000      -0.4520      -3.0920
    O           2.4040       0.4680      -0.8240
    O           4.1880       1.7960      -0.9360
    C           3.3600       2.9560      -1.2520
    C           2.6520       3.4920       0.0160
    C           4.2560       3.9920      -1.9000
    C           5.2640       4.5120      -0.9480
    C           3.4440       5.0920      -2.5680
    O           1.8280       4.3920      -0.1080
    H           3.9600       3.1400       1.3560
    H           2.4760       4.4880       2.5160
    H           2.6680       1.8480       3.5160
    H           4.5520       2.6840       4.7960
    H           4.3880       4.1360       4.0640
    H           4.8320       2.8280       3.1920
    H           2.2560       2.7840       5.6960
    H           0.9640       2.9920       4.7200
    H           1.9840       4.2400       5.0040
    H          -1.6720       3.3720       2.8640
    H          -2.9440       5.4160       3.0440
    H          -1.6520       6.2680       2.5200
    H          -1.6120       5.5440       3.9800
    H          -0.8160       5.4160       0.0680
    H          -2.2960       4.9680      -1.5680
    H           0.3640       4.2440      -2.3880
    H           0.4400       6.6000      -2.9480
    H           0.1080       6.4280      -1.3600
    H          -1.0920       6.7760      -2.4080
    H          -0.2120       4.7280      -4.5240
    H          -1.7720       4.9200      -4.0800
    H          -1.0600       3.4520      -3.9600
    H          -2.8400       0.9360      -2.9600
    H          -4.9600       0.7440      -4.0040
    H          -6.5080       2.5600      -3.9360
    H          -5.5280       3.3480      -2.9000
    H          -6.2560       1.9600      -2.4400
    H          -4.7560       2.4040      -5.6520
    H          -3.3080       1.7320      -5.3040
    H          -3.6920       3.2040      -4.7040
    H          -3.2960       1.4880      -0.0160
    H          -5.6920       0.1720       0.6320
    H          -3.8360       1.5000       2.3520
    H          -5.7320       2.8520       2.9200
    H          -6.6320       2.0160       1.8440
    H          -5.4080       2.9600       1.3240
    H          -5.1800       0.8440       4.1600
    H          -4.5320      -0.4520       3.4080
    H          -6.0920      -0.0560       3.1480
    H          -3.3800      -3.2160       1.9480
    H          -4.6040      -5.2160       1.3760
    H          -5.5960      -4.3320       0.4280
    H          -5.6160      -4.1240       2.0440
    H          -4.2800      -3.2880      -1.4800
    H          -2.5600      -4.3760      -2.5640
    H          -3.0000      -1.7480      -3.5120
    H          -4.7840      -2.7120      -4.8240
    H          -5.0760      -2.9000      -3.2280
    H          -4.5120      -4.1560      -4.1080
    H          -2.5200      -2.6720      -5.6960
    H          -2.1800      -4.1080      -4.9960
    H          -1.2240      -2.8160      -4.7160
    H           1.3280      -2.6800      -2.4080
    H           2.9240      -4.4160      -3.0040
    H           2.2800      -6.5080      -3.7320
    H           0.7720      -6.2160      -3.1760
    H           2.0280      -6.2800      -2.1320
    H           2.2400      -4.6920      -5.2760
    H           2.0360      -3.1560      -4.7600
    H           0.7520      -4.1600      -4.8640
    H           0.0640      -3.6200       0.1120
    H           2.0560      -4.9240       1.6280
    H          -0.5560      -4.1600       2.3880
    H          -0.8200      -6.4920       2.8920
    H           0.6880      -6.7760       2.3320
    H          -0.4840      -6.2800       1.3080
    H           0.0240      -4.8680       4.5840
    H           0.9280      -3.5880       4.1280
    H           1.5680      -5.0880       4.1000
    H           2.8760      -1.0560       3.3160
    H           5.1440      -1.0840       4.1480
    H           5.4200      -2.4760       3.3400
    H           4.3760      -2.4520       4.5960
    H           4.8760      -2.0520       0.5920
    H           5.5000      -0.0880      -0.4960
    H           3.8160      -1.7640      -2.1080
    H           5.8000      -2.9720      -2.5920
    H           5.4840      -3.0200      -0.9920
    H           6.6360      -2.0120      -1.5680
    H           5.1680      -1.0040      -3.9240
    H           5.9840      -0.0240      -2.9040
    H           4.4080       0.2600      -3.2240
    H           2.6280       2.7080      -1.8880
    H           4.7680       3.5440      -2.6320
    H           5.8360       5.1920      -1.4040
    H           5.8360       3.7600      -0.6240
    H           4.8040       4.9400      -0.1680
    H           4.0640       5.7600      -2.9840
    H           2.8760       5.5480      -1.8840
    H           2.8600       4.6920      -3.2760

============== BASIS INFOS ==============
 BASIS FUNCTIONS = 1620
 NSHELL =  582 NPRIM  = 2814
 JSHELL =  582 JBASIS = 1308


 @ End Reading Molecular Information 


 @ Begin XC Quadrature Formation

 OCTAGO: OCTree Algorithm for Grid Operations 
   PRUNING CUTOFF       = 0.100E-09
   INITIAL GRID POINTS  =      635328
|   FINAL GRID POINTS    =      394485
|   SIGNIFICANT NUMBER OF BASIS FUNCTIONS     =     1197413
|   SIGNIFICANT NUMBER OF PRIMITIVE FUNCTIONS =     1279048

 @ End XC Quadrature Formation


 @ Begin Energy Calculation

                                         SCF ENERGY
| ------------------------------------------------------------------------------------------------------------------------
| NCYC       ENERGY         DELTA_E      SCF_TIME  DII_CYC   DII_TIME   O_TIME  DIAG_TIME    MAX_ERR    RMS_CHG    MAX_CHG
| ------------------------------------------------------------------------------------------------------------------------
|  1  -3815.108067208      ------        33.251     1       25.42      7.82      4.95    0.2550E+01  0.8558E-02  0.5899E+00
|  2  -3791.633602909  -.234745E+02      51.150     2       27.58     23.56      4.92    0.3387E+00  0.4883E-02  0.6247E+00
|  3  -3787.860403308  -.377320E+01      52.281     3       27.59     24.68      4.93    0.9113E+00  0.3678E-02  0.5487E+00
|  4  -3793.701678275  0.584127E+01      51.470     4       27.60     23.86      4.94    0.2104E+00  0.9541E-03  0.1714E+00
|  5  -3794.111677401  0.409999E+00      51.529     5       27.62     23.90      4.94    0.4821E-01  0.2828E-03  0.4519E-01
|  6  -3794.130857515  0.191801E-01      51.532     6       27.62     23.91      4.94    0.2711E-01  0.1356E-03  0.1972E-01
|  7  -3794.139171752  0.831424E-02      51.530     7       27.63     23.89      4.93    0.9288E-02  0.4430E-04  0.7393E-02
|  8  -3794.139997278  0.825525E-03      51.532     8       27.64     23.89      4.93    0.2394E-02  0.1220E-04  0.1982E-02
|  9  -3794.140085100  0.878228E-04      51.544     9       27.65     23.89      4.93    0.5925E-03  0.3908E-05  0.4753E-03
| -------------- 2E-INT CUTOFF CHANGE TO 0.1000E-08 ------------
| 10  -3794.139897417  -.187684E-03      80.354    10       27.65     52.69      4.93    0.2897E-03  0.1483E-05  0.6731E-04
| 11  -3794.139899727  0.231033E-05      80.392     1       27.70     52.68      4.93    0.2692E-03  0.9929E-05  0.4476E-03
| 12  -3794.139912946  0.132194E-04      80.374     2       27.70     52.67      4.94    0.4252E-03  0.5932E-04  0.2678E-02
| 13  -3794.139946857  0.339102E-04      80.345     3       27.70     52.64      4.93    0.4577E-04  0.4868E-05  0.2196E-03
| 14  -3794.139947337  0.480148E-06      80.375     4       27.69     52.67      4.93    0.1662E-04  0.9210E-06  0.4158E-04
| ------------------------------------------------------------------------------------------------------------------------
| REACH CONVERGENCE AFTER  14 CYLCES
| MAX ERROR = 0.166192E-04   RMS CHANGE = 0.921026E-06   MAX CHANGE = 0.415842E-04
| -----------------------------------------------
 ALPHA ELECTRON DENSITY    =  300.0004662077
 BETA ELECTRON DENSITY     =  300.0004662077
 ELECTRONIC ENERGY    =-20395.965248420
 CORE_CORE REPULSION  = 16601.825301083
 TOTAL ENERGY         = -3794.139947337

 @ End Energy calculation


 @ Begin Gradient Calculation

 ANALYTICAL GRADIENT: 
----------------------------------------
 COORDINATE    XYZ            GRADIENT
----------------------------------------
    1X     2.9800002276    -0.0128437094
    1Y     2.9840002279    -0.0005756129
    1Z     1.2240000935    -0.0159480732
    2X     2.2880001747     0.0179646316
    2Y     3.5120002682     0.0632365516
    2Z     2.4000001833     0.0182021971
    3X     0.8080000617     0.0095503020
    3Y     3.2680002496     0.0125508649
    3Z     2.1760001662     0.0027436924
    4X     2.7680002114    -0.0210540283
    4Y     2.8320002163    -0.0611921430
    4Z     3.6640002798    -0.0261102748
    5X     4.2720003262     0.0878641476
    5Y     3.1480002404     0.0163258995
    5Z     3.9560003021     0.0246582375
    6X     1.9200001466    -0.0400312016
    6Y     3.2480002480     0.0192618167
    6Z     4.8760003724     0.0659184162
    7X     0.3120000238    -0.0054158670
    7Y     2.2080001686    -0.0059938632
    7Z     1.8600001420    -0.0043869447
    8X     0.0880000067     0.0152155806
    8Y     4.3720003339    -0.0064171251
    8Z     2.4400001863    -0.0127602496
    9X    -1.3720001048    -0.0409346503
    9Y     4.2040003210    -0.0874955130
    9Z     2.3960001830     0.0566467029
   10X    -1.8280001396     0.1146020426
   10Y     4.1440003165     0.0658434558
   10Z     0.9200000703    -0.0668185839
   11X    -1.9440001485    -0.0265324203
   11Y     5.4680004176     0.0679660635
   11Z     3.0400002321     0.0283022114
   12X    -3.0120002300    -0.0383694329
   12Y     3.7040002829    -0.0085841701
   12Z     0.7680000586    -0.0044947751
   13X    -1.0680000816    -0.0508089788
   13Y     4.4560003403    -0.0406177368
   13Z    -0.0640000049     0.0593797966
   14X    -1.5280001167    -0.0464673005
   14Y     4.3400003314     0.0555901845
   14Z    -1.4480001106    -0.0038824286
   15X    -1.9240001469     0.0117489142
   15Y     2.9000002215     0.0123239187
   15Z    -1.6760001280    -0.0086908658
   16X    -0.4880000373     0.0374865966
   16Y     4.7600003635    -0.0505637451
   16Z    -2.5000001909    -0.0236349671
   17X    -0.2360000180     0.0084235273
   17Y     6.2760004793     0.0857547448
   17Z    -2.2840001744     0.0178379107
   18X    -0.9160000699    -0.0006081408
   18Y     4.4400003391    -0.0147189033
   18Z    -3.8760002960    -0.0489400929
   19X    -1.2600000962    -0.0091787895
   19Y     1.9440001485     0.0025310014
   19Z    -1.3600001039     0.0009118085
   20X    -3.1360002395     0.0088484237
   20Y     2.7840002126    -0.0138753507
   20Z    -2.2440001714     0.0099330649
   21X    -3.6120002758     0.0327999344
   21Y     1.4760001127    -0.0435454225
   21Z    -2.6240002004    -0.0193508439
   22X    -4.1440003165     0.0306579160
   22Y     0.6920000528     0.0597477331
   22Z    -1.4800001130     0.0312148855
   23X    -4.6440003546    -0.0104178976
   23Y     1.6520001262    -0.0659543183
   23Z    -3.7280002847    -0.0244633845
   24X    -5.8360004457    -0.0569939248
   24Y     2.4480001869     0.0405444696
   24Z    -3.2080002450     0.0209661841
   25X    -4.0520003094     0.0187307070
   25Y     2.3040001759     0.0295292089
   25Z    -4.9480003778    -0.0537668535
   26X    -4.5840003501     0.0034188289
   26Y    -0.4440000339    -0.0122770683
   26Z    -1.7320001323     0.0065072101
   27X    -4.2200003223    -0.0061713200
   27Y     1.2120000926    -0.0201432796
   27Z    -0.2720000208    -0.0460483323
   28X    -4.7400003620    -0.0614687634
   28Y     0.4080000312    -0.0097540567
   28Z     0.8280000632    -0.0148955221
   29X    -3.8920002972    -0.0379681115
   29Y    -0.8400000641     0.0190208255
   29Z     0.9360000715    -0.0036415364
   30X    -4.7640003638     0.0579506576
   30Y     1.1800000901     0.0169525951
   30Z     2.1680001656     0.0260863641
   31X    -5.7160004365    -0.0503538272
   31Y     2.3520001796     0.0495578861
   31Z     2.0520001567    -0.0043103679
   32X    -5.1760003953    -0.0188997290
   32Y     0.3040000232    -0.0341016475
   32Z     3.3160002532     0.0519646774
   33X    -2.6640002034     0.0313435866
   33Y    -0.8640000660    -0.0061154980
   33Z     1.0200000779    -0.0001709650
   34X    -4.6360003540     0.0133933410
   34Y    -1.9640001500     0.0121703944
   34Z     0.9600000733    -0.0057470807
   35X    -3.9600003024     0.0474026837
   35Y    -3.2480002480    -0.0121114543
   35Z     1.1320000864     0.0675316147
   36X    -3.0760002349    -0.0444522500
   36Y    -3.5640002722     0.0329718488
   36Z    -0.0560000043    -0.0218202333
   37X    -5.0360003846    -0.0525671207
   37Y    -4.3200003299    -0.0541312350
   37Z     1.2560000959     0.0051437007
   38X    -2.1320001628     0.0037331205
   38Y    -4.3560003326    -0.0107594075
   38Z     0.0920000070    -0.0108557574
   39X    -3.3400002551     0.0182061335
   39Y    -3.0360002318    -0.0065346971
   39Z    -1.2520000956     0.0282589089
   40X    -2.5160001921    -0.0064118303
   40Y    -3.3880002587    -0.0557809396
   40Z    -2.4080001839    -0.0203854965
   41X    -1.0920000834    -0.0081343912
   41Y    -2.9840002279    -0.0133484349
   41Z    -2.1120001613    -0.0084567912
   42X    -3.0320002315     0.0105349769
   42Y    -2.7320002086     0.0680832595
   42Z    -3.6720002804     0.0220487702
   43X    -4.4760003418    -0.0730952087
   43Y    -3.1640002416    -0.0250674811
   43Z    -3.9840003042    -0.0240352050
   44X    -2.1640001653     0.0391799923
   44Y    -3.1160002379    -0.0239022174
   44Z    -4.8720003720    -0.0627911543
   45X    -0.7520000574     0.0048216175
   45Y    -1.9040001454     0.0058897557
   45Z    -1.6720001277     0.0047910059
   46X    -0.2240000171    -0.0040333239
   46Y    -3.9680003030     0.0040204654
   46Z    -2.4080001839     0.0037781544
   47X     1.1840000904     0.0220203448
   47Y    -3.6560002792     0.0806879548
   47Z    -2.2360001707     0.0045525750
   48X     1.6680001274    -0.0517748369
   48Y    -3.8880002969    -0.0104077570
   48Z    -0.8600000657    -0.0461828239
   49X     1.9600001497     0.0557945853
   49Y    -4.5480003473    -0.0113870757
   49Z    -3.2240002462     0.0154636346
   50X     1.7400001329    -0.0007649620
   50Y    -6.0080004588    -0.0550839975
   50Z    -3.0520002331     0.0014062083
   51X     1.7280001320    -0.0075715640
   51Y    -4.1000003131     0.0204238035
   51Z    -4.6520003552    -0.0672645088
   52X     2.8600002184     0.0007134449
   52Y    -3.6720002804     0.0125778686
   52Z    -0.5800000443     0.0237858367
   53X     0.8400000641     0.0254476686
   53Y    -4.2480003244     0.0038456502
   53Z     0.1440000110    -0.0099760133
   54X     1.3160001005     0.0347567441
   54Y    -4.2600003253    -0.0518051739
   54Z     1.5320001170     0.0166066258
   55X     1.8160001387    -0.0028027682
   55Y    -2.8440002172     0.0181168953
   55Z     1.8560001417     0.0021769402
   56X     0.2600000199    -0.0387717759
   56Y    -4.7280003610     0.0438341125
   56Z     2.5120001918    -0.0105011833
   57X    -0.1240000095    -0.0217946178
   57Y    -6.1960004732    -0.0775480491
   57Z     2.2360001707    -0.0125352937
   58X     0.7360000562     0.0218886038
   58Y    -4.5520003476     0.0099791437
   58Z     3.9560003021     0.0750277977
   59X     1.2000000916     0.0126336647
   59Y    -1.8400001405    -0.0155466448
   59Z     1.6440001255     0.0013309451
   60X     3.0280002312    -0.0170342215
   60Y    -2.8800002199    -0.0048090808
   60Z     2.4240001851    -0.0144397252
   61X     3.5760002731    -0.0530427501
   61Y    -1.6040001225     0.0437315742
   61Z     2.8560002181     0.0385288040
   62X     4.0320003079    -0.0144995521
   62Y    -0.7360000562    -0.0206791029
   62Z     1.6720001277    -0.0331234083
   63X     4.7280003610     0.0574238529
   63Y    -1.9320001475    -0.0176660696
   63Z     3.8200002917     0.0562170815
   64X     4.3440003317     0.0120944651
   64Y     0.4360000333     0.0025163408
   64Z     1.8880001442    -0.0019388561
   65X     4.1840003195    -0.0090126641
   65Y    -1.3400001023    -0.0044937292
   65Z     0.4800000367     0.0264209125
   66X     4.5960003510     0.0646060572
   66Y    -0.4920000376     0.0326728984
   66Z    -0.6560000501     0.0027948999
   67X     3.5680002725    -0.0431377807
   67Y     0.6160000470     0.0024711583
   67Z    -0.8000000611    -0.0043093042
   68X     4.7040003592    -0.0592243962
   68Y    -1.3400001023    -0.0328705593
   68Z    -1.9280001472    -0.0123456704
   69X     5.7440004386     0.0491734129
   69Y    -2.4280001854    -0.0510310201
   69Z    -1.7560001341    -0.0006196361
   70X     5.1000003895     0.0244805058
   70Y    -0.4520000345     0.0388569357
   70Z    -3.0920002361    -0.0527956055
   71X     2.4040001836     0.0591536319
   71Y     0.4680000357     0.0091027950
   71Z    -0.8240000629     0.0053370024
   72X     4.1880003198    -0.0094668405
   72Y     1.7960001371    -0.0272517932
   72Z    -0.9360000715     0.0107596320
   73X     3.3600002566    -0.0496142877
   73Y     2.9560002257    -0.0063375545
   73Z    -1.2520000956    -0.0634103910
   74X     2.6520002025     0.0089841819
   74Y     3.4920002667    -0.0174335997
   74Z     0.0160000012     0.0225198333
   75X     4.2560003250     0.0404769739
   75Y     3.9920003048    -0.0277501317
   75Z    -1.9000001451    -0.0350189503
   76X     5.2640004020     0.0380807384
   76Y     4.5120003446     0.0161301380
   76Z    -0.9480000724     0.0305336143
   77X     3.4440002630    -0.0367216020
   77Y     5.0920003888     0.0491182341
   77Z    -2.5680001961    -0.0347567267
   78X     1.8280001396     0.0081935216
   78Y     4.3920003354     0.0007512259
   78Z    -0.1080000082     0.0069607440
   79X     3.9600003024    -0.0188984588
   79Y     3.1400002398     0.0216167461
   79Z     1.3560001035    -0.0004490736
   80X     2.4760001891    -0.0073895616
   80Y     4.4880003427    -0.0822283207
   80Z     2.5160001921    -0.0034339584
   81X     2.6680002037     0.0057303068
   81Y     1.8480001411     0.0794763515
   81Z     3.5160002685     0.0103781454
   82X     4.5520003476    -0.0234216759
   82Y     2.6840002050     0.0377125123
   82Z     4.7960003662    -0.0665951546
   83X     4.3880003351    -0.0106099809
   83Y     4.1360003158    -0.0800796134
   83Z     4.0640003103    -0.0105248168
   84X     4.8320003690    -0.0481898931
   84Y     2.8280002160     0.0275269551
   84Z     3.1920002438     0.0577912322
   85X     2.2560001723    -0.0264542535
   85Y     2.7840002126     0.0366291851
   85Z     5.6960004350    -0.0656777584
   86X     0.9640000736     0.0751868848
   86Y     2.9920002285     0.0189518975
   86Z     4.7200003604     0.0084099072
   87X     1.9840001515    -0.0030559471
   87Y     4.2400003238    -0.0781418207
   87Z     5.0040003821    -0.0126336203
   88X    -1.6720001277     0.0189483672
   88Y     3.3720002575     0.0667743831
   88Z     2.8640002187    -0.0319675829
   89X    -2.9440002248     0.0781532342
   89Y     5.4160004136     0.0047091460
   89Z     3.0440002325     0.0008468649
   90X    -1.6520001262    -0.0239689409
   90Y     6.2680004786    -0.0673347565
   90Z     2.5200001924     0.0414111747
   91X    -1.6120001231    -0.0269217894
   91Y     5.5440004234    -0.0065672960
   91Z     3.9800003039    -0.0754300795
   92X    -0.8160000623    -0.0325399086
   92Y     5.4160004136    -0.0087504480
   92Z     0.0680000052    -0.0055884017
   93X    -2.2960001753     0.0710316474
   93Y     4.9680003794    -0.0420400813
   93Z    -1.5680001197     0.0121692092
   94X     0.3640000278    -0.0664643202
   94Y     4.2440003241     0.0358369565
   94Z    -2.3880001824    -0.0236701728
   95X     0.4400000336    -0.0535061116
   95Y     6.6000005040    -0.0279076116
   95Z    -2.9480002251     0.0504953712
   96X     0.1080000082    -0.0318639089
   96Y     6.4280004909    -0.0153800748
   96Z    -1.3600001039    -0.0742935015
   97X    -1.0920000834     0.0701422985
   97Y     6.7760005174    -0.0426432291
   97Z    -2.4080001839     0.0117019518
   98X    -0.2120000162    -0.0562962190
   98Y     4.7280003610    -0.0231208465
   98Z    -4.5240003455     0.0537036156
   99X    -1.7720001353     0.0683711110
   99Y     4.9200003757    -0.0353518879
   99Z    -4.0800003116     0.0228325572
  100X    -1.0600000809     0.0113815373
  100Y     3.4520002636     0.0760705231
  100Z    -3.9600003024     0.0118442232
  101X    -2.8400002169    -0.0649342394
  101Y     0.9360000715     0.0405636206
  101Z    -2.9600002260     0.0288041337
  102X    -4.9600003788     0.0236554437
  102Y     0.7440000568     0.0752634729
  102Z    -4.0040003058     0.0152120465
  103X    -6.5080004970     0.0577108283
  103Y     2.5600001955    -0.0096474153
  103Z    -3.9360003006     0.0602392646
  104X    -5.5280004221    -0.0228756989
  104Y     3.3480002557    -0.0727127480
  104Z    -2.9000002215    -0.0254443546
  105X    -6.2560004777     0.0352989328
  105Y     1.9600001497     0.0355651910
  105Z    -2.4400001863    -0.0596778503
  106X    -4.7560003632     0.0553139120
  106Y     2.4040001836    -0.0084166478
  106Z    -5.6520004316     0.0569757262
  107X    -3.3080002526    -0.0585586650
  107Y     1.7320001323     0.0416879016
  107Z    -5.3040004050     0.0304579996
  108X    -3.6920002819    -0.0296615098
  108Y     3.2040002447    -0.0734140785
  108Z    -4.7040003592    -0.0159357875
  109X    -3.2960002517    -0.0150334660
  109Y     1.4880001136    -0.0285833919
  109Z    -0.0160000012    -0.0080134983
  110X    -5.6920004347     0.0727915915
  110Y     0.1720000131     0.0248984561
  110Z     0.6320000483     0.0207476607
  111X    -3.8360002929    -0.0765611070
  111Y     1.5000001145    -0.0301109311
  111Z     2.3520001796    -0.0123381408
  112X    -5.7320004377     0.0028789792
  112Y     2.8520002178    -0.0406660347
  112Z     2.9200002230    -0.0676534157
  113X    -6.6320005064     0.0787287389
  113Y     2.0160001539     0.0265601537
  113Z     1.8440001408     0.0164124292
  114X    -5.4080004130    -0.0233468279
  114Y     2.9600002260    -0.0522779661
  114Z     1.3240001011     0.0588853733
  115X    -5.1800003956     0.0006440315
  115Y     0.8440000645    -0.0407826593
  115Z     4.1600003177    -0.0665632976
  116X    -4.5320003461    -0.0516110023
  116Y    -0.4520000345     0.0649921862
  116Z     3.4080002602    -0.0125327915
  117X    -6.0920004652     0.0767070821
  117Y    -0.0560000043     0.0322370119
  117Z     3.1480002404     0.0101325166
  118X    -3.3800002581    -0.0465234412
  118Y    -3.2160002456    -0.0037509971
  118Z     1.9480001488    -0.0610055452
  119X    -4.6040003516    -0.0351681544
  119Y    -5.2160003983     0.0687932816
  119Z     1.3760001051    -0.0092723363
  120X    -5.5960004273     0.0469651320
  120Y    -4.3320003308     0.0014393700
  120Z     0.4280000327     0.0659772132
  121X    -5.6160004289     0.0484553065
  121Y    -4.1240003149    -0.0160954892
  121Z     2.0440001561    -0.0645205990
  122X    -4.2800003268     0.0223673633
  122Y    -3.2880002511    -0.0201514957
  122Z    -1.4800001130     0.0025676065
  123X    -2.5600001955    -0.0033753481
  123Y    -4.3760003342     0.0815777210
  123Z    -2.5640001958     0.0080850405
  124X    -3.0000002291    -0.0001447139
  124Y    -1.7480001335    -0.0827068261
  124Z    -3.5120002682    -0.0095865675
  125X    -4.7840003653     0.0253502106
  125Y    -2.7120002071    -0.0348460876
  125Z    -4.8240003684     0.0641738694
  126X    -5.0760003876     0.0520214888
  126Y    -2.9000002215    -0.0225601179
  126Z    -3.2280002465    -0.0560445694
  127X    -4.5120003446     0.0039788676
  127Y    -4.1560003174     0.0807310261
  127Z    -4.1080003137     0.0115944093
  128X    -2.5200001924     0.0271811470
  128Y    -2.6720002040    -0.0343341570
  128Z    -5.6960004350     0.0652298037
  129X    -2.1800001665    -0.0001313550
  129Y    -4.1080003137     0.0805756298
  129Z    -4.9960003815     0.0117879089
  130X    -1.2240000935    -0.0772557602
  130Y    -2.8160002150    -0.0231472399
  130Z    -4.7160003601    -0.0080690072
  131X     1.3280001014    -0.0106480652
  131Y    -2.6800002047    -0.0760012728
  131Z    -2.4080001839     0.0178083696
  132X     2.9240002233    -0.0805491063
  132Y    -4.4160003372    -0.0200010637
  132Z    -3.0040002294    -0.0185865447
  133X     2.2800001741    -0.0421131860
  133Y    -6.5080004970     0.0404290661
  133Z    -3.7320002850     0.0520062616
  134X     0.7720000590     0.0800026249
  134Y    -6.2160004747     0.0228324280
  134Z    -3.1760002425     0.0094761570
  135X     2.0280001549    -0.0210000898
  135Y    -6.2800004796     0.0262467625
  135Z    -2.1320001628    -0.0717283079
  136X     2.2400001711    -0.0403331904
  136Y    -4.6920003583     0.0457504109
  136Z    -5.2760004029     0.0510376012
  137X     2.0360001555    -0.0241527698
  137Y    -3.1560002410    -0.0780167693
  137Z    -4.7600003635     0.0123325364
  138X     0.7520000574     0.0772605479
  138Y    -4.1600003177     0.0043839034
  138Z    -4.8640003714     0.0204514987
  139X     0.0640000049     0.0303849894
  139Y    -3.6200002764     0.0036233949
  139Z     0.1120000086     0.0030475034
  140X     2.0560001570    -0.0673748715
  140Y    -4.9240003760     0.0466975943
  140Z     1.6280001243    -0.0005527296
  141X    -0.5560000425     0.0655661226
  141Y    -4.1600003177    -0.0442329138
  141Z     2.3880001824     0.0106264836
  142X    -0.8200000626     0.0551620848
  142Y    -6.4920004958     0.0239106991
  142Z     2.8920002208    -0.0519059161
  143X     0.6880000525    -0.0632210889
  143Y    -6.7760005174     0.0474798401
  143Z     2.3320001781    -0.0079484434
  144X    -0.4840000370     0.0295722706
  144Y    -6.2800004796     0.0075702098
  144Z     1.3080000999     0.0744678771
  145X     0.0240000018     0.0561509635
  145Y    -4.8680003717     0.0249146411
  145Z     4.5840003501    -0.0504711024
  146X     0.9280000709    -0.0160968621
  146Y    -3.5880002740    -0.0787781865
  146Z     4.1280003152    -0.0185035374
  147X     1.5680001197    -0.0679343943
  147Y    -5.0880003885     0.0427188948
  147Z     4.1000003131    -0.0150048983
  148X     2.8760002196     0.0579704789
  148Y    -1.0560000806    -0.0394669205
  148Z     3.3160002532    -0.0360996791
  149X     5.1440003928    -0.0323401332
  149Y    -1.0840000828    -0.0686982170
  149Z     4.1480003168    -0.0250902070
  150X     5.4200004139    -0.0541978626
  150Y    -2.4760001891     0.0430950931
  150Z     3.3400002551     0.0357171313
  151X     4.3760003342     0.0293883332
  151Y    -2.4520001872     0.0430392122
  151Z     4.5960003510    -0.0626947981
  152X     4.8760003724     0.0048692370
  152Y    -2.0520001567     0.0276391594
  152Z     0.5920000452     0.0012948596
  153X     5.5000004200    -0.0688091995
  153Y    -0.0880000067    -0.0355731480
  153Z    -0.4960000379    -0.0164021888
  154X     3.8160002914     0.0709241804
  154Y    -1.7640001347     0.0330421619
  154Z    -2.1080001610     0.0122104019
  155X     5.8000004429    -0.0056615043
  155Y    -2.9720002270     0.0460620046
  155Z    -2.5920001979     0.0667832846
  156X     5.4840004188     0.0183585841
  156Y    -3.0200002306     0.0519827203
  156Z    -0.9920000758    -0.0564216458
  157X     6.6360005068    -0.0727201022
  157Y    -2.0120001536    -0.0311029641
  157Z    -1.5680001197    -0.0136811064
  158X     5.1680003946    -0.0060874532
  158Y    -1.0040000767     0.0423913897
  158Z    -3.9240002997     0.0673634433
  159X     5.9840004570    -0.0719377799
  159Y    -0.0240000018    -0.0362983208
  159Z    -2.9040002218    -0.0126934387
  160X     4.4080003366     0.0521504828
  160Y     0.2600000199    -0.0572389279
  160Z    -3.2240002462     0.0143726570
  161X     2.6280002007     0.0580733814
  161Y     2.7080002068     0.0261837007
  161Z    -1.8880001442     0.0473104677
  162X     4.7680003641    -0.0380557883
  162Y     3.5440002706     0.0443986471
  162Z    -2.6320002010     0.0601435395
  163X     5.8360004457    -0.0489575322
  163Y     5.1920003965    -0.0563883908
  163Z    -1.4040001072     0.0343540057
  164X     5.8360004457    -0.0487212812
  164Y     3.7600002871     0.0596377169
  164Z    -0.6240000477    -0.0283233373
  165X     4.8040003669     0.0328158181
  165Y     4.9400003772    -0.0374586217
  165Z    -0.1680000128    -0.0633902404
  166X     4.0640003103    -0.0485684252
  166Y     5.7600004399    -0.0520026631
  166Z    -2.9840002279     0.0341180212
  167X     2.8760002196     0.0470638698
  167Y     5.5480004237    -0.0384513381
  167Z    -1.8840001439    -0.0519168593
  168X     2.8600002184     0.0478405034
  168Y     4.6920003583     0.0292007602
  168Z    -3.2760002502     0.0569503726
----------------------------------------

 @ End Gradient Calculation


 @ Output Timing Information

------------- TIMING ---------------
| INITIAL GUESS TIME  =     4.338447000(  0.35%)
| DFT GRID OPERATIONS =     4.548477000(  0.36%)
| TOTAL SCF TIME      =   847.657664000( 67.65%)
|       TOTAL OP TIME      =   462.750703000( 36.93%)
|             TOTAL 1e TIME      =     0.249956000(  0.02%)
|             TOTAL 2e TIME      =   436.066576000( 34.80%)
|             TOTAL EXC TIME     =    25.357039000(  2.02%)
|       TOTAL DII TIME      =   384.794474000( 30.71%)
|             TOTAL DIAG TIME    =    69.085319000(  5.51%)
| TOTAL GRADIENT TIME      =   386.539725000( 30.85%)
|       TOTAL 1e GRADIENT TIME      =     1.140283000( 0.12%)
|       TOTAL 2e GRADIENT TIME      =   289.017940000(23.07%)
|       TOTAL EXC GRADIENT TIME     =    27.899883000(  2.23%)
| TOTAL TIME          =  1253.017822000
------------------------------------
| Job cpu time:  0 days  0 hours 20 minutes 53.0 seconds.

 @ Finish Output Timing Information

| Normal Termination. Task Finished on: Tue Aug 10 15:35:10 2021
