  *********************************************************************************************************
  **                                                                                                     **
  **           888888888888                                                                              **
  **         8888888888888888                                                                            **
  **      888888888888888888                                                                             **
  **     888888888888888888                                                                              **
  **    888888888888888                                                                                  **
  **   88888888888888888888                               88888                       8888:              **
  **   8888888888888888888888Z                            88888                       8888:              **
  **   888888888888888888888888?                          88888                       8888:              **
  **   8888888888888      8888888                                        888888       8888:              **
  **    88888888888         888888     8888:     88888    88888        888888888I     8888:    888888    **
  **    8888888888           88888:    8888:     88888    88888      $888888888888    8888:   888888     **
  **    I8Z 88888             88888    8888:     88888    88888    .888888     8888   8888: 888888       **
  **    .8Z 88888             88888    8888:     88888    88888    $88888             8888:88888         **
  **     8I 88888      .=88. .88888    8888:     88888    88888    88888              8888888888         **
  **    :8  88888      888888$8888$    8888:     88888    88888    8888O              88888888888        **
  **   ,7   +88888.     8888888888.    8888:     88888    88888    888888             88888O888888       **
  **         $888888:.   .8888888      88888....888888    88888     888888     8888   8888:  888888      **
  **          I8888888888888888888     888888888888888    88888     O888888888888O    8888:   888888     **
  **            O888888888888888888     88888888888888    88888       88888888888$    8888:    888888    **
  **               8888888Z     888      .8888I  88888    88888         8888888       8888:     888888   **
  **                                                                                                     **
  **                                                                                                     **
  **                                         Copyright (c) 2021                                          **
  **                          Regents of the University of California San Diego                          **
  **                                    & Michigan State University                                      **
  **                                        All Rights Reserved.                                         **
  **                                                                                                     **
  **                   This software provided pursuant to a license agreement containing                 **
  **                   restrictions on its disclosure, duplication, and use. This software               **
  **                   contains confidential and proprietary information, and may not be                 **
  **                   extracted or distributed, in whole or in part, for any purpose                    **
  **                   whatsoever, without the express written permission of the authors.                **
  **                   This notice, and the associated author list, must be attached to                  **
  **                   all copies, or extracts, of this software. Any additional                         **
  **                   restrictions set forth in the license agreement also apply to this                **
  **                   software.                                                                         **
  *********************************************************************************************************
                                                                                                           
  Cite this work as:                                                                                       
  Manathunga, M.; Jin, C.; Cruzeiro, V.W.D.; Smith, J.; Keipert, K.; Pekurovsky, D.; Mu, D.; Miao, Y.;     
  He, X.; Ayers, K.; Brothers, E.; Goetz, A.W.; Merz, K.M. QUICK-21.03                                     
  University of California San Diego, CA and Michigan State University, East Lansing, MI, 2021             
                                                                                                           
  If you have any comments or queries, please send us an email for technical support:                      
  quick.merzlab@gmail.com                                                                                  
                                                                                                           
| TASK STARTS ON: Thu Aug  5 22:36:21 2021
| INPUT FILE :    /home/saatvik/QUICK-gpu/install/benchmark/1m2c_2.in
| OUTPUT FILE:    /home/saatvik/QUICK-gpu/install/benchmark/1m2c_2.out
| DATE FILE  :    /home/saatvik/QUICK-gpu/install/benchmark/1m2c_2.dat
| BASIS SET PATH: /home/saatvik/QUICK-gpu/install/basis

| - MPI Enabled -
| TOTAL RANKS     =     2
| MASTER NAME     = exp-5-59                      

|------------ GPU INFORMATION -------------------------------
| CUDA ENABLED DEVICES          :        2
|                                                            
|        --    MPI RANK   0 --          
|   CUDA DEVICE IN USE          :        0
|   CUDA DEVICE NAME            : Tesla V100-SXM2-32GB
|   CUDA DEVICE PM              :       80
|   CUDA DEVICE CORE FREQ(GHZ)  :     1.53
|   CUDA DEVICE MEMORY SIZE (MB):    32510
|   SUPPORTING CUDA VERSION     :      7.0
|                                                            
|        --    MPI RANK   1 --          
|   CUDA DEVICE IN USE          :        1
|   CUDA DEVICE NAME            : Tesla V100-SXM2-32GB
|   CUDA DEVICE PM              :       80
|   CUDA DEVICE CORE FREQ(GHZ)  :     1.53
|   CUDA DEVICE MEMORY SIZE (MB):    32510
|   SUPPORTING CUDA VERSION     :      7.0
|------------------------------------------------------------

 @ Read Job And Atom

  KEYWORD=DFT B3LYP BASIS=6-31G** CUTOFF=1.0E-7 DENSERMS=1.0E-6 NCYC=1000 GRADIENT                                                                                                                                
 ============== JOB CARD =============
 METHOD = DENSITY FUNCTIONAL THEORY
 DENSITY FUNCTIONAL = B3LYP
 DIRECT SCF 
 SAD INITAL GUESS 
 USE DIIS SCF
 PRINT ENERGY EVERY CYCLE
 READ SAD GUESS FROM FILE
 STANDARD GRID = SG1
 GRADIENT CALCULATION
 MAX SCF CYCLES =    200
 MAX DIIS CYCLES =   10
 DELTA DENSITY START CYCLE = 1000
 COMPUTATIONAL CUTOFF: 
      TWO-e INTEGRAL   =  0.100E-06
      BASIS SET PRIME  =  0.100E-19
      MATRIX ELEMENTS  =  0.100E-09
      BASIS FUNCTION   =  0.100E-09
      GRADIENT CUTOFF  =  0.100E-06
 DENSITY MATRIX MAXIMUM RMS FOR CONVERGENCE  =  0.100E-05
 BASIS SET = 6-31G**,  TYPE = CARTESIAN
| BASIS FILE = /home/saatvik/QUICK-gpu/install/basis/6-31GDP.BAS

 @ Finish reading job


 @ Begin SAD initial guess

 For Atom Kind =    1
 ELEMENT = N 
 BASIS FUNCTIONS =   15
 For Atom Kind =    2
 ELEMENT = C 
 BASIS FUNCTIONS =   15
 For Atom Kind =    3
 ELEMENT = O 
 BASIS FUNCTIONS =   15
 For Atom Kind =    4
 ELEMENT = S 
 BASIS FUNCTIONS =   19
 For Atom Kind =    5
 ELEMENT = H 
 BASIS FUNCTIONS =    5

 @ Finish SAD initial guess


 @ Begin Reading Molecular Information


 =========== Molecule Input ==========
 TOTAL MOLECULAR CHARGE  =    0    MULTIPLICITY                =    1
 TOTAL ATOM NUMBER       =  220    NUMBER OF ATOM TYPES        =    5
 NUMBER OF HYDROGEN ATOM =  104    NUMBER OF NON-HYDROGEN ATOM =  116
 NUMBER OF ELECTRONS     =  908

 -- INPUT GEOMETRY -- :
    N          15.6340      14.6160     -13.0350
    C          16.3740      15.8230     -12.5520
    C          16.6010      16.9570     -13.5650
    O          16.4070      16.7720     -14.7600
    N          17.0440      18.1640     -13.2170
    C          17.2600      18.6750     -11.8320
    C          18.3710      19.7330     -11.9340
    S          19.2810      19.9410     -10.3820
    C          15.9660      19.0900     -11.0490
    O          15.5930      18.3820     -10.1130
    N          15.2430      20.1390     -11.4830
    C          13.8720      20.5230     -10.9940
    C          13.4380      21.5510     -12.0710
    S          11.9020      22.4460     -11.7180
    C          12.7950      19.3830     -10.7990
    O          11.9860      19.4550      -9.8710
    N          12.8200      18.3270     -11.6330
    C          11.9860      17.1110     -11.5030
    C          11.9360      16.5800     -12.9560
    O          13.2090      16.2590     -13.5390
    C          12.4080      16.0160     -10.4570
    O          11.5760      15.1930     -10.0770
    N          13.6480      16.0190      -9.9340
    C          13.9640      15.3960      -8.6310
    C          15.4670      15.0270      -8.6490
    C          15.8110      13.6980      -9.2800
    O          16.1140      13.5570     -10.4570
    N          15.8220      12.7170      -8.4340
    C          13.7550      16.4340      -7.4810
    O          14.3390      17.5170      -7.5780
    N          13.0550      16.1530      -6.3510
    C          12.9510      17.1260      -5.2230
    C          12.4450      14.8380      -6.0650
    C          11.8670      16.4770      -4.3600
    C          11.9760      14.9700      -4.6130
    C          14.2660      17.5840      -4.5060
    O          14.3670      18.7160      -4.0400
    N          15.2970      16.7450      -4.5390
    C          16.6590      17.0360      -4.0170
    C          17.2690      15.6390      -3.6220
    C          18.7940      15.6390      -3.3510
    C          16.6150      15.0330      -2.3550
    C          17.5100      17.9150      -4.9750
    O          17.9480      19.0010      -4.5840
    N          17.7230      17.4960      -6.2340
    C          18.4260      18.3310      -7.2410
    C          18.8320      17.4340      -8.4350
    S          19.9890      18.2280      -9.5900
    C          17.8100      19.6970      -7.6330
    O          18.4960      20.7030      -7.8290
    N          16.4900      19.7300      -7.5770
    C          15.6720      20.9540      -7.5200
    N          11.7430      20.8710      -7.3430
    N          11.6650      22.9700      -6.2860
    C          11.0610      22.0270      -7.0660
    C          12.9330      22.4190      -6.2070
    C          12.9880      21.1780      -6.8370
    C          14.2120      20.4410      -7.3720
    C          16.1160      21.9460      -6.4080
    O          16.1520      23.1430      -6.6490
    N          16.3480      21.4420      -5.1990
    C          16.5430      22.3060      -3.9820
    C          15.7960      21.7020      -2.7640
    C          14.2480      21.7050      -2.8660
    C          13.6320      20.8940      -1.7190
    C          13.6340      23.1200      -2.8480
    C          18.0030      22.7490      -3.6770
    O          18.2470      23.9150      -3.3620
    N          18.9740      21.8670      -3.9200
    C          20.3660      22.2220      -4.2680
    C          20.8550      20.9060      -4.9190
    C          21.2680      19.7440      -3.9800
    C          21.6270      18.4330      -4.6860
    O          21.6530      18.2900      -5.9060
    O          21.8980      17.4380      -3.7950
    C          20.6370      23.4480      -5.2020
    O          21.6140      24.1770      -5.0200
    N          19.7980      23.6330      -6.2260
    C          19.7860      24.8670      -7.0400
    N          22.7840      23.3220      -8.0900
    N          24.2310      25.1080      -7.5570
    C          24.0150      23.7560      -7.6670
    C          22.9650      25.5940      -7.8760
    C          22.1010      24.5230      -8.1820
    C          20.5820      24.6090      -8.3330
    C          18.3090      25.2900      -7.2700
    O          17.7260      25.0560      -8.3280
    N          17.6970      25.8820      -6.2360
    C          16.2630      26.2710      -6.2490
    C          15.7560      26.3840      -4.7930
    O          14.3320      26.2720      -4.7520
    C          15.8320      27.4660      -7.1480
    O          14.7590      27.4600      -7.7480
    N          16.7730      28.3830      -7.3410
    C          16.9010      29.1900      -8.5910
    C          18.2640      29.9350      -8.5160
    C          19.5770      29.1390      -8.6820
    O          19.8140      28.0950      -8.0800
    N          20.4720      29.6000      -9.5170
    C          16.7180      28.4750      -9.9750
    O          16.1030      29.0230     -10.8890
    N          17.2690      27.2620     -10.1020
    C          17.1170      26.4200     -11.3230
    C          18.4280      25.6230     -11.5760
    C          19.7550      26.4180     -11.7230
    C          20.9200      25.4470     -11.9520
    C          19.7300      27.4430     -12.8690
    C          15.8500      25.4940     -11.3960
    O          15.6000      24.9030     -12.4500
    N          15.0320      25.3670     -10.3330
    C          13.6050      24.9850     -10.4830
    C          13.2680      24.0010      -9.3580
    S          11.8020      23.0530      -9.8080
    C          12.5910      26.1760     -10.5210
    O          11.7070      26.2240     -11.3680
    O          12.6080      26.9360      -9.5140
    H          16.1490      14.1880     -13.8180
    H          15.5490      13.9350     -12.2670
    H          14.6950      14.8930     -13.3530
    H          15.8440      16.2700     -11.6940
    H          17.3840      15.5500     -12.1930
    H          17.2810      18.7120     -14.0410
    H          17.7450      17.8750     -11.2490
    H          19.1430      19.3970     -12.6490
    H          17.9960      20.6980     -12.3220
    H          15.5860      20.5030     -12.3760
    H          13.9610      21.0720     -10.0170
    H          14.2090      22.3360     -12.2160
    H          13.3170      21.0740     -13.0630
    H          13.5710      18.2890     -12.3200
    H          10.9560      17.4050     -11.2200
    H          11.3110      15.6860     -12.9640
    H          11.3950      17.3010     -13.6040
    H          13.0780      16.3300     -14.4970
    H          14.2220      16.8190     -10.2060
    H          13.3480      14.4970      -8.4330
    H          16.1000      15.8320      -9.0650
    H          15.8140      14.9780      -7.6110
    H          16.3670      11.9110      -8.7320
    H          15.7070      13.0880      -7.4870
    H          12.5240      18.0590      -5.5840
    H          13.1530      13.9990      -6.1680
    H          11.6410      14.6190      -6.7880
    H          11.9660      16.7770      -3.3060
    H          10.8660      16.8310      -4.6790
    H          12.7100      14.5200      -3.9240
    H          11.0340      14.4320      -4.4170
    H          15.0930      15.9280      -5.1100
    H          16.5670      17.7030      -3.1490
    H          17.0680      14.9400      -4.4730
    H          19.0700      16.3170      -2.5200
    H          19.1710      14.6330      -3.0800
    H          19.3830      15.9540      -4.2330
    H          15.5200      14.9200      -2.4580
    H          17.0070      14.0240      -2.1200
    H          16.7840      15.6580      -1.4560
    H          17.3550      16.5750      -6.4220
    H          19.2590      18.6700      -6.6590
    H          19.3250      16.5100      -8.0740
    H          17.9400      17.1120      -8.9970
    H          16.1220      18.7990      -7.3870
    H          15.7920      21.4440      -8.4700
    H          11.5560      20.2090      -8.1160
    H          11.2880      23.8370      -5.8760
    H          10.3500      22.3800      -7.8070
    H          13.8330      22.9480      -5.9870
    H          13.9640      19.8040      -8.2300
    H          14.3100      19.7470      -6.5140
    H          16.6390      20.4460      -5.3250
    H          16.0610      23.2770      -4.1720
    H          16.1600      20.6680      -2.6010
    H          16.0850      22.2440      -1.8410
    H          13.9770      21.1990      -3.8140
    H          14.0090      19.8550      -1.7060
    H          13.8530      21.3340      -0.7290
    H          12.5320      20.8260      -1.8110
    H          13.8840      23.6670      -1.9190
    H          13.9760      23.7500      -3.6870
    H          12.5300      23.0890      -2.9160
    H          18.7370      20.8660      -3.8610
    H          20.9340      22.4220      -3.3570
    H          20.1420      20.5450      -5.6880
    H          21.7130      21.1690      -5.5150
    H          22.1180      20.0500      -3.3420
    H          20.4330      19.5380      -3.2930
    H          22.1100      16.6180      -4.2410
    H          18.9600      23.0460      -6.1470
    H          20.2700      25.7070      -6.5170
    H          22.3910      22.3750      -8.0640
    H          25.0900      25.6200      -7.3080
    H          24.7680      23.0400      -7.3340
    H          22.6390      26.6260      -7.7820
    H          20.1640      23.6860      -8.7730
    H          20.3510      25.4260      -9.0360
    H          18.0360      25.4460      -5.3950
    H          15.7960      25.4120      -6.7070
    H          16.1910      25.5990      -4.1420
    H          16.0820      27.3460      -4.3460
    H          14.0160      26.8670      -4.0590
    H          17.5880      27.9670      -6.8780
    H          16.1010      29.9530      -8.5590
    H          18.2190      30.7280      -9.2820
    H          18.3320      30.4630      -7.5510
    H          21.3240      29.0440      -9.6010
    H          20.2140      30.4320     -10.0570
    H          17.5880      26.8930      -9.1950
    H          16.9990      27.1010     -12.1770
    H          18.5330      24.8720     -10.7720
    H          18.2840      25.0240     -12.4970
    H          19.9430      26.9700     -10.7820
    H          20.9780      24.6710     -11.1700
    H          20.8240      24.9210     -12.9210
    H          21.8900      25.9770     -11.9600
    H          19.5020      26.9780     -13.8470
    H          18.9700      28.2290     -12.7010
    H          20.6960      27.9710     -12.9780
    H          15.3800      25.8540      -9.4980
    H          13.4610      24.4470     -11.4370
    H          14.0200      23.2240      -9.1930
    H          13.2150      24.5520      -8.3990

============== BASIS INFOS ==============
 BASIS FUNCTIONS = 2276
 NSHELL =  780 NPRIM  = 4072
 JSHELL =  780 JBASIS = 1820


 @ End Reading Molecular Information 


 @ Begin XC Quadrature Formation

 OCTAGO: OCTree Algorithm for Grid Operations 
   PRUNING CUTOFF       = 0.100E-09
   INITIAL GRID POINTS  =      832640
|   FINAL GRID POINTS    =      521585
|   SIGNIFICANT NUMBER OF BASIS FUNCTIONS     =     1890667
|   SIGNIFICANT NUMBER OF PRIMITIVE FUNCTIONS =     2008476

 @ End XC Quadrature Formation


 @ Begin Energy Calculation

                                         SCF ENERGY
| ------------------------------------------------------------------------------------------------------------------------
| NCYC       ENERGY         DELTA_E      SCF_TIME  DII_CYC   DII_TIME   O_TIME  DIAG_TIME    MAX_ERR    RMS_CHG    MAX_CHG
| ------------------------------------------------------------------------------------------------------------------------
|  1  -7167.879054845      ------        18.493     1        0.70     17.75      0.25    0.2473E+01  0.7213E-02  0.6142E+00
|  2  -7139.408400312  -.284707E+02      25.163     2        0.74     24.38      0.25    0.2991E+00  0.1645E-01  0.6235E+01
|  3  -7028.770301042  -.110638E+03      26.475     3        0.77     25.67      0.25    0.1031E+01  0.2626E-01  0.9889E+01
|  4  -6933.699820363  -.950705E+02      26.514     4        0.77     25.71      0.25    0.1080E+01  0.2060E-01  0.9895E+01
|  5  -7141.206229415  0.207506E+03      25.497     5        0.82     24.64      0.25    0.3456E+00  0.3011E-02  0.8247E+00
|  6  -7135.675536983  -.553069E+01      25.496     6        0.82     24.64      0.25    0.7922E+00  0.4572E-02  0.1169E+01
|  7  -7137.040152578  0.136462E+01      25.696     7        0.87     24.79      0.25    0.5177E+00  0.4575E-02  0.1157E+01
|  8  -7142.462939891  0.542279E+01      25.590     8        0.89     24.66      0.25    0.2283E+00  0.3189E-02  0.6814E+00
|  9  -7142.596347257  0.133407E+00      25.526     9        0.91     24.58      0.25    0.1234E+00  0.1721E-02  0.5005E+00
| 10  -7142.437140614  -.159207E+00      25.551    10        0.95     24.57      0.25    0.1970E+00  0.2537E-02  0.5737E+00
| 11  -7142.637004275  0.199864E+00      25.731     1        1.05     24.64      0.25    0.1062E+00  0.3606E-02  0.1073E+01
| 12  -7142.766069039  0.129065E+00      25.754     2        1.08     24.64      0.25    0.6602E-01  0.2995E-02  0.1060E+01
| 13  -7142.631932877  -.134136E+00      25.664     3        1.05     24.58      0.25    0.1586E+00  0.1985E-02  0.5636E+00
| 14  -7142.843156999  0.211224E+00      25.763     4        1.08     24.65      0.25    0.6771E-01  0.2814E-02  0.5782E+00
| 15  -7142.864264794  0.211078E-01      25.769     5        1.05     24.68      0.25    0.5089E-01  0.2706E-02  0.5993E+00
| 16  -7142.650371144  -.213894E+00      25.700     6        1.08     24.59      0.25    0.1285E+00  0.2522E-02  0.3421E+00
| 17  -7142.974376230  0.324005E+00      25.772     7        1.07     24.67      0.25    0.4610E-01  0.2366E-02  0.3265E+00
| 18  -7142.713103628  -.261273E+00      25.696     8        1.07     24.59      0.25    0.1165E+00  0.1673E-02  0.5685E+00
| 19  -7142.663929588  -.491740E-01      25.695     9        1.08     24.58      0.25    0.1525E+00  0.1613E-02  0.5699E+00
| 20  -7142.633429133  -.305005E-01      25.659    10        1.05     24.57      0.25    0.1346E+00  0.3351E-03  0.3610E-01
| 21  -7142.703890045  0.704609E-01      25.700     1        1.08     24.59      0.25    0.1209E+00  0.1397E-03  0.1205E-01
| 22  -7142.731304065  0.274140E-01      25.669     2        1.05     24.58      0.25    0.1144E+00  0.3883E-04  0.5785E-02
| 23  -7142.728891715  -.241235E-02      25.700     3        1.08     24.59      0.25    0.1146E+00  0.3686E-04  0.3153E-02
| 24  -7142.735560315  0.666860E-02      25.679     4        1.07     24.58      0.25    0.1133E+00  0.1412E-03  0.1238E-01
| 25  -7142.758378030  0.228177E-01      25.704     5        1.07     24.60      0.25    0.1069E+00  0.2630E-03  0.2975E-01
| 26  -7142.767552402  0.917437E-02      25.719     6        1.08     24.61      0.25    0.1056E+00  0.1037E-03  0.1288E-01
| 27  -7142.784373525  0.168211E-01      25.675     7        1.05     24.59      0.25    0.1022E+00  0.3558E-02  0.1123E+01
| 28  -7141.083877348  -.170050E+01      25.837     8        1.08     24.72      0.25    0.3615E+00  0.3062E-02  0.9969E+00
| 29  -7142.789181860  0.170530E+01      25.739     9        1.05     24.65      0.25    0.1154E+00  0.2598E-02  0.6159E+00
| 30  -7140.121818705  -.266736E+01      25.708    10        1.08     24.59      0.25    0.3258E+00  0.1494E-02  0.5394E+00
| 31  -7142.557005913  0.243519E+01      25.641     1        1.05     24.55      0.25    0.1940E+00  0.2658E-02  0.5983E+00
| 32  -7142.837762831  0.280757E+00      25.801     2        1.08     24.69      0.25    0.4583E-01  0.3391E-02  0.9039E+00
| 33  -7142.870477116  0.327143E-01      25.747     3        1.05     24.66      0.25    0.5783E-01  0.2928E-02  0.8981E+00
| 34  -7142.646390155  -.224087E+00      25.671     4        1.07     24.56      0.25    0.1653E+00  0.1757E-02  0.5541E+00
| 35  -7142.866612013  0.220222E+00      25.718     5        1.08     24.60      0.25    0.7749E-01  0.4250E-03  0.4343E-01
| 36  -7142.759416008  -.107196E+00      25.691     6        1.06     24.60      0.25    0.1086E+00  0.7278E-04  0.8766E-02
| 37  -7142.744301252  -.151148E-01      25.695     7        1.08     24.58      0.25    0.1124E+00  0.6648E-04  0.5083E-02
| 38  -7142.759772096  0.154708E-01      25.662     8        1.05     24.57      0.25    0.1082E+00  0.3796E-04  0.4791E-02
| 39  -7142.756265401  -.350669E-02      25.711     9        1.08     24.60      0.25    0.1090E+00  0.1572E-03  0.1550E-01
| 40  -7142.781050443  0.247850E-01      25.669    10        1.05     24.58      0.25    0.1036E+00  0.5031E-04  0.7463E-02
| 41  -7142.782903695  0.185325E-02      25.718     1        1.08     24.61      0.25    0.1038E+00  0.1728E-02  0.2096E+00
| 42  -7143.012442168  0.229538E+00      25.717     2        1.07     24.61      0.25    0.5235E-01  0.3704E-02  0.9383E+00
| 43  -7141.195210588  -.181723E+01      25.827     3        1.07     24.72      0.25    0.2941E+00  0.4527E-02  0.1175E+01
| 44  -7142.714096867  0.151889E+01      25.754     4        1.08     24.64      0.25    0.9238E-01  0.3249E-02  0.1172E+01
| 45  -7142.533079182  -.181018E+00      25.648     5        1.05     24.56      0.25    0.2088E+00  0.2582E-02  0.5488E+00
| 46  -7142.861706952  0.328628E+00      25.778     6        1.08     24.67      0.25    0.6400E-01  0.2562E-02  0.5513E+00
| 47  -7142.690825772  -.170881E+00      25.648     7        1.05     24.56      0.25    0.1510E+00  0.1693E-02  0.5359E+00
| 48  -7142.830589939  0.139764E+00      25.708     8        1.08     24.59      0.25    0.9068E-01  0.1231E-03  0.1161E-01
| 49  -7142.816099724  -.144902E-01      25.710     9        1.07     24.61      0.25    0.9622E-01  0.1442E-04  0.2101E-02
| 50  -7142.815166945  -.932778E-03      25.715    10        1.07     24.61      0.25    0.9620E-01  0.3671E-04  0.4485E-02
| 51  -7142.817562858  0.239591E-02      25.719     1        1.08     24.61      0.25    0.9550E-01  0.8555E-04  0.8574E-02
| 52  -7142.840192001  0.226291E-01      25.692     2        1.05     24.60      0.25    0.8958E-01  0.1973E-02  0.4776E+00
| 53  -7142.496631751  -.343560E+00      25.719     3        1.08     24.61      0.25    0.1930E+00  0.1936E-02  0.4789E+00
| 54  -7142.801934463  0.305303E+00      25.693     4        1.05     24.61      0.25    0.9781E-01  0.3304E-02  0.1363E+01
| 55  -7142.656448394  -.145486E+00      25.737     5        1.08     24.62      0.25    0.1029E+00  0.3346E-02  0.1373E+01
| 56  -7142.750205426  0.937570E-01      25.688     6        1.05     24.60      0.25    0.1107E+00  0.2267E-02  0.4568E+00
| 57  -7142.737087362  -.131181E-01      25.771     7        1.08     24.66      0.25    0.1070E+00  0.2763E-02  0.5557E+00
| 58  -7140.228209472  -.250888E+01      25.675     8        1.05     24.59      0.25    0.3338E+00  0.1446E-02  0.5455E+00
| 59  -7142.567662503  0.233945E+01      25.668     9        1.08     24.56      0.25    0.1980E+00  0.8258E-03  0.1409E+00
| 60  -7142.865229149  0.297567E+00      25.675    10        1.08     24.56      0.25    0.1012E+00  0.1511E-02  0.4269E+00
| 61  -7142.951236652  0.860075E-01      25.729     1        1.06     24.63      0.25    0.4867E-01  0.4862E-03  0.4614E-01
| 62  -7142.972589820  0.213532E-01      25.740     2        1.08     24.63      0.25    0.5209E-01  0.2813E-03  0.5015E-01
| 63  -7142.969706488  -.288333E-02      25.673     3        1.05     24.59      0.25    0.5687E-01  0.2069E-02  0.4725E+00
| 64  -7142.508104601  -.461602E+00      25.745     4        1.08     24.63      0.25    0.1876E+00  0.2120E-02  0.4720E+00
| 65  -7142.964999818  0.456895E+00      25.689     5        1.05     24.60      0.25    0.5448E-01  0.3392E-02  0.1364E+01
| 66  -7142.627024633  -.337975E+00      25.733     6        1.08     24.62      0.25    0.1078E+00  0.3581E-02  0.1360E+01
| 67  -7143.014935914  0.387911E+00      25.757     7        1.07     24.65      0.25    0.2509E-01  0.8032E-03  0.1102E+00
| 68  -7142.974601730  -.403342E-01      25.747     8        1.07     24.64      0.25    0.5315E-01  0.1342E-02  0.2290E+00
| 69  -7143.050729821  0.761281E-01      25.731     9        1.08     24.62      0.25    0.2176E-01  0.6705E-03  0.1423E+00
| 70  -7143.050206122  -.523699E-03      25.727    10        1.05     24.64      0.25    0.2111E-01  0.2555E-03  0.4097E-01
| 71  -7143.056666964  0.646084E-02      25.767     1        1.08     24.65      0.25    0.1926E-01  0.6189E-03  0.1278E+00
| 72  -7143.055649632  -.101733E-02      25.720     2        1.05     24.63      0.25    0.1910E-01  0.2819E-03  0.5221E-01
| 73  -7143.066599420  0.109498E-01      25.765     3        1.08     24.65      0.25    0.3884E-02  0.7468E-04  0.1462E-01
| 74  -7143.065241721  -.135770E-02      25.727     4        1.07     24.62      0.25    0.8184E-02  0.4629E-04  0.7818E-02
| 75  -7143.065997283  0.755561E-03      25.733     5        1.07     24.63      0.25    0.7133E-02  0.1030E-03  0.1970E-01
| 76  -7143.067709728  0.171245E-02      25.750     6        1.08     24.64      0.25    0.1493E-02  0.6033E-04  0.9933E-02
| 77  -7143.067810613  0.100884E-03      25.733     7        1.05     24.65      0.25    0.6365E-03  0.3114E-04  0.4711E-02
| 78  -7143.067784962  -.256509E-04      25.761     8        1.08     24.65      0.25    0.1048E-02  0.2464E-04  0.2849E-02
| 79  -7143.067824684  0.397228E-04      25.722     9        1.05     24.63      0.25    0.2474E-03  0.1036E-04  0.1582E-02
| 80  -7143.067827459  0.277477E-05      25.756    10        1.08     24.64      0.25    0.2336E-03  0.1239E-05  0.1352E-03
| -------------- 2E-INT CUTOFF CHANGE TO 0.1000E-08 ------------
| 81  -7143.067098289  -.729170E-03      55.951     1        1.08     54.84      0.25    0.2273E-03  0.1365E-04  0.2577E-02
| 82  -7143.067089375  -.891396E-05      55.971     2        1.08     54.86      0.25    0.5946E-03  0.1111E-04  0.1899E-02
| 83  -7143.067099681  0.103057E-04      55.948     3        1.08     54.84      0.25    0.9920E-04  0.2605E-05  0.3761E-03
| 84  -7143.067099470  -.211563E-06      55.975     4        1.08     54.86      0.25    0.9945E-04  0.4364E-05  0.6231E-03
| 85  -7143.067099333  -.136904E-06      55.949     5        1.08     54.84      0.25    0.9957E-04  0.2831E-05  0.4757E-03
| 86  -7143.067099493  0.160471E-06      55.937     6        1.08     54.82      0.25    0.9993E-04  0.3666E-05  0.6306E-03
| 87  -7143.067098468  -.102485E-05      55.954     7        1.08     54.84      0.25    0.1621E-03  0.3533E-05  0.5714E-03
| 88  -7143.067099569  0.110109E-05      55.968     8        1.08     54.86      0.25    0.9954E-04  0.1966E-05  0.2942E-03
| 89  -7143.067099603  0.336222E-07      55.961     9        1.08     54.85      0.25    0.9893E-04  0.6751E-05  0.9881E-03
| 90  -7143.067097532  -.207115E-05      55.960    10        1.08     54.85      0.25    0.3160E-03  0.8475E-04  0.4421E-02
| 91  -7143.067225366  0.127834E-03      55.955     1        1.08     54.84      0.25    0.2855E-03  0.7122E-05  0.6499E-03
| 92  -7143.067221652  -.371426E-05      55.968     2        1.08     54.86      0.25    0.4247E-03  0.1388E-04  0.2920E-02
| 93  -7143.067219544  -.210808E-05      55.952     3        1.08     54.84      0.25    0.5264E-03  0.9318E-05  0.1813E-02
| 94  -7143.067226035  0.649175E-05      55.941     4        1.08     54.83      0.25    0.1744E-03  0.4625E-05  0.1026E-02
| 95  -7143.067227106  0.107022E-05      55.954     5        1.08     54.84      0.25    0.9027E-04  0.2402E-05  0.2755E-03
| 96  -7143.067227474  0.367916E-06      55.950     6        1.08     54.84      0.25    0.1773E-04  0.1055E-05  0.1649E-03
| 97  -7143.067227475  0.146247E-08      55.952     7        1.08     54.84      0.25    0.2230E-04  0.7445E-06  0.1254E-03
| -------------- 2E-INT CUTOFF CHANGE TO 0.1000E-09 ------------
| 98  -7143.067227613  0.138200E-06      70.650     8        1.08     69.54      0.25    0.1037E-04  0.2464E-06  0.2974E-04
| ------------------------------------------------------------------------------------------------------------------------
| REACH CONVERGENCE AFTER  98 CYLCES
| MAX ERROR = 0.103741E-04   RMS CHANGE = 0.246377E-06   MAX CHANGE = 0.297367E-04
| -----------------------------------------------
 ALPHA ELECTRON DENSITY    =  454.0001909528
 BETA ELECTRON DENSITY     =  454.0001909528
 ELECTRONIC ENERGY    =-40181.611915077
 CORE_CORE REPULSION  = 33038.544687464
 TOTAL ENERGY         = -7143.067227613

 @ End Energy calculation


 @ Begin Gradient Calculation

 ANALYTICAL GRADIENT: 
----------------------------------------
 COORDINATE    XYZ            GRADIENT
----------------------------------------
    1X    15.6340011939    -0.0117153057
    1Y    14.6160011161    -0.0111015019
    1Z   -13.0350009954     0.0158111271
    2X    16.3740012504    -0.0155163146
    2Y    15.8230012083    -0.0329033340
    2Z   -12.5520009585    -0.0276697065
    3X    16.6010012677     0.0179158732
    3Y    16.9570012949     0.0207568505
    3Z   -13.5650010359     0.0259309986
    4X    16.4070012529     0.0090079361
    4Y    16.7720012808     0.0272443957
    4Z   -14.7600011271     0.0254362406
    5X    17.0440013015    -0.0025885566
    5Y    18.1640013871    -0.0138665975
    5Z   -13.2170010093    -0.0411187819
    6X    17.2600013180    -0.0100051158
    6Y    18.6750014261    -0.0041234450
    6Z   -11.8320009035     0.0081228411
    7X    18.3710014029    -0.0078484341
    7Y    19.7330015069     0.0096334612
    7Z   -11.9340009113     0.0203577862
    8X    19.2810014724     0.0117238513
    8Y    19.9410015228    -0.0591054113
    8Z   -10.3820007928     0.0022081636
    9X    15.9660012192    -0.0181873968
    9Y    19.0900014578     0.0132282442
    9Z   -11.0490008437     0.0101898415
   10X    15.5930011907     0.0043587431
   10Y    18.3820014037     0.0176628988
   10Z   -10.1130007723    -0.0152696827
   11X    15.2430011640     0.0065387745
   11Y    20.1390015379     0.0012873172
   11Z   -11.4830008769     0.0130693002
   12X    13.8720010593    -0.0132818333
   12Y    20.5230015672    -0.0122462977
   12Z   -10.9940008395     0.0135326910
   13X    13.4380010262    -0.0068741349
   13Y    21.5510016457    -0.0047193766
   13Z   -12.0710009218    -0.0044683384
   14X    11.9020009089     0.0161762682
   14Y    22.4460017141    -0.0036368406
   14Z   -11.7180008948     0.0391913621
   15X    12.7950009771    -0.0128503154
   15Y    19.3830014802    -0.0132068944
   15Z   -10.7990008247    -0.0239320610
   16X    11.9860009153    -0.0006569891
   16Y    19.4550014857     0.0017972742
   16Z    -9.8710007538     0.0042078475
   17X    12.8200009790    -0.0089195223
   17Y    18.3270013995     0.0137651780
   17Z   -11.6330008883     0.0054310258
   18X    11.9860009153    -0.0156374739
   18Y    17.1110013067    -0.0122207931
   18Z   -11.5030008784     0.0217671458
   19X    11.9360009115     0.0316442618
   19Y    16.5800012661     0.0121786809
   19Z   -12.9560009894     0.0010474326
   20X    13.2090010087    -0.0053138475
   20Y    16.2590012416    -0.0045974160
   20Z   -13.5390010339    -0.0020546503
   21X    12.4080009475     0.0195313314
   21Y    16.0160012230     0.0083718556
   21Z   -10.4570007985    -0.0119749061
   22X    11.5760008840     0.0086264507
   22Y    15.1930011602    -0.0048147936
   22Z   -10.0770007695     0.0109416558
   23X    13.6480010422    -0.0113603823
   23Y    16.0190012233    -0.0112499372
   23Z    -9.9340007586     0.0031255489
   24X    13.9640010663     0.0045236543
   24Y    15.3960011757    -0.0065774574
   24Z    -8.6310006591    -0.0084669494
   25X    15.4670011811    -0.0069905838
   25Y    15.0270011475    -0.0018369320
   25Z    -8.6490006605     0.0014353461
   26X    15.8110012074     0.0117124992
   26Y    13.6980010460    -0.0672477723
   26Z    -9.2800007087     0.0148548915
   27X    16.1140012305    -0.0118638175
   27Y    13.5570010353     0.0044831035
   27Z   -10.4570007985     0.0566583963
   28X    15.8220012082     0.0044145339
   28Y    12.7170009711     0.0411533935
   28Z    -8.4340006441    -0.0451975567
   29X    13.7550010504    -0.0019304378
   29Y    16.4340012550    -0.0115250360
   29Z    -7.4810005713     0.0168365589
   30X    14.3390010950    -0.0078748675
   30Y    17.5170013377    -0.0035551789
   30Z    -7.5780005787    -0.0003221153
   31X    13.0550009969    -0.0108629607
   31Y    16.1530012335     0.0177724315
   31Z    -6.3510004850    -0.0116811560
   32X    12.9510009890     0.0074808732
   32Y    17.1260013078    -0.0021780773
   32Z    -5.2230003988     0.0103060916
   33X    12.4450009503     0.0027604255
   33Y    14.8380011331     0.0046685698
   33Z    -6.0650004631     0.0033920874
   34X    11.8670009062     0.0114439095
   34Y    16.4770012582    -0.0023019102
   34Z    -4.3600003329    -0.0122472393
   35X    11.9760009145     0.0033980266
   35Y    14.9700011432     0.0103874039
   35Z    -4.6130003523    -0.0130114907
   36X    14.2660010894     0.0087326128
   36Y    17.5840013428    -0.0204883573
   36Z    -4.5060003441     0.0117746950
   37X    14.3670010971     0.0112873316
   37Y    18.7160014292    -0.0022004302
   37Z    -4.0400003085    -0.0053160416
   38X    15.2970011681    -0.0154767402
   38Y    16.7450012787     0.0181977765
   38Z    -4.5390003466     0.0000473108
   39X    16.6590012721     0.0068311165
   39Y    17.0360013009     0.0139824284
   39Z    -4.0170003068     0.0010405431
   40X    17.2690013187    -0.0111729465
   40Y    15.6390011943     0.0098884360
   40Z    -3.6220002766    -0.0075928384
   41X    18.7940014352    -0.0101456145
   41Y    15.6390011943    -0.0070908112
   41Z    -3.3510002559     0.0072317421
   42X    16.6150012688     0.0150220056
   42Y    15.0330011480     0.0002287283
   42Z    -2.3550001798    -0.0038368619
   43X    17.5100013371     0.0035110797
   43Y    17.9150013681     0.0003343459
   43Z    -4.9750003799    -0.0036877672
   44X    17.9480013706    -0.0045329847
   44Y    19.0010014510    -0.0084470072
   44Z    -4.5840003501    -0.0082524725
   45X    17.7230013534     0.0151372939
   45Y    17.4960013361    -0.0012188654
   45Z    -6.2340004761     0.0070968465
   46X    18.4260014071    -0.0123476672
   46Y    18.3310013998     0.0180266211
   46Z    -7.2410005530    -0.0037147279
   47X    18.8320014381     0.0178535711
   47Y    17.4340013313     0.0003276031
   47Z    -8.4350006441    -0.0102108219
   48X    19.9890015264    -0.0312101838
   48Y    18.2280013920     0.0393315883
   48Z    -9.5900007323     0.0027111214
   49X    17.8100013600    -0.0078525471
   49Y    19.6970015041    -0.0213848246
   49Z    -7.6330005829    -0.0115844014
   50X    18.4960014124    -0.0060080762
   50Y    20.7030015810     0.0093464000
   50Z    -7.8290005979    -0.0126655061
   51X    16.4900012592     0.0206849389
   51Y    19.7300015067     0.0157125716
   51Z    -7.5770005786    -0.0139983931
   52X    15.6720011968     0.0070493697
   52Y    20.9540016001     0.0068403971
   52Z    -7.5200005743     0.0027232086
   53X    11.7430008967    -0.0043293539
   53Y    20.8710015938    -0.0360540540
   53Z    -7.3430005607    -0.0253158254
   54X    11.6650008908    -0.0252405235
   54Y    22.9700017541     0.0433995326
   54Z    -6.2860004800     0.0148701847
   55X    11.0610008447     0.0916746646
   55Y    22.0270016821    -0.0086974047
   55Z    -7.0660005396     0.0300286925
   56X    12.9330009876    -0.0337570808
   56Y    22.4190017120     0.0224003590
   56Z    -6.2070004740     0.0012212807
   57X    12.9880009918    -0.0423849502
   57Y    21.1780016172    -0.0415174192
   57Z    -6.8370005221     0.0201711564
   58X    14.2120010853     0.0067811237
   58Y    20.4410015610     0.0285421828
   58Z    -7.3720005630    -0.0493042251
   59X    16.1160012307     0.0031483502
   59Y    21.9460016759    -0.0124302711
   59Z    -6.4080004893     0.0196201703
   60X    16.1520012334     0.0066289841
   60Y    23.1430017673    -0.0156574165
   60Z    -6.6490005077     0.0061651682
   61X    16.3480012484    -0.0132777123
   61Y    21.4420016374     0.0259919719
   61Z    -5.1990003970    -0.0154751077
   62X    16.5430012633     0.0109414787
   62Y    22.3060017034     0.0060659424
   62Z    -3.9820003041    -0.0017787603
   63X    15.7960012062    -0.0055233548
   63Y    21.7020016572     0.0076409002
   63Z    -2.7640002111    -0.0094815561
   64X    14.2480010880     0.0039000402
   64Y    21.7050016575     0.0016233971
   64Z    -2.8660002189     0.0034941141
   65X    13.6320010410     0.0007667019
   65Y    20.8940015955     0.0120177411
   65Z    -1.7190001313    -0.0066634362
   66X    13.6340010411    -0.0017149264
   66Y    23.1200017655    -0.0082590511
   66Z    -2.8480002175     0.0045647206
   67X    18.0030013748     0.0145955907
   67Y    22.7490017372    -0.0141561289
   67Z    -3.6770002808     0.0035704967
   68X    18.2470013934     0.0043890432
   68Y    23.9150018262    -0.0049439666
   68Z    -3.3620002567     0.0033044764
   69X    18.9740014489    -0.0064068587
   69Y    21.8670016698     0.0150750312
   69Z    -3.9200002993     0.0046730361
   70X    20.3660015552     0.0057283806
   70Y    22.2220016970     0.0278319949
   70Z    -4.2680003259    -0.0113226754
   71X    20.8550015926    -0.0170958044
   71Y    20.9060015965     0.0083944066
   71Z    -4.9190003756     0.0214980781
   72X    21.2680016241     0.0063551566
   72Y    19.7440015077    -0.0075052347
   72Z    -3.9800003039    -0.0077443872
   73X    21.6270016515     0.0031934975
   73Y    18.4330014076    -0.0055624364
   73Z    -4.6860003578     0.0232674586
   74X    21.6530016535    -0.0009627946
   74Y    18.2900013967     0.0029530924
   74Z    -5.9060004510    -0.0288207640
   75X    21.8980016722     0.0051860468
   75Y    17.4380013316    -0.0203539241
   75Z    -3.7950002898    -0.0077216692
   76X    20.6370015759    -0.0154256618
   76Y    23.4480017906    -0.0115627747
   76Z    -5.2020003972    -0.0175416336
   77X    21.6140016505     0.0019284735
   77Y    24.1770018462     0.0135373013
   77Z    -5.0200003833    -0.0069192092
   78X    19.7980015119     0.0290730925
   78Y    23.6330018047     0.0055331784
   78Z    -6.2260004754    -0.0045083173
   79X    19.7860015109    -0.0054340520
   79Y    24.8670018989     0.0022241992
   79Z    -7.0400005376    -0.0070012166
   80X    22.7840017399    -0.0102756599
   80Y    23.3220017810    -0.0448695768
   80Z    -8.0900006178    -0.0074507143
   81X    24.2310018504     0.0398570996
   81Y    25.1080019173     0.0104454536
   81Z    -7.5570005771     0.0094643989
   82X    24.0150018339    -0.0771014765
   82Y    23.7560018141     0.0670428661
   82Z    -7.6670005855    -0.0182515596
   83X    22.9650017537     0.0366400920
   83Y    25.5940019545     0.0080367604
   83Z    -7.8760006014     0.0110979703
   84X    22.1010016877     0.0241389680
   84Y    24.5230018727    -0.0387190331
   84Z    -8.1820006248    -0.0127180648
   85X    20.5820015717     0.0022336687
   85Y    24.6090018792    -0.0044203862
   85Z    -8.3330006363     0.0196083525
   86X    18.3090013981     0.0047339577
   86Y    25.2900019312     0.0219526828
   86Z    -7.2700005552     0.0364578927
   87X    17.7260013536    -0.0103795263
   87Y    25.0560019134    -0.0083332238
   87Z    -8.3280006360     0.0055581171
   88X    17.6970013514    -0.0012298251
   88Y    25.8820019764    -0.0234808886
   88Z    -6.2360004762    -0.0235989075
   89X    16.2630012419     0.0083086733
   89Y    26.2710020062     0.0232598188
   89Z    -6.2490004772    -0.0081414013
   90X    15.7560012032    -0.0016554325
   90Y    26.3840020148    -0.0052598010
   90Z    -4.7930003660    -0.0120039372
   91X    14.3320010944    -0.0043624304
   91Y    26.2720020062    -0.0009479333
   91Z    -4.7520003629     0.0024595351
   92X    15.8320012090     0.0405883147
   92Y    27.4660020974     0.0251257488
   92Z    -7.1480005458     0.0246360692
   93X    14.7590011271    -0.0107044928
   93Y    27.4600020970     0.0043603703
   93Z    -7.7480005917    -0.0183230382
   94X    16.7730012809    -0.0430782440
   94Y    28.3830021674    -0.0042764848
   94Z    -7.3410005606    -0.0005883253
   95X    16.9010012906    -0.0040616348
   95Y    29.1900022291    -0.0027150825
   95Z    -8.5910006560    -0.0174930826
   96X    18.2640013947    -0.0019406096
   96Y    29.9350022860    -0.0155192304
   96Z    -8.5160006503     0.0077510588
   97X    19.5770014950     0.0378191635
   97Y    29.1390022252     0.0238522432
   97Z    -8.6820006630    -0.0228045932
   98X    19.8140015131     0.0054480070
   98Y    28.0950021454     0.0156590616
   98Z    -8.0800006170    -0.0183536070
   99X    20.4720015633    -0.0171439096
   99Y    29.6000022604    -0.0362252407
   99Z    -9.5170007268     0.0320599369
  100X    16.7180012767     0.0264139411
  100Y    28.4750021745    -0.0103043675
  100Z    -9.9750007617     0.0138597645
  101X    16.1030012297    -0.0106939594
  101Y    29.0230022163    -0.0101933496
  101Z   -10.8890008315    -0.0110176752
  102X    17.2690013187    -0.0078051165
  102Y    27.2620020818     0.0178732565
  102Z   -10.1020007714    -0.0131862521
  103X    17.1170013071    -0.0119465214
  103Y    26.4200020175    -0.0011928149
  103Z   -11.3230008647    -0.0067831036
  104X    18.4280014072     0.0023742847
  104Y    25.6230019567     0.0131371442
  104Z   -11.5760008840     0.0019037951
  105X    19.7550015086     0.0034030381
  105Y    26.4180020174    -0.0014548307
  105Z   -11.7230008952    -0.0002239972
  106X    20.9200015975    -0.0065833404
  106Y    25.4470019432     0.0067854074
  106Z   -11.9520009127    -0.0004240530
  107X    19.7300015067     0.0062765326
  107Y    27.4430020957    -0.0112261175
  107Z   -12.8690009827     0.0038765166
  108X    15.8500012104     0.0098199929
  108Y    25.4940019468     0.0086709760
  108Z   -11.3960008702     0.0043074218
  109X    15.6000011913    -0.0147288545
  109Y    24.9030019017    -0.0014359853
  109Z   -12.4500009507     0.0133394049
  110X    15.0320011479    -0.0124064272
  110Y    25.3670019371    -0.0184709445
  110Z   -10.3330007891    -0.0095406357
  111X    13.6050010389    -0.0135539831
  111Y    24.9850019080     0.0103592249
  111Z   -10.4830008005     0.0093273937
  112X    13.2680010132    -0.0192440778
  112Y    24.0010018328    -0.0111361823
  112Z    -9.3580007146     0.0061921936
  113X    11.8020009012     0.0209683982
  113Y    23.0530017604     0.0063416013
  113Z    -9.8080007490    -0.0357421523
  114X    12.5910009615     0.0181528042
  114Y    26.1760019989    -0.0319586519
  114Z   -10.5210008034    -0.0538377400
  115X    11.7070008940     0.0098117525
  115Y    26.2240020026     0.0232336478
  115Z   -11.3680008681     0.0489906620
  116X    12.6080009628    -0.0241740844
  116Y    26.9360020569     0.0078864091
  116Z    -9.5140007265    -0.0085972148
  117X    16.1490012332     0.0054543105
  117Y    14.1880010835    -0.0039783027
  117Z   -13.8180010552    -0.0015653271
  118X    15.5490011874    -0.0052474813
  118Y    13.9350010641    -0.0007351692
  118Z   -12.2670009368    -0.0158077441
  119X    14.6950011222     0.0047889279
  119Y    14.8930011373    -0.0047654543
  119Z   -13.3530010197     0.0005460646
  120X    15.8440012099    -0.0020406475
  120Y    16.2700012424     0.0127463063
  120Z   -11.6940008930     0.0035463751
  121X    17.3840013275     0.0107715001
  121Y    15.5500011875     0.0094011797
  121Z   -12.1930009311    -0.0005064219
  122X    17.2810013196     0.0024150099
  122Y    18.7120014289    -0.0032136135
  122Z   -14.0410010722    -0.0059160468
  123X    17.7450013551     0.0119223719
  123Y    17.8750013650     0.0004255119
  123Z   -11.2490008590     0.0026347120
  124X    19.1430014618     0.0105862967
  124Y    19.3970014812     0.0017608961
  124Z   -12.6490009659     0.0030291393
  125X    17.9960013742    -0.0032541307
  125Y    20.6980015806     0.0015088004
  125Z   -12.3220009410    -0.0107710249
  126X    15.5860011902     0.0119732020
  126Y    20.5030015657    -0.0071706224
  126Z   -12.3760009451    -0.0092735771
  127X    13.9610010661     0.0028059155
  127Y    21.0720016091     0.0147983841
  127Z   -10.0170007649     0.0167086188
  128X    14.2090010851     0.0004773696
  128Y    22.3360017057     0.0089325413
  128Z   -12.2160009329    -0.0061118683
  129X    13.3170010169     0.0049683328
  129Y    21.0740016093    -0.0006944623
  129Z   -13.0630009975    -0.0073722263
  130X    13.5710010363     0.0053216101
  130Y    18.2890013966     0.0006531425
  130Z   -12.3200009408    -0.0031017855
  131X    10.9560008366    -0.0104321635
  131Y    17.4050013291     0.0032016196
  131Z   -11.2200008568     0.0014556502
  132X    11.3110008638     0.0014370370
  132Y    15.6860011978     0.0059373890
  132Z   -12.9640009900    -0.0028867062
  133X    11.3950008702    -0.0087963206
  133Y    17.3010013212    -0.0002182786
  133Z   -13.6040010389    -0.0082972004
  134X    13.0780009987    -0.0050472966
  134Y    16.3300012470    -0.0009067527
  134Z   -14.4970011070    -0.0030116121
  135X    14.2220010860    -0.0041824499
  135Y    16.8190012844    -0.0015243529
  135Z   -10.2060007794    -0.0122270679
  136X    13.3480010193    -0.0045129897
  136Y    14.4970011070    -0.0097440134
  136Z    -8.4330006440     0.0127815730
  137X    16.1000012295     0.0125249511
  137Y    15.8320012090     0.0036017945
  137Z    -9.0650006922     0.0045538409
  138X    15.8140012076    -0.0009837007
  138Y    14.9780011438     0.0007273082
  138Z    -7.6110005812    -0.0134721294
  139X    16.3670012498     0.0046023388
  139Y    11.9110009096     0.0026063375
  139Z    -8.7320006668    -0.0125725017
  140X    15.7070011994    -0.0113149366
  140Y    13.0880009994     0.0252626395
  140Z    -7.4870005717    -0.0055467684
  141X    12.5240009564    -0.0048293316
  141Y    18.0590013791    -0.0055453350
  141Z    -5.5840004264     0.0060238292
  142X    13.1530010044    -0.0016561010
  142Y    13.9990010690    -0.0057353730
  142Z    -6.1680004710    -0.0006696300
  143X    11.6410008890     0.0015273517
  143Y    14.6190011164    -0.0049237922
  143Z    -6.7880005184    -0.0049389074
  144X    11.9660009138    -0.0001249752
  144Y    16.7770012812     0.0047821532
  144Z    -3.3060002525     0.0032875328
  145X    10.8660008298    -0.0089791227
  145Y    16.8310012853     0.0009922329
  145Z    -4.6790003573     0.0004184096
  146X    12.7100009706    -0.0001528365
  146Y    14.5200011088    -0.0025612236
  146Z    -3.9240002997     0.0046179291
  147X    11.0340008426    -0.0033313026
  147Y    14.4320011021    -0.0042759026
  147Z    -4.4170003373     0.0031540979
  148X    15.0930011526    -0.0137544686
  148Y    15.9280012163     0.0071357297
  148Z    -5.1100003902    -0.0017994001
  149X    16.5670012651     0.0037604240
  149Y    17.7030013519     0.0072271367
  149Z    -3.1490002405     0.0009643107
  150X    17.0680013034    -0.0025126193
  150Y    14.9400011409    -0.0073549964
  150Z    -4.4730003416    -0.0058426942
  151X    19.0700014563     0.0038691130
  151Y    16.3170012460     0.0038902746
  151Z    -2.5200001924     0.0058531658
  152X    19.1710014640     0.0076009555
  152Y    14.6330011174    -0.0063413923
  152Z    -3.0800002352     0.0017477573
  153X    19.3830014802     0.0047410234
  153Y    15.9540012183     0.0000097128
  153Z    -4.2330003232    -0.0048214772
  154X    15.5200011852    -0.0059411414
  154Y    14.9200011393    -0.0022070833
  154Z    -2.4580001877     0.0005579278
  155X    17.0070012987    -0.0002521949
  155Y    14.0240010709    -0.0081207124
  155Z    -2.1200001619     0.0052720764
  156X    16.7840012817    -0.0007760216
  156Y    15.6580011957     0.0022459220
  156Z    -1.4560001112     0.0079738032
  157X    17.3550013253     0.0017702969
  157Y    16.5750012657     0.0033489807
  157Z    -6.4220004904     0.0144076667
  158X    19.2590014707    -0.0229728659
  158Y    18.6700014257    -0.0011813336
  158Z    -6.6590005085     0.0050872373
  159X    19.3250014757    -0.0007279274
  159Y    16.5100012608    -0.0083573070
  159Z    -8.0740006166     0.0011974352
  160X    17.9400013700    -0.0017966595
  160Y    17.1120013067    -0.0034722236
  160Z    -8.9970006870    -0.0055442054
  161X    16.1220012311     0.0209502758
  161Y    18.7990014356    -0.0098331206
  161Z    -7.3870005641     0.0027100087
  162X    15.7920012059    -0.0036298450
  162Y    21.4440016375    -0.0134741234
  162Z    -8.4700006468     0.0056686603
  163X    11.5560008825    -0.0034133966
  163Y    20.2090015432    -0.0150547406
  163Z    -8.1160006198    -0.0034136943
  164X    11.2880008620    -0.0064790763
  164Y    23.8370018203     0.0158013747
  164Z    -5.8760004487     0.0127594497
  165X    10.3500007904     0.0143543210
  165Y    22.3800017090     0.0069903792
  165Z    -7.8070005962    -0.0109428357
  166X    13.8330010563    -0.0010309140
  166Y    22.9480017524    -0.0103743846
  166Z    -5.9870004572    -0.0127852326
  167X    13.9640010663     0.0009972484
  167Y    19.8040015123    -0.0071518688
  167Z    -8.2300006285    -0.0047474130
  168X    14.3100010928    -0.0060312804
  168Y    19.7470015080     0.0090884369
  168Z    -6.5140004974     0.0116637512
  169X    16.6390012706     0.0058634027
  169Y    20.4460015613    -0.0185883897
  169Z    -5.3250004066    -0.0310407537
  170X    16.0610012265    -0.0026406394
  170Y    23.2770017775     0.0083197849
  170Z    -4.1720003186     0.0088061032
  171X    16.1600012340     0.0049774592
  171Y    20.6680015783    -0.0048085312
  171Z    -2.6010001986     0.0034110348
  172X    16.0850012283    -0.0005504977
  172Y    22.2440016986    -0.0013122150
  172Z    -1.8410001406     0.0078371694
  173X    13.9770010673    -0.0011141165
  173Y    21.1990016188    -0.0048787026
  173Z    -3.8140002913    -0.0076492546
  174X    14.0090010698     0.0014968568
  174Y    19.8550015162    -0.0066496082
  174Z    -1.7060001303     0.0015521837
  175X    13.8530010579     0.0007639580
  175Y    21.3340016291    -0.0000429893
  175Z    -0.7290000557     0.0051908237
  176X    12.5320009570    -0.0066083066
  176Y    20.8260015904    -0.0025532430
  176Z    -1.8110001383     0.0004683545
  177X    13.8840010602     0.0005553593
  177Y    23.6670018073     0.0047700394
  177Z    -1.9190001465     0.0037918169
  178X    13.9760010673     0.0015112840
  178Y    23.7500018136     0.0020463648
  178Z    -3.6870002816    -0.0048036300
  179X    12.5300009568    -0.0070217969
  179Y    23.0890017632     0.0026620378
  179Z    -2.9160002227    -0.0007767678
  180X    18.7370014308    -0.0018183416
  180Y    20.8660015934    -0.0127375118
  180Z    -3.8610002948     0.0120473269
  181X    20.9340015986    -0.0031894743
  181Y    22.4220017122    -0.0044544620
  181Z    -3.3570002564     0.0005610767
  182X    20.1420015381    -0.0007928680
  182Y    20.5450015689    -0.0059906597
  182Z    -5.6880004344    -0.0113138515
  183X    21.7130016581    -0.0147022883
  183Y    21.1690016165    -0.0004571692
  183Z    -5.5150004211     0.0053452607
  184X    22.1180016890     0.0041328604
  184Y    20.0500015311     0.0033915832
  184Z    -3.3420002552     0.0030778465
  185X    20.4330015603    -0.0043228733
  185Y    19.5380014920     0.0043986118
  185Z    -3.2930002515    -0.0005637277
  186X    22.1100016884    -0.0026258816
  186Y    16.6180012690     0.0073846225
  186Z    -4.2410003239     0.0129600514
  187X    18.9600014479    -0.0030937021
  187Y    23.0460017599    -0.0085759361
  187Z    -6.1470004694     0.0153476290
  188X    20.2700015479     0.0010721210
  188Y    25.7070019631     0.0103848742
  188Z    -6.5170004977    -0.0057552628
  189X    22.3910017099    -0.0073845903
  189Y    22.3750017086    -0.0139081507
  189Z    -8.0640006158    -0.0022734504
  190X    25.0900019160     0.0181541157
  190Y    25.6200019564     0.0148510171
  190Z    -7.3080005581     0.0048248667
  191X    24.7680018914     0.0039078862
  191Y    23.0400017594    -0.0056405157
  191Z    -7.3340005601     0.0050640398
  192X    22.6390017288    -0.0052785265
  192Y    26.6260020333     0.0034539362
  192Z    -7.7820005943     0.0026136724
  193X    20.1640015398    -0.0065107919
  193Y    23.6860018088    -0.0049216778
  193Z    -8.7730006699     0.0009644385
  194X    20.3510015541    -0.0011970449
  194Y    25.4260019416     0.0045781656
  194Z    -9.0360006900    -0.0044890765
  195X    18.0360013773    -0.0001677401
  195Y    25.4460019432    -0.0096393448
  195Z    -5.3950004120    -0.0202915461
  196X    15.7960012062     0.0144835836
  196Y    25.4120019406     0.0032291129
  196Z    -6.7070005122     0.0022586758
  197X    16.1910012364    -0.0026162200
  197Y    25.5990019548    -0.0017627062
  197Z    -4.1420003163     0.0085383422
  198X    16.0820012281     0.0010524606
  198Y    27.3460020882     0.0037795084
  198Z    -4.3460003319     0.0049612231
  199X    14.0160010703    -0.0000185475
  199Y    26.8670020517     0.0015405477
  199Z    -4.0590003100     0.0031584182
  200X    17.5880013431    -0.0151097629
  200Y    27.9670021357    -0.0234469270
  200Z    -6.8780005252     0.0144913511
  201X    16.1010012295    -0.0068497889
  201Y    29.9530022873     0.0068327008
  201Z    -8.5590006536     0.0031006317
  202X    18.2190013913    -0.0009237499
  202Y    30.7280023465     0.0032652271
  202Z    -9.2820007088    -0.0026209310
  203X    18.3320013999     0.0012011893
  203Y    30.4630023263     0.0036653815
  203Z    -7.5510005766     0.0017931032
  204X    21.3240016284     0.0065012807
  204Y    29.0440022179    -0.0120997615
  204Z    -9.6010007332     0.0067093712
  205X    20.2140015436    -0.0177831517
  205Y    30.4320023239     0.0127508283
  205Z   -10.0570007680     0.0002319036
  206X    17.5880013431    -0.0005188683
  206Y    26.8930020537     0.0115344273
  206Z    -9.1950007022     0.0226573875
  207X    16.9990012981     0.0050769070
  207Y    27.1010020695    -0.0015825106
  207Z   -12.1770009299    -0.0078281326
  208X    18.5330014153    -0.0015666095
  208Y    24.8720018993    -0.0060776808
  208Z   -10.7720008226     0.0020364814
  209X    18.2840013962     0.0026856398
  209Y    25.0240019109    -0.0059988634
  209Z   -12.4970009543    -0.0044601829
  210X    19.9430015229     0.0016503553
  210Y    26.9700020595     0.0030625998
  210Z   -10.7820008234     0.0043951342
  211X    20.9780016020     0.0006354048
  211Y    24.6710018840    -0.0037415925
  211Z   -11.1700008530     0.0039441378
  212X    20.8240015902     0.0003639570
  212Y    24.9210019031    -0.0037784995
  212Z   -12.9210009867    -0.0051485534
  213X    21.8900016716     0.0050432934
  213Y    25.9770019837     0.0023635711
  213Z   -11.9600009133     0.0005291518
  214X    19.5020014892    -0.0013648659
  214Y    26.9780020601    -0.0005060210
  214Z   -13.8470010574    -0.0067755981
  215X    18.9700014486    -0.0034725892
  215Y    28.2290021557     0.0056544990
  215Z   -12.7010009699     0.0009317792
  216X    20.6960015804     0.0035605235
  216Y    27.9710021360     0.0049773133
  216Z   -12.9780009910    -0.0018330363
  217X    15.3800011745     0.0213962807
  217Y    25.8540019743     0.0021908727
  217Z    -9.4980007253     0.0057298412
  218X    13.4610010279    -0.0136399227
  218Y    24.4470018669    -0.0086609356
  218Z   -11.4370008734    -0.0048293066
  219X    14.0200010706    -0.0093127482
  219Y    23.2240017735    -0.0057104197
  219Z    -9.1930007020     0.0039885470
  220X    13.2150010091     0.0160815116
  220Y    24.5520018749     0.0028322524
  220Z    -8.3990006414     0.0076440418
----------------------------------------

 @ End Gradient Calculation


 @ Output Timing Information

------------- TIMING ---------------
| INITIAL GUESS TIME  =    16.366237512(  0.47%)
| DFT GRID OPERATIONS =     4.424284000(  0.13%)
| TOTAL SCF TIME      =  3072.200107000( 87.99%)
|       TOTAL OP TIME      =  2966.379151000( 84.96%)
|             TOTAL 1e TIME      =     3.435751000(  0.10%)
|             TOTAL 2e TIME      =  2584.512512000( 74.02%)
|             TOTAL EXC TIME     =   366.634040000( 10.50%)
|       TOTAL DII TIME      =   102.297347000(  2.93%)
|             TOTAL DIAG TIME    =    24.274906000(  0.70%)
| TOTAL GRADIENT TIME      =   391.117952000( 11.20%)
|       TOTAL 1e GRADIENT TIME (OVERLAPPED WITH 2e GRAD TIME) =     8.117611000( 0.67%)
|       TOTAL 2e GRADIENT TIME (OVERLAPPED WITH 1e GRAD TIME) =   347.393384000( 9.95%)
|       TOTAL EXC GRADIENT TIME     =    20.269893000(  0.58%)
| TOTAL TIME          =  3491.619628000
------------------------------------
| Job cpu time:  0 days  0 hours 58 minutes 11.6 seconds.

 @ Finish Output Timing Information

| Normal Termination. Task Finished on: Thu Aug  5 23:34:37 2021
