  *********************************************************************************************************
  **                                                                                                     **
  **           888888888888                                                                              **
  **         8888888888888888                                                                            **
  **      888888888888888888                                                                             **
  **     888888888888888888                                                                              **
  **    888888888888888                                                                                  **
  **   88888888888888888888                               88888                       8888:              **
  **   8888888888888888888888Z                            88888                       8888:              **
  **   888888888888888888888888?                          88888                       8888:              **
  **   8888888888888      8888888                                        888888       8888:              **
  **    88888888888         888888     8888:     88888    88888        888888888I     8888:    888888    **
  **    8888888888           88888:    8888:     88888    88888      $888888888888    8888:   888888     **
  **    I8Z 88888             88888    8888:     88888    88888    .888888     8888   8888: 888888       **
  **    .8Z 88888             88888    8888:     88888    88888    $88888             8888:88888         **
  **     8I 88888      .=88. .88888    8888:     88888    88888    88888              8888888888         **
  **    :8  88888      888888$8888$    8888:     88888    88888    8888O              88888888888        **
  **   ,7   +88888.     8888888888.    8888:     88888    88888    888888             88888O888888       **
  **         $888888:.   .8888888      88888....888888    88888     888888     8888   8888:  888888      **
  **          I8888888888888888888     888888888888888    88888     O888888888888O    8888:   888888     **
  **            O888888888888888888     88888888888888    88888       88888888888$    8888:    888888    **
  **               8888888Z     888      .8888I  88888    88888         8888888       8888:     888888   **
  **                                                                                                     **
  **                                                                                                     **
  **                                         Copyright (c) 2021                                          **
  **                          Regents of the University of California San Diego                          **
  **                                    & Michigan State University                                      **
  **                                        All Rights Reserved.                                         **
  **                                                                                                     **
  **                   This software provided pursuant to a license agreement containing                 **
  **                   restrictions on its disclosure, duplication, and use. This software               **
  **                   contains confidential and proprietary information, and may not be                 **
  **                   extracted or distributed, in whole or in part, for any purpose                    **
  **                   whatsoever, without the express written permission of the authors.                **
  **                   This notice, and the associated author list, must be attached to                  **
  **                   all copies, or extracts, of this software. Any additional                         **
  **                   restrictions set forth in the license agreement also apply to this                **
  **                   software.                                                                         **
  *********************************************************************************************************
                                                                                                           
  Cite this work as:                                                                                       
  Manathunga, M.; Jin, C.; Cruzeiro, V.W.D.; Smith, J.; Keipert, K.; Pekurovsky, D.; Mu, D.; Miao, Y.;     
  He, X.; Ayers, K.; Brothers, E.; Goetz, A.W.; Merz, K.M. QUICK-21.03                                     
  University of California San Diego, CA and Michigan State University, East Lansing, MI, 2021             
                                                                                                           
  If you have any comments or queries, please send us an email for technical support:                      
  quick.merzlab@gmail.com                                                                                  
                                                                                                           
| TASK STARTS ON: Thu Aug  5 23:34:39 2021
| INPUT FILE :    /home/saatvik/QUICK-gpu/install/benchmark/1m2c_4.in
| OUTPUT FILE:    /home/saatvik/QUICK-gpu/install/benchmark/1m2c_4.out
| DATE FILE  :    /home/saatvik/QUICK-gpu/install/benchmark/1m2c_4.dat
| BASIS SET PATH: /home/saatvik/QUICK-gpu/install/basis

| - MPI Enabled -
| TOTAL RANKS     =     4
| MASTER NAME     = exp-5-59                      

|------------ GPU INFORMATION -------------------------------
| CUDA ENABLED DEVICES          :        4
|                                                            
|        --    MPI RANK   0 --          
|   CUDA DEVICE IN USE          :        0
|   CUDA DEVICE NAME            : Tesla V100-SXM2-32GB
|   CUDA DEVICE PM              :       80
|   CUDA DEVICE CORE FREQ(GHZ)  :     1.53
|   CUDA DEVICE MEMORY SIZE (MB):    32510
|   SUPPORTING CUDA VERSION     :      7.0
|                                                            
|        --    MPI RANK   1 --          
|   CUDA DEVICE IN USE          :        1
|   CUDA DEVICE NAME            : Tesla V100-SXM2-32GB
|   CUDA DEVICE PM              :       80
|   CUDA DEVICE CORE FREQ(GHZ)  :     1.53
|   CUDA DEVICE MEMORY SIZE (MB):    32510
|   SUPPORTING CUDA VERSION     :      7.0
|                                                            
|        --    MPI RANK   2 --          
|   CUDA DEVICE IN USE          :        2
|   CUDA DEVICE NAME            : Tesla V100-SXM2-32GB
|   CUDA DEVICE PM              :       80
|   CUDA DEVICE CORE FREQ(GHZ)  :     1.53
|   CUDA DEVICE MEMORY SIZE (MB):    32510
|   SUPPORTING CUDA VERSION     :      7.0
|                                                            
|        --    MPI RANK   3 --          
|   CUDA DEVICE IN USE          :        3
|   CUDA DEVICE NAME            : Tesla V100-SXM2-32GB
|   CUDA DEVICE PM              :       80
|   CUDA DEVICE CORE FREQ(GHZ)  :     1.53
|   CUDA DEVICE MEMORY SIZE (MB):    32510
|   SUPPORTING CUDA VERSION     :      7.0
|------------------------------------------------------------

 @ Read Job And Atom

  KEYWORD=DFT B3LYP BASIS=6-31G** CUTOFF=1.0E-7 DENSERMS=1.0E-6 NCYC=1000 GRADIENT                                                                                                                                
 ============== JOB CARD =============
 METHOD = DENSITY FUNCTIONAL THEORY
 DENSITY FUNCTIONAL = B3LYP
 DIRECT SCF 
 SAD INITAL GUESS 
 USE DIIS SCF
 PRINT ENERGY EVERY CYCLE
 READ SAD GUESS FROM FILE
 STANDARD GRID = SG1
 GRADIENT CALCULATION
 MAX SCF CYCLES =    200
 MAX DIIS CYCLES =   10
 DELTA DENSITY START CYCLE = 1000
 COMPUTATIONAL CUTOFF: 
      TWO-e INTEGRAL   =  0.100E-06
      BASIS SET PRIME  =  0.100E-19
      MATRIX ELEMENTS  =  0.100E-09
      BASIS FUNCTION   =  0.100E-09
      GRADIENT CUTOFF  =  0.100E-06
 DENSITY MATRIX MAXIMUM RMS FOR CONVERGENCE  =  0.100E-05
 BASIS SET = 6-31G**,  TYPE = CARTESIAN
| BASIS FILE = /home/saatvik/QUICK-gpu/install/basis/6-31GDP.BAS

 @ Finish reading job


 @ Begin SAD initial guess

 For Atom Kind =    1
 ELEMENT = N 
 BASIS FUNCTIONS =   15
 For Atom Kind =    2
 ELEMENT = C 
 BASIS FUNCTIONS =   15
 For Atom Kind =    3
 ELEMENT = O 
 BASIS FUNCTIONS =   15
 For Atom Kind =    4
 ELEMENT = S 
 BASIS FUNCTIONS =   19
 For Atom Kind =    5
 ELEMENT = H 
 BASIS FUNCTIONS =    5

 @ Finish SAD initial guess


 @ Begin Reading Molecular Information


 =========== Molecule Input ==========
 TOTAL MOLECULAR CHARGE  =    0    MULTIPLICITY                =    1
 TOTAL ATOM NUMBER       =  220    NUMBER OF ATOM TYPES        =    5
 NUMBER OF HYDROGEN ATOM =  104    NUMBER OF NON-HYDROGEN ATOM =  116
 NUMBER OF ELECTRONS     =  908

 -- INPUT GEOMETRY -- :
    N          15.6340      14.6160     -13.0350
    C          16.3740      15.8230     -12.5520
    C          16.6010      16.9570     -13.5650
    O          16.4070      16.7720     -14.7600
    N          17.0440      18.1640     -13.2170
    C          17.2600      18.6750     -11.8320
    C          18.3710      19.7330     -11.9340
    S          19.2810      19.9410     -10.3820
    C          15.9660      19.0900     -11.0490
    O          15.5930      18.3820     -10.1130
    N          15.2430      20.1390     -11.4830
    C          13.8720      20.5230     -10.9940
    C          13.4380      21.5510     -12.0710
    S          11.9020      22.4460     -11.7180
    C          12.7950      19.3830     -10.7990
    O          11.9860      19.4550      -9.8710
    N          12.8200      18.3270     -11.6330
    C          11.9860      17.1110     -11.5030
    C          11.9360      16.5800     -12.9560
    O          13.2090      16.2590     -13.5390
    C          12.4080      16.0160     -10.4570
    O          11.5760      15.1930     -10.0770
    N          13.6480      16.0190      -9.9340
    C          13.9640      15.3960      -8.6310
    C          15.4670      15.0270      -8.6490
    C          15.8110      13.6980      -9.2800
    O          16.1140      13.5570     -10.4570
    N          15.8220      12.7170      -8.4340
    C          13.7550      16.4340      -7.4810
    O          14.3390      17.5170      -7.5780
    N          13.0550      16.1530      -6.3510
    C          12.9510      17.1260      -5.2230
    C          12.4450      14.8380      -6.0650
    C          11.8670      16.4770      -4.3600
    C          11.9760      14.9700      -4.6130
    C          14.2660      17.5840      -4.5060
    O          14.3670      18.7160      -4.0400
    N          15.2970      16.7450      -4.5390
    C          16.6590      17.0360      -4.0170
    C          17.2690      15.6390      -3.6220
    C          18.7940      15.6390      -3.3510
    C          16.6150      15.0330      -2.3550
    C          17.5100      17.9150      -4.9750
    O          17.9480      19.0010      -4.5840
    N          17.7230      17.4960      -6.2340
    C          18.4260      18.3310      -7.2410
    C          18.8320      17.4340      -8.4350
    S          19.9890      18.2280      -9.5900
    C          17.8100      19.6970      -7.6330
    O          18.4960      20.7030      -7.8290
    N          16.4900      19.7300      -7.5770
    C          15.6720      20.9540      -7.5200
    N          11.7430      20.8710      -7.3430
    N          11.6650      22.9700      -6.2860
    C          11.0610      22.0270      -7.0660
    C          12.9330      22.4190      -6.2070
    C          12.9880      21.1780      -6.8370
    C          14.2120      20.4410      -7.3720
    C          16.1160      21.9460      -6.4080
    O          16.1520      23.1430      -6.6490
    N          16.3480      21.4420      -5.1990
    C          16.5430      22.3060      -3.9820
    C          15.7960      21.7020      -2.7640
    C          14.2480      21.7050      -2.8660
    C          13.6320      20.8940      -1.7190
    C          13.6340      23.1200      -2.8480
    C          18.0030      22.7490      -3.6770
    O          18.2470      23.9150      -3.3620
    N          18.9740      21.8670      -3.9200
    C          20.3660      22.2220      -4.2680
    C          20.8550      20.9060      -4.9190
    C          21.2680      19.7440      -3.9800
    C          21.6270      18.4330      -4.6860
    O          21.6530      18.2900      -5.9060
    O          21.8980      17.4380      -3.7950
    C          20.6370      23.4480      -5.2020
    O          21.6140      24.1770      -5.0200
    N          19.7980      23.6330      -6.2260
    C          19.7860      24.8670      -7.0400
    N          22.7840      23.3220      -8.0900
    N          24.2310      25.1080      -7.5570
    C          24.0150      23.7560      -7.6670
    C          22.9650      25.5940      -7.8760
    C          22.1010      24.5230      -8.1820
    C          20.5820      24.6090      -8.3330
    C          18.3090      25.2900      -7.2700
    O          17.7260      25.0560      -8.3280
    N          17.6970      25.8820      -6.2360
    C          16.2630      26.2710      -6.2490
    C          15.7560      26.3840      -4.7930
    O          14.3320      26.2720      -4.7520
    C          15.8320      27.4660      -7.1480
    O          14.7590      27.4600      -7.7480
    N          16.7730      28.3830      -7.3410
    C          16.9010      29.1900      -8.5910
    C          18.2640      29.9350      -8.5160
    C          19.5770      29.1390      -8.6820
    O          19.8140      28.0950      -8.0800
    N          20.4720      29.6000      -9.5170
    C          16.7180      28.4750      -9.9750
    O          16.1030      29.0230     -10.8890
    N          17.2690      27.2620     -10.1020
    C          17.1170      26.4200     -11.3230
    C          18.4280      25.6230     -11.5760
    C          19.7550      26.4180     -11.7230
    C          20.9200      25.4470     -11.9520
    C          19.7300      27.4430     -12.8690
    C          15.8500      25.4940     -11.3960
    O          15.6000      24.9030     -12.4500
    N          15.0320      25.3670     -10.3330
    C          13.6050      24.9850     -10.4830
    C          13.2680      24.0010      -9.3580
    S          11.8020      23.0530      -9.8080
    C          12.5910      26.1760     -10.5210
    O          11.7070      26.2240     -11.3680
    O          12.6080      26.9360      -9.5140
    H          16.1490      14.1880     -13.8180
    H          15.5490      13.9350     -12.2670
    H          14.6950      14.8930     -13.3530
    H          15.8440      16.2700     -11.6940
    H          17.3840      15.5500     -12.1930
    H          17.2810      18.7120     -14.0410
    H          17.7450      17.8750     -11.2490
    H          19.1430      19.3970     -12.6490
    H          17.9960      20.6980     -12.3220
    H          15.5860      20.5030     -12.3760
    H          13.9610      21.0720     -10.0170
    H          14.2090      22.3360     -12.2160
    H          13.3170      21.0740     -13.0630
    H          13.5710      18.2890     -12.3200
    H          10.9560      17.4050     -11.2200
    H          11.3110      15.6860     -12.9640
    H          11.3950      17.3010     -13.6040
    H          13.0780      16.3300     -14.4970
    H          14.2220      16.8190     -10.2060
    H          13.3480      14.4970      -8.4330
    H          16.1000      15.8320      -9.0650
    H          15.8140      14.9780      -7.6110
    H          16.3670      11.9110      -8.7320
    H          15.7070      13.0880      -7.4870
    H          12.5240      18.0590      -5.5840
    H          13.1530      13.9990      -6.1680
    H          11.6410      14.6190      -6.7880
    H          11.9660      16.7770      -3.3060
    H          10.8660      16.8310      -4.6790
    H          12.7100      14.5200      -3.9240
    H          11.0340      14.4320      -4.4170
    H          15.0930      15.9280      -5.1100
    H          16.5670      17.7030      -3.1490
    H          17.0680      14.9400      -4.4730
    H          19.0700      16.3170      -2.5200
    H          19.1710      14.6330      -3.0800
    H          19.3830      15.9540      -4.2330
    H          15.5200      14.9200      -2.4580
    H          17.0070      14.0240      -2.1200
    H          16.7840      15.6580      -1.4560
    H          17.3550      16.5750      -6.4220
    H          19.2590      18.6700      -6.6590
    H          19.3250      16.5100      -8.0740
    H          17.9400      17.1120      -8.9970
    H          16.1220      18.7990      -7.3870
    H          15.7920      21.4440      -8.4700
    H          11.5560      20.2090      -8.1160
    H          11.2880      23.8370      -5.8760
    H          10.3500      22.3800      -7.8070
    H          13.8330      22.9480      -5.9870
    H          13.9640      19.8040      -8.2300
    H          14.3100      19.7470      -6.5140
    H          16.6390      20.4460      -5.3250
    H          16.0610      23.2770      -4.1720
    H          16.1600      20.6680      -2.6010
    H          16.0850      22.2440      -1.8410
    H          13.9770      21.1990      -3.8140
    H          14.0090      19.8550      -1.7060
    H          13.8530      21.3340      -0.7290
    H          12.5320      20.8260      -1.8110
    H          13.8840      23.6670      -1.9190
    H          13.9760      23.7500      -3.6870
    H          12.5300      23.0890      -2.9160
    H          18.7370      20.8660      -3.8610
    H          20.9340      22.4220      -3.3570
    H          20.1420      20.5450      -5.6880
    H          21.7130      21.1690      -5.5150
    H          22.1180      20.0500      -3.3420
    H          20.4330      19.5380      -3.2930
    H          22.1100      16.6180      -4.2410
    H          18.9600      23.0460      -6.1470
    H          20.2700      25.7070      -6.5170
    H          22.3910      22.3750      -8.0640
    H          25.0900      25.6200      -7.3080
    H          24.7680      23.0400      -7.3340
    H          22.6390      26.6260      -7.7820
    H          20.1640      23.6860      -8.7730
    H          20.3510      25.4260      -9.0360
    H          18.0360      25.4460      -5.3950
    H          15.7960      25.4120      -6.7070
    H          16.1910      25.5990      -4.1420
    H          16.0820      27.3460      -4.3460
    H          14.0160      26.8670      -4.0590
    H          17.5880      27.9670      -6.8780
    H          16.1010      29.9530      -8.5590
    H          18.2190      30.7280      -9.2820
    H          18.3320      30.4630      -7.5510
    H          21.3240      29.0440      -9.6010
    H          20.2140      30.4320     -10.0570
    H          17.5880      26.8930      -9.1950
    H          16.9990      27.1010     -12.1770
    H          18.5330      24.8720     -10.7720
    H          18.2840      25.0240     -12.4970
    H          19.9430      26.9700     -10.7820
    H          20.9780      24.6710     -11.1700
    H          20.8240      24.9210     -12.9210
    H          21.8900      25.9770     -11.9600
    H          19.5020      26.9780     -13.8470
    H          18.9700      28.2290     -12.7010
    H          20.6960      27.9710     -12.9780
    H          15.3800      25.8540      -9.4980
    H          13.4610      24.4470     -11.4370
    H          14.0200      23.2240      -9.1930
    H          13.2150      24.5520      -8.3990

============== BASIS INFOS ==============
 BASIS FUNCTIONS = 2276
 NSHELL =  780 NPRIM  = 4072
 JSHELL =  780 JBASIS = 1820


 @ End Reading Molecular Information 


 @ Begin XC Quadrature Formation

 OCTAGO: OCTree Algorithm for Grid Operations 
   PRUNING CUTOFF       = 0.100E-09
   INITIAL GRID POINTS  =      832640
|   FINAL GRID POINTS    =      521585
|   SIGNIFICANT NUMBER OF BASIS FUNCTIONS     =     1890667
|   SIGNIFICANT NUMBER OF PRIMITIVE FUNCTIONS =     2008476

 @ End XC Quadrature Formation


 @ Begin Energy Calculation

                                         SCF ENERGY
| ------------------------------------------------------------------------------------------------------------------------
| NCYC       ENERGY         DELTA_E      SCF_TIME  DII_CYC   DII_TIME   O_TIME  DIAG_TIME    MAX_ERR    RMS_CHG    MAX_CHG
| ------------------------------------------------------------------------------------------------------------------------
|  1  -7167.879054845      ------        10.341     1        0.69      9.63      0.25    0.2473E+01  0.7213E-02  0.6142E+00
|  2  -7139.408400320  -.284707E+02      13.545     2        0.72     12.81      0.25    0.2991E+00  0.1645E-01  0.6235E+01
|  3  -7028.770301028  -.110638E+03      14.198     3        0.74     13.43      0.25    0.1031E+01  0.2626E-01  0.9889E+01
|  4  -6933.699820238  -.950705E+02      14.284     4        0.76     13.50      0.25    0.1080E+01  0.2060E-01  0.9895E+01
|  5  -7141.206229417  0.207506E+03      13.768     5        0.79     12.95      0.25    0.3456E+00  0.3011E-02  0.8247E+00
|  6  -7135.675536988  -.553069E+01      13.760     6        0.81     12.92      0.25    0.7922E+00  0.4572E-02  0.1169E+01
|  7  -7137.040152561  0.136462E+01      13.861     7        0.84     13.00      0.25    0.5177E+00  0.4575E-02  0.1157E+01
|  8  -7142.462939898  0.542279E+01      13.851     8        0.87     12.96      0.25    0.2283E+00  0.3189E-02  0.6814E+00
|  9  -7142.596347253  0.133407E+00      13.825     9        0.89     12.91      0.25    0.1234E+00  0.1721E-02  0.5005E+00
| 10  -7142.437140614  -.159207E+00      13.841    10        0.91     12.91      0.25    0.1970E+00  0.2537E-02  0.5737E+00
| 11  -7142.637004277  0.199864E+00      14.010     1        1.04     12.94      0.25    0.1062E+00  0.3606E-02  0.1073E+01
| 12  -7142.766069052  0.129065E+00      14.016     2        1.05     12.94      0.25    0.6602E-01  0.2995E-02  0.1060E+01
| 13  -7142.631932882  -.134136E+00      13.959     3        1.04     12.89      0.25    0.1586E+00  0.1985E-02  0.5636E+00
| 14  -7142.843157032  0.211224E+00      14.016     4        1.04     12.95      0.25    0.6771E-01  0.2814E-02  0.5782E+00
| 15  -7142.864264801  0.211078E-01      14.028     5        1.05     12.96      0.25    0.5089E-01  0.2706E-02  0.5993E+00
| 16  -7142.650371146  -.213894E+00      13.963     6        1.05     12.89      0.25    0.1285E+00  0.2522E-02  0.3421E+00
| 17  -7142.974376255  0.324005E+00      14.009     7        1.04     12.94      0.25    0.4610E-01  0.2366E-02  0.3265E+00
| 18  -7142.713103626  -.261273E+00      13.972     8        1.04     12.91      0.25    0.1165E+00  0.1673E-02  0.5685E+00
| 19  -7142.663929603  -.491740E-01      13.961     9        1.04     12.89      0.25    0.1525E+00  0.1613E-02  0.5699E+00
| 20  -7142.633429149  -.305005E-01      13.973    10        1.05     12.90      0.25    0.1346E+00  0.3351E-03  0.3610E-01
| 21  -7142.703890044  0.704609E-01      13.976     1        1.04     12.91      0.25    0.1209E+00  0.1397E-03  0.1205E-01
| 22  -7142.731304015  0.274140E-01      13.967     2        1.04     12.90      0.25    0.1144E+00  0.3883E-04  0.5785E-02
| 23  -7142.728891571  -.241244E-02      13.967     3        1.04     12.90      0.25    0.1146E+00  0.3686E-04  0.3153E-02
| 24  -7142.735560225  0.666865E-02      13.988     4        1.05     12.92      0.25    0.1133E+00  0.1412E-03  0.1238E-01
| 25  -7142.758377771  0.228175E-01      13.983     5        1.04     12.92      0.25    0.1069E+00  0.2630E-03  0.2975E-01
| 26  -7142.767552593  0.917482E-02      13.981     6        1.04     12.91      0.25    0.1056E+00  0.1037E-03  0.1288E-01
| 27  -7142.784373912  0.168213E-01      13.973     7        1.04     12.90      0.25    0.1022E+00  0.3558E-02  0.1123E+01
| 28  -7141.083878924  -.170049E+01      14.033     8        1.04     12.97      0.25    0.3615E+00  0.3062E-02  0.9969E+00
| 29  -7142.789178092  0.170530E+01      14.005     9        1.04     12.94      0.25    0.1154E+00  0.2598E-02  0.6159E+00
| 30  -7140.121822033  -.266736E+01      13.988    10        1.04     12.92      0.25    0.3258E+00  0.1494E-02  0.5394E+00
| 31  -7142.557005222  0.243518E+01      13.953     1        1.05     12.88      0.25    0.1940E+00  0.2658E-02  0.5983E+00
| 32  -7142.837761718  0.280756E+00      14.005     2        1.04     12.94      0.25    0.4583E-01  0.3391E-02  0.9039E+00
| 33  -7142.870479287  0.327176E-01      14.004     3        1.04     12.94      0.25    0.5783E-01  0.2928E-02  0.8981E+00
| 34  -7142.646390106  -.224089E+00      13.957     4        1.04     12.89      0.25    0.1653E+00  0.1757E-02  0.5541E+00
| 35  -7142.866612842  0.220223E+00      13.981     5        1.05     12.91      0.25    0.7749E-01  0.4250E-03  0.4343E-01
| 36  -7142.759417034  -.107196E+00      13.987     6        1.04     12.92      0.25    0.1086E+00  0.7278E-04  0.8767E-02
| 37  -7142.744300898  -.151161E-01      13.986     7        1.04     12.92      0.25    0.1124E+00  0.6649E-04  0.5084E-02
| 38  -7142.759773878  0.154730E-01      13.993     8        1.04     12.93      0.25    0.1082E+00  0.3796E-04  0.4791E-02
| 39  -7142.756266225  -.350765E-02      13.979     9        1.05     12.91      0.25    0.1090E+00  0.1572E-03  0.1550E-01
| 40  -7142.781053046  0.247868E-01      13.966    10        1.04     12.90      0.25    0.1036E+00  0.5033E-04  0.7466E-02
| 41  -7142.782910683  0.185764E-02      13.983     1        1.04     12.92      0.25    0.1038E+00  0.1728E-02  0.2096E+00
| 42  -7143.012497927  0.229587E+00      14.014     2        1.04     12.95      0.25    0.5232E-01  0.3705E-02  0.9383E+00
| 43  -7141.195245520  -.181725E+01      14.075     3        1.05     13.00      0.25    0.2941E+00  0.4527E-02  0.1175E+01
| 44  -7142.714288736  0.151904E+01      14.002     4        1.05     12.93      0.25    0.9235E-01  0.3249E-02  0.1172E+01
| 45  -7142.533421290  -.180867E+00      13.951     5        1.04     12.88      0.25    0.2087E+00  0.2582E-02  0.5487E+00
| 46  -7142.861594508  0.328173E+00      14.006     6        1.05     12.94      0.25    0.6403E-01  0.2562E-02  0.5511E+00
| 47  -7142.691380628  -.170214E+00      13.961     7        1.05     12.89      0.25    0.1508E+00  0.1692E-02  0.5354E+00
| 48  -7142.831441715  0.140061E+00      13.973     8        1.04     12.91      0.25    0.9049E-01  0.1242E-03  0.1171E-01
| 49  -7142.816842111  -.145996E-01      13.984     9        1.04     12.92      0.25    0.9608E-01  0.1476E-04  0.2204E-02
| 50  -7142.815421640  -.142047E-02      14.000    10        1.05     12.93      0.25    0.9617E-01  0.4107E-04  0.4583E-02
| 51  -7142.816268826  0.847186E-03      13.979     1        1.05     12.91      0.25    0.9591E-01  0.7821E-04  0.7681E-02
| 52  -7142.837194084  0.209253E-01      13.986     2        1.04     12.92      0.25    0.9043E-01  0.1970E-02  0.4770E+00
| 53  -7142.497292579  -.339902E+00      14.005     3        1.04     12.94      0.25    0.1928E+00  0.1938E-02  0.4784E+00
| 54  -7142.804801444  0.307509E+00      14.000     4        1.05     12.93      0.25    0.9699E-01  0.3308E-02  0.1365E+01
| 55  -7142.653811237  -.150990E+00      13.990     5        1.04     12.92      0.25    0.1033E+00  0.3349E-02  0.1375E+01
| 56  -7142.751263535  0.974523E-01      13.996     6        1.04     12.93      0.25    0.1105E+00  0.2267E-02  0.4560E+00
| 57  -7142.728602928  -.226606E-01      13.990     7        1.04     12.92      0.25    0.1090E+00  0.2758E-02  0.5551E+00
| 58  -7140.225733560  -.250287E+01      13.981     8        1.05     12.91      0.25    0.3367E+00  0.1446E-02  0.5453E+00
| 59  -7142.567408027  0.234167E+01      13.965     9        1.05     12.90      0.25    0.1983E+00  0.1088E-02  0.2085E+00
| 60  -7142.956300160  0.388892E+00      13.972    10        1.05     12.90      0.25    0.6667E-01  0.1335E-02  0.3313E+00
| 61  -7142.976971888  0.206717E-01      13.996     1        1.05     12.93      0.25    0.4014E-01  0.5004E-03  0.6716E-01
| 62  -7143.014035110  0.370632E-01      14.011     2        1.05     12.94      0.25    0.3851E-01  0.2615E-03  0.1776E-01
| 63  -7143.030187178  0.161521E-01      14.019     3        1.05     12.95      0.25    0.3090E-01  0.2101E-02  0.4015E+00
| 64  -7142.630719473  -.399468E+00      14.006     4        1.05     12.93      0.25    0.1602E+00  0.2207E-02  0.3977E+00
| 65  -7143.040567040  0.409848E+00      14.019     5        1.05     12.95      0.25    0.2594E-01  0.1995E-02  0.6031E+00
| 66  -7142.946587562  -.939795E-01      14.017     6        1.05     12.95      0.25    0.4595E-01  0.1481E-02  0.4935E+00
| 67  -7143.054154236  0.107567E+00      14.007     7        1.05     12.94      0.25    0.1664E-01  0.1652E-03  0.2690E-01
| 68  -7143.057175838  0.302160E-02      14.035     8        1.05     12.96      0.25    0.1394E-01  0.1952E-03  0.3070E-01
| 69  -7143.062461818  0.528598E-02      14.028     9        1.05     12.95      0.25    0.9844E-02  0.2588E-03  0.3654E-01
| 70  -7143.059321527  -.314029E-02      14.019    10        1.05     12.95      0.25    0.1845E-01  0.1833E-03  0.2922E-01
| 71  -7143.065678971  0.635744E-02      14.024     1        1.05     12.95      0.25    0.9056E-02  0.7289E-04  0.1060E-01
| 72  -7143.065821119  0.142148E-03      14.023     2        1.05     12.95      0.25    0.8096E-02  0.8842E-04  0.1496E-01
| 73  -7143.067172724  0.135160E-02      14.025     3        1.05     12.95      0.25    0.3991E-02  0.2974E-04  0.5138E-02
| 74  -7143.066710414  -.462310E-03      14.025     4        1.05     12.96      0.25    0.5335E-02  0.3222E-04  0.5799E-02
| 75  -7143.066155271  -.555143E-03      14.008     5        1.05     12.94      0.25    0.6962E-02  0.2678E-04  0.5036E-02
| 76  -7143.066643468  0.488197E-03      14.015     6        1.05     12.94      0.25    0.5567E-02  0.1493E-04  0.1929E-02
| 77  -7143.066785246  0.141778E-03      14.007     7        1.05     12.93      0.25    0.5336E-02  0.6585E-04  0.1200E-01
| 78  -7143.067708107  0.922860E-03      14.034     8        1.05     12.96      0.25    0.1812E-02  0.4070E-04  0.5775E-02
| 79  -7143.067794887  0.867801E-04      14.006     9        1.05     12.93      0.25    0.8992E-03  0.3510E-04  0.5216E-02
| 80  -7143.067816673  0.217859E-04      14.009    10        1.05     12.94      0.25    0.5671E-03  0.1380E-04  0.2211E-02
| 81  -7143.067825618  0.894585E-05      14.021     1        1.05     12.95      0.25    0.2485E-03  0.6976E-05  0.1238E-02
| -------------- 2E-INT CUTOFF CHANGE TO 0.1000E-08 ------------
| 82  -7143.067098631  -.726987E-03      28.945     2        1.05     27.87      0.25    0.1486E-03  0.2291E-05  0.2063E-03
| 83  -7143.067099234  0.603199E-06      28.947     3        1.05     27.87      0.25    0.1570E-03  0.3729E-05  0.4507E-03
| 84  -7143.067099433  0.198612E-06      28.950     4        1.05     27.88      0.25    0.1478E-03  0.1726E-06  0.1477E-04
| ------------------------------------------------------------------------------------------------------------------------
| REACH CONVERGENCE AFTER  84 CYLCES
| MAX ERROR = 0.147814E-03   RMS CHANGE = 0.172611E-06   MAX CHANGE = 0.147677E-04
| -----------------------------------------------
 ALPHA ELECTRON DENSITY    =  454.0001914392
 BETA ELECTRON DENSITY     =  454.0001914392
 ELECTRONIC ENERGY    =-40181.611786897
 CORE_CORE REPULSION  = 33038.544687464
 TOTAL ENERGY         = -7143.067099433

 @ End Energy calculation


 @ Begin Gradient Calculation

 ANALYTICAL GRADIENT: 
----------------------------------------
 COORDINATE    XYZ            GRADIENT
----------------------------------------
    1X    15.6340011939    -0.0117383383
    1Y    14.6160011161    -0.0111314610
    1Z   -13.0350009954     0.0157964464
    2X    16.3740012504    -0.0154613095
    2Y    15.8230012083    -0.0327992273
    2Z   -12.5520009585    -0.0276282145
    3X    16.6010012677     0.0178875153
    3Y    16.9570012949     0.0207520645
    3Z   -13.5650010359     0.0257759195
    4X    16.4070012529     0.0090398083
    4Y    16.7720012808     0.0272617479
    4Z   -14.7600011271     0.0256104741
    5X    17.0440013015    -0.0026314512
    5Y    18.1640013871    -0.0139013417
    5Z   -13.2170010093    -0.0411096881
    6X    17.2600013180    -0.0099532641
    6Y    18.6750014261    -0.0041887960
    6Z   -11.8320009035     0.0080374403
    7X    18.3710014029    -0.0078550844
    7Y    19.7330015069     0.0096902788
    7Z   -11.9340009113     0.0203464479
    8X    19.2810014724     0.0117131130
    8Y    19.9410015228    -0.0590712415
    8Z   -10.3820007928     0.0021640240
    9X    15.9660012192    -0.0182349443
    9Y    19.0900014578     0.0131830988
    9Z   -11.0490008437     0.0102041092
   10X    15.5930011907     0.0043768548
   10Y    18.3820014037     0.0177456658
   10Z   -10.1130007723    -0.0153215758
   11X    15.2430011640     0.0065390932
   11Y    20.1390015379     0.0012581889
   11Z   -11.4830008769     0.0130662675
   12X    13.8720010593    -0.0132624585
   12Y    20.5230015672    -0.0122130216
   12Z   -10.9940008395     0.0135701239
   13X    13.4380010262    -0.0068773067
   13Y    21.5510016457    -0.0047128839
   13Z   -12.0710009218    -0.0044764597
   14X    11.9020009089     0.0161544232
   14Y    22.4460017141    -0.0036171998
   14Z   -11.7180008948     0.0392254359
   15X    12.7950009771    -0.0128600923
   15Y    19.3830014802    -0.0132715814
   15Z   -10.7990008247    -0.0239221149
   16X    11.9860009153    -0.0006420068
   16Y    19.4550014857     0.0018163249
   16Z    -9.8710007538     0.0041807719
   17X    12.8200009790    -0.0088811946
   17Y    18.3270013995     0.0138006840
   17Z   -11.6330008883     0.0054209112
   18X    11.9860009153    -0.0156629586
   18Y    17.1110013067    -0.0122280376
   18Z   -11.5030008784     0.0217939463
   19X    11.9360009115     0.0316271813
   19Y    16.5800012661     0.0121659205
   19Z   -12.9560009894     0.0010089623
   20X    13.2090010087    -0.0053235961
   20Y    16.2590012416    -0.0045770471
   20Z   -13.5390010339    -0.0020766639
   21X    12.4080009475     0.0195579765
   21Y    16.0160012230     0.0083917733
   21Z   -10.4570007985    -0.0120280484
   22X    11.5760008840     0.0086117283
   22Y    15.1930011602    -0.0048311257
   22Z   -10.0770007695     0.0109598322
   23X    13.6480010422    -0.0113496095
   23Y    16.0190012233    -0.0112282051
   23Z    -9.9340007586     0.0031035905
   24X    13.9640010663     0.0045053347
   24Y    15.3960011757    -0.0065775165
   24Z    -8.6310006591    -0.0084712235
   25X    15.4670011811    -0.0069480408
   25Y    15.0270011475    -0.0017917885
   25Z    -8.6490006605     0.0014716987
   26X    15.8110012074     0.0117710060
   26Y    13.6980010460    -0.0672893091
   26Z    -9.2800007087     0.0147844156
   27X    16.1140012305    -0.0119158067
   27Y    13.5570010353     0.0044729662
   27Z   -10.4570007985     0.0567600506
   28X    15.8220012082     0.0044372987
   28Y    12.7170009711     0.0411891871
   28Z    -8.4340006441    -0.0451940745
   29X    13.7550010504    -0.0019401121
   29Y    16.4340012550    -0.0116455928
   29Z    -7.4810005713     0.0167298136
   30X    14.3390010950    -0.0078012588
   30Y    17.5170013377    -0.0034270642
   30Z    -7.5780005787    -0.0003138795
   31X    13.0550009969    -0.0109410391
   31Y    16.1530012335     0.0177506012
   31Z    -6.3510004850    -0.0115704619
   32X    12.9510009890     0.0074774748
   32Y    17.1260013078    -0.0021382676
   32Z    -5.2230003988     0.0103000376
   33X    12.4450009503     0.0027752640
   33Y    14.8380011331     0.0046606448
   33Z    -6.0650004631     0.0034003971
   34X    11.8670009062     0.0114203071
   34Y    16.4770012582    -0.0022933836
   34Z    -4.3600003329    -0.0122376488
   35X    11.9760009145     0.0034021914
   35Y    14.9700011432     0.0103861177
   35Z    -4.6130003523    -0.0129997224
   36X    14.2660010894     0.0087484502
   36Y    17.5840013428    -0.0204214672
   36Z    -4.5060003441     0.0118116185
   37X    14.3670010971     0.0112730375
   37Y    18.7160014292    -0.0022587614
   37Z    -4.0400003085    -0.0053530474
   38X    15.2970011681    -0.0154719196
   38Y    16.7450012787     0.0181821011
   38Z    -4.5390003466     0.0000341447
   39X    16.6590012721     0.0068420927
   39Y    17.0360013009     0.0140326823
   39Z    -4.0170003068     0.0010437526
   40X    17.2690013187    -0.0111667517
   40Y    15.6390011943     0.0098814954
   40Z    -3.6220002766    -0.0075968938
   41X    18.7940014352    -0.0101342358
   41Y    15.6390011943    -0.0070883270
   41Z    -3.3510002559     0.0072258726
   42X    16.6150012688     0.0150170795
   42Y    15.0330011480     0.0002212394
   42Z    -2.3550001798    -0.0038324220
   43X    17.5100013371     0.0035137476
   43Y    17.9150013681     0.0003905888
   43Z    -4.9750003799    -0.0036108563
   44X    17.9480013706    -0.0045494129
   44Y    19.0010014510    -0.0084888822
   44Z    -4.5840003501    -0.0082727318
   45X    17.7230013534     0.0151346716
   45Y    17.4960013361    -0.0012730476
   45Z    -6.2340004761     0.0070530738
   46X    18.4260014071    -0.0123568421
   46Y    18.3310013998     0.0180210720
   46Z    -7.2410005530    -0.0036959413
   47X    18.8320014381     0.0178785363
   47Y    17.4340013313     0.0002956760
   47Z    -8.4350006441    -0.0102000166
   48X    19.9890015264    -0.0311738334
   48Y    18.2280013920     0.0392683968
   48Z    -9.5900007323     0.0027689341
   49X    17.8100013600    -0.0078648512
   49Y    19.6970015041    -0.0214312626
   49Z    -7.6330005829    -0.0115849670
   50X    18.4960014124    -0.0060083013
   50Y    20.7030015810     0.0093866912
   50Z    -7.8290005979    -0.0126810277
   51X    16.4900012592     0.0206773395
   51Y    19.7300015067     0.0157080498
   51Z    -7.5770005786    -0.0139766956
   52X    15.6720011968     0.0070574317
   52Y    20.9540016001     0.0068324651
   52Z    -7.5200005743     0.0027082871
   53X    11.7430008967    -0.0043315301
   53Y    20.8710015938    -0.0358450515
   53Z    -7.3430005607    -0.0252721740
   54X    11.6650008908    -0.0252789872
   54Y    22.9700017541     0.0432700685
   54Z    -6.2860004800     0.0147678028
   55X    11.0610008447     0.0917468732
   55Y    22.0270016821    -0.0087109998
   55Z    -7.0660005396     0.0299609126
   56X    12.9330009876    -0.0337147758
   56Y    22.4190017120     0.0223483882
   56Z    -6.2070004740     0.0012094648
   57X    12.9880009918    -0.0424497856
   57Y    21.1780016172    -0.0415073956
   57Z    -6.8370005221     0.0201441368
   58X    14.2120010853     0.0067415227
   58Y    20.4410015610     0.0285153800
   58Z    -7.3720005630    -0.0492638710
   59X    16.1160012307     0.0031777327
   59Y    21.9460016759    -0.0124273041
   59Z    -6.4080004893     0.0196302109
   60X    16.1520012334     0.0066079115
   60Y    23.1430017673    -0.0156585571
   60Z    -6.6490005077     0.0061708607
   61X    16.3480012484    -0.0132912443
   61Y    21.4420016374     0.0259686127
   61Z    -5.1990003970    -0.0154957754
   62X    16.5430012633     0.0109353741
   62Y    22.3060017034     0.0060669955
   62Z    -3.9820003041    -0.0017996070
   63X    15.7960012062    -0.0055088817
   63Y    21.7020016572     0.0076229217
   63Z    -2.7640002111    -0.0094560117
   64X    14.2480010880     0.0038862032
   64Y    21.7050016575     0.0016024311
   64Z    -2.8660002189     0.0034724292
   65X    13.6320010410     0.0007553651
   65Y    20.8940015955     0.0120024915
   65Z    -1.7190001313    -0.0066628218
   66X    13.6340010411    -0.0017272104
   66Y    23.1200017655    -0.0082432592
   66Z    -2.8480002175     0.0045528448
   67X    18.0030013748     0.0145822777
   67Y    22.7490017372    -0.0141538912
   67Z    -3.6770002808     0.0035615696
   68X    18.2470013934     0.0043838855
   68Y    23.9150018262    -0.0049416443
   68Z    -3.3620002567     0.0033165916
   69X    18.9740014489    -0.0063930828
   69Y    21.8670016698     0.0150624870
   69Z    -3.9200002993     0.0046847229
   70X    20.3660015552     0.0057158967
   70Y    22.2220016970     0.0278365297
   70Z    -4.2680003259    -0.0113249253
   71X    20.8550015926    -0.0171139164
   71Y    20.9060015965     0.0083891135
   71Z    -4.9190003756     0.0215346156
   72X    21.2680016241     0.0063353920
   72Y    19.7440015077    -0.0075079595
   72Z    -3.9800003039    -0.0077559375
   73X    21.6270016515     0.0031938299
   73Y    18.4330014076    -0.0055497475
   73Z    -4.6860003578     0.0232879811
   74X    21.6530016535    -0.0009632491
   74Y    18.2900013967     0.0029448790
   74Z    -5.9060004510    -0.0288403454
   75X    21.8980016722     0.0051833763
   75Y    17.4380013316    -0.0203622667
   75Z    -3.7950002898    -0.0077183339
   76X    20.6370015759    -0.0155128052
   76Y    23.4480017906    -0.0116678047
   76Z    -5.2020003972    -0.0175540121
   77X    21.6140016505     0.0020129294
   77Y    24.1770018462     0.0136114237
   77Z    -5.0200003833    -0.0068826820
   78X    19.7980015119     0.0290895705
   78Y    23.6330018047     0.0055710676
   78Z    -6.2260004754    -0.0045419725
   79X    19.7860015109    -0.0054659780
   79Y    24.8670018989     0.0021717380
   79Z    -7.0400005376    -0.0070076480
   80X    22.7840017399    -0.0103981582
   80Y    23.3220017810    -0.0450208805
   80Z    -8.0900006178    -0.0075724469
   81X    24.2310018504     0.0399723155
   81Y    25.1080019173     0.0106305272
   81Z    -7.5570005771     0.0094887442
   82X    24.0150018339    -0.0770962148
   82Y    23.7560018141     0.0670410296
   82Z    -7.6670005855    -0.0182604046
   83X    22.9650017537     0.0367590497
   83Y    25.5940019545     0.0081385839
   83Z    -7.8760006014     0.0111124321
   84X    22.1010016877     0.0239930255
   84Y    24.5230018727    -0.0388099018
   84Z    -8.1820006248    -0.0127605397
   85X    20.5820015717     0.0022128993
   85Y    24.6090018792    -0.0044137826
   85Z    -8.3330006363     0.0196665561
   86X    18.3090013981     0.0047592117
   86Y    25.2900019312     0.0219649294
   86Z    -7.2700005552     0.0364826004
   87X    17.7260013536    -0.0104108233
   87Y    25.0560019134    -0.0083586981
   87Z    -8.3280006360     0.0055340562
   88X    17.6970013514    -0.0012597312
   88Y    25.8820019764    -0.0234562497
   88Z    -6.2360004762    -0.0235972537
   89X    16.2630012419     0.0083086134
   89Y    26.2710020062     0.0232432371
   89Z    -6.2490004772    -0.0081516575
   90X    15.7560012032    -0.0016566039
   90Y    26.3840020148    -0.0052611802
   90Z    -4.7930003660    -0.0119973154
   91X    14.3320010944    -0.0043695061
   91Y    26.2720020062    -0.0009423438
   91Z    -4.7520003629     0.0024681126
   92X    15.8320012090     0.0406190937
   92Y    27.4660020974     0.0251403880
   92Z    -7.1480005458     0.0246456586
   93X    14.7590011271    -0.0107121978
   93Y    27.4600020970     0.0043613966
   93Z    -7.7480005917    -0.0183328622
   94X    16.7730012809    -0.0431055459
   94Y    28.3830021674    -0.0042814594
   94Z    -7.3410005606    -0.0005916693
   95X    16.9010012906    -0.0040799766
   95Y    29.1900022291    -0.0027206748
   95Z    -8.5910006560    -0.0174867869
   96X    18.2640013947    -0.0019376714
   96Y    29.9350022860    -0.0155136326
   96Z    -8.5160006503     0.0077507609
   97X    19.5770014950     0.0378000954
   97Y    29.1390022252     0.0238915065
   97Z    -8.6820006630    -0.0228140608
   98X    19.8140015131     0.0054538963
   98Y    28.0950021454     0.0156311499
   98Z    -8.0800006170    -0.0183365996
   99X    20.4720015633    -0.0171525993
   99Y    29.6000022604    -0.0362227771
   99Z    -9.5170007268     0.0320593591
  100X    16.7180012767     0.0264247883
  100Y    28.4750021745    -0.0103080767
  100Z    -9.9750007617     0.0138830485
  101X    16.1030012297    -0.0107007393
  101Y    29.0230022163    -0.0101851337
  101Z   -10.8890008315    -0.0110345013
  102X    17.2690013187    -0.0078142216
  102Y    27.2620020818     0.0178756706
  102Z   -10.1020007714    -0.0132062576
  103X    17.1170013071    -0.0119512149
  103Y    26.4200020175    -0.0011857514
  103Z   -11.3230008647    -0.0067746254
  104X    18.4280014072     0.0023734077
  104Y    25.6230019567     0.0131471993
  104Z   -11.5760008840     0.0018902305
  105X    19.7550015086     0.0033980159
  105Y    26.4180020174    -0.0014682146
  105Z   -11.7230008952    -0.0002515376
  106X    20.9200015975    -0.0066101498
  106Y    25.4470019432     0.0068105514
  106Z   -11.9520009127    -0.0004444382
  107X    19.7300015067     0.0062716342
  107Y    27.4430020957    -0.0112324254
  107Z   -12.8690009827     0.0038805326
  108X    15.8500012104     0.0098473745
  108Y    25.4940019468     0.0086805598
  108Z   -11.3960008702     0.0042980572
  109X    15.6000011913    -0.0147414300
  109Y    24.9030019017    -0.0014480826
  109Z   -12.4500009507     0.0133316232
  110X    15.0320011479    -0.0124256958
  110Y    25.3670019371    -0.0184862984
  110Z   -10.3330007891    -0.0095148423
  111X    13.6050010389    -0.0135310194
  111Y    24.9850019080     0.0103352786
  111Z   -10.4830008005     0.0092967733
  112X    13.2680010132    -0.0192370614
  112Y    24.0010018328    -0.0111409922
  112Z    -9.3580007146     0.0062115757
  113X    11.8020009012     0.0209753071
  113Y    23.0530017604     0.0063374717
  113Z    -9.8080007490    -0.0357932618
  114X    12.5910009615     0.0181032304
  114Y    26.1760019989    -0.0318609682
  114Z   -10.5210008034    -0.0538090113
  115X    11.7070008940     0.0098350404
  115Y    26.2240020026     0.0232034759
  115Z   -11.3680008681     0.0490093073
  116X    12.6080009628    -0.0241695318
  116Y    26.9360020569     0.0078354751
  116Z    -9.5140007265    -0.0086250802
  117X    16.1490012332     0.0054393820
  117Y    14.1880010835    -0.0039787042
  117Z   -13.8180010552    -0.0015410450
  118X    15.5490011874    -0.0052446544
  118Y    13.9350010641    -0.0007075655
  118Z   -12.2670009368    -0.0158580016
  119X    14.6950011222     0.0048108252
  119Y    14.8930011373    -0.0047851621
  119Z   -13.3530010197     0.0005586418
  120X    15.8440012099    -0.0020237087
  120Y    16.2700012424     0.0127268577
  120Z   -11.6940008930     0.0035324519
  121X    17.3840013275     0.0107312553
  121Y    15.5500011875     0.0093926234
  121Z   -12.1930009311    -0.0005265053
  122X    17.2810013196     0.0024070296
  122Y    18.7120014289    -0.0032220118
  122Z   -14.0410010722    -0.0058650768
  123X    17.7450013551     0.0119117477
  123Y    17.8750013650     0.0004455841
  123Z   -11.2490008590     0.0026358609
  124X    19.1430014618     0.0105766849
  124Y    19.3970014812     0.0017654011
  124Z   -12.6490009659     0.0030446078
  125X    17.9960013742    -0.0032676623
  125Y    20.6980015806     0.0015133205
  125Z   -12.3220009410    -0.0107819826
  126X    15.5860011902     0.0119962133
  126Y    20.5030015657    -0.0071782046
  126Z   -12.3760009451    -0.0092433089
  127X    13.9610010661     0.0028036432
  127Y    21.0720016091     0.0147891421
  127Z   -10.0170007649     0.0166895035
  128X    14.2090010851     0.0004775576
  128Y    22.3360017057     0.0089180511
  128Z   -12.2160009329    -0.0061169213
  129X    13.3170010169     0.0049631269
  129Y    21.0740016093    -0.0006785677
  129Z   -13.0630009975    -0.0073525992
  130X    13.5710010363     0.0052902375
  130Y    18.2890013966     0.0006526925
  130Z   -12.3200009408    -0.0030741333
  131X    10.9560008366    -0.0104130688
  131Y    17.4050013291     0.0031990531
  131Z   -11.2200008568     0.0014517224
  132X    11.3110008638     0.0014462066
  132Y    15.6860011978     0.0059505574
  132Z   -12.9640009900    -0.0028830339
  133X    11.3950008702    -0.0087892591
  133Y    17.3010013212    -0.0002312448
  133Z   -13.6040010389    -0.0082817333
  134X    13.0780009987    -0.0050431902
  134Y    16.3300012470    -0.0009145913
  134Z   -14.4970011070    -0.0029776145
  135X    14.2220010860    -0.0042080840
  135Y    16.8190012844    -0.0015472325
  135Z   -10.2060007794    -0.0122158782
  136X    13.3480010193    -0.0045209141
  136Y    14.4970011070    -0.0097446049
  136Z    -8.4330006440     0.0127874281
  137X    16.1000012295     0.0125200706
  137Y    15.8320012090     0.0035848166
  137Z    -9.0650006922     0.0045644822
  138X    15.8140012076    -0.0009897855
  138Y    14.9780011438     0.0007363939
  138Z    -7.6110005812    -0.0134924796
  139X    16.3670012498     0.0045803926
  139Y    11.9110009096     0.0026150685
  139Z    -8.7320006668    -0.0125636575
  140X    15.7070011994    -0.0113182276
  140Y    13.0880009994     0.0252442254
  140Z    -7.4870005717    -0.0055763910
  141X    12.5240009564    -0.0048152728
  141Y    18.0590013791    -0.0055697775
  141Z    -5.5840004264     0.0060246444
  142X    13.1530010044    -0.0016582605
  142Y    13.9990010690    -0.0057412048
  142Z    -6.1680004710    -0.0006745517
  143X    11.6410008890     0.0015255105
  143Y    14.6190011164    -0.0049220991
  143Z    -6.7880005184    -0.0049493111
  144X    11.9660009138    -0.0001222999
  144Y    16.7770012812     0.0047753117
  144Z    -3.3060002525     0.0032730784
  145X    10.8660008298    -0.0089663075
  145Y    16.8310012853     0.0009865907
  145Z    -4.6790003573     0.0004245428
  146X    12.7100009706    -0.0001583663
  146Y    14.5200011088    -0.0025595900
  146Z    -3.9240002997     0.0046135443
  147X    11.0340008426    -0.0033257374
  147Y    14.4320011021    -0.0042720555
  147Z    -4.4170003373     0.0031486628
  148X    15.0930011526    -0.0137726732
  148Y    15.9280012163     0.0071458337
  148Z    -5.1100003902    -0.0017919514
  149X    16.5670012651     0.0037596494
  149Y    17.7030013519     0.0072084422
  149Z    -3.1490002405     0.0009497527
  150X    17.0680013034    -0.0025078733
  150Y    14.9400011409    -0.0073620978
  150Z    -4.4730003416    -0.0058223374
  151X    19.0700014563     0.0038676546
  151Y    16.3170012460     0.0038845281
  151Z    -2.5200001924     0.0058450500
  152X    19.1710014640     0.0075995742
  152Y    14.6330011174    -0.0063354226
  152Z    -3.0800002352     0.0017459024
  153X    19.3830014802     0.0047365692
  153Y    15.9540012183     0.0000094209
  153Z    -4.2330003232    -0.0048092657
  154X    15.5200011852    -0.0059329998
  154Y    14.9200011393    -0.0022067650
  154Z    -2.4580001877     0.0005593548
  155X    17.0070012987    -0.0002568684
  155Y    14.0240010709    -0.0081143986
  155Z    -2.1200001619     0.0052721780
  156X    16.7840012817    -0.0007768666
  156Y    15.6580011957     0.0022425432
  156Z    -1.4560001112     0.0079648632
  157X    17.3550013253     0.0017831465
  157Y    16.5750012657     0.0033909226
  157Z    -6.4220004904     0.0144037578
  158X    19.2590014707    -0.0229623665
  158Y    18.6700014257    -0.0011798815
  158Z    -6.6590005085     0.0050902393
  159X    19.3250014757    -0.0007370472
  159Y    16.5100012608    -0.0083488006
  159Z    -8.0740006166     0.0011919672
  160X    17.9400013700    -0.0018089277
  160Y    17.1120013067    -0.0034772657
  160Z    -8.9970006870    -0.0055572776
  161X    16.1220012311     0.0209553249
  161Y    18.7990014356    -0.0098186226
  161Z    -7.3870005641     0.0027048283
  162X    15.7920012059    -0.0036319606
  162Y    21.4440016375    -0.0134698689
  162Z    -8.4700006468     0.0056663653
  163X    11.5560008825    -0.0034020711
  163Y    20.2090015432    -0.0150074219
  163Z    -8.1160006198    -0.0033558843
  164X    11.2880008620    -0.0064572429
  164Y    23.8370018203     0.0157655801
  164Z    -5.8760004487     0.0127303705
  165X    10.3500007904     0.0143616971
  165Y    22.3800017090     0.0069479530
  165Z    -7.8070005962    -0.0108407053
  166X    13.8330010563    -0.0010649019
  166Y    22.9480017524    -0.0103738622
  166Z    -5.9870004572    -0.0127762259
  167X    13.9640010663     0.0010050191
  167Y    19.8040015123    -0.0071420019
  167Z    -8.2300006285    -0.0047247346
  168X    14.3100010928    -0.0060210264
  168Y    19.7470015080     0.0090915354
  168Z    -6.5140004974     0.0116393592
  169X    16.6390012706     0.0058618571
  169Y    20.4460015613    -0.0185632504
  169Z    -5.3250004066    -0.0310314777
  170X    16.0610012265    -0.0026312237
  170Y    23.2770017775     0.0083161637
  170Z    -4.1720003186     0.0088063594
  171X    16.1600012340     0.0049689078
  171Y    20.6680015783    -0.0047896920
  171Z    -2.6010001986     0.0034078644
  172X    16.0850012283    -0.0005502199
  172Y    22.2440016986    -0.0013153969
  172Z    -1.8410001406     0.0078295489
  173X    13.9770010673    -0.0011087435
  173Y    21.1990016188    -0.0048639878
  173Z    -3.8140002913    -0.0076274351
  174X    14.0090010698     0.0014898332
  174Y    19.8550015162    -0.0066336209
  174Z    -1.7060001303     0.0015557875
  175X    13.8530010579     0.0007618266
  175Y    21.3340016291    -0.0000468229
  175Z    -0.7290000557     0.0051819968
  176X    12.5320009570    -0.0065913284
  176Y    20.8260015904    -0.0025511167
  176Z    -1.8110001383     0.0004732659
  177X    13.8840010602     0.0005542585
  177Y    23.6670018073     0.0047647881
  177Z    -1.9190001465     0.0037829572
  178X    13.9760010673     0.0015038467
  178Y    23.7500018136     0.0020426425
  178Z    -3.6870002816    -0.0047931325
  179X    12.5300009568    -0.0070013924
  179Y    23.0890017632     0.0026625651
  179Z    -2.9160002227    -0.0007734074
  180X    18.7370014308    -0.0018147171
  180Y    20.8660015934    -0.0127322998
  180Z    -3.8610002948     0.0120389774
  181X    20.9340015986    -0.0031794409
  181Y    22.4220017122    -0.0044524184
  181Z    -3.3570002564     0.0005762061
  182X    20.1420015381    -0.0007970587
  182Y    20.5450015689    -0.0060012824
  182Z    -5.6880004344    -0.0113273985
  183X    21.7130016581    -0.0146781812
  183Y    21.1690016165    -0.0004490386
  183Z    -5.5150004211     0.0053233380
  184X    22.1180016890     0.0041437997
  184Y    20.0500015311     0.0033960872
  184Z    -3.3420002552     0.0030840814
  185X    20.4330015603    -0.0043185980
  185Y    19.5380014920     0.0043993471
  185Z    -3.2930002515    -0.0005660250
  186X    22.1100016884    -0.0026226810
  186Y    16.6180012690     0.0073819566
  186Z    -4.2410003239     0.0129593525
  187X    18.9600014479    -0.0031050487
  187Y    23.0460017599    -0.0085801266
  187Z    -6.1470004694     0.0153498149
  188X    20.2700015479     0.0010923856
  188Y    25.7070019631     0.0104227841
  188Z    -6.5170004977    -0.0057422184
  189X    22.3910017099    -0.0074412340
  189Y    22.3750017086    -0.0140303343
  189Z    -8.0640006158    -0.0022638352
  190X    25.0900019160     0.0182598351
  190Y    25.6200019564     0.0149184898
  190Z    -7.3080005581     0.0048628455
  191X    24.7680018914     0.0039807457
  191Y    23.0400017594    -0.0057164460
  191Z    -7.3340005601     0.0051112383
  192X    22.6390017288    -0.0053078498
  192Y    26.6260020333     0.0035372768
  192Z    -7.7820005943     0.0026274614
  193X    20.1640015398    -0.0065224436
  193Y    23.6860018088    -0.0049602226
  193Z    -8.7730006699     0.0009412408
  194X    20.3510015541    -0.0012008907
  194Y    25.4260019416     0.0046154389
  194Z    -9.0360006900    -0.0045204949
  195X    18.0360013773    -0.0001586908
  195Y    25.4460019432    -0.0096521777
  195Z    -5.3950004120    -0.0202851378
  196X    15.7960012062     0.0144897088
  196Y    25.4120019406     0.0032325684
  196Z    -6.7070005122     0.0022567416
  197X    16.1910012364    -0.0026164474
  197Y    25.5990019548    -0.0017613069
  197Z    -4.1420003163     0.0085376328
  198X    16.0820012281     0.0010535666
  198Y    27.3460020882     0.0037788675
  198Z    -4.3460003319     0.0049627982
  199X    14.0160010703    -0.0000129942
  199Y    26.8670020517     0.0015366479
  199Z    -4.0590003100     0.0031514287
  200X    17.5880013431    -0.0151044686
  200Y    27.9670021357    -0.0234476155
  200Z    -6.8780005252     0.0144954127
  201X    16.1010012295    -0.0068442377
  201Y    29.9530022873     0.0068307520
  201Z    -8.5590006536     0.0030996174
  202X    18.2190013913    -0.0009229248
  202Y    30.7280023465     0.0032700438
  202Z    -9.2820007088    -0.0026253284
  203X    18.3320013999     0.0012008995
  203Y    30.4630023263     0.0036685624
  203Z    -7.5510005766     0.0017970083
  204X    21.3240016284     0.0065345906
  204Y    29.0440022179    -0.0121236462
  204Z    -9.6010007332     0.0067066594
  205X    20.2140015436    -0.0177887692
  205Y    30.4320023239     0.0127638891
  205Z   -10.0570007680     0.0002244251
  206X    17.5880013431    -0.0005108505
  206Y    26.8930020537     0.0115326770
  206Z    -9.1950007022     0.0226684391
  207X    16.9990012981     0.0050775913
  207Y    27.1010020695    -0.0015832440
  207Z   -12.1770009299    -0.0078289234
  208X    18.5330014153    -0.0015606954
  208Y    24.8720018993    -0.0060916502
  208Z   -10.7720008226     0.0020522827
  209X    18.2840013962     0.0026879623
  209Y    25.0240019109    -0.0060053815
  209Z   -12.4970009543    -0.0044656008
  210X    19.9430015229     0.0016560243
  210Y    26.9700020595     0.0030761769
  210Z   -10.7820008234     0.0044223174
  211X    20.9780016020     0.0006382145
  211Y    24.6710018840    -0.0037705906
  211Z   -11.1700008530     0.0039718686
  212X    20.8240015902     0.0003634362
  212Y    24.9210019031    -0.0037859418
  212Z   -12.9210009867    -0.0051600033
  213X    21.8900016716     0.0050718944
  213Y    25.9770019837     0.0023777759
  213Z   -11.9600009133     0.0005314847
  214X    19.5020014892    -0.0013675813
  214Y    26.9780020601    -0.0005102802
  214Z   -13.8470010574    -0.0067828385
  215X    18.9700014486    -0.0034772068
  215Y    28.2290021557     0.0056621914
  215Z   -12.7010009699     0.0009326437
  216X    20.6960015804     0.0035716523
  216Y    27.9710021360     0.0049834112
  216Z   -12.9780009910    -0.0018330858
  217X    15.3800011745     0.0213978146
  217Y    25.8540019743     0.0022000760
  217Z    -9.4980007253     0.0057299749
  218X    13.4610010279    -0.0136319474
  218Y    24.4470018669    -0.0086535420
  218Z   -11.4370008734    -0.0048210960
  219X    14.0200010706    -0.0093119835
  219Y    23.2240017735    -0.0056983832
  219Z    -9.1930007020     0.0039877514
  220X    13.2150010091     0.0160775103
  220Y    24.5520018749     0.0028271116
  220Z    -8.3990006414     0.0076232983
----------------------------------------

 @ End Gradient Calculation


 @ Output Timing Information

------------- TIMING ---------------
| INITIAL GUESS TIME  =    16.359371200(  1.13%)
| DFT GRID OPERATIONS =     4.449499000(  0.31%)
| TOTAL SCF TIME      =  1215.862330000( 84.14%)
|       TOTAL OP TIME      =  1128.443751000( 78.09%)
|             TOTAL 1e TIME      =     1.987530000(  0.14%)
|             TOTAL 2e TIME      =   917.204123000( 63.47%)
|             TOTAL EXC TIME     =   202.462891000( 14.01%)
|       TOTAL DII TIME      =    85.403004000(  5.91%)
|             TOTAL DIAG TIME    =    20.707168000(  1.43%)
| TOTAL GRADIENT TIME      =   199.105889000( 13.78%)
|       TOTAL 1e GRADIENT TIME (OVERLAPPED WITH 2e GRAD TIME) =     5.400126000( 0.91%)
|       TOTAL 2e GRADIENT TIME (OVERLAPPED WITH 1e GRAD TIME) =   174.844889000(12.10%)
|       TOTAL EXC GRADIENT TIME     =    11.127838000(  0.77%)
| TOTAL TIME          =  1444.994009000
------------------------------------
| Job cpu time:  0 days  0 hours 24 minutes  5.0 seconds.

 @ Finish Output Timing Information

| Normal Termination. Task Finished on: Thu Aug  5 23:58:46 2021
