  *********************************************************************************************************
  **                                                                                                     **
  **           888888888888                                                                              **
  **         8888888888888888                                                                            **
  **      888888888888888888                                                                             **
  **     888888888888888888                                                                              **
  **    888888888888888                                                                                  **
  **   88888888888888888888                               88888                       8888:              **
  **   8888888888888888888888Z                            88888                       8888:              **
  **   888888888888888888888888?                          88888                       8888:              **
  **   8888888888888      8888888                                        888888       8888:              **
  **    88888888888         888888     8888:     88888    88888        888888888I     8888:    888888    **
  **    8888888888           88888:    8888:     88888    88888      $888888888888    8888:   888888     **
  **    I8Z 88888             88888    8888:     88888    88888    .888888     8888   8888: 888888       **
  **    .8Z 88888             88888    8888:     88888    88888    $88888             8888:88888         **
  **     8I 88888      .=88. .88888    8888:     88888    88888    88888              8888888888         **
  **    :8  88888      888888$8888$    8888:     88888    88888    8888O              88888888888        **
  **   ,7   +88888.     8888888888.    8888:     88888    88888    888888             88888O888888       **
  **         $888888:.   .8888888      88888....888888    88888     888888     8888   8888:  888888      **
  **          I8888888888888888888     888888888888888    88888     O888888888888O    8888:   888888     **
  **            O888888888888888888     88888888888888    88888       88888888888$    8888:    888888    **
  **               8888888Z     888      .8888I  88888    88888         8888888       8888:     888888   **
  **                                                                                                     **
  **                                                                                                     **
  **                                         Copyright (c) 2021                                          **
  **                          Regents of the University of California San Diego                          **
  **                                    & Michigan State University                                      **
  **                                        All Rights Reserved.                                         **
  **                                                                                                     **
  **                   This software provided pursuant to a license agreement containing                 **
  **                   restrictions on its disclosure, duplication, and use. This software               **
  **                   contains confidential and proprietary information, and may not be                 **
  **                   extracted or distributed, in whole or in part, for any purpose                    **
  **                   whatsoever, without the express written permission of the authors.                **
  **                   This notice, and the associated author list, must be attached to                  **
  **                   all copies, or extracts, of this software. Any additional                         **
  **                   restrictions set forth in the license agreement also apply to this                **
  **                   software.                                                                         **
  *********************************************************************************************************
                                                                                                           
  Cite this work as:                                                                                       
  Manathunga, M.; Jin, C.; Cruzeiro, V.W.D.; Smith, J.; Keipert, K.; Pekurovsky, D.; Mu, D.; Miao, Y.;     
  He, X.; Ayers, K.; Brothers, E.; Goetz, A.W.; Merz, K.M. QUICK-21.03                                     
  University of California San Diego, CA and Michigan State University, East Lansing, MI, 2021             
                                                                                                           
  If you have any comments or queries, please send us an email for technical support:                      
  quick.merzlab@gmail.com                                                                                  
                                                                                                           
| TASK STARTS ON: Thu Aug  5 20:11:25 2021
| INPUT FILE :    /home/saatvik/QUICK-gpu/install/benchmark/1m2c_12.in
| OUTPUT FILE:    /home/saatvik/QUICK-gpu/install/benchmark/1m2c_12.out
| DATE FILE  :    /home/saatvik/QUICK-gpu/install/benchmark/1m2c_12.dat
| BASIS SET PATH: /home/saatvik/QUICK-gpu/install/basis

| - MPI Enabled -
| TOTAL RANKS     =    12
| MASTER NAME     = exp-6-57                      

|------------ GPU INFORMATION -------------------------------
| CUDA ENABLED DEVICES          :       12
|                                                            
|        --    MPI RANK   0 --          
|   CUDA DEVICE IN USE          :        0
|   CUDA DEVICE NAME            : Tesla V100-SXM2-32GB
|   CUDA DEVICE PM              :       80
|   CUDA DEVICE CORE FREQ(GHZ)  :     1.53
|   CUDA DEVICE MEMORY SIZE (MB):    32510
|   SUPPORTING CUDA VERSION     :      7.0
|                                                            
|        --    MPI RANK   1 --          
|   CUDA DEVICE IN USE          :        1
|   CUDA DEVICE NAME            : Tesla V100-SXM2-32GB
|   CUDA DEVICE PM              :       80
|   CUDA DEVICE CORE FREQ(GHZ)  :     1.53
|   CUDA DEVICE MEMORY SIZE (MB):    32510
|   SUPPORTING CUDA VERSION     :      7.0
|                                                            
|        --    MPI RANK   2 --          
|   CUDA DEVICE IN USE          :        2
|   CUDA DEVICE NAME            : Tesla V100-SXM2-32GB
|   CUDA DEVICE PM              :       80
|   CUDA DEVICE CORE FREQ(GHZ)  :     1.53
|   CUDA DEVICE MEMORY SIZE (MB):    32510
|   SUPPORTING CUDA VERSION     :      7.0
|                                                            
|        --    MPI RANK   3 --          
|   CUDA DEVICE IN USE          :        3
|   CUDA DEVICE NAME            : Tesla V100-SXM2-32GB
|   CUDA DEVICE PM              :       80
|   CUDA DEVICE CORE FREQ(GHZ)  :     1.53
|   CUDA DEVICE MEMORY SIZE (MB):    32510
|   SUPPORTING CUDA VERSION     :      7.0
|                                                            
|        --    MPI RANK   4 --          
|   CUDA DEVICE IN USE          :        0
|   CUDA DEVICE NAME            : Tesla V100-SXM2-32GB
|   CUDA DEVICE PM              :       80
|   CUDA DEVICE CORE FREQ(GHZ)  :     1.53
|   CUDA DEVICE MEMORY SIZE (MB):    32510
|   SUPPORTING CUDA VERSION     :      7.0
|                                                            
|        --    MPI RANK   5 --          
|   CUDA DEVICE IN USE          :        1
|   CUDA DEVICE NAME            : Tesla V100-SXM2-32GB
|   CUDA DEVICE PM              :       80
|   CUDA DEVICE CORE FREQ(GHZ)  :     1.53
|   CUDA DEVICE MEMORY SIZE (MB):    32510
|   SUPPORTING CUDA VERSION     :      7.0
|                                                            
|        --    MPI RANK   6 --          
|   CUDA DEVICE IN USE          :        2
|   CUDA DEVICE NAME            : Tesla V100-SXM2-32GB
|   CUDA DEVICE PM              :       80
|   CUDA DEVICE CORE FREQ(GHZ)  :     1.53
|   CUDA DEVICE MEMORY SIZE (MB):    32510
|   SUPPORTING CUDA VERSION     :      7.0
|                                                            
|        --    MPI RANK   7 --          
|   CUDA DEVICE IN USE          :        3
|   CUDA DEVICE NAME            : Tesla V100-SXM2-32GB
|   CUDA DEVICE PM              :       80
|   CUDA DEVICE CORE FREQ(GHZ)  :     1.53
|   CUDA DEVICE MEMORY SIZE (MB):    32510
|   SUPPORTING CUDA VERSION     :      7.0
|                                                            
|        --    MPI RANK   8 --          
|   CUDA DEVICE IN USE          :        0
|   CUDA DEVICE NAME            : Tesla V100-SXM2-32GB
|   CUDA DEVICE PM              :       80
|   CUDA DEVICE CORE FREQ(GHZ)  :     1.53
|   CUDA DEVICE MEMORY SIZE (MB):    32510
|   SUPPORTING CUDA VERSION     :      7.0
|                                                            
|        --    MPI RANK   9 --          
|   CUDA DEVICE IN USE          :        1
|   CUDA DEVICE NAME            : Tesla V100-SXM2-32GB
|   CUDA DEVICE PM              :       80
|   CUDA DEVICE CORE FREQ(GHZ)  :     1.53
|   CUDA DEVICE MEMORY SIZE (MB):    32510
|   SUPPORTING CUDA VERSION     :      7.0
|                                                            
|        --    MPI RANK  10 --          
|   CUDA DEVICE IN USE          :        2
|   CUDA DEVICE NAME            : Tesla V100-SXM2-32GB
|   CUDA DEVICE PM              :       80
|   CUDA DEVICE CORE FREQ(GHZ)  :     1.53
|   CUDA DEVICE MEMORY SIZE (MB):    32510
|   SUPPORTING CUDA VERSION     :      7.0
|                                                            
|        --    MPI RANK  11 --          
|   CUDA DEVICE IN USE          :        3
|   CUDA DEVICE NAME            : Tesla V100-SXM2-32GB
|   CUDA DEVICE PM              :       80
|   CUDA DEVICE CORE FREQ(GHZ)  :     1.53
|   CUDA DEVICE MEMORY SIZE (MB):    32510
|   SUPPORTING CUDA VERSION     :      7.0
|------------------------------------------------------------

 @ Read Job And Atom

  KEYWORD=DFT B3LYP BASIS=6-31G** CUTOFF=1.0E-7 DENSERMS=1.0E-6 NCYC=1000 GRADIENT                                                                                                                                
 ============== JOB CARD =============
 METHOD = DENSITY FUNCTIONAL THEORY
 DENSITY FUNCTIONAL = B3LYP
 DIRECT SCF 
 SAD INITAL GUESS 
 USE DIIS SCF
 PRINT ENERGY EVERY CYCLE
 READ SAD GUESS FROM FILE
 STANDARD GRID = SG1
 GRADIENT CALCULATION
 MAX SCF CYCLES =    200
 MAX DIIS CYCLES =   10
 DELTA DENSITY START CYCLE = 1000
 COMPUTATIONAL CUTOFF: 
      TWO-e INTEGRAL   =  0.100E-06
      BASIS SET PRIME  =  0.100E-19
      MATRIX ELEMENTS  =  0.100E-09
      BASIS FUNCTION   =  0.100E-09
      GRADIENT CUTOFF  =  0.100E-06
 DENSITY MATRIX MAXIMUM RMS FOR CONVERGENCE  =  0.100E-05
 BASIS SET = 6-31G**,  TYPE = CARTESIAN
| BASIS FILE = /home/saatvik/QUICK-gpu/install/basis/6-31GDP.BAS

 @ Finish reading job


 @ Begin SAD initial guess

 For Atom Kind =    1
 ELEMENT = N 
 BASIS FUNCTIONS =   15
 For Atom Kind =    2
 ELEMENT = C 
 BASIS FUNCTIONS =   15
 For Atom Kind =    3
 ELEMENT = O 
 BASIS FUNCTIONS =   15
 For Atom Kind =    4
 ELEMENT = S 
 BASIS FUNCTIONS =   19
 For Atom Kind =    5
 ELEMENT = H 
 BASIS FUNCTIONS =    5

 @ Finish SAD initial guess


 @ Begin Reading Molecular Information


 =========== Molecule Input ==========
 TOTAL MOLECULAR CHARGE  =    0    MULTIPLICITY                =    1
 TOTAL ATOM NUMBER       =  220    NUMBER OF ATOM TYPES        =    5
 NUMBER OF HYDROGEN ATOM =  104    NUMBER OF NON-HYDROGEN ATOM =  116
 NUMBER OF ELECTRONS     =  908

 -- INPUT GEOMETRY -- :
    N          15.6340      14.6160     -13.0350
    C          16.3740      15.8230     -12.5520
    C          16.6010      16.9570     -13.5650
    O          16.4070      16.7720     -14.7600
    N          17.0440      18.1640     -13.2170
    C          17.2600      18.6750     -11.8320
    C          18.3710      19.7330     -11.9340
    S          19.2810      19.9410     -10.3820
    C          15.9660      19.0900     -11.0490
    O          15.5930      18.3820     -10.1130
    N          15.2430      20.1390     -11.4830
    C          13.8720      20.5230     -10.9940
    C          13.4380      21.5510     -12.0710
    S          11.9020      22.4460     -11.7180
    C          12.7950      19.3830     -10.7990
    O          11.9860      19.4550      -9.8710
    N          12.8200      18.3270     -11.6330
    C          11.9860      17.1110     -11.5030
    C          11.9360      16.5800     -12.9560
    O          13.2090      16.2590     -13.5390
    C          12.4080      16.0160     -10.4570
    O          11.5760      15.1930     -10.0770
    N          13.6480      16.0190      -9.9340
    C          13.9640      15.3960      -8.6310
    C          15.4670      15.0270      -8.6490
    C          15.8110      13.6980      -9.2800
    O          16.1140      13.5570     -10.4570
    N          15.8220      12.7170      -8.4340
    C          13.7550      16.4340      -7.4810
    O          14.3390      17.5170      -7.5780
    N          13.0550      16.1530      -6.3510
    C          12.9510      17.1260      -5.2230
    C          12.4450      14.8380      -6.0650
    C          11.8670      16.4770      -4.3600
    C          11.9760      14.9700      -4.6130
    C          14.2660      17.5840      -4.5060
    O          14.3670      18.7160      -4.0400
    N          15.2970      16.7450      -4.5390
    C          16.6590      17.0360      -4.0170
    C          17.2690      15.6390      -3.6220
    C          18.7940      15.6390      -3.3510
    C          16.6150      15.0330      -2.3550
    C          17.5100      17.9150      -4.9750
    O          17.9480      19.0010      -4.5840
    N          17.7230      17.4960      -6.2340
    C          18.4260      18.3310      -7.2410
    C          18.8320      17.4340      -8.4350
    S          19.9890      18.2280      -9.5900
    C          17.8100      19.6970      -7.6330
    O          18.4960      20.7030      -7.8290
    N          16.4900      19.7300      -7.5770
    C          15.6720      20.9540      -7.5200
    N          11.7430      20.8710      -7.3430
    N          11.6650      22.9700      -6.2860
    C          11.0610      22.0270      -7.0660
    C          12.9330      22.4190      -6.2070
    C          12.9880      21.1780      -6.8370
    C          14.2120      20.4410      -7.3720
    C          16.1160      21.9460      -6.4080
    O          16.1520      23.1430      -6.6490
    N          16.3480      21.4420      -5.1990
    C          16.5430      22.3060      -3.9820
    C          15.7960      21.7020      -2.7640
    C          14.2480      21.7050      -2.8660
    C          13.6320      20.8940      -1.7190
    C          13.6340      23.1200      -2.8480
    C          18.0030      22.7490      -3.6770
    O          18.2470      23.9150      -3.3620
    N          18.9740      21.8670      -3.9200
    C          20.3660      22.2220      -4.2680
    C          20.8550      20.9060      -4.9190
    C          21.2680      19.7440      -3.9800
    C          21.6270      18.4330      -4.6860
    O          21.6530      18.2900      -5.9060
    O          21.8980      17.4380      -3.7950
    C          20.6370      23.4480      -5.2020
    O          21.6140      24.1770      -5.0200
    N          19.7980      23.6330      -6.2260
    C          19.7860      24.8670      -7.0400
    N          22.7840      23.3220      -8.0900
    N          24.2310      25.1080      -7.5570
    C          24.0150      23.7560      -7.6670
    C          22.9650      25.5940      -7.8760
    C          22.1010      24.5230      -8.1820
    C          20.5820      24.6090      -8.3330
    C          18.3090      25.2900      -7.2700
    O          17.7260      25.0560      -8.3280
    N          17.6970      25.8820      -6.2360
    C          16.2630      26.2710      -6.2490
    C          15.7560      26.3840      -4.7930
    O          14.3320      26.2720      -4.7520
    C          15.8320      27.4660      -7.1480
    O          14.7590      27.4600      -7.7480
    N          16.7730      28.3830      -7.3410
    C          16.9010      29.1900      -8.5910
    C          18.2640      29.9350      -8.5160
    C          19.5770      29.1390      -8.6820
    O          19.8140      28.0950      -8.0800
    N          20.4720      29.6000      -9.5170
    C          16.7180      28.4750      -9.9750
    O          16.1030      29.0230     -10.8890
    N          17.2690      27.2620     -10.1020
    C          17.1170      26.4200     -11.3230
    C          18.4280      25.6230     -11.5760
    C          19.7550      26.4180     -11.7230
    C          20.9200      25.4470     -11.9520
    C          19.7300      27.4430     -12.8690
    C          15.8500      25.4940     -11.3960
    O          15.6000      24.9030     -12.4500
    N          15.0320      25.3670     -10.3330
    C          13.6050      24.9850     -10.4830
    C          13.2680      24.0010      -9.3580
    S          11.8020      23.0530      -9.8080
    C          12.5910      26.1760     -10.5210
    O          11.7070      26.2240     -11.3680
    O          12.6080      26.9360      -9.5140
    H          16.1490      14.1880     -13.8180
    H          15.5490      13.9350     -12.2670
    H          14.6950      14.8930     -13.3530
    H          15.8440      16.2700     -11.6940
    H          17.3840      15.5500     -12.1930
    H          17.2810      18.7120     -14.0410
    H          17.7450      17.8750     -11.2490
    H          19.1430      19.3970     -12.6490
    H          17.9960      20.6980     -12.3220
    H          15.5860      20.5030     -12.3760
    H          13.9610      21.0720     -10.0170
    H          14.2090      22.3360     -12.2160
    H          13.3170      21.0740     -13.0630
    H          13.5710      18.2890     -12.3200
    H          10.9560      17.4050     -11.2200
    H          11.3110      15.6860     -12.9640
    H          11.3950      17.3010     -13.6040
    H          13.0780      16.3300     -14.4970
    H          14.2220      16.8190     -10.2060
    H          13.3480      14.4970      -8.4330
    H          16.1000      15.8320      -9.0650
    H          15.8140      14.9780      -7.6110
    H          16.3670      11.9110      -8.7320
    H          15.7070      13.0880      -7.4870
    H          12.5240      18.0590      -5.5840
    H          13.1530      13.9990      -6.1680
    H          11.6410      14.6190      -6.7880
    H          11.9660      16.7770      -3.3060
    H          10.8660      16.8310      -4.6790
    H          12.7100      14.5200      -3.9240
    H          11.0340      14.4320      -4.4170
    H          15.0930      15.9280      -5.1100
    H          16.5670      17.7030      -3.1490
    H          17.0680      14.9400      -4.4730
    H          19.0700      16.3170      -2.5200
    H          19.1710      14.6330      -3.0800
    H          19.3830      15.9540      -4.2330
    H          15.5200      14.9200      -2.4580
    H          17.0070      14.0240      -2.1200
    H          16.7840      15.6580      -1.4560
    H          17.3550      16.5750      -6.4220
    H          19.2590      18.6700      -6.6590
    H          19.3250      16.5100      -8.0740
    H          17.9400      17.1120      -8.9970
    H          16.1220      18.7990      -7.3870
    H          15.7920      21.4440      -8.4700
    H          11.5560      20.2090      -8.1160
    H          11.2880      23.8370      -5.8760
    H          10.3500      22.3800      -7.8070
    H          13.8330      22.9480      -5.9870
    H          13.9640      19.8040      -8.2300
    H          14.3100      19.7470      -6.5140
    H          16.6390      20.4460      -5.3250
    H          16.0610      23.2770      -4.1720
    H          16.1600      20.6680      -2.6010
    H          16.0850      22.2440      -1.8410
    H          13.9770      21.1990      -3.8140
    H          14.0090      19.8550      -1.7060
    H          13.8530      21.3340      -0.7290
    H          12.5320      20.8260      -1.8110
    H          13.8840      23.6670      -1.9190
    H          13.9760      23.7500      -3.6870
    H          12.5300      23.0890      -2.9160
    H          18.7370      20.8660      -3.8610
    H          20.9340      22.4220      -3.3570
    H          20.1420      20.5450      -5.6880
    H          21.7130      21.1690      -5.5150
    H          22.1180      20.0500      -3.3420
    H          20.4330      19.5380      -3.2930
    H          22.1100      16.6180      -4.2410
    H          18.9600      23.0460      -6.1470
    H          20.2700      25.7070      -6.5170
    H          22.3910      22.3750      -8.0640
    H          25.0900      25.6200      -7.3080
    H          24.7680      23.0400      -7.3340
    H          22.6390      26.6260      -7.7820
    H          20.1640      23.6860      -8.7730
    H          20.3510      25.4260      -9.0360
    H          18.0360      25.4460      -5.3950
    H          15.7960      25.4120      -6.7070
    H          16.1910      25.5990      -4.1420
    H          16.0820      27.3460      -4.3460
    H          14.0160      26.8670      -4.0590
    H          17.5880      27.9670      -6.8780
    H          16.1010      29.9530      -8.5590
    H          18.2190      30.7280      -9.2820
    H          18.3320      30.4630      -7.5510
    H          21.3240      29.0440      -9.6010
    H          20.2140      30.4320     -10.0570
    H          17.5880      26.8930      -9.1950
    H          16.9990      27.1010     -12.1770
    H          18.5330      24.8720     -10.7720
    H          18.2840      25.0240     -12.4970
    H          19.9430      26.9700     -10.7820
    H          20.9780      24.6710     -11.1700
    H          20.8240      24.9210     -12.9210
    H          21.8900      25.9770     -11.9600
    H          19.5020      26.9780     -13.8470
    H          18.9700      28.2290     -12.7010
    H          20.6960      27.9710     -12.9780
    H          15.3800      25.8540      -9.4980
    H          13.4610      24.4470     -11.4370
    H          14.0200      23.2240      -9.1930
    H          13.2150      24.5520      -8.3990

============== BASIS INFOS ==============
 BASIS FUNCTIONS = 2276
 NSHELL =  780 NPRIM  = 4072
 JSHELL =  780 JBASIS = 1820


 @ End Reading Molecular Information 


 @ Begin XC Quadrature Formation

 OCTAGO: OCTree Algorithm for Grid Operations 
   PRUNING CUTOFF       = 0.100E-09
   INITIAL GRID POINTS  =      832640
|   FINAL GRID POINTS    =      521585
|   SIGNIFICANT NUMBER OF BASIS FUNCTIONS     =     1890667
|   SIGNIFICANT NUMBER OF PRIMITIVE FUNCTIONS =     2008476

 @ End XC Quadrature Formation


 @ Begin Energy Calculation

                                         SCF ENERGY
| ------------------------------------------------------------------------------------------------------------------------
| NCYC       ENERGY         DELTA_E      SCF_TIME  DII_CYC   DII_TIME   O_TIME  DIAG_TIME    MAX_ERR    RMS_CHG    MAX_CHG
| ------------------------------------------------------------------------------------------------------------------------
|  1  -7167.879054845      ------         4.430     1        0.68      3.72      0.25    0.2473E+01  0.7213E-02  0.6142E+00
|  2  -7139.408400318  -.284707E+02       5.414     2        0.71      4.68      0.25    0.2991E+00  0.1645E-01  0.6235E+01
|  3  -7028.770301729  -.110638E+03       5.649     3        0.73      4.89      0.25    0.1031E+01  0.2626E-01  0.9889E+01
|  4  -6933.699815473  -.950705E+02       5.670     4        0.76      4.89      0.25    0.1080E+01  0.2060E-01  0.9895E+01
|  5  -7141.206229381  0.207506E+03       5.537     5        0.78      4.73      0.25    0.3456E+00  0.3011E-02  0.8247E+00
|  6  -7135.675537210  -.553069E+01       5.547     6        0.81      4.72      0.24    0.7922E+00  0.4572E-02  0.1169E+01
|  7  -7137.040152501  0.136462E+01       5.606     7        0.83      4.75      0.25    0.5177E+00  0.4575E-02  0.1157E+01
|  8  -7142.462939868  0.542279E+01       5.610     8        0.86      4.73      0.25    0.2283E+00  0.3189E-02  0.6814E+00
|  9  -7142.596347254  0.133407E+00       5.617     9        0.88      4.71      0.25    0.1234E+00  0.1721E-02  0.5005E+00
| 10  -7142.437140610  -.159207E+00       5.635    10        0.90      4.71      0.25    0.1970E+00  0.2537E-02  0.5737E+00
| 11  -7142.637004270  0.199864E+00       5.789     1        1.04      4.73      0.25    0.1062E+00  0.3606E-02  0.1073E+01
| 12  -7142.766069039  0.129065E+00       5.775     2        1.03      4.72      0.25    0.6602E-01  0.2995E-02  0.1060E+01
| 13  -7142.631932880  -.134136E+00       5.768     3        1.04      4.70      0.25    0.1586E+00  0.1985E-02  0.5636E+00
| 14  -7142.843156998  0.211224E+00       5.786     4        1.03      4.73      0.25    0.6771E-01  0.2814E-02  0.5782E+00
| 15  -7142.864264783  0.211078E-01       5.788     5        1.03      4.73      0.25    0.5089E-01  0.2706E-02  0.5993E+00
| 16  -7142.650371143  -.213894E+00       5.774     6        1.03      4.72      0.25    0.1285E+00  0.2522E-02  0.3421E+00
| 17  -7142.974376231  0.324005E+00       5.789     7        1.03      4.73      0.25    0.4610E-01  0.2366E-02  0.3265E+00
| 18  -7142.713103578  -.261273E+00       5.771     8        1.03      4.71      0.25    0.1165E+00  0.1673E-02  0.5685E+00
| 19  -7142.663929590  -.491740E-01       5.765     9        1.03      4.71      0.25    0.1525E+00  0.1613E-02  0.5699E+00
| 20  -7142.633429129  -.305005E-01       5.770    10        1.04      4.71      0.25    0.1346E+00  0.3351E-03  0.3610E-01
| 21  -7142.703890019  0.704609E-01       5.777     1        1.03      4.72      0.25    0.1209E+00  0.1397E-03  0.1205E-01
| 22  -7142.731304019  0.274140E-01       5.773     2        1.03      4.72      0.25    0.1144E+00  0.3883E-04  0.5785E-02
| 23  -7142.728891630  -.241239E-02       5.775     3        1.03      4.72      0.25    0.1146E+00  0.3686E-04  0.3153E-02
| 24  -7142.735560217  0.666859E-02       5.776     4        1.03      4.72      0.25    0.1133E+00  0.1412E-03  0.1238E-01
| 25  -7142.758377907  0.228177E-01       5.769     5        1.03      4.71      0.25    0.1069E+00  0.2630E-03  0.2975E-01
| 26  -7142.767552281  0.917437E-02       5.783     6        1.03      4.73      0.25    0.1056E+00  0.1037E-03  0.1288E-01
| 27  -7142.784373493  0.168212E-01       5.780     7        1.04      4.72      0.25    0.1022E+00  0.3558E-02  0.1123E+01
| 28  -7141.083877581  -.170050E+01       5.792     8        1.03      4.73      0.25    0.3615E+00  0.3062E-02  0.9969E+00
| 29  -7142.789182089  0.170530E+01       5.787     9        1.04      4.73      0.25    0.1154E+00  0.2598E-02  0.6159E+00
| 30  -7140.121817987  -.266736E+01       5.778    10        1.03      4.72      0.25    0.3258E+00  0.1494E-02  0.5394E+00
| 31  -7142.557005967  0.243519E+01       5.767     1        1.03      4.71      0.25    0.1940E+00  0.2658E-02  0.5983E+00
| 32  -7142.837762851  0.280757E+00       5.791     2        1.03      4.73      0.25    0.4583E-01  0.3391E-02  0.9039E+00
| 33  -7142.870476961  0.327141E-01       5.785     3        1.04      4.72      0.25    0.5783E-01  0.2928E-02  0.8981E+00
| 34  -7142.646390147  -.224087E+00       5.759     4        1.03      4.70      0.25    0.1653E+00  0.1757E-02  0.5541E+00
| 35  -7142.866612862  0.220223E+00       5.778     5        1.03      4.72      0.25    0.7749E-01  0.4250E-03  0.4343E-01
| 36  -7142.759416201  -.107197E+00       5.771     6        1.04      4.71      0.25    0.1086E+00  0.7278E-04  0.8767E-02
| 37  -7142.744301049  -.151152E-01       5.773     7        1.03      4.71      0.25    0.1124E+00  0.6648E-04  0.5083E-02
| 38  -7142.759772308  0.154713E-01       5.765     8        1.03      4.71      0.25    0.1082E+00  0.3796E-04  0.4791E-02
| 39  -7142.756265203  -.350710E-02       5.768     9        1.03      4.71      0.25    0.1090E+00  0.1572E-03  0.1550E-01
| 40  -7142.781052532  0.247873E-01       5.777    10        1.03      4.72      0.25    0.1036E+00  0.5032E-04  0.7464E-02
| 41  -7142.782906074  0.185354E-02       5.783     1        1.03      4.73      0.25    0.1038E+00  0.1728E-02  0.2096E+00
| 42  -7143.012449049  0.229543E+00       5.790     2        1.03      4.73      0.25    0.5235E-01  0.3704E-02  0.9383E+00
| 43  -7141.195219777  -.181723E+01       5.794     3        1.04      4.73      0.25    0.2941E+00  0.4527E-02  0.1175E+01
| 44  -7142.714111804  0.151889E+01       5.783     4        1.03      4.73      0.25    0.9238E-01  0.3249E-02  0.1172E+01
| 45  -7142.533111046  -.181001E+00       5.771     5        1.04      4.71      0.25    0.2088E+00  0.2582E-02  0.5488E+00
| 46  -7142.861701677  0.328591E+00       5.782     6        1.03      4.72      0.25    0.6400E-01  0.2562E-02  0.5512E+00
| 47  -7142.690875751  -.170826E+00       5.771     7        1.03      4.71      0.25    0.1509E+00  0.1693E-02  0.5359E+00
| 48  -7142.830670170  0.139794E+00       5.780     8        1.03      4.72      0.25    0.9066E-01  0.1232E-03  0.1162E-01
| 49  -7142.816168351  -.145018E-01       5.762     9        1.03      4.71      0.25    0.9621E-01  0.1444E-04  0.2111E-02
| 50  -7142.815190810  -.977541E-03       5.762    10        1.03      4.71      0.25    0.9619E-01  0.3708E-04  0.4493E-02
| 51  -7142.817437565  0.224676E-02       5.763     1        1.03      4.71      0.25    0.9554E-01  0.8501E-04  0.8504E-02
| 52  -7142.839952406  0.225148E-01       5.775     2        1.03      4.72      0.25    0.8965E-01  0.1973E-02  0.4775E+00
| 53  -7142.496682355  -.343270E+00       5.770     3        1.03      4.71      0.24    0.1930E+00  0.1936E-02  0.4789E+00
| 54  -7142.802054152  0.305372E+00       5.771     4        1.04      4.71      0.25    0.9777E-01  0.3304E-02  0.1363E+01
| 55  -7142.656229282  -.145825E+00       5.775     5        1.03      4.72      0.24    0.1030E+00  0.3346E-02  0.1373E+01
| 56  -7142.750249494  0.940202E-01       5.763     6        1.03      4.70      0.25    0.1107E+00  0.2267E-02  0.4569E+00
| 57  -7142.736444045  -.138054E-01       5.779     7        1.03      4.72      0.25    0.1072E+00  0.2763E-02  0.5556E+00
| 58  -7140.228100614  -.250834E+01       5.768     8        1.03      4.71      0.25    0.3340E+00  0.1446E-02  0.5455E+00
| 59  -7142.567637817  0.233954E+01       5.760     9        1.03      4.70      0.25    0.1980E+00  0.8410E-03  0.1443E+00
| 60  -7142.871047393  0.303410E+00       5.765    10        1.03      4.71      0.25    0.9931E-01  0.1499E-02  0.4218E+00
| 61  -7142.952023402  0.809760E-01       5.779     1        1.04      4.72      0.25    0.4857E-01  0.4857E-03  0.4709E-01
| 62  -7142.975240742  0.232173E-01       5.766     2        1.03      4.71      0.25    0.5126E-01  0.2778E-03  0.4931E-01
| 63  -7142.973807486  -.143326E-02       5.772     3        1.04      4.71      0.25    0.5546E-01  0.2073E-02  0.4712E+00
| 64  -7142.510103295  -.463704E+00       5.776     4        1.04      4.72      0.25    0.1870E+00  0.2127E-02  0.4706E+00
| 65  -7142.970790888  0.460688E+00       5.772     5        1.03      4.71      0.25    0.5227E-01  0.3376E-02  0.1354E+01
| 66  -7142.638750885  -.332040E+00       5.767     6        1.03      4.71      0.25    0.1056E+00  0.3517E-02  0.1344E+01
| 67  -7143.020126691  0.381376E+00       5.772     7        1.03      4.71      0.25    0.2403E-01  0.7181E-03  0.8738E-01
| 68  -7142.998442531  -.216842E-01       5.778     8        1.03      4.72      0.25    0.4333E-01  0.1162E-02  0.1960E+00
| 69  -7143.061585467  0.631429E-01       5.777     9        1.03      4.72      0.25    0.9513E-02  0.6029E-03  0.1191E+00
| 70  -7143.048232775  -.133527E-01       5.784    10        1.03      4.73      0.25    0.2703E-01  0.2426E-03  0.3318E-01
| 71  -7143.061213539  0.129808E-01       5.772     1        1.03      4.71      0.25    0.1563E-01  0.4389E-03  0.9238E-01
| 72  -7143.062066034  0.852495E-03       5.779     2        1.04      4.72      0.25    0.1216E-01  0.1495E-03  0.2822E-01
| 73  -7143.066770263  0.470423E-02       5.777     3        1.03      4.72      0.25    0.4432E-02  0.4115E-04  0.6674E-02
| 74  -7143.066259999  -.510263E-03       5.777     4        1.04      4.71      0.25    0.6386E-02  0.7226E-04  0.1279E-01
| 75  -7143.065320700  -.939300E-03       5.784     5        1.03      4.73      0.25    0.9166E-02  0.2886E-04  0.5291E-02
| 76  -7143.066078849  0.758150E-03       5.774     6        1.03      4.72      0.25    0.7597E-02  0.5813E-04  0.1278E-01
| 77  -7143.065565932  -.512917E-03       5.766     7        1.03      4.71      0.25    0.9065E-02  0.1400E-03  0.2099E-01
| 78  -7143.067136386  0.157045E-02       5.767     8        1.03      4.71      0.25    0.4281E-02  0.7664E-04  0.1283E-01
| 79  -7143.067115352  -.210338E-04       5.762     9        1.03      4.71      0.25    0.4879E-02  0.1299E-04  0.1832E-02
| 80  -7143.067284362  0.169010E-03       5.777    10        1.03      4.72      0.25    0.4360E-02  0.3540E-04  0.7946E-02
| 81  -7143.067706325  0.421963E-03       5.782     1        1.03      4.72      0.25    0.1939E-02  0.4344E-04  0.9679E-02
| 82  -7143.067806972  0.100647E-03       5.777     2        1.03      4.72      0.25    0.8800E-03  0.9486E-05  0.1772E-02
| -------------- 2E-INT CUTOFF CHANGE TO 0.1000E-08 ------------
| 83  -7143.067096924  -.710049E-03      10.622     3        1.03      9.56      0.25    0.2869E-03  0.1880E-05  0.2925E-03
| 84  -7143.067097808  0.884043E-06      10.604     4        1.03      9.55      0.25    0.2227E-03  0.3164E-05  0.5993E-03
| 85  -7143.067097804  -.350701E-08      10.606     5        1.03      9.55      0.25    0.1810E-03  0.4239E-05  0.5792E-03
| 86  -7143.067097918  0.113745E-06      10.627     6        1.03      9.57      0.25    0.2317E-03  0.4671E-05  0.6434E-03
| 87  -7143.067096265  -.165268E-05      10.605     7        1.04      9.55      0.25    0.3109E-03  0.5003E-05  0.7132E-03
| 88  -7143.067099902  0.363717E-05      10.623     8        1.03      9.57      0.25    0.1185E-03  0.5625E-05  0.8945E-03
| 89  -7143.067099030  -.872766E-06      10.614     9        1.04      9.55      0.25    0.1991E-03  0.5461E-05  0.8752E-03
| 90  -7143.067100974  0.194465E-05      10.596    10        1.03      9.54      0.25    0.1373E-03  0.9262E-06  0.9867E-04
| ------------------------------------------------------------------------------------------------------------------------
| REACH CONVERGENCE AFTER  90 CYLCES
| MAX ERROR = 0.137343E-03   RMS CHANGE = 0.926228E-06   MAX CHANGE = 0.986653E-04
| -----------------------------------------------
 ALPHA ELECTRON DENSITY    =  454.0001913779
 BETA ELECTRON DENSITY     =  454.0001913779
 ELECTRONIC ENERGY    =-40181.611788438
 CORE_CORE REPULSION  = 33038.544687464
 TOTAL ENERGY         = -7143.067100974

 @ End Energy calculation


 @ Begin Gradient Calculation

 ANALYTICAL GRADIENT: 
----------------------------------------
 COORDINATE    XYZ            GRADIENT
----------------------------------------
    1X    15.6340011939    -0.0117375296
    1Y    14.6160011161    -0.0111353205
    1Z   -13.0350009954     0.0157979698
    2X    16.3740012504    -0.0154780714
    2Y    15.8230012083    -0.0328358223
    2Z   -12.5520009585    -0.0276234022
    3X    16.6010012677     0.0179367228
    3Y    16.9570012949     0.0207685744
    3Z   -13.5650010359     0.0259216735
    4X    16.4070012529     0.0089969978
    4Y    16.7720012808     0.0272407556
    4Z   -14.7600011271     0.0254602305
    5X    17.0440013015    -0.0026162225
    5Y    18.1640013871    -0.0138716041
    5Z   -13.2170010093    -0.0411160509
    6X    17.2600013180    -0.0099521326
    6Y    18.6750014261    -0.0041770782
    6Z   -11.8320009035     0.0080821129
    7X    18.3710014029    -0.0078465746
    7Y    19.7330015069     0.0096914563
    7Z   -11.9340009113     0.0203462077
    8X    19.2810014724     0.0117168082
    8Y    19.9410015228    -0.0590874557
    8Z   -10.3820007928     0.0021834560
    9X    15.9660012192    -0.0183701718
    9Y    19.0900014578     0.0130962214
    9Z   -11.0490008437     0.0103206192
   10X    15.5930011907     0.0044463636
   10Y    18.3820014037     0.0178534772
   10Z   -10.1130007723    -0.0154442769
   11X    15.2430011640     0.0066332725
   11Y    20.1390015379     0.0012220788
   11Z   -11.4830008769     0.0130476349
   12X    13.8720010593    -0.0132713503
   12Y    20.5230015672    -0.0122264555
   12Z   -10.9940008395     0.0135856617
   13X    13.4380010262    -0.0068607679
   13Y    21.5510016457    -0.0047126109
   13Z   -12.0710009218    -0.0044833281
   14X    11.9020009089     0.0161565174
   14Y    22.4460017141    -0.0036237811
   14Z   -11.7180008948     0.0392081382
   15X    12.7950009771    -0.0128695503
   15Y    19.3830014802    -0.0132265788
   15Z   -10.7990008247    -0.0239041916
   16X    11.9860009153    -0.0006268413
   16Y    19.4550014857     0.0017938613
   16Z    -9.8710007538     0.0041702561
   17X    12.8200009790    -0.0088631588
   17Y    18.3270013995     0.0137882091
   17Z   -11.6330008883     0.0053949184
   18X    11.9860009153    -0.0156611781
   18Y    17.1110013067    -0.0122158527
   18Z   -11.5030008784     0.0217958291
   19X    11.9360009115     0.0316129247
   19Y    16.5800012661     0.0121667958
   19Z   -12.9560009894     0.0010155777
   20X    13.2090010087    -0.0053202449
   20Y    16.2590012416    -0.0045826084
   20Z   -13.5390010339    -0.0020809425
   21X    12.4080009475     0.0195135592
   21Y    16.0160012230     0.0083093284
   21Z   -10.4570007985    -0.0119751633
   22X    11.5760008840     0.0086678354
   22Y    15.1930011602    -0.0047713168
   22Z   -10.0770007695     0.0109353534
   23X    13.6480010422    -0.0113231951
   23Y    16.0190012233    -0.0111753731
   23Z    -9.9340007586     0.0030800615
   24X    13.9640010663     0.0044580497
   24Y    15.3960011757    -0.0066099899
   24Z    -8.6310006591    -0.0084182494
   25X    15.4670011811    -0.0069186566
   25Y    15.0270011475    -0.0017563112
   25Z    -8.6490006605     0.0014901467
   26X    15.8110012074     0.0117557443
   26Y    13.6980010460    -0.0672855245
   26Z    -9.2800007087     0.0147830531
   27X    16.1140012305    -0.0119074870
   27Y    13.5570010353     0.0044866557
   27Z   -10.4570007985     0.0567530090
   28X    15.8220012082     0.0044401008
   28Y    12.7170009711     0.0411840336
   28Z    -8.4340006441    -0.0451737054
   29X    13.7550010504    -0.0018693740
   29Y    16.4340012550    -0.0114311305
   29Z    -7.4810005713     0.0168166680
   30X    14.3390010950    -0.0079020907
   30Y    17.5170013377    -0.0036434271
   30Z    -7.5780005787    -0.0003146997
   31X    13.0550009969    -0.0108710417
   31Y    16.1530012335     0.0177579782
   31Z    -6.3510004850    -0.0116852193
   32X    12.9510009890     0.0074669139
   32Y    17.1260013078    -0.0021447440
   32Z    -5.2230003988     0.0102681873
   33X    12.4450009503     0.0027760532
   33Y    14.8380011331     0.0046582498
   33Z    -6.0650004631     0.0033649458
   34X    11.8670009062     0.0114174051
   34Y    16.4770012582    -0.0022876001
   34Z    -4.3600003329    -0.0122333316
   35X    11.9760009145     0.0034051618
   35Y    14.9700011432     0.0103712720
   35Z    -4.6130003523    -0.0129934483
   36X    14.2660010894     0.0087659212
   36Y    17.5840013428    -0.0204706110
   36Z    -4.5060003441     0.0117992371
   37X    14.3670010971     0.0112847871
   37Y    18.7160014292    -0.0022588593
   37Z    -4.0400003085    -0.0053451678
   38X    15.2970011681    -0.0155090353
   38Y    16.7450012787     0.0181822713
   38Z    -4.5390003466    -0.0000045821
   39X    16.6590012721     0.0067941477
   39Y    17.0360013009     0.0140026673
   39Z    -4.0170003068     0.0010687230
   40X    17.2690013187    -0.0111622734
   40Y    15.6390011943     0.0098721623
   40Z    -3.6220002766    -0.0076151939
   41X    18.7940014352    -0.0101275874
   41Y    15.6390011943    -0.0070919281
   41Z    -3.3510002559     0.0072246453
   42X    16.6150012688     0.0150038468
   42Y    15.0330011480     0.0002216418
   42Z    -2.3550001798    -0.0038264995
   43X    17.5100013371     0.0035494061
   43Y    17.9150013681     0.0003682741
   43Z    -4.9750003799    -0.0037251759
   44X    17.9480013706    -0.0045583398
   44Y    19.0010014510    -0.0085155889
   44Z    -4.5840003501    -0.0082689545
   45X    17.7230013534     0.0150962359
   45Y    17.4960013361    -0.0012693920
   45Z    -6.2340004761     0.0071447127
   46X    18.4260014071    -0.0123280672
   46Y    18.3310013998     0.0180487512
   46Z    -7.2410005530    -0.0037042079
   47X    18.8320014381     0.0178445699
   47Y    17.4340013313     0.0002766077
   47Z    -8.4350006441    -0.0102238584
   48X    19.9890015264    -0.0311784115
   48Y    18.2280013920     0.0392928851
   48Z    -9.5900007323     0.0027394324
   49X    17.8100013600    -0.0078465485
   49Y    19.6970015041    -0.0213458909
   49Z    -7.6330005829    -0.0115705121
   50X    18.4960014124    -0.0060457354
   50Y    20.7030015810     0.0093132513
   50Z    -7.8290005979    -0.0126746125
   51X    16.4900012592     0.0206877118
   51Y    19.7300015067     0.0156522392
   51Z    -7.5770005786    -0.0139698020
   52X    15.6720011968     0.0070710419
   52Y    20.9540016001     0.0068349764
   52Z    -7.5200005743     0.0026793416
   53X    11.7430008967    -0.0043387563
   53Y    20.8710015938    -0.0360403084
   53Z    -7.3430005607    -0.0253043954
   54X    11.6650008908    -0.0252105287
   54Y    22.9700017541     0.0433710478
   54Z    -6.2860004800     0.0148437909
   55X    11.0610008447     0.0916696147
   55Y    22.0270016821    -0.0086801938
   55Z    -7.0660005396     0.0300271924
   56X    12.9330009876    -0.0337646548
   56Y    22.4190017120     0.0224106686
   56Z    -6.2070004740     0.0012170409
   57X    12.9880009918    -0.0423946446
   57Y    21.1780016172    -0.0415211200
   57Z    -6.8370005221     0.0201791045
   58X    14.2120010853     0.0067786180
   58Y    20.4410015610     0.0284928889
   58Z    -7.3720005630    -0.0493136810
   59X    16.1160012307     0.0031643706
   59Y    21.9460016759    -0.0123682396
   59Z    -6.4080004893     0.0195861968
   60X    16.1520012334     0.0066148344
   60Y    23.1430017673    -0.0156929500
   60Z    -6.6490005077     0.0061765131
   61X    16.3480012484    -0.0132878256
   61Y    21.4420016374     0.0259663055
   61Z    -5.1990003970    -0.0154617815
   62X    16.5430012633     0.0109437246
   62Y    22.3060017034     0.0060692204
   62Z    -3.9820003041    -0.0017902658
   63X    15.7960012062    -0.0055171648
   63Y    21.7020016572     0.0076334876
   63Z    -2.7640002111    -0.0094646235
   64X    14.2480010880     0.0038900748
   64Y    21.7050016575     0.0016156337
   64Z    -2.8660002189     0.0034898945
   65X    13.6320010410     0.0007594382
   65Y    20.8940015955     0.0120098940
   65Z    -1.7190001313    -0.0066649515
   66X    13.6340010411    -0.0017184692
   66Y    23.1200017655    -0.0082523141
   66Z    -2.8480002175     0.0045555069
   67X    18.0030013748     0.0145715881
   67Y    22.7490017372    -0.0141625956
   67Z    -3.6770002808     0.0035600402
   68X    18.2470013934     0.0043870051
   68Y    23.9150018262    -0.0049357272
   68Z    -3.3620002567     0.0033195841
   69X    18.9740014489    -0.0063841688
   69Y    21.8670016698     0.0150739403
   69Z    -3.9200002993     0.0046857081
   70X    20.3660015552     0.0057138379
   70Y    22.2220016970     0.0278311783
   70Z    -4.2680003259    -0.0113308684
   71X    20.8550015926    -0.0171138909
   71Y    20.9060015965     0.0083871694
   71Z    -4.9190003756     0.0215266390
   72X    21.2680016241     0.0063411618
   72Y    19.7440015077    -0.0075065580
   72Z    -3.9800003039    -0.0077585941
   73X    21.6270016515     0.0031956876
   73Y    18.4330014076    -0.0055472609
   73Z    -4.6860003578     0.0232554611
   74X    21.6530016535    -0.0009684926
   74Y    18.2900013967     0.0029472342
   74Z    -5.9060004510    -0.0288233117
   75X    21.8980016722     0.0051847363
   75Y    17.4380013316    -0.0203711089
   75Z    -3.7950002898    -0.0077101961
   76X    20.6370015759    -0.0154781397
   76Y    23.4480017906    -0.0116404463
   76Z    -5.2020003972    -0.0175463989
   77X    21.6140016505     0.0019934584
   77Y    24.1770018462     0.0135952388
   77Z    -5.0200003833    -0.0068847631
   78X    19.7980015119     0.0290729748
   78Y    23.6330018047     0.0055639471
   78Z    -6.2260004754    -0.0045488432
   79X    19.7860015109    -0.0054560537
   79Y    24.8670018989     0.0021797843
   79Z    -7.0400005376    -0.0070120904
   80X    22.7840017399    -0.0104453124
   80Y    23.3220017810    -0.0450169963
   80Z    -8.0900006178    -0.0075877733
   81X    24.2310018504     0.0399747362
   81Y    25.1080019173     0.0106649021
   81Z    -7.5570005771     0.0094929629
   82X    24.0150018339    -0.0770820155
   82Y    23.7560018141     0.0670136596
   82Z    -7.6670005855    -0.0182640924
   83X    22.9650017537     0.0367195181
   83Y    25.5940019545     0.0081085438
   83Z    -7.8760006014     0.0111005264
   84X    22.1010016877     0.0240118779
   84Y    24.5230018727    -0.0387948177
   84Z    -8.1820006248    -0.0127466805
   85X    20.5820015717     0.0022202302
   85Y    24.6090018792    -0.0044202603
   85Z    -8.3330006363     0.0196514014
   86X    18.3090013981     0.0047520732
   86Y    25.2900019312     0.0219566241
   86Z    -7.2700005552     0.0364589438
   87X    17.7260013536    -0.0104028643
   87Y    25.0560019134    -0.0083578870
   87Z    -8.3280006360     0.0055490332
   88X    17.6970013514    -0.0012597740
   88Y    25.8820019764    -0.0234517838
   88Z    -6.2360004762    -0.0235952137
   89X    16.2630012419     0.0083117988
   89Y    26.2710020062     0.0232393603
   89Z    -6.2490004772    -0.0081532107
   90X    15.7560012032    -0.0016635214
   90Y    26.3840020148    -0.0052629220
   90Z    -4.7930003660    -0.0120012372
   91X    14.3320010944    -0.0043632614
   91Y    26.2720020062    -0.0009468024
   91Z    -4.7520003629     0.0024621554
   92X    15.8320012090     0.0405965919
   92Y    27.4660020974     0.0251327799
   92Z    -7.1480005458     0.0246428624
   93X    14.7590011271    -0.0107040029
   93Y    27.4600020970     0.0043610028
   93Z    -7.7480005917    -0.0183303753
   94X    16.7730012809    -0.0431001593
   94Y    28.3830021674    -0.0042656541
   94Z    -7.3410005606    -0.0005921788
   95X    16.9010012906    -0.0040747335
   95Y    29.1900022291    -0.0027227334
   95Z    -8.5910006560    -0.0174916587
   96X    18.2640013947    -0.0019366128
   96Y    29.9350022860    -0.0155166338
   96Z    -8.5160006503     0.0077498224
   97X    19.5770014950     0.0378025409
   97Y    29.1390022252     0.0238850440
   97Z    -8.6820006630    -0.0228097001
   98X    19.8140015131     0.0054521177
   98Y    28.0950021454     0.0156332888
   98Z    -8.0800006170    -0.0183398544
   99X    20.4720015633    -0.0171509762
   99Y    29.6000022604    -0.0362229229
   99Z    -9.5170007268     0.0320587412
  100X    16.7180012767     0.0264289593
  100Y    28.4750021745    -0.0103148721
  100Z    -9.9750007617     0.0138862917
  101X    16.1030012297    -0.0107038826
  101Y    29.0230022163    -0.0101811693
  101Z   -10.8890008315    -0.0110398838
  102X    17.2690013187    -0.0078120055
  102Y    27.2620020818     0.0178729414
  102Z   -10.1020007714    -0.0132010627
  103X    17.1170013071    -0.0119544083
  103Y    26.4200020175    -0.0011905052
  103Z   -11.3230008647    -0.0067795041
  104X    18.4280014072     0.0023702205
  104Y    25.6230019567     0.0131314385
  104Z   -11.5760008840     0.0018961420
  105X    19.7550015086     0.0033989689
  105Y    26.4180020174    -0.0014689422
  105Z   -11.7230008952    -0.0002447767
  106X    20.9200015975    -0.0066084298
  106Y    25.4470019432     0.0068005618
  106Z   -11.9520009127    -0.0004399293
  107X    19.7300015067     0.0062719108
  107Y    27.4430020957    -0.0112320400
  107Z   -12.8690009827     0.0038785806
  108X    15.8500012104     0.0098305348
  108Y    25.4940019468     0.0086725503
  108Z   -11.3960008702     0.0042968458
  109X    15.6000011913    -0.0147328928
  109Y    24.9030019017    -0.0014412542
  109Z   -12.4500009507     0.0133462585
  110X    15.0320011479    -0.0124120402
  110Y    25.3670019371    -0.0184761822
  110Z   -10.3330007891    -0.0095193028
  111X    13.6050010389    -0.0135332064
  111Y    24.9850019080     0.0103516902
  111Z   -10.4830008005     0.0092992967
  112X    13.2680010132    -0.0192255841
  112Y    24.0010018328    -0.0111410089
  112Z    -9.3580007146     0.0062075884
  113X    11.8020009012     0.0209674628
  113Y    23.0530017604     0.0063374423
  113Z    -9.8080007490    -0.0357749757
  114X    12.5910009615     0.0181137602
  114Y    26.1760019989    -0.0319190248
  114Z   -10.5210008034    -0.0538471301
  115X    11.7070008940     0.0098374742
  115Y    26.2240020026     0.0232188718
  115Z   -11.3680008681     0.0490190469
  116X    12.6080009628    -0.0241741017
  116Y    26.9360020569     0.0078655817
  116Z    -9.5140007265    -0.0086051434
  117X    16.1490012332     0.0054353591
  117Y    14.1880010835    -0.0039655314
  117Z   -13.8180010552    -0.0015431397
  118X    15.5490011874    -0.0052463272
  118Y    13.9350010641    -0.0007113840
  118Z   -12.2670009368    -0.0158427553
  119X    14.6950011222     0.0048197868
  119Y    14.8930011373    -0.0047799989
  119Z   -13.3530010197     0.0005531342
  120X    15.8440012099    -0.0020230899
  120Y    16.2700012424     0.0127229001
  120Z   -11.6940008930     0.0035227650
  121X    17.3840013275     0.0107261135
  121Y    15.5500011875     0.0093982333
  121Z   -12.1930009311    -0.0005237964
  122X    17.2810013196     0.0024018464
  122Y    18.7120014289    -0.0032347333
  122Z   -14.0410010722    -0.0058626089
  123X    17.7450013551     0.0118994560
  123Y    17.8750013650     0.0004565555
  123Z   -11.2490008590     0.0026097828
  124X    19.1430014618     0.0105622183
  124Y    19.3970014812     0.0017670892
  124Z   -12.6490009659     0.0030406815
  125X    17.9960013742    -0.0032548505
  125Y    20.6980015806     0.0014893923
  125Z   -12.3220009410    -0.0107721366
  126X    15.5860011902     0.0119765576
  126Y    20.5030015657    -0.0071831683
  126Z   -12.3760009451    -0.0092183311
  127X    13.9610010661     0.0027957990
  127Y    21.0720016091     0.0147837850
  127Z   -10.0170007649     0.0166759977
  128X    14.2090010851     0.0004664601
  128Y    22.3360017057     0.0089162951
  128Z   -12.2160009329    -0.0061170773
  129X    13.3170010169     0.0049610785
  129Y    21.0740016093    -0.0006763301
  129Z   -13.0630009975    -0.0073499029
  130X    13.5710010363     0.0052769848
  130Y    18.2890013966     0.0006524767
  130Z   -12.3200009408    -0.0030642392
  131X    10.9560008366    -0.0104007283
  131Y    17.4050013291     0.0031942448
  131Z   -11.2200008568     0.0014475932
  132X    11.3110008638     0.0014514369
  132Y    15.6860011978     0.0059535538
  132Z   -12.9640009900    -0.0028851506
  133X    11.3950008702    -0.0087869769
  133Y    17.3010013212    -0.0002312661
  133Z   -13.6040010389    -0.0082836197
  134X    13.0780009987    -0.0050384835
  134Y    16.3300012470    -0.0009156274
  134Z   -14.4970011070    -0.0029745403
  135X    14.2220010860    -0.0042420383
  135Y    16.8190012844    -0.0015799820
  135Z   -10.2060007794    -0.0122020941
  136X    13.3480010193    -0.0044950211
  136Y    14.4970011070    -0.0097112780
  136Z    -8.4330006440     0.0127590931
  137X    16.1000012295     0.0124936841
  137Y    15.8320012090     0.0035555124
  137Z    -9.0650006922     0.0045740705
  138X    15.8140012076    -0.0009932328
  138Y    14.9780011438     0.0007360597
  138Z    -7.6110005812    -0.0135129165
  139X    16.3670012498     0.0045676922
  139Y    11.9110009096     0.0026364610
  139Z    -8.7320006668    -0.0125541122
  140X    15.7070011994    -0.0113086014
  140Y    13.0880009994     0.0252256169
  140Z    -7.4870005717    -0.0056105956
  141X    12.5240009564    -0.0048033837
  141Y    18.0590013791    -0.0055790663
  141Z    -5.5840004264     0.0060371077
  142X    13.1530010044    -0.0016802110
  142Y    13.9990010690    -0.0057218442
  142Z    -6.1680004710    -0.0006675602
  143X    11.6410008890     0.0015472067
  143Y    14.6190011164    -0.0049220018
  143Z    -6.7880005184    -0.0049186947
  144X    11.9660009138    -0.0001269429
  144Y    16.7770012812     0.0047743195
  144Z    -3.3060002525     0.0032739412
  145X    10.8660008298    -0.0089573840
  145Y    16.8310012853     0.0009849627
  145Z    -4.6790003573     0.0004294590
  146X    12.7100009706    -0.0001696294
  146Y    14.5200011088    -0.0025522611
  146Z    -3.9240002997     0.0046063697
  147X    11.0340008426    -0.0033170343
  147Y    14.4320011021    -0.0042670104
  147Z    -4.4170003373     0.0031503103
  148X    15.0930011526    -0.0137447764
  148Y    15.9280012163     0.0071941271
  148Z    -5.1100003902    -0.0017583973
  149X    16.5670012651     0.0037607335
  149Y    17.7030013519     0.0072134250
  149Z    -3.1490002405     0.0009529722
  150X    17.0680013034    -0.0025083941
  150Y    14.9400011409    -0.0073461063
  150Z    -4.4730003416    -0.0058171191
  151X    19.0700014563     0.0038690603
  151Y    16.3170012460     0.0038846829
  151Z    -2.5200001924     0.0058468774
  152X    19.1710014640     0.0075980338
  152Y    14.6330011174    -0.0063300040
  152Z    -3.0800002352     0.0017446548
  153X    19.3830014802     0.0047356043
  153Y    15.9540012183     0.0000079599
  153Z    -4.2330003232    -0.0048063882
  154X    15.5200011852    -0.0059212096
  154Y    14.9200011393    -0.0022051187
  154Z    -2.4580001877     0.0005603048
  155X    17.0070012987    -0.0002573270
  155Y    14.0240010709    -0.0081073950
  155Z    -2.1200001619     0.0052691020
  156X    16.7840012817    -0.0007767035
  156Y    15.6580011957     0.0022407685
  156Z    -1.4560001112     0.0079641419
  157X    17.3550013253     0.0017842561
  157Y    16.5750012657     0.0034058263
  157Z    -6.4220004904     0.0144116885
  158X    19.2590014707    -0.0229708446
  158Y    18.6700014257    -0.0011883724
  158Z    -6.6590005085     0.0050851357
  159X    19.3250014757    -0.0007420691
  159Y    16.5100012608    -0.0083302353
  159Z    -8.0740006166     0.0011844771
  160X    17.9400013700    -0.0017817402
  160Y    17.1120013067    -0.0034689839
  160Z    -8.9970006870    -0.0055321363
  161X    16.1220012311     0.0209519851
  161Y    18.7990014356    -0.0097859786
  161Z    -7.3870005641     0.0026969542
  162X    15.7920012059    -0.0036383561
  162Y    21.4440016375    -0.0134741916
  162Z    -8.4700006468     0.0056893056
  163X    11.5560008825    -0.0034062638
  163Y    20.2090015432    -0.0150365916
  163Z    -8.1160006198    -0.0034151082
  164X    11.2880008620    -0.0064752380
  164Y    23.8370018203     0.0157892317
  164Z    -5.8760004487     0.0127478129
  165X    10.3500007904     0.0143525328
  165Y    22.3800017090     0.0069815658
  165Z    -7.8070005962    -0.0109179408
  166X    13.8330010563    -0.0010513278
  166Y    22.9480017524    -0.0103753651
  166Z    -5.9870004572    -0.0127781510
  167X    13.9640010663     0.0010000980
  167Y    19.8040015123    -0.0071330711
  167Z    -8.2300006285    -0.0047139420
  168X    14.3100010928    -0.0060307152
  168Y    19.7470015080     0.0090965049
  168Z    -6.5140004974     0.0116441904
  169X    16.6390012706     0.0058618741
  169Y    20.4460015613    -0.0185725196
  169Z    -5.3250004066    -0.0310389994
  170X    16.0610012265    -0.0026350891
  170Y    23.2770017775     0.0083203246
  170Z    -4.1720003186     0.0088044857
  171X    16.1600012340     0.0049731753
  171Y    20.6680015783    -0.0048015411
  171Z    -2.6010001986     0.0034114735
  172X    16.0850012283    -0.0005487123
  172Y    22.2440016986    -0.0013143289
  172Z    -1.8410001406     0.0078339375
  173X    13.9770010673    -0.0011133462
  173Y    21.1990016188    -0.0048710206
  173Z    -3.8140002913    -0.0076425960
  174X    14.0090010698     0.0014927566
  174Y    19.8550015162    -0.0066423509
  174Z    -1.7060001303     0.0015566535
  175X    13.8530010579     0.0007629288
  175Y    21.3340016291    -0.0000454007
  175Z    -0.7290000557     0.0051866277
  176X    12.5320009570    -0.0066001940
  176Y    20.8260015904    -0.0025518483
  176Z    -1.8110001383     0.0004715310
  177X    13.8840010602     0.0005555726
  177Y    23.6670018073     0.0047678311
  177Z    -1.9190001465     0.0037884688
  178X    13.9760010673     0.0015054601
  178Y    23.7500018136     0.0020462197
  178Z    -3.6870002816    -0.0047996748
  179X    12.5300009568    -0.0070128765
  179Y    23.0890017632     0.0026619024
  179Z    -2.9160002227    -0.0007753763
  180X    18.7370014308    -0.0018165671
  180Y    20.8660015934    -0.0127383062
  180Z    -3.8610002948     0.0120433926
  181X    20.9340015986    -0.0031784664
  181Y    22.4220017122    -0.0044518130
  181Z    -3.3570002564     0.0005803446
  182X    20.1420015381    -0.0007954072
  182Y    20.5450015689    -0.0059986649
  182Z    -5.6880004344    -0.0113257218
  183X    21.7130016581    -0.0146823392
  183Y    21.1690016165    -0.0004498598
  183Z    -5.5150004211     0.0053265344
  184X    22.1180016890     0.0041449192
  184Y    20.0500015311     0.0033968726
  184Z    -3.3420002552     0.0030867785
  185X    20.4330015603    -0.0043238489
  185Y    19.5380014920     0.0043989744
  185Z    -3.2930002515    -0.0005587392
  186X    22.1100016884    -0.0026217813
  186Y    16.6180012690     0.0073836176
  186Z    -4.2410003239     0.0129607737
  187X    18.9600014479    -0.0031037183
  187Y    23.0460017599    -0.0085786106
  187Z    -6.1470004694     0.0153514894
  188X    20.2700015479     0.0010902828
  188Y    25.7070019631     0.0104187550
  188Z    -6.5170004977    -0.0057406816
  189X    22.3910017099    -0.0074341051
  189Y    22.3750017086    -0.0140218263
  189Z    -8.0640006158    -0.0022593585
  190X    25.0900019160     0.0182750709
  190Y    25.6200019564     0.0149259981
  190Z    -7.3080005581     0.0048665935
  191X    24.7680018914     0.0039909545
  191Y    23.0400017594    -0.0057248557
  191Z    -7.3340005601     0.0051190170
  192X    22.6390017288    -0.0053036669
  192Y    26.6260020333     0.0035363748
  192Z    -7.7820005943     0.0026286451
  193X    20.1640015398    -0.0065172862
  193Y    23.6860018088    -0.0049467427
  193Z    -8.7730006699     0.0009472571
  194X    20.3510015541    -0.0012001655
  194Y    25.4260019416     0.0046082658
  194Z    -9.0360006900    -0.0045126345
  195X    18.0360013773    -0.0001585511
  195Y    25.4460019432    -0.0096533726
  195Z    -5.3950004120    -0.0202821295
  196X    15.7960012062     0.0144899156
  196Y    25.4120019406     0.0032345939
  196Z    -6.7070005122     0.0022581208
  197X    16.1910012364    -0.0026153732
  197Y    25.5990019548    -0.0017634735
  197Z    -4.1420003163     0.0085405202
  198X    16.0820012281     0.0010554921
  198Y    27.3460020882     0.0037837270
  198Z    -4.3460003319     0.0049655301
  199X    14.0160010703    -0.0000163806
  199Y    26.8670020517     0.0015416308
  199Z    -4.0590003100     0.0031572916
  200X    17.5880013431    -0.0150997952
  200Y    27.9670021357    -0.0234521175
  200Z    -6.8780005252     0.0144989698
  201X    16.1010012295    -0.0068490648
  201Y    29.9530022873     0.0068341923
  201Z    -8.5590006536     0.0031010372
  202X    18.2190013913    -0.0009240312
  202Y    30.7280023465     0.0032717299
  202Z    -9.2820007088    -0.0026267312
  203X    18.3320013999     0.0012004674
  203Y    30.4630023263     0.0036705375
  203Z    -7.5510005766     0.0018002155
  204X    21.3240016284     0.0065338146
  204Y    29.0440022179    -0.0121230696
  204Z    -9.6010007332     0.0067069005
  205X    20.2140015436    -0.0177894284
  205Y    30.4320023239     0.0127653298
  205Z   -10.0570007680     0.0002236241
  206X    17.5880013431    -0.0005126671
  206Y    26.8930020537     0.0115363517
  206Z    -9.1950007022     0.0226642134
  207X    16.9990012981     0.0050780592
  207Y    27.1010020695    -0.0015828115
  207Z   -12.1770009299    -0.0078272599
  208X    18.5330014153    -0.0015610923
  208Y    24.8720018993    -0.0060812577
  208Z   -10.7720008226     0.0020429477
  209X    18.2840013962     0.0026885908
  209Y    25.0240019109    -0.0060002678
  209Z   -12.4970009543    -0.0044604346
  210X    19.9430015229     0.0016557126
  210Y    26.9700020595     0.0030750149
  210Z   -10.7820008234     0.0044180510
  211X    20.9780016020     0.0006379970
  211Y    24.6710018840    -0.0037621929
  211Z   -11.1700008530     0.0039638003
  212X    20.8240015902     0.0003638057
  212Y    24.9210019031    -0.0037829080
  212Z   -12.9210009867    -0.0051562371
  213X    21.8900016716     0.0050698170
  213Y    25.9770019837     0.0023769291
  213Z   -11.9600009133     0.0005312507
  214X    19.5020014892    -0.0013673310
  214Y    26.9780020601    -0.0005093326
  214Z   -13.8470010574    -0.0067817812
  215X    18.9700014486    -0.0034771836
  215Y    28.2290021557     0.0056624697
  215Z   -12.7010009699     0.0009323325
  216X    20.6960015804     0.0035711462
  216Y    27.9710021360     0.0049834684
  216Z   -12.9780009910    -0.0018332781
  217X    15.3800011745     0.0213926129
  217Y    25.8540019743     0.0021954722
  217Z    -9.4980007253     0.0057229223
  218X    13.4610010279    -0.0136337447
  218Y    24.4470018669    -0.0086538912
  218Z   -11.4370008734    -0.0048187819
  219X    14.0200010706    -0.0093188431
  219Y    23.2240017735    -0.0056990410
  219Z    -9.1930007020     0.0039880271
  220X    13.2150010091     0.0160753013
  220Y    24.5520018749     0.0028270865
  220Z    -8.3990006414     0.0076333880
----------------------------------------

 @ End Gradient Calculation


 @ Output Timing Information

------------- TIMING ---------------
| INITIAL GUESS TIME  =    16.782553704(  2.55%)
| DFT GRID OPERATIONS =     4.426202000(  0.67%)
| TOTAL SCF TIME      =   555.411104000( 84.41%)
|       TOTAL OP TIME      =   462.604168000( 70.31%)
|             TOTAL 1e TIME      =     1.072382000(  0.16%)
|             TOTAL 2e TIME      =   355.784709000( 54.07%)
|             TOTAL EXC TIME     =    98.161503000( 14.92%)
|       TOTAL DII TIME      =    90.672441000( 13.78%)
|             TOTAL DIAG TIME    =    22.098003000(  3.36%)
| TOTAL GRADIENT TIME      =    70.590082000( 10.73%)
|       TOTAL 1e GRADIENT TIME (OVERLAPPED WITH 2e GRAD TIME) =     3.677003000( 0.97%)
|       TOTAL 2e GRADIENT TIME (OVERLAPPED WITH 1e GRAD TIME) =    59.299324000( 9.01%)
|       TOTAL EXC GRADIENT TIME     =     4.917498000(  0.75%)
| TOTAL TIME          =   657.980043000
------------------------------------
| Job cpu time:  0 days  0 hours 10 minutes 58.0 seconds.

 @ Finish Output Timing Information

| Normal Termination. Task Finished on: Thu Aug  5 20:22:25 2021
