  *********************************************************************************************************
  **                                                                                                     **
  **           888888888888                                                                              **
  **         8888888888888888                                                                            **
  **      888888888888888888                                                                             **
  **     888888888888888888                                                                              **
  **    888888888888888                                                                                  **
  **   88888888888888888888                               88888                       8888:              **
  **   8888888888888888888888Z                            88888                       8888:              **
  **   888888888888888888888888?                          88888                       8888:              **
  **   8888888888888      8888888                                        888888       8888:              **
  **    88888888888         888888     8888:     88888    88888        888888888I     8888:    888888    **
  **    8888888888           88888:    8888:     88888    88888      $888888888888    8888:   888888     **
  **    I8Z 88888             88888    8888:     88888    88888    .888888     8888   8888: 888888       **
  **    .8Z 88888             88888    8888:     88888    88888    $88888             8888:88888         **
  **     8I 88888      .=88. .88888    8888:     88888    88888    88888              8888888888         **
  **    :8  88888      888888$8888$    8888:     88888    88888    8888O              88888888888        **
  **   ,7   +88888.     8888888888.    8888:     88888    88888    888888             88888O888888       **
  **         $888888:.   .8888888      88888....888888    88888     888888     8888   8888:  888888      **
  **          I8888888888888888888     888888888888888    88888     O888888888888O    8888:   888888     **
  **            O888888888888888888     88888888888888    88888       88888888888$    8888:    888888    **
  **               8888888Z     888      .8888I  88888    88888         8888888       8888:     888888   **
  **                                                                                                     **
  **                                                                                                     **
  **                                         Copyright (c) 2021                                          **
  **                          Regents of the University of California San Diego                          **
  **                                    & Michigan State University                                      **
  **                                        All Rights Reserved.                                         **
  **                                                                                                     **
  **                   This software provided pursuant to a license agreement containing                 **
  **                   restrictions on its disclosure, duplication, and use. This software               **
  **                   contains confidential and proprietary information, and may not be                 **
  **                   extracted or distributed, in whole or in part, for any purpose                    **
  **                   whatsoever, without the express written permission of the authors.                **
  **                   This notice, and the associated author list, must be attached to                  **
  **                   all copies, or extracts, of this software. Any additional                         **
  **                   restrictions set forth in the license agreement also apply to this                **
  **                   software.                                                                         **
  *********************************************************************************************************
                                                                                                           
  Cite this work as:                                                                                       
  Manathunga, M.; Jin, C.; Cruzeiro, V.W.D.; Smith, J.; Keipert, K.; Pekurovsky, D.; Mu, D.; Miao, Y.;     
  He, X.; Ayers, K.; Brothers, E.; Goetz, A.W.; Merz, K.M. QUICK-21.03                                     
  University of California San Diego, CA and Michigan State University, East Lansing, MI, 2021             
                                                                                                           
  If you have any comments or queries, please send us an email for technical support:                      
  quick.merzlab@gmail.com                                                                                  
                                                                                                           
| TASK STARTS ON: Thu Aug  5 20:30:38 2021
| INPUT FILE :    /home/saatvik/QUICK-gpu/install/benchmark/1m2c_1.in
| OUTPUT FILE:    /home/saatvik/QUICK-gpu/install/benchmark/1m2c_1.out
| DATE FILE  :    /home/saatvik/QUICK-gpu/install/benchmark/1m2c_1.dat
| BASIS SET PATH: /home/saatvik/QUICK-gpu/install/basis

|------------ GPU INFORMATION ---------------
| CUDA ENABLED DEVICE         :        4
| CUDA DEVICE IN USE          :        0
| CUDA DEVICE NAME            : Tesla V100-SXM2-32GB
| CUDA DEVICE PM              :       80
| CUDA DEVICE CORE FREQ(GHZ)  :     1.53
| CUDA DEVICE MEMORY SIZE (MB):    32510
| SUPPORTING CUDA VERSION     :      7.0
|--------------------------------------------

 @ Read Job And Atom

  KEYWORD=DFT B3LYP BASIS=6-31G** CUTOFF=1.0E-7 DENSERMS=1.0E-6 NCYC=1000 GRADIENT                                                                                                                                
 ============== JOB CARD =============
 METHOD = DENSITY FUNCTIONAL THEORY
 DENSITY FUNCTIONAL = B3LYP
 DIRECT SCF 
 SAD INITAL GUESS 
 USE DIIS SCF
 PRINT ENERGY EVERY CYCLE
 READ SAD GUESS FROM FILE
 STANDARD GRID = SG1
 GRADIENT CALCULATION
 MAX SCF CYCLES =    200
 MAX DIIS CYCLES =   10
 DELTA DENSITY START CYCLE = 1000
 COMPUTATIONAL CUTOFF: 
      TWO-e INTEGRAL   =  0.100E-06
      BASIS SET PRIME  =  0.100E-19
      MATRIX ELEMENTS  =  0.100E-09
      BASIS FUNCTION   =  0.100E-09
      GRADIENT CUTOFF  =  0.100E-06
 DENSITY MATRIX MAXIMUM RMS FOR CONVERGENCE  =  0.100E-05
 BASIS SET = 6-31G**,  TYPE = CARTESIAN
| BASIS FILE = /home/saatvik/QUICK-gpu/install/basis/6-31GDP.BAS

 @ Finish reading job


 @ Begin SAD initial guess

 For Atom Kind =    1
 ELEMENT = N 
 BASIS FUNCTIONS =   15
 For Atom Kind =    2
 ELEMENT = C 
 BASIS FUNCTIONS =   15
 For Atom Kind =    3
 ELEMENT = O 
 BASIS FUNCTIONS =   15
 For Atom Kind =    4
 ELEMENT = S 
 BASIS FUNCTIONS =   19
 For Atom Kind =    5
 ELEMENT = H 
 BASIS FUNCTIONS =    5

 @ Finish SAD initial guess


 @ Begin Reading Molecular Information


 =========== Molecule Input ==========
 TOTAL MOLECULAR CHARGE  =    0    MULTIPLICITY                =    1
 TOTAL ATOM NUMBER       =  220    NUMBER OF ATOM TYPES        =    5
 NUMBER OF HYDROGEN ATOM =  104    NUMBER OF NON-HYDROGEN ATOM =  116
 NUMBER OF ELECTRONS     =  908

 -- INPUT GEOMETRY -- :
    N          15.6340      14.6160     -13.0350
    C          16.3740      15.8230     -12.5520
    C          16.6010      16.9570     -13.5650
    O          16.4070      16.7720     -14.7600
    N          17.0440      18.1640     -13.2170
    C          17.2600      18.6750     -11.8320
    C          18.3710      19.7330     -11.9340
    S          19.2810      19.9410     -10.3820
    C          15.9660      19.0900     -11.0490
    O          15.5930      18.3820     -10.1130
    N          15.2430      20.1390     -11.4830
    C          13.8720      20.5230     -10.9940
    C          13.4380      21.5510     -12.0710
    S          11.9020      22.4460     -11.7180
    C          12.7950      19.3830     -10.7990
    O          11.9860      19.4550      -9.8710
    N          12.8200      18.3270     -11.6330
    C          11.9860      17.1110     -11.5030
    C          11.9360      16.5800     -12.9560
    O          13.2090      16.2590     -13.5390
    C          12.4080      16.0160     -10.4570
    O          11.5760      15.1930     -10.0770
    N          13.6480      16.0190      -9.9340
    C          13.9640      15.3960      -8.6310
    C          15.4670      15.0270      -8.6490
    C          15.8110      13.6980      -9.2800
    O          16.1140      13.5570     -10.4570
    N          15.8220      12.7170      -8.4340
    C          13.7550      16.4340      -7.4810
    O          14.3390      17.5170      -7.5780
    N          13.0550      16.1530      -6.3510
    C          12.9510      17.1260      -5.2230
    C          12.4450      14.8380      -6.0650
    C          11.8670      16.4770      -4.3600
    C          11.9760      14.9700      -4.6130
    C          14.2660      17.5840      -4.5060
    O          14.3670      18.7160      -4.0400
    N          15.2970      16.7450      -4.5390
    C          16.6590      17.0360      -4.0170
    C          17.2690      15.6390      -3.6220
    C          18.7940      15.6390      -3.3510
    C          16.6150      15.0330      -2.3550
    C          17.5100      17.9150      -4.9750
    O          17.9480      19.0010      -4.5840
    N          17.7230      17.4960      -6.2340
    C          18.4260      18.3310      -7.2410
    C          18.8320      17.4340      -8.4350
    S          19.9890      18.2280      -9.5900
    C          17.8100      19.6970      -7.6330
    O          18.4960      20.7030      -7.8290
    N          16.4900      19.7300      -7.5770
    C          15.6720      20.9540      -7.5200
    N          11.7430      20.8710      -7.3430
    N          11.6650      22.9700      -6.2860
    C          11.0610      22.0270      -7.0660
    C          12.9330      22.4190      -6.2070
    C          12.9880      21.1780      -6.8370
    C          14.2120      20.4410      -7.3720
    C          16.1160      21.9460      -6.4080
    O          16.1520      23.1430      -6.6490
    N          16.3480      21.4420      -5.1990
    C          16.5430      22.3060      -3.9820
    C          15.7960      21.7020      -2.7640
    C          14.2480      21.7050      -2.8660
    C          13.6320      20.8940      -1.7190
    C          13.6340      23.1200      -2.8480
    C          18.0030      22.7490      -3.6770
    O          18.2470      23.9150      -3.3620
    N          18.9740      21.8670      -3.9200
    C          20.3660      22.2220      -4.2680
    C          20.8550      20.9060      -4.9190
    C          21.2680      19.7440      -3.9800
    C          21.6270      18.4330      -4.6860
    O          21.6530      18.2900      -5.9060
    O          21.8980      17.4380      -3.7950
    C          20.6370      23.4480      -5.2020
    O          21.6140      24.1770      -5.0200
    N          19.7980      23.6330      -6.2260
    C          19.7860      24.8670      -7.0400
    N          22.7840      23.3220      -8.0900
    N          24.2310      25.1080      -7.5570
    C          24.0150      23.7560      -7.6670
    C          22.9650      25.5940      -7.8760
    C          22.1010      24.5230      -8.1820
    C          20.5820      24.6090      -8.3330
    C          18.3090      25.2900      -7.2700
    O          17.7260      25.0560      -8.3280
    N          17.6970      25.8820      -6.2360
    C          16.2630      26.2710      -6.2490
    C          15.7560      26.3840      -4.7930
    O          14.3320      26.2720      -4.7520
    C          15.8320      27.4660      -7.1480
    O          14.7590      27.4600      -7.7480
    N          16.7730      28.3830      -7.3410
    C          16.9010      29.1900      -8.5910
    C          18.2640      29.9350      -8.5160
    C          19.5770      29.1390      -8.6820
    O          19.8140      28.0950      -8.0800
    N          20.4720      29.6000      -9.5170
    C          16.7180      28.4750      -9.9750
    O          16.1030      29.0230     -10.8890
    N          17.2690      27.2620     -10.1020
    C          17.1170      26.4200     -11.3230
    C          18.4280      25.6230     -11.5760
    C          19.7550      26.4180     -11.7230
    C          20.9200      25.4470     -11.9520
    C          19.7300      27.4430     -12.8690
    C          15.8500      25.4940     -11.3960
    O          15.6000      24.9030     -12.4500
    N          15.0320      25.3670     -10.3330
    C          13.6050      24.9850     -10.4830
    C          13.2680      24.0010      -9.3580
    S          11.8020      23.0530      -9.8080
    C          12.5910      26.1760     -10.5210
    O          11.7070      26.2240     -11.3680
    O          12.6080      26.9360      -9.5140
    H          16.1490      14.1880     -13.8180
    H          15.5490      13.9350     -12.2670
    H          14.6950      14.8930     -13.3530
    H          15.8440      16.2700     -11.6940
    H          17.3840      15.5500     -12.1930
    H          17.2810      18.7120     -14.0410
    H          17.7450      17.8750     -11.2490
    H          19.1430      19.3970     -12.6490
    H          17.9960      20.6980     -12.3220
    H          15.5860      20.5030     -12.3760
    H          13.9610      21.0720     -10.0170
    H          14.2090      22.3360     -12.2160
    H          13.3170      21.0740     -13.0630
    H          13.5710      18.2890     -12.3200
    H          10.9560      17.4050     -11.2200
    H          11.3110      15.6860     -12.9640
    H          11.3950      17.3010     -13.6040
    H          13.0780      16.3300     -14.4970
    H          14.2220      16.8190     -10.2060
    H          13.3480      14.4970      -8.4330
    H          16.1000      15.8320      -9.0650
    H          15.8140      14.9780      -7.6110
    H          16.3670      11.9110      -8.7320
    H          15.7070      13.0880      -7.4870
    H          12.5240      18.0590      -5.5840
    H          13.1530      13.9990      -6.1680
    H          11.6410      14.6190      -6.7880
    H          11.9660      16.7770      -3.3060
    H          10.8660      16.8310      -4.6790
    H          12.7100      14.5200      -3.9240
    H          11.0340      14.4320      -4.4170
    H          15.0930      15.9280      -5.1100
    H          16.5670      17.7030      -3.1490
    H          17.0680      14.9400      -4.4730
    H          19.0700      16.3170      -2.5200
    H          19.1710      14.6330      -3.0800
    H          19.3830      15.9540      -4.2330
    H          15.5200      14.9200      -2.4580
    H          17.0070      14.0240      -2.1200
    H          16.7840      15.6580      -1.4560
    H          17.3550      16.5750      -6.4220
    H          19.2590      18.6700      -6.6590
    H          19.3250      16.5100      -8.0740
    H          17.9400      17.1120      -8.9970
    H          16.1220      18.7990      -7.3870
    H          15.7920      21.4440      -8.4700
    H          11.5560      20.2090      -8.1160
    H          11.2880      23.8370      -5.8760
    H          10.3500      22.3800      -7.8070
    H          13.8330      22.9480      -5.9870
    H          13.9640      19.8040      -8.2300
    H          14.3100      19.7470      -6.5140
    H          16.6390      20.4460      -5.3250
    H          16.0610      23.2770      -4.1720
    H          16.1600      20.6680      -2.6010
    H          16.0850      22.2440      -1.8410
    H          13.9770      21.1990      -3.8140
    H          14.0090      19.8550      -1.7060
    H          13.8530      21.3340      -0.7290
    H          12.5320      20.8260      -1.8110
    H          13.8840      23.6670      -1.9190
    H          13.9760      23.7500      -3.6870
    H          12.5300      23.0890      -2.9160
    H          18.7370      20.8660      -3.8610
    H          20.9340      22.4220      -3.3570
    H          20.1420      20.5450      -5.6880
    H          21.7130      21.1690      -5.5150
    H          22.1180      20.0500      -3.3420
    H          20.4330      19.5380      -3.2930
    H          22.1100      16.6180      -4.2410
    H          18.9600      23.0460      -6.1470
    H          20.2700      25.7070      -6.5170
    H          22.3910      22.3750      -8.0640
    H          25.0900      25.6200      -7.3080
    H          24.7680      23.0400      -7.3340
    H          22.6390      26.6260      -7.7820
    H          20.1640      23.6860      -8.7730
    H          20.3510      25.4260      -9.0360
    H          18.0360      25.4460      -5.3950
    H          15.7960      25.4120      -6.7070
    H          16.1910      25.5990      -4.1420
    H          16.0820      27.3460      -4.3460
    H          14.0160      26.8670      -4.0590
    H          17.5880      27.9670      -6.8780
    H          16.1010      29.9530      -8.5590
    H          18.2190      30.7280      -9.2820
    H          18.3320      30.4630      -7.5510
    H          21.3240      29.0440      -9.6010
    H          20.2140      30.4320     -10.0570
    H          17.5880      26.8930      -9.1950
    H          16.9990      27.1010     -12.1770
    H          18.5330      24.8720     -10.7720
    H          18.2840      25.0240     -12.4970
    H          19.9430      26.9700     -10.7820
    H          20.9780      24.6710     -11.1700
    H          20.8240      24.9210     -12.9210
    H          21.8900      25.9770     -11.9600
    H          19.5020      26.9780     -13.8470
    H          18.9700      28.2290     -12.7010
    H          20.6960      27.9710     -12.9780
    H          15.3800      25.8540      -9.4980
    H          13.4610      24.4470     -11.4370
    H          14.0200      23.2240      -9.1930
    H          13.2150      24.5520      -8.3990

============== BASIS INFOS ==============
 BASIS FUNCTIONS = 2276
 NSHELL =  780 NPRIM  = 4072
 JSHELL =  780 JBASIS = 1820


 @ End Reading Molecular Information 


 @ Begin XC Quadrature Formation

 OCTAGO: OCTree Algorithm for Grid Operations 
   PRUNING CUTOFF       = 0.100E-09
   INITIAL GRID POINTS  =      832640
|   FINAL GRID POINTS    =      521585
|   SIGNIFICANT NUMBER OF BASIS FUNCTIONS     =     1890667
|   SIGNIFICANT NUMBER OF PRIMITIVE FUNCTIONS =     2008476

 @ End XC Quadrature Formation


 @ Begin Energy Calculation

                                         SCF ENERGY
| ------------------------------------------------------------------------------------------------------------------------
| NCYC       ENERGY         DELTA_E      SCF_TIME  DII_CYC   DII_TIME   O_TIME  DIAG_TIME    MAX_ERR    RMS_CHG    MAX_CHG
| ------------------------------------------------------------------------------------------------------------------------
|  1  -7167.879054845      ------        34.041     1        0.68     33.33      0.25    0.2473E+01  0.7213E-02  0.6142E+00
|  2  -7139.408400316  -.284707E+02      47.601     2        0.70     46.87      0.25    0.2991E+00  0.1645E-01  0.6235E+01
|  3  -7028.770301104  -.110638E+03      50.200     3        0.73     49.44      0.25    0.1031E+01  0.2626E-01  0.9889E+01
|  4  -6933.699819756  -.950705E+02      50.366     4        0.76     49.59      0.25    0.1080E+01  0.2060E-01  0.9895E+01
|  5  -7141.206229414  0.207506E+03      48.211     5        0.78     47.41      0.25    0.3456E+00  0.3011E-02  0.8247E+00
|  6  -7135.675537013  -.553069E+01      48.239     6        0.80     47.41      0.25    0.7922E+00  0.4572E-02  0.1169E+01
|  7  -7137.040152554  0.136462E+01      48.548     7        0.83     47.69      0.25    0.5177E+00  0.4575E-02  0.1157E+01
|  8  -7142.462939889  0.542279E+01      48.306     8        0.86     47.43      0.25    0.2283E+00  0.3189E-02  0.6814E+00
|  9  -7142.596347255  0.133407E+00      48.186     9        0.88     47.28      0.25    0.1234E+00  0.1721E-02  0.5005E+00
| 10  -7142.437140614  -.159207E+00      48.198    10        0.90     47.27      0.25    0.1970E+00  0.2537E-02  0.5737E+00
| 11  -7142.637004279  0.199864E+00      48.474     1        1.03     47.42      0.25    0.1062E+00  0.3606E-02  0.1073E+01
| 12  -7142.766069041  0.129065E+00      48.458     2        1.03     47.41      0.25    0.6602E-01  0.2995E-02  0.1060E+01
| 13  -7142.631932876  -.134136E+00      48.324     3        1.03     47.27      0.25    0.1586E+00  0.1985E-02  0.5636E+00
| 14  -7142.843156984  0.211224E+00      48.467     4        1.03     47.41      0.25    0.6771E-01  0.2814E-02  0.5782E+00
| 15  -7142.864264789  0.211078E-01      48.552     5        1.03     47.50      0.25    0.5089E-01  0.2706E-02  0.5993E+00
| 16  -7142.650371150  -.213894E+00      48.316     6        1.03     47.26      0.25    0.1285E+00  0.2522E-02  0.3421E+00
| 17  -7142.974376234  0.324005E+00      48.530     7        1.03     47.48      0.25    0.4610E-01  0.2366E-02  0.3265E+00
| 18  -7142.713103675  -.261273E+00      48.386     8        1.03     47.33      0.25    0.1165E+00  0.1673E-02  0.5685E+00
| 19  -7142.663929586  -.491741E-01      48.341     9        1.03     47.29      0.25    0.1525E+00  0.1613E-02  0.5699E+00
| 20  -7142.633429133  -.305005E-01      48.308    10        1.03     47.26      0.25    0.1346E+00  0.3351E-03  0.3610E-01
| 21  -7142.703890057  0.704609E-01      48.385     1        1.03     47.33      0.25    0.1209E+00  0.1397E-03  0.1205E-01
| 22  -7142.731304128  0.274141E-01      48.338     2        1.03     47.28      0.25    0.1144E+00  0.3883E-04  0.5785E-02
| 23  -7142.728891842  -.241229E-02      48.327     3        1.03     47.27      0.25    0.1146E+00  0.3686E-04  0.3153E-02
| 24  -7142.735560409  0.666857E-02      48.340     4        1.03     47.29      0.25    0.1133E+00  0.1412E-03  0.1238E-01
| 25  -7142.758378218  0.228178E-01      48.359     5        1.04     47.30      0.25    0.1069E+00  0.2630E-03  0.2975E-01
| 26  -7142.767552336  0.917412E-02      48.364     6        1.03     47.31      0.25    0.1056E+00  0.1037E-03  0.1288E-01
| 27  -7142.784373378  0.168210E-01      48.367     7        1.03     47.31      0.25    0.1022E+00  0.3558E-02  0.1123E+01
| 28  -7141.083876700  -.170050E+01      48.631     8        1.03     47.58      0.25    0.3615E+00  0.3062E-02  0.9969E+00
| 29  -7142.789183495  0.170531E+01      48.477     9        1.03     47.42      0.25    0.1154E+00  0.2598E-02  0.6159E+00
| 30  -7140.121817048  -.266737E+01      48.346    10        1.04     47.29      0.25    0.3258E+00  0.1494E-02  0.5394E+00
| 31  -7142.557006152  0.243519E+01      48.312     1        1.03     47.26      0.25    0.1940E+00  0.2658E-02  0.5983E+00
| 32  -7142.837763378  0.280757E+00      48.531     2        1.03     47.48      0.25    0.4583E-01  0.3391E-02  0.9039E+00
| 33  -7142.870476184  0.327128E-01      48.510     3        1.03     47.45      0.25    0.5783E-01  0.2928E-02  0.8981E+00
| 34  -7142.646390185  -.224086E+00      48.292     4        1.03     47.24      0.25    0.1653E+00  0.1757E-02  0.5541E+00
| 35  -7142.866611460  0.220221E+00      48.419     5        1.03     47.37      0.25    0.7749E-01  0.4250E-03  0.4343E-01
| 36  -7142.759415726  -.107196E+00      48.388     6        1.03     47.33      0.25    0.1086E+00  0.7278E-04  0.8766E-02
| 37  -7142.744301235  -.151145E-01      48.322     7        1.03     47.27      0.25    0.1124E+00  0.6648E-04  0.5083E-02
| 38  -7142.759771589  0.154704E-01      48.351     8        1.03     47.30      0.25    0.1082E+00  0.3797E-04  0.4791E-02
| 39  -7142.756265081  -.350651E-02      48.347     9        1.03     47.29      0.25    0.1090E+00  0.1572E-03  0.1550E-01
| 40  -7142.781047869  0.247828E-01      48.355    10        1.03     47.30      0.25    0.1036E+00  0.5031E-04  0.7463E-02
| 41  -7142.782900915  0.185305E-02      48.377     1        1.03     47.32      0.25    0.1038E+00  0.1728E-02  0.2096E+00
| 42  -7143.012449328  0.229548E+00      48.452     2        1.03     47.40      0.25    0.5235E-01  0.3704E-02  0.9383E+00
| 43  -7141.195216938  -.181723E+01      48.651     3        1.03     47.60      0.25    0.2941E+00  0.4527E-02  0.1175E+01
| 44  -7142.714115074  0.151890E+01      48.462     4        1.03     47.41      0.25    0.9238E-01  0.3249E-02  0.1172E+01
| 45  -7142.533112537  -.181003E+00      48.296     5        1.03     47.24      0.25    0.2088E+00  0.2582E-02  0.5488E+00
| 46  -7142.861697976  0.328585E+00      48.472     6        1.03     47.42      0.25    0.6400E-01  0.2562E-02  0.5512E+00
| 47  -7142.690878778  -.170819E+00      48.285     7        1.03     47.23      0.25    0.1509E+00  0.1693E-02  0.5359E+00
| 48  -7142.830679534  0.139801E+00      48.355     8        1.03     47.30      0.25    0.9066E-01  0.1232E-03  0.1162E-01
| 49  -7142.816173268  -.145063E-01      48.367     9        1.03     47.31      0.25    0.9621E-01  0.1444E-04  0.2111E-02
| 50  -7142.815191915  -.981353E-03      48.370    10        1.03     47.32      0.25    0.9619E-01  0.3710E-04  0.4493E-02
| 51  -7142.817425766  0.223385E-02      48.360     1        1.04     47.30      0.25    0.9554E-01  0.8495E-04  0.8496E-02
| 52  -7142.839926332  0.225006E-01      48.368     2        1.03     47.32      0.25    0.8966E-01  0.1973E-02  0.4775E+00
| 53  -7142.496688260  -.343238E+00      48.384     3        1.03     47.33      0.25    0.1930E+00  0.1936E-02  0.4789E+00
| 54  -7142.802080292  0.305392E+00      48.394     4        1.03     47.34      0.25    0.9777E-01  0.3304E-02  0.1363E+01
| 55  -7142.656210703  -.145870E+00      48.426     5        1.03     47.38      0.25    0.1030E+00  0.3346E-02  0.1373E+01
| 56  -7142.750256014  0.940453E-01      48.337     6        1.03     47.29      0.25    0.1107E+00  0.2267E-02  0.4568E+00
| 57  -7142.736351863  -.139042E-01      48.429     7        1.03     47.38      0.25    0.1072E+00  0.2763E-02  0.5556E+00
| 58  -7140.228075492  -.250828E+01      48.309     8        1.03     47.26      0.25    0.3341E+00  0.1446E-02  0.5455E+00
| 59  -7142.567634936  0.233956E+01      48.288     9        1.03     47.24      0.24    0.1980E+00  0.8427E-03  0.1447E+00
| 60  -7142.871657977  0.304023E+00      48.263    10        1.03     47.21      0.25    0.9912E-01  0.1498E-02  0.4213E+00
| 61  -7142.952147111  0.804891E-01      48.416     1        1.03     47.36      0.25    0.4854E-01  0.4858E-03  0.4720E-01
| 62  -7142.975520772  0.233737E-01      48.402     2        1.03     47.35      0.25    0.5118E-01  0.2771E-03  0.4916E-01
| 63  -7142.974257502  -.126327E-02      48.359     3        1.03     47.31      0.25    0.5530E-01  0.2073E-02  0.4710E+00
| 64  -7142.510327372  -.463930E+00      48.352     4        1.03     47.30      0.25    0.1870E+00  0.2128E-02  0.4705E+00
| 65  -7142.971403641  0.461076E+00      48.358     5        1.03     47.31      0.25    0.5203E-01  0.3374E-02  0.1352E+01
| 66  -7142.640162888  -.331241E+00      48.379     6        1.03     47.33      0.25    0.1053E+00  0.3509E-02  0.1342E+01
| 67  -7143.020679553  0.380517E+00      48.482     7        1.03     47.43      0.25    0.2389E-01  0.7065E-03  0.8443E-01
| 68  -7143.001491911  -.191876E-01      48.444     8        1.03     47.39      0.25    0.4205E-01  0.1137E-02  0.1916E+00
| 69  -7143.062313060  0.608211E-01      48.399     9        1.03     47.35      0.25    0.8211E-02  0.5899E-03  0.1155E+00
| 70  -7143.048322370  -.139907E-01      48.466    10        1.03     47.41      0.25    0.2730E-01  0.2511E-03  0.3705E-01
| 71  -7143.061873554  0.135512E-01      48.456     1        1.03     47.40      0.25    0.1484E-01  0.3972E-03  0.8329E-01
| 72  -7143.063462188  0.158863E-02      48.426     2        1.03     47.37      0.25    0.1039E-01  0.1246E-03  0.2343E-01
| 73  -7143.066935442  0.347325E-02      48.390     3        1.03     47.34      0.25    0.3974E-02  0.3509E-04  0.5383E-02
| 74  -7143.066636336  -.299107E-03      48.416     4        1.03     47.36      0.25    0.5424E-02  0.7536E-04  0.1349E-01
| 75  -7143.065634480  -.100186E-02      48.439     5        1.03     47.39      0.25    0.8610E-02  0.2121E-04  0.4074E-02
| 76  -7143.066190302  0.555822E-03      48.427     6        1.03     47.38      0.24    0.7411E-02  0.5466E-04  0.1149E-01
| 77  -7143.065343418  -.846884E-03      48.375     7        1.03     47.33      0.25    0.9535E-02  0.1723E-03  0.2712E-01
| 78  -7143.066778062  0.143464E-02      48.389     8        1.03     47.34      0.24    0.5573E-02  0.1060E-03  0.1813E-01
| 79  -7143.066818837  0.407751E-04      48.402     9        1.03     47.35      0.24    0.5782E-02  0.1536E-04  0.1565E-02
| 80  -7143.066886201  0.673639E-04      48.387    10        1.03     47.34      0.25    0.5690E-02  0.3722E-04  0.8199E-02
| 81  -7143.067514106  0.627905E-03      48.408     1        1.03     47.36      0.25    0.3258E-02  0.7594E-04  0.1611E-01
| 82  -7143.067744866  0.230760E-03      48.403     2        1.03     47.35      0.25    0.1424E-02  0.1955E-04  0.2104E-02
| 83  -7143.067806547  0.616814E-04      48.405     3        1.03     47.35      0.25    0.8280E-03  0.9780E-05  0.1655E-02
| -------------- 2E-INT CUTOFF CHANGE TO 0.1000E-08 ------------
| 84  -7143.067096211  -.710336E-03     108.306     4        1.03    107.26      0.24    0.3388E-03  0.4806E-05  0.7862E-03
| 85  -7143.067096303  0.916916E-07     108.345     5        1.03    107.30      0.25    0.2710E-03  0.5261E-05  0.6363E-03
| 86  -7143.067097543  0.124022E-05     108.376     6        1.03    107.33      0.24    0.2340E-03  0.5757E-05  0.1038E-02
| 87  -7143.067095478  -.206559E-05     108.346     7        1.03    107.29      0.25    0.4186E-03  0.6376E-05  0.9031E-03
| 88  -7143.067099526  0.404862E-05     108.433     8        1.03    107.38      0.25    0.1683E-03  0.7878E-05  0.1144E-02
| 89  -7143.067098375  -.115133E-05     108.380     9        1.03    107.33      0.25    0.3051E-03  0.6707E-05  0.1100E-02
| 90  -7143.067101531  0.315639E-05     108.342    10        1.03    107.29      0.25    0.1280E-03  0.1013E-05  0.1206E-03
| 91  -7143.067102182  0.650580E-06     108.442     1        1.03    107.39      0.25    0.1297E-03  0.1596E-04  0.2325E-02
| 92  -7143.067095256  -.692552E-05     108.406     2        1.03    107.35      0.25    0.5779E-03  0.2618E-04  0.3995E-02
| 93  -7143.067089324  -.593284E-05     108.437     3        1.03    107.38      0.25    0.6654E-03  0.1638E-03  0.2347E-01
| 94  -7143.065208018  -.188131E-02     108.472     4        1.03    107.42      0.25    0.7293E-02  0.3062E-03  0.6735E-01
| 95  -7143.062414963  -.279306E-02     108.313     5        1.03    107.26      0.25    0.1290E-01  0.1634E-03  0.3169E-01
| 96  -7143.066910508  0.449555E-02     108.322     6        1.03    107.27      0.25    0.3127E-02  0.3861E-04  0.5572E-02
| 97  -7143.067109899  0.199391E-03     108.313     7        1.03    107.26      0.25    0.1837E-02  0.2014E-04  0.2839E-02
| 98  -7143.067153778  0.438787E-04     108.229     8        1.03    107.18      0.25    0.1657E-02  0.2484E-04  0.4173E-02
| 99  -7143.067209997  0.562190E-04     108.297     9        1.03    107.25      0.25    0.5380E-03  0.2202E-04  0.4760E-02
|100  -7143.067215592  0.559553E-05     108.273    10        1.03    107.22      0.25    0.5952E-03  0.1449E-04  0.2029E-02
|101  -7143.067225451  0.985839E-05     108.353     1        1.03    107.30      0.25    0.2316E-03  0.6604E-05  0.8020E-03
|102  -7143.067226952  0.150109E-05     108.314     2        1.03    107.26      0.25    0.8575E-04  0.3817E-05  0.4537E-03
|103  -7143.067227198  0.245811E-06     108.355     3        1.03    107.30      0.25    0.8957E-04  0.2489E-05  0.4145E-03
|104  -7143.067227235  0.377695E-07     108.374     4        1.03    107.32      0.25    0.6872E-04  0.5159E-05  0.9410E-03
|105  -7143.067227455  0.219152E-06     108.250     5        1.03    107.20      0.25    0.3297E-04  0.1576E-05  0.2037E-03
|106  -7143.067227376  -.788204E-07     108.299     6        1.03    107.25      0.25    0.5301E-04  0.1251E-05  0.1438E-03
|107  -7143.067227496  0.119922E-06     108.394     7        1.03    107.34      0.25    0.7056E-05  0.7965E-06  0.1425E-03
| -------------- 2E-INT CUTOFF CHANGE TO 0.1000E-09 ------------
|108  -7143.067227620  0.123997E-06     137.499     8        1.02    136.45      0.25    0.3829E-05  0.2858E-06  0.4494E-04
| ------------------------------------------------------------------------------------------------------------------------
| REACH CONVERGENCE AFTER 108 CYLCES
| MAX ERROR = 0.382916E-05   RMS CHANGE = 0.285812E-06   MAX CHANGE = 0.449362E-04
| -----------------------------------------------
 ALPHA ELECTRON DENSITY    =  454.0001909573
 BETA ELECTRON DENSITY     =  454.0001909573
 ELECTRONIC ENERGY    =-40181.611915084
 CORE_CORE REPULSION  = 33038.544687464
 TOTAL ENERGY         = -7143.067227620

 @ End Energy calculation


 @ Begin Gradient Calculation

 ANALYTICAL GRADIENT: 
----------------------------------------
 COORDINATE    XYZ            GRADIENT
----------------------------------------
    1X    15.6340011939    -0.0117157802
    1Y    14.6160011161    -0.0111015531
    1Z   -13.0350009954     0.0158102803
    2X    16.3740012504    -0.0155147451
    2Y    15.8230012083    -0.0328988119
    2Z   -12.5520009585    -0.0276666097
    3X    16.6010012677     0.0179136959
    3Y    16.9570012949     0.0207590699
    3Z   -13.5650010359     0.0259199405
    4X    16.4070012529     0.0090103825
    4Y    16.7720012808     0.0272454795
    4Z   -14.7600011271     0.0254470710
    5X    17.0440013015    -0.0025899572
    5Y    18.1640013871    -0.0138684725
    5Z   -13.2170010093    -0.0411213220
    6X    17.2600013180    -0.0100044636
    6Y    18.6750014261    -0.0041248942
    6Z   -11.8320009035     0.0081251723
    7X    18.3710014029    -0.0078476595
    7Y    19.7330015069     0.0096326470
    7Z   -11.9340009113     0.0203562493
    8X    19.2810014724     0.0117252160
    8Y    19.9410015228    -0.0591067997
    8Z   -10.3820007928     0.0022094611
    9X    15.9660012192    -0.0181941541
    9Y    19.0900014578     0.0132248327
    9Z   -11.0490008437     0.0101980758
   10X    15.5930011907     0.0043621059
   10Y    18.3820014037     0.0176694109
   10Z   -10.1130007723    -0.0152790268
   11X    15.2430011640     0.0065446136
   11Y    20.1390015379     0.0012829841
   11Z   -11.4830008769     0.0130655293
   12X    13.8720010593    -0.0132805005
   12Y    20.5230015672    -0.0122447998
   12Z   -10.9940008395     0.0135335591
   13X    13.4380010262    -0.0068736667
   13Y    21.5510016457    -0.0047186107
   13Z   -12.0710009218    -0.0044699410
   14X    11.9020009089     0.0161761380
   14Y    22.4460017141    -0.0036368652
   14Z   -11.7180008948     0.0391916094
   15X    12.7950009771    -0.0128521820
   15Y    19.3830014802    -0.0132089566
   15Z   -10.7990008247    -0.0239303807
   16X    11.9860009153    -0.0006546700
   16Y    19.4550014857     0.0017973143
   16Z    -9.8710007538     0.0042051003
   17X    12.8200009790    -0.0089162127
   17Y    18.3270013995     0.0137670787
   17Z   -11.6330008883     0.0054307243
   18X    11.9860009153    -0.0156380869
   18Y    17.1110013067    -0.0122205281
   18Z   -11.5030008784     0.0217664031
   19X    11.9360009115     0.0316436329
   19Y    16.5800012661     0.0121784049
   19Z   -12.9560009894     0.0010465687
   20X    13.2090010087    -0.0053136883
   20Y    16.2590012416    -0.0045965730
   20Z   -13.5390010339    -0.0020554524
   21X    12.4080009475     0.0195306640
   21Y    16.0160012230     0.0083720242
   21Z   -10.4570007985    -0.0119732521
   22X    11.5760008840     0.0086270133
   22Y    15.1930011602    -0.0048144200
   22Z   -10.0770007695     0.0109406184
   23X    13.6480010422    -0.0113604684
   23Y    16.0190012233    -0.0112487178
   23Z    -9.9340007586     0.0031260404
   24X    13.9640010663     0.0045256482
   24Y    15.3960011757    -0.0065771838
   24Z    -8.6310006591    -0.0084715667
   25X    15.4670011811    -0.0069937429
   25Y    15.0270011475    -0.0018365758
   25Z    -8.6490006605     0.0014324322
   26X    15.8110012074     0.0117101483
   26Y    13.6980010460    -0.0672466894
   26Z    -9.2800007087     0.0148584779
   27X    16.1140012305    -0.0118616184
   27Y    13.5570010353     0.0044824192
   27Z   -10.4570007985     0.0566536319
   28X    15.8220012082     0.0044135212
   28Y    12.7170009711     0.0411512357
   28Z    -8.4340006441    -0.0451998849
   29X    13.7550010504    -0.0019301023
   29Y    16.4340012550    -0.0115254159
   29Z    -7.4810005713     0.0168410546
   30X    14.3390010950    -0.0078760730
   30Y    17.5170013377    -0.0035545457
   30Z    -7.5780005787    -0.0003237102
   31X    13.0550009969    -0.0108628610
   31Y    16.1530012335     0.0177731351
   31Z    -6.3510004850    -0.0116834554
   32X    12.9510009890     0.0074818013
   32Y    17.1260013078    -0.0021777593
   32Z    -5.2230003988     0.0103076737
   33X    12.4450009503     0.0027592501
   33Y    14.8380011331     0.0046693543
   33Z    -6.0650004631     0.0033928393
   34X    11.8670009062     0.0114440694
   34Y    16.4770012582    -0.0023023524
   34Z    -4.3600003329    -0.0122480026
   35X    11.9760009145     0.0033973760
   35Y    14.9700011432     0.0103884522
   35Z    -4.6130003523    -0.0130123024
   36X    14.2660010894     0.0087306491
   36Y    17.5840013428    -0.0204903655
   36Z    -4.5060003441     0.0117744263
   37X    14.3670010971     0.0112870340
   37Y    18.7160014292    -0.0021970995
   37Z    -4.0400003085    -0.0053152887
   38X    15.2970011681    -0.0154753196
   38Y    16.7450012787     0.0181995796
   38Z    -4.5390003466     0.0000504685
   39X    16.6590012721     0.0068338478
   39Y    17.0360013009     0.0139836493
   39Z    -4.0170003068     0.0010381096
   40X    17.2690013187    -0.0111731399
   40Y    15.6390011943     0.0098890329
   40Z    -3.6220002766    -0.0075910769
   41X    18.7940014352    -0.0101465732
   41Y    15.6390011943    -0.0070909730
   41Z    -3.3510002559     0.0072319644
   42X    16.6150012688     0.0150231637
   42Y    15.0330011480     0.0002288665
   42Z    -2.3550001798    -0.0038375601
   43X    17.5100013371     0.0035061206
   43Y    17.9150013681     0.0003299302
   43Z    -4.9750003799    -0.0036817460
   44X    17.9480013706    -0.0045297315
   44Y    19.0010014510    -0.0084401832
   44Z    -4.5840003501    -0.0082510091
   45X    17.7230013534     0.0151409064
   45Y    17.4960013361    -0.0012174381
   45Z    -6.2340004761     0.0070895875
   46X    18.4260014071    -0.0123494917
   46Y    18.3310013998     0.0180250777
   46Z    -7.2410005530    -0.0037142113
   47X    18.8320014381     0.0178530421
   47Y    17.4340013313     0.0003295030
   47Z    -8.4350006441    -0.0102116571
   48X    19.9890015264    -0.0312126732
   48Y    18.2280013920     0.0393352283
   48Z    -9.5900007323     0.0027088512
   49X    17.8100013600    -0.0078508975
   49Y    19.6970015041    -0.0213836410
   49Z    -7.6330005829    -0.0115844855
   50X    18.4960014124    -0.0060087506
   50Y    20.7030015810     0.0093460134
   50Z    -7.8290005979    -0.0126659619
   51X    16.4900012592     0.0206839411
   51Y    19.7300015067     0.0157128817
   51Z    -7.5770005786    -0.0139988092
   52X    15.6720011968     0.0070494750
   52Y    20.9540016001     0.0068409259
   52Z    -7.5200005743     0.0027221775
   53X    11.7430008967    -0.0043295528
   53Y    20.8710015938    -0.0360530529
   53Z    -7.3430005607    -0.0253159416
   54X    11.6650008908    -0.0252405563
   54Y    22.9700017541     0.0433984639
   54Z    -6.2860004800     0.0148696287
   55X    11.0610008447     0.0916750315
   55Y    22.0270016821    -0.0086970207
   55Z    -7.0660005396     0.0300285215
   56X    12.9330009876    -0.0337569200
   56Y    22.4190017120     0.0224004594
   56Z    -6.2070004740     0.0012211383
   57X    12.9880009918    -0.0423847297
   57Y    21.1780016172    -0.0415172216
   57Z    -6.8370005221     0.0201711419
   58X    14.2120010853     0.0067809382
   58Y    20.4410015610     0.0285423040
   58Z    -7.3720005630    -0.0493053542
   59X    16.1160012307     0.0031485120
   59Y    21.9460016759    -0.0124289749
   59Z    -6.4080004893     0.0196199869
   60X    16.1520012334     0.0066287154
   60Y    23.1430017673    -0.0156582711
   60Z    -6.6490005077     0.0061649937
   61X    16.3480012484    -0.0132781497
   61Y    21.4420016374     0.0259922912
   61Z    -5.1990003970    -0.0154750392
   62X    16.5430012633     0.0109412797
   62Y    22.3060017034     0.0060660084
   62Z    -3.9820003041    -0.0017788581
   63X    15.7960012062    -0.0055235593
   63Y    21.7020016572     0.0076411306
   63Z    -2.7640002111    -0.0094816130
   64X    14.2480010880     0.0038999915
   64Y    21.7050016575     0.0016236397
   64Z    -2.8660002189     0.0034942426
   65X    13.6320010410     0.0007667201
   65Y    20.8940015955     0.0120180473
   65Z    -1.7190001313    -0.0066635254
   66X    13.6340010411    -0.0017149187
   66Y    23.1200017655    -0.0082589065
   66Z    -2.8480002175     0.0045645477
   67X    18.0030013748     0.0145955035
   67Y    22.7490017372    -0.0141541973
   67Z    -3.6770002808     0.0035711282
   68X    18.2470013934     0.0043887891
   68Y    23.9150018262    -0.0049446259
   68Z    -3.3620002567     0.0033041220
   69X    18.9740014489    -0.0064060828
   69Y    21.8670016698     0.0150749396
   69Z    -3.9200002993     0.0046727745
   70X    20.3660015552     0.0057282392
   70Y    22.2220016970     0.0278321061
   70Z    -4.2680003259    -0.0113228687
   71X    20.8550015926    -0.0170959404
   71Y    20.9060015965     0.0083944348
   71Z    -4.9190003756     0.0214984516
   72X    21.2680016241     0.0063553338
   72Y    19.7440015077    -0.0075050609
   72Z    -3.9800003039    -0.0077447864
   73X    21.6270016515     0.0031932111
   73Y    18.4330014076    -0.0055624909
   73Z    -4.6860003578     0.0232687203
   74X    21.6530016535    -0.0009624868
   74Y    18.2900013967     0.0029529382
   74Z    -5.9060004510    -0.0288219592
   75X    21.8980016722     0.0051861428
   75Y    17.4380013316    -0.0203532630
   75Z    -3.7950002898    -0.0077215223
   76X    20.6370015759    -0.0154255074
   76Y    23.4480017906    -0.0115628914
   76Z    -5.2020003972    -0.0175414401
   77X    21.6140016505     0.0019284106
   77Y    24.1770018462     0.0135374485
   77Z    -5.0200003833    -0.0069192014
   78X    19.7980015119     0.0290727581
   78Y    23.6330018047     0.0055331582
   78Z    -6.2260004754    -0.0045085990
   79X    19.7860015109    -0.0054340252
   79Y    24.8670018989     0.0022244444
   79Z    -7.0400005376    -0.0070008564
   80X    22.7840017399    -0.0102769224
   80Y    23.3220017810    -0.0448703790
   80Z    -8.0900006178    -0.0074516511
   81X    24.2310018504     0.0398577373
   81Y    25.1080019173     0.0104469808
   81Z    -7.5570005771     0.0094646281
   82X    24.0150018339    -0.0771012764
   82Y    23.7560018141     0.0670426849
   82Z    -7.6670005855    -0.0182516067
   83X    22.9650017537     0.0366400276
   83Y    25.5940019545     0.0080370409
   83Z    -7.8760006014     0.0110979727
   84X    22.1010016877     0.0241385026
   84Y    24.5230018727    -0.0387189840
   84Z    -8.1820006248    -0.0127180514
   85X    20.5820015717     0.0022331465
   85Y    24.6090018792    -0.0044204399
   85Z    -8.3330006363     0.0196079622
   86X    18.3090013981     0.0047332228
   86Y    25.2900019312     0.0219525149
   86Z    -7.2700005552     0.0364570656
   87X    17.7260013536    -0.0103790928
   87Y    25.0560019134    -0.0083330703
   87Z    -8.3280006360     0.0055587982
   88X    17.6970013514    -0.0012292570
   88Y    25.8820019764    -0.0234811670
   88Z    -6.2360004762    -0.0235985769
   89X    16.2630012419     0.0083083069
   89Y    26.2710020062     0.0232592825
   89Z    -6.2490004772    -0.0081417466
   90X    15.7560012032    -0.0016551054
   90Y    26.3840020148    -0.0052598352
   90Z    -4.7930003660    -0.0120036812
   91X    14.3320010944    -0.0043625618
   91Y    26.2720020062    -0.0009477993
   91Z    -4.7520003629     0.0024596042
   92X    15.8320012090     0.0405878499
   92Y    27.4660020974     0.0251258950
   92Z    -7.1480005458     0.0246357980
   93X    14.7590011271    -0.0107039131
   93Y    27.4600020970     0.0043602790
   93Z    -7.7480005917    -0.0183228555
   94X    16.7730012809    -0.0430779392
   94Y    28.3830021674    -0.0042769967
   94Z    -7.3410005606    -0.0005881413
   95X    16.9010012906    -0.0040618429
   95Y    29.1900022291    -0.0027149489
   95Z    -8.5910006560    -0.0174931220
   96X    18.2640013947    -0.0019406663
   96Y    29.9350022860    -0.0155190055
   96Z    -8.5160006503     0.0077509957
   97X    19.5770014950     0.0378193396
   97Y    29.1390022252     0.0238516674
   97Z    -8.6820006630    -0.0228041639
   98X    19.8140015131     0.0054477371
   98Y    28.0950021454     0.0156594552
   98Z    -8.0800006170    -0.0183539533
   99X    20.4720015633    -0.0171438936
   99Y    29.6000022604    -0.0362251363
   99Z    -9.5170007268     0.0320597688
  100X    16.7180012767     0.0264140896
  100Y    28.4750021745    -0.0103045953
  100Z    -9.9750007617     0.0138594812
  101X    16.1030012297    -0.0106937885
  101Y    29.0230022163    -0.0101935990
  101Z   -10.8890008315    -0.0110173870
  102X    17.2690013187    -0.0078052073
  102Y    27.2620020818     0.0178734589
  102Z   -10.1020007714    -0.0131855018
  103X    17.1170013071    -0.0119466009
  103Y    26.4200020175    -0.0011925508
  103Z   -11.3230008647    -0.0067835038
  104X    18.4280014072     0.0023740542
  104Y    25.6230019567     0.0131361336
  104Z   -11.5760008840     0.0019036949
  105X    19.7550015086     0.0034030079
  105Y    26.4180020174    -0.0014546526
  105Z   -11.7230008952    -0.0002236960
  106X    20.9200015975    -0.0065832973
  106Y    25.4470019432     0.0067850239
  106Z   -11.9520009127    -0.0004242717
  107X    19.7300015067     0.0062763530
  107Y    27.4430020957    -0.0112259916
  107Z   -12.8690009827     0.0038762092
  108X    15.8500012104     0.0098191272
  108Y    25.4940019468     0.0086701718
  108Z   -11.3960008702     0.0043065393
  109X    15.6000011913    -0.0147284121
  109Y    24.9030019017    -0.0014355703
  109Z   -12.4500009507     0.0133406366
  110X    15.0320011479    -0.0124056613
  110Y    25.3670019371    -0.0184702306
  110Z   -10.3330007891    -0.0095403264
  111X    13.6050010389    -0.0135539678
  111Y    24.9850019080     0.0103586892
  111Z   -10.4830008005     0.0093265148
  112X    13.2680010132    -0.0192433500
  112Y    24.0010018328    -0.0111366295
  112Z    -9.3580007146     0.0061927810
  113X    11.8020009012     0.0209681541
  113Y    23.0530017604     0.0063414594
  113Z    -9.8080007490    -0.0357424686
  114X    12.5910009615     0.0181530828
  114Y    26.1760019989    -0.0319578943
  114Z   -10.5210008034    -0.0538365458
  115X    11.7070008940     0.0098116214
  115Y    26.2240020026     0.0232334871
  115Z   -11.3680008681     0.0489903805
  116X    12.6080009628    -0.0241740677
  116Y    26.9360020569     0.0078857665
  116Z    -9.5140007265    -0.0085979324
  117X    16.1490012332     0.0054539728
  117Y    14.1880010835    -0.0039787479
  117Z   -13.8180010552    -0.0015645307
  118X    15.5490011874    -0.0052473208
  118Y    13.9350010641    -0.0007348642
  118Z   -12.2670009368    -0.0158088420
  119X    14.6950011222     0.0047893776
  119Y    14.8930011373    -0.0047662056
  119Z   -13.3530010197     0.0005465717
  120X    15.8440012099    -0.0020396916
  120Y    16.2700012424     0.0127449960
  120Z   -11.6940008930     0.0035450323
  121X    17.3840013275     0.0107704040
  121Y    15.5500011875     0.0094008141
  121Z   -12.1930009311    -0.0005069777
  122X    17.2810013196     0.0024140733
  122Y    18.7120014289    -0.0032156532
  122Z   -14.0410010722    -0.0059131575
  123X    17.7450013551     0.0119213328
  123Y    17.8750013650     0.0004267732
  123Z   -11.2490008590     0.0026333121
  124X    19.1430014618     0.0105852139
  124Y    19.3970014812     0.0017614351
  124Z   -12.6490009659     0.0030298850
  125X    17.9960013742    -0.0032526399
  125Y    20.6980015806     0.0015071769
  125Z   -12.3220009410    -0.0107694385
  126X    15.5860011902     0.0119709906
  126Y    20.5030015657    -0.0071715936
  126Z   -12.3760009451    -0.0092702688
  127X    13.9610010661     0.0028053811
  127Y    21.0720016091     0.0147976114
  127Z   -10.0170007649     0.0167074606
  128X    14.2090010851     0.0004763571
  128Y    22.3360017057     0.0089313941
  128Z   -12.2160009329    -0.0061115738
  129X    13.3170010169     0.0049683923
  129Y    21.0740016093    -0.0006937785
  129Z   -13.0630009975    -0.0073707176
  130X    13.5710010363     0.0053192199
  130Y    18.2890013966     0.0006531736
  130Z   -12.3200009408    -0.0030999986
  131X    10.9560008366    -0.0104317939
  131Y    17.4050013291     0.0032013545
  131Z   -11.2200008568     0.0014557608
  132X    11.3110008638     0.0014371233
  132Y    15.6860011978     0.0059376425
  132Z   -12.9640009900    -0.0028866528
  133X    11.3950008702    -0.0087960042
  133Y    17.3010013212    -0.0002188692
  133Z   -13.6040010389    -0.0082964671
  134X    13.0780009987    -0.0050474073
  134Y    16.3300012470    -0.0009069537
  134Z   -14.4970011070    -0.0030104044
  135X    14.2220010860    -0.0041824504
  135Y    16.8190012844    -0.0015253069
  135Z   -10.2060007794    -0.0122265312
  136X    13.3480010193    -0.0045138175
  136Y    14.4970011070    -0.0097454705
  136Z    -8.4330006440     0.0127824872
  137X    16.1000012295     0.0125259012
  137Y    15.8320012090     0.0036026831
  137Z    -9.0650006922     0.0045532070
  138X    15.8140012076    -0.0009830455
  138Y    14.9780011438     0.0007266389
  138Z    -7.6110005812    -0.0134691723
  139X    16.3670012498     0.0046045079
  139Y    11.9110009096     0.0026040542
  139Z    -8.7320006668    -0.0125739711
  140X    15.7070011994    -0.0113157472
  140Y    13.0880009994     0.0252658618
  140Z    -7.4870005717    -0.0055411543
  141X    12.5240009564    -0.0048300359
  141Y    18.0590013791    -0.0055446680
  141Z    -5.5840004264     0.0060232372
  142X    13.1530010044    -0.0016543401
  142Y    13.9990010690    -0.0057364832
  142Z    -6.1680004710    -0.0006696665
  143X    11.6410008890     0.0015266352
  143Y    14.6190011164    -0.0049239514
  143Z    -6.7880005184    -0.0049394948
  144X    11.9660009138    -0.0001246298
  144Y    16.7770012812     0.0047824074
  144Z    -3.3060002525     0.0032882258
  145X    10.8660008298    -0.0089797211
  145Y    16.8310012853     0.0009923128
  145Z    -4.6790003573     0.0004181880
  146X    12.7100009706    -0.0001517764
  146Y    14.5200011088    -0.0025617502
  146Z    -3.9240002997     0.0046186155
  147X    11.0340008426    -0.0033319139
  147Y    14.4320011021    -0.0042763166
  147Z    -4.4170003373     0.0031541451
  148X    15.0930011526    -0.0137554629
  148Y    15.9280012163     0.0071312487
  148Z    -5.1100003902    -0.0018024232
  149X    16.5670012651     0.0037605141
  149Y    17.7030013519     0.0072277362
  149Z    -3.1490002405     0.0009650742
  150X    17.0680013034    -0.0025128862
  150Y    14.9400011409    -0.0073563837
  150Z    -4.4730003416    -0.0058438662
  151X    19.0700014563     0.0038692050
  151Y    16.3170012460     0.0038907240
  151Z    -2.5200001924     0.0058535701
  152X    19.1710014640     0.0076011933
  152Y    14.6330011174    -0.0063420720
  152Z    -3.0800002352     0.0017479077
  153X    19.3830014802     0.0047414115
  153Y    15.9540012183     0.0000099661
  153Z    -4.2330003232    -0.0048222717
  154X    15.5200011852    -0.0059423509
  154Y    14.9200011393    -0.0022072328
  154Z    -2.4580001877     0.0005577485
  155X    17.0070012987    -0.0002520007
  155Y    14.0240010709    -0.0081215402
  155Z    -2.1200001619     0.0052723219
  156X    16.7840012817    -0.0007759726
  156Y    15.6580011957     0.0022463514
  156Z    -1.4560001112     0.0079743193
  157X    17.3550013253     0.0017696237
  157Y    16.5750012657     0.0033465202
  157Z    -6.4220004904     0.0144076079
  158X    19.2590014707    -0.0229726121
  158Y    18.6700014257    -0.0011810737
  158Z    -6.6590005085     0.0050877639
  159X    19.3250014757    -0.0007272811
  159Y    16.5100012608    -0.0083585317
  159Z    -8.0740006166     0.0011980331
  160X    17.9400013700    -0.0017966990
  160Y    17.1120013067    -0.0034724506
  160Z    -8.9970006870    -0.0055438648
  161X    16.1220012311     0.0209507817
  161Y    18.7990014356    -0.0098337345
  161Z    -7.3870005641     0.0027108076
  162X    15.7920012059    -0.0036299194
  162Y    21.4440016375    -0.0134745996
  162Z    -8.4700006468     0.0056699772
  163X    11.5560008825    -0.0034134884
  163Y    20.2090015432    -0.0150545191
  163Z    -8.1160006198    -0.0034131396
  164X    11.2880008620    -0.0064789376
  164Y    23.8370018203     0.0158010031
  164Z    -5.8760004487     0.0127592533
  165X    10.3500007904     0.0143543745
  165Y    22.3800017090     0.0069900665
  165Z    -7.8070005962    -0.0109422560
  166X    13.8330010563    -0.0010312497
  166Y    22.9480017524    -0.0103746152
  166Z    -5.9870004572    -0.0127852036
  167X    13.9640010663     0.0009973158
  167Y    19.8040015123    -0.0071515531
  167Z    -8.2300006285    -0.0047468944
  168X    14.3100010928    -0.0060311521
  168Y    19.7470015080     0.0090880992
  168Z    -6.5140004974     0.0116645053
  169X    16.6390012706     0.0058640476
  169Y    20.4460015613    -0.0185896544
  169Z    -5.3250004066    -0.0310405252
  170X    16.0610012265    -0.0026405076
  170Y    23.2770017775     0.0083195684
  170Z    -4.1720003186     0.0088061267
  171X    16.1600012340     0.0049775844
  171Y    20.6680015783    -0.0048088892
  171Z    -2.6010001986     0.0034110308
  172X    16.0850012283    -0.0005504691
  172Y    22.2440016986    -0.0013121947
  172Z    -1.8410001406     0.0078372072
  173X    13.9770010673    -0.0011140872
  173Y    21.1990016188    -0.0048788911
  173Z    -3.8140002913    -0.0076493294
  174X    14.0090010698     0.0014969796
  174Y    19.8550015162    -0.0066499350
  174Z    -1.7060001303     0.0015521380
  175X    13.8530010579     0.0007639805
  175Y    21.3340016291    -0.0000429516
  175Z    -0.7290000557     0.0051909341
  176X    12.5320009570    -0.0066084703
  176Y    20.8260015904    -0.0025532747
  176Z    -1.8110001383     0.0004683488
  177X    13.8840010602     0.0005553456
  177Y    23.6670018073     0.0047699996
  177Z    -1.9190001465     0.0037917768
  178X    13.9760010673     0.0015112462
  178Y    23.7500018136     0.0020462630
  178Z    -3.6870002816    -0.0048034656
  179X    12.5300009568    -0.0070217431
  179Y    23.0890017632     0.0026620220
  179Z    -2.9160002227    -0.0007767296
  180X    18.7370014308    -0.0018186183
  180Y    20.8660015934    -0.0127385995
  180Z    -3.8610002948     0.0120472767
  181X    20.9340015986    -0.0031894253
  181Y    22.4220017122    -0.0044544569
  181Z    -3.3570002564     0.0005612056
  182X    20.1420015381    -0.0007931043
  182Y    20.5450015689    -0.0059908185
  182Z    -5.6880004344    -0.0113139885
  183X    21.7130016581    -0.0147020867
  183Y    21.1690016165    -0.0004570863
  183Z    -5.5150004211     0.0053451678
  184X    22.1180016890     0.0041330482
  184Y    20.0500015311     0.0033916322
  184Z    -3.3420002552     0.0030779335
  185X    20.4330015603    -0.0043232638
  185Y    19.5380014920     0.0043984862
  185Z    -3.2930002515    -0.0005636326
  186X    22.1100016884    -0.0026259031
  186Y    16.6180012690     0.0073840247
  186Z    -4.2410003239     0.0129598463
  187X    18.9600014479    -0.0030935351
  187Y    23.0460017599    -0.0085759281
  187Z    -6.1470004694     0.0153476967
  188X    20.2700015479     0.0010721042
  188Y    25.7070019631     0.0103847336
  188Z    -6.5170004977    -0.0057553162
  189X    22.3910017099    -0.0073847653
  189Y    22.3750017086    -0.0139087545
  189Z    -8.0640006158    -0.0022732685
  190X    25.0900019160     0.0181547973
  190Y    25.6200019564     0.0148513427
  190Z    -7.3080005581     0.0048250590
  191X    24.7680018914     0.0039084438
  191Y    23.0400017594    -0.0056410931
  191Z    -7.3340005601     0.0050643933
  192X    22.6390017288    -0.0052785184
  192Y    26.6260020333     0.0034539653
  192Z    -7.7820005943     0.0026137128
  193X    20.1640015398    -0.0065105798
  193Y    23.6860018088    -0.0049214158
  193Z    -8.7730006699     0.0009646130
  194X    20.3510015541    -0.0011968812
  194Y    25.4260019416     0.0045779505
  194Z    -9.0360006900    -0.0044888680
  195X    18.0360013773    -0.0001678806
  195Y    25.4460019432    -0.0096391588
  195Z    -5.3950004120    -0.0202918087
  196X    15.7960012062     0.0144837524
  196Y    25.4120019406     0.0032295128
  196Z    -6.7070005122     0.0022589366
  197X    16.1910012364    -0.0026162879
  197Y    25.5990019548    -0.0017625348
  197Z    -4.1420003163     0.0085381802
  198X    16.0820012281     0.0010523749
  198Y    27.3460020882     0.0037793587
  198Z    -4.3460003319     0.0049611410
  199X    14.0160010703    -0.0000184561
  199Y    26.8670020517     0.0015403950
  199Z    -4.0590003100     0.0031582813
  200X    17.5880013431    -0.0151100096
  200Y    27.9670021357    -0.0234466627
  200Z    -6.8780005252     0.0144911549
  201X    16.1010012295    -0.0068496145
  201Y    29.9530022873     0.0068325844
  201Z    -8.5590006536     0.0031006277
  202X    18.2190013913    -0.0009237147
  202Y    30.7280023465     0.0032651444
  202Z    -9.2820007088    -0.0026208364
  203X    18.3320013999     0.0012011970
  203Y    30.4630023263     0.0036653109
  203Z    -7.5510005766     0.0017929783
  204X    21.3240016284     0.0065011662
  204Y    29.0440022179    -0.0120996657
  204Z    -9.6010007332     0.0067094006
  205X    20.2140015436    -0.0177830838
  205Y    30.4320023239     0.0127507033
  205Z   -10.0570007680     0.0002319954
  206X    17.5880013431    -0.0005190080
  206Y    26.8930020537     0.0115346182
  206Z    -9.1950007022     0.0226568171
  207X    16.9990012981     0.0050769445
  207Y    27.1010020695    -0.0015827560
  207Z   -12.1770009299    -0.0078277364
  208X    18.5330014153    -0.0015666094
  208Y    24.8720018993    -0.0060772079
  208Z   -10.7720008226     0.0020361173
  209X    18.2840013962     0.0026857117
  209Y    25.0240019109    -0.0059984464
  209Z   -12.4970009543    -0.0044596838
  210X    19.9430015229     0.0016503417
  210Y    26.9700020595     0.0030624955
  210Z   -10.7820008234     0.0043949125
  211X    20.9780016020     0.0006354236
  211Y    24.6710018840    -0.0037413701
  211Z   -11.1700008530     0.0039439475
  212X    20.8240015902     0.0003640146
  212Y    24.9210019031    -0.0037782776
  212Z   -12.9210009867    -0.0051481818
  213X    21.8900016716     0.0050431854
  213Y    25.9770019837     0.0023635033
  213Z   -11.9600009133     0.0005291603
  214X    19.5020014892    -0.0013647726
  214Y    26.9780020601    -0.0005058572
  214Z   -13.8470010574    -0.0067752550
  215X    18.9700014486    -0.0034723663
  215Y    28.2290021557     0.0056542923
  215Z   -12.7010009699     0.0009317346
  216X    20.6960015804     0.0035603746
  216Y    27.9710021360     0.0049772251
  216Z   -12.9780009910    -0.0018330089
  217X    15.3800011745     0.0213959222
  217Y    25.8540019743     0.0021905852
  217Z    -9.4980007253     0.0057292666
  218X    13.4610010279    -0.0136396564
  218Y    24.4470018669    -0.0086605404
  218Z   -11.4370008734    -0.0048287011
  219X    14.0200010706    -0.0093131554
  219Y    23.2240017735    -0.0057096458
  219Z    -9.1930007020     0.0039884567
  220X    13.2150010091     0.0160814002
  220Y    24.5520018749     0.0028320205
  220Z    -8.3990006414     0.0076435392
----------------------------------------

 @ End Gradient Calculation


 @ Output Timing Information

------------- TIMING ---------------
| INITIAL GUESS TIME  =    15.293215000(  0.20%)
| DFT GRID OPERATIONS =     4.361155000(  0.06%)
| TOTAL SCF TIME      =  6748.828697000( 89.56%)
|       TOTAL OP TIME      =  6637.562418000( 88.09%)
|             TOTAL 1e TIME      =     6.123235000(  0.08%)
|             TOTAL 2e TIME      =  5943.858878000( 78.88%)
|             TOTAL EXC TIME     =   677.379192000(  8.99%)
|       TOTAL DII TIME      =   108.739096000(  1.44%)
|             TOTAL DIAG TIME    =    26.527740000(  0.35%)
| TOTAL GRADIENT TIME      =   769.318829000( 10.21%)
|       TOTAL 1e GRADIENT TIME (OVERLAPPED WITH 2e GRAD TIME) =    12.943647000( 0.56%)
|       TOTAL 2e GRADIENT TIME (OVERLAPPED WITH 1e GRAD TIME) =   689.570445000( 9.15%)
|       TOTAL EXC GRADIENT TIME     =    37.828228000(  0.50%)
| TOTAL TIME          =  7535.149001000
------------------------------------
| Job cpu time:  0 days  2 hours  5 minutes 35.1 seconds.

 @ Finish Output Timing Information

| Normal Termination. Task Finished on: Thu Aug  5 22:36:20 2021
