  *********************************************************************************************************
  **                                                                                                     **
  **           888888888888                                                                              **
  **         8888888888888888                                                                            **
  **      888888888888888888                                                                             **
  **     888888888888888888                                                                              **
  **    888888888888888                                                                                  **
  **   88888888888888888888                               88888                       8888:              **
  **   8888888888888888888888Z                            88888                       8888:              **
  **   888888888888888888888888?                          88888                       8888:              **
  **   8888888888888      8888888                                        888888       8888:              **
  **    88888888888         888888     8888:     88888    88888        888888888I     8888:    888888    **
  **    8888888888           88888:    8888:     88888    88888      $888888888888    8888:   888888     **
  **    I8Z 88888             88888    8888:     88888    88888    .888888     8888   8888: 888888       **
  **    .8Z 88888             88888    8888:     88888    88888    $88888             8888:88888         **
  **     8I 88888      .=88. .88888    8888:     88888    88888    88888              8888888888         **
  **    :8  88888      888888$8888$    8888:     88888    88888    8888O              88888888888        **
  **   ,7   +88888.     8888888888.    8888:     88888    88888    888888             88888O888888       **
  **         $888888:.   .8888888      88888....888888    88888     888888     8888   8888:  888888      **
  **          I8888888888888888888     888888888888888    88888     O888888888888O    8888:   888888     **
  **            O888888888888888888     88888888888888    88888       88888888888$    8888:    888888    **
  **               8888888Z     888      .8888I  88888    88888         8888888       8888:     888888   **
  **                                                                                                     **
  **                                                                                                     **
  **                                         Copyright (c) 2021                                          **
  **                          Regents of the University of California San Diego                          **
  **                                    & Michigan State University                                      **
  **                                        All Rights Reserved.                                         **
  **                                                                                                     **
  **                   This software provided pursuant to a license agreement containing                 **
  **                   restrictions on its disclosure, duplication, and use. This software               **
  **                   contains confidential and proprietary information, and may not be                 **
  **                   extracted or distributed, in whole or in part, for any purpose                    **
  **                   whatsoever, without the express written permission of the authors.                **
  **                   This notice, and the associated author list, must be attached to                  **
  **                   all copies, or extracts, of this software. Any additional                         **
  **                   restrictions set forth in the license agreement also apply to this                **
  **                   software.                                                                         **
  *********************************************************************************************************
                                                                                                           
  Cite this work as:                                                                                       
  Manathunga, M.; Jin, C.; Cruzeiro, V.W.D.; Smith, J.; Keipert, K.; Pekurovsky, D.; Mu, D.; Miao, Y.;     
  He, X.; Ayers, K.; Brothers, E.; Goetz, A.W.; Merz, K.M. QUICK-21.03                                     
  University of California San Diego, CA and Michigan State University, East Lansing, MI, 2021             
                                                                                                           
  If you have any comments or queries, please send us an email for technical support:                      
  quick.merzlab@gmail.com                                                                                  
                                                                                                           
| TASK STARTS ON: Thu Aug  5 20:22:27 2021
| INPUT FILE :    /home/saatvik/QUICK-gpu/install/benchmark/1m2c_16.in
| OUTPUT FILE:    /home/saatvik/QUICK-gpu/install/benchmark/1m2c_16.out
| DATE FILE  :    /home/saatvik/QUICK-gpu/install/benchmark/1m2c_16.dat
| BASIS SET PATH: /home/saatvik/QUICK-gpu/install/basis

| - MPI Enabled -
| TOTAL RANKS     =    16
| MASTER NAME     = exp-6-57                      

|------------ GPU INFORMATION -------------------------------
| CUDA ENABLED DEVICES          :       16
|                                                            
|        --    MPI RANK   0 --          
|   CUDA DEVICE IN USE          :        0
|   CUDA DEVICE NAME            : Tesla V100-SXM2-32GB
|   CUDA DEVICE PM              :       80
|   CUDA DEVICE CORE FREQ(GHZ)  :     1.53
|   CUDA DEVICE MEMORY SIZE (MB):    32510
|   SUPPORTING CUDA VERSION     :      7.0
|                                                            
|        --    MPI RANK   1 --          
|   CUDA DEVICE IN USE          :        1
|   CUDA DEVICE NAME            : Tesla V100-SXM2-32GB
|   CUDA DEVICE PM              :       80
|   CUDA DEVICE CORE FREQ(GHZ)  :     1.53
|   CUDA DEVICE MEMORY SIZE (MB):    32510
|   SUPPORTING CUDA VERSION     :      7.0
|                                                            
|        --    MPI RANK   2 --          
|   CUDA DEVICE IN USE          :        2
|   CUDA DEVICE NAME            : Tesla V100-SXM2-32GB
|   CUDA DEVICE PM              :       80
|   CUDA DEVICE CORE FREQ(GHZ)  :     1.53
|   CUDA DEVICE MEMORY SIZE (MB):    32510
|   SUPPORTING CUDA VERSION     :      7.0
|                                                            
|        --    MPI RANK   3 --          
|   CUDA DEVICE IN USE          :        3
|   CUDA DEVICE NAME            : Tesla V100-SXM2-32GB
|   CUDA DEVICE PM              :       80
|   CUDA DEVICE CORE FREQ(GHZ)  :     1.53
|   CUDA DEVICE MEMORY SIZE (MB):    32510
|   SUPPORTING CUDA VERSION     :      7.0
|                                                            
|        --    MPI RANK   4 --          
|   CUDA DEVICE IN USE          :        0
|   CUDA DEVICE NAME            : Tesla V100-SXM2-32GB
|   CUDA DEVICE PM              :       80
|   CUDA DEVICE CORE FREQ(GHZ)  :     1.53
|   CUDA DEVICE MEMORY SIZE (MB):    32510
|   SUPPORTING CUDA VERSION     :      7.0
|                                                            
|        --    MPI RANK   5 --          
|   CUDA DEVICE IN USE          :        1
|   CUDA DEVICE NAME            : Tesla V100-SXM2-32GB
|   CUDA DEVICE PM              :       80
|   CUDA DEVICE CORE FREQ(GHZ)  :     1.53
|   CUDA DEVICE MEMORY SIZE (MB):    32510
|   SUPPORTING CUDA VERSION     :      7.0
|                                                            
|        --    MPI RANK   6 --          
|   CUDA DEVICE IN USE          :        2
|   CUDA DEVICE NAME            : Tesla V100-SXM2-32GB
|   CUDA DEVICE PM              :       80
|   CUDA DEVICE CORE FREQ(GHZ)  :     1.53
|   CUDA DEVICE MEMORY SIZE (MB):    32510
|   SUPPORTING CUDA VERSION     :      7.0
|                                                            
|        --    MPI RANK   7 --          
|   CUDA DEVICE IN USE          :        3
|   CUDA DEVICE NAME            : Tesla V100-SXM2-32GB
|   CUDA DEVICE PM              :       80
|   CUDA DEVICE CORE FREQ(GHZ)  :     1.53
|   CUDA DEVICE MEMORY SIZE (MB):    32510
|   SUPPORTING CUDA VERSION     :      7.0
|                                                            
|        --    MPI RANK   8 --          
|   CUDA DEVICE IN USE          :        0
|   CUDA DEVICE NAME            : Tesla V100-SXM2-32GB
|   CUDA DEVICE PM              :       80
|   CUDA DEVICE CORE FREQ(GHZ)  :     1.53
|   CUDA DEVICE MEMORY SIZE (MB):    32510
|   SUPPORTING CUDA VERSION     :      7.0
|                                                            
|        --    MPI RANK   9 --          
|   CUDA DEVICE IN USE          :        1
|   CUDA DEVICE NAME            : Tesla V100-SXM2-32GB
|   CUDA DEVICE PM              :       80
|   CUDA DEVICE CORE FREQ(GHZ)  :     1.53
|   CUDA DEVICE MEMORY SIZE (MB):    32510
|   SUPPORTING CUDA VERSION     :      7.0
|                                                            
|        --    MPI RANK  10 --          
|   CUDA DEVICE IN USE          :        2
|   CUDA DEVICE NAME            : Tesla V100-SXM2-32GB
|   CUDA DEVICE PM              :       80
|   CUDA DEVICE CORE FREQ(GHZ)  :     1.53
|   CUDA DEVICE MEMORY SIZE (MB):    32510
|   SUPPORTING CUDA VERSION     :      7.0
|                                                            
|        --    MPI RANK  11 --          
|   CUDA DEVICE IN USE          :        3
|   CUDA DEVICE NAME            : Tesla V100-SXM2-32GB
|   CUDA DEVICE PM              :       80
|   CUDA DEVICE CORE FREQ(GHZ)  :     1.53
|   CUDA DEVICE MEMORY SIZE (MB):    32510
|   SUPPORTING CUDA VERSION     :      7.0
|                                                            
|        --    MPI RANK  12 --          
|   CUDA DEVICE IN USE          :        0
|   CUDA DEVICE NAME            : Tesla V100-SXM2-32GB
|   CUDA DEVICE PM              :       80
|   CUDA DEVICE CORE FREQ(GHZ)  :     1.53
|   CUDA DEVICE MEMORY SIZE (MB):    32510
|   SUPPORTING CUDA VERSION     :      7.0
|                                                            
|        --    MPI RANK  13 --          
|   CUDA DEVICE IN USE          :        1
|   CUDA DEVICE NAME            : Tesla V100-SXM2-32GB
|   CUDA DEVICE PM              :       80
|   CUDA DEVICE CORE FREQ(GHZ)  :     1.53
|   CUDA DEVICE MEMORY SIZE (MB):    32510
|   SUPPORTING CUDA VERSION     :      7.0
|                                                            
|        --    MPI RANK  14 --          
|   CUDA DEVICE IN USE          :        2
|   CUDA DEVICE NAME            : Tesla V100-SXM2-32GB
|   CUDA DEVICE PM              :       80
|   CUDA DEVICE CORE FREQ(GHZ)  :     1.53
|   CUDA DEVICE MEMORY SIZE (MB):    32510
|   SUPPORTING CUDA VERSION     :      7.0
|                                                            
|        --    MPI RANK  15 --          
|   CUDA DEVICE IN USE          :        3
|   CUDA DEVICE NAME            : Tesla V100-SXM2-32GB
|   CUDA DEVICE PM              :       80
|   CUDA DEVICE CORE FREQ(GHZ)  :     1.53
|   CUDA DEVICE MEMORY SIZE (MB):    32510
|   SUPPORTING CUDA VERSION     :      7.0
|------------------------------------------------------------

 @ Read Job And Atom

  KEYWORD=DFT B3LYP BASIS=6-31G** CUTOFF=1.0E-7 DENSERMS=1.0E-6 NCYC=1000 GRADIENT                                                                                                                                
 ============== JOB CARD =============
 METHOD = DENSITY FUNCTIONAL THEORY
 DENSITY FUNCTIONAL = B3LYP
 DIRECT SCF 
 SAD INITAL GUESS 
 USE DIIS SCF
 PRINT ENERGY EVERY CYCLE
 READ SAD GUESS FROM FILE
 STANDARD GRID = SG1
 GRADIENT CALCULATION
 MAX SCF CYCLES =    200
 MAX DIIS CYCLES =   10
 DELTA DENSITY START CYCLE = 1000
 COMPUTATIONAL CUTOFF: 
      TWO-e INTEGRAL   =  0.100E-06
      BASIS SET PRIME  =  0.100E-19
      MATRIX ELEMENTS  =  0.100E-09
      BASIS FUNCTION   =  0.100E-09
      GRADIENT CUTOFF  =  0.100E-06
 DENSITY MATRIX MAXIMUM RMS FOR CONVERGENCE  =  0.100E-05
 BASIS SET = 6-31G**,  TYPE = CARTESIAN
| BASIS FILE = /home/saatvik/QUICK-gpu/install/basis/6-31GDP.BAS

 @ Finish reading job


 @ Begin SAD initial guess

 For Atom Kind =    1
 ELEMENT = N 
 BASIS FUNCTIONS =   15
 For Atom Kind =    2
 ELEMENT = C 
 BASIS FUNCTIONS =   15
 For Atom Kind =    3
 ELEMENT = O 
 BASIS FUNCTIONS =   15
 For Atom Kind =    4
 ELEMENT = S 
 BASIS FUNCTIONS =   19
 For Atom Kind =    5
 ELEMENT = H 
 BASIS FUNCTIONS =    5

 @ Finish SAD initial guess


 @ Begin Reading Molecular Information


 =========== Molecule Input ==========
 TOTAL MOLECULAR CHARGE  =    0    MULTIPLICITY                =    1
 TOTAL ATOM NUMBER       =  220    NUMBER OF ATOM TYPES        =    5
 NUMBER OF HYDROGEN ATOM =  104    NUMBER OF NON-HYDROGEN ATOM =  116
 NUMBER OF ELECTRONS     =  908

 -- INPUT GEOMETRY -- :
    N          15.6340      14.6160     -13.0350
    C          16.3740      15.8230     -12.5520
    C          16.6010      16.9570     -13.5650
    O          16.4070      16.7720     -14.7600
    N          17.0440      18.1640     -13.2170
    C          17.2600      18.6750     -11.8320
    C          18.3710      19.7330     -11.9340
    S          19.2810      19.9410     -10.3820
    C          15.9660      19.0900     -11.0490
    O          15.5930      18.3820     -10.1130
    N          15.2430      20.1390     -11.4830
    C          13.8720      20.5230     -10.9940
    C          13.4380      21.5510     -12.0710
    S          11.9020      22.4460     -11.7180
    C          12.7950      19.3830     -10.7990
    O          11.9860      19.4550      -9.8710
    N          12.8200      18.3270     -11.6330
    C          11.9860      17.1110     -11.5030
    C          11.9360      16.5800     -12.9560
    O          13.2090      16.2590     -13.5390
    C          12.4080      16.0160     -10.4570
    O          11.5760      15.1930     -10.0770
    N          13.6480      16.0190      -9.9340
    C          13.9640      15.3960      -8.6310
    C          15.4670      15.0270      -8.6490
    C          15.8110      13.6980      -9.2800
    O          16.1140      13.5570     -10.4570
    N          15.8220      12.7170      -8.4340
    C          13.7550      16.4340      -7.4810
    O          14.3390      17.5170      -7.5780
    N          13.0550      16.1530      -6.3510
    C          12.9510      17.1260      -5.2230
    C          12.4450      14.8380      -6.0650
    C          11.8670      16.4770      -4.3600
    C          11.9760      14.9700      -4.6130
    C          14.2660      17.5840      -4.5060
    O          14.3670      18.7160      -4.0400
    N          15.2970      16.7450      -4.5390
    C          16.6590      17.0360      -4.0170
    C          17.2690      15.6390      -3.6220
    C          18.7940      15.6390      -3.3510
    C          16.6150      15.0330      -2.3550
    C          17.5100      17.9150      -4.9750
    O          17.9480      19.0010      -4.5840
    N          17.7230      17.4960      -6.2340
    C          18.4260      18.3310      -7.2410
    C          18.8320      17.4340      -8.4350
    S          19.9890      18.2280      -9.5900
    C          17.8100      19.6970      -7.6330
    O          18.4960      20.7030      -7.8290
    N          16.4900      19.7300      -7.5770
    C          15.6720      20.9540      -7.5200
    N          11.7430      20.8710      -7.3430
    N          11.6650      22.9700      -6.2860
    C          11.0610      22.0270      -7.0660
    C          12.9330      22.4190      -6.2070
    C          12.9880      21.1780      -6.8370
    C          14.2120      20.4410      -7.3720
    C          16.1160      21.9460      -6.4080
    O          16.1520      23.1430      -6.6490
    N          16.3480      21.4420      -5.1990
    C          16.5430      22.3060      -3.9820
    C          15.7960      21.7020      -2.7640
    C          14.2480      21.7050      -2.8660
    C          13.6320      20.8940      -1.7190
    C          13.6340      23.1200      -2.8480
    C          18.0030      22.7490      -3.6770
    O          18.2470      23.9150      -3.3620
    N          18.9740      21.8670      -3.9200
    C          20.3660      22.2220      -4.2680
    C          20.8550      20.9060      -4.9190
    C          21.2680      19.7440      -3.9800
    C          21.6270      18.4330      -4.6860
    O          21.6530      18.2900      -5.9060
    O          21.8980      17.4380      -3.7950
    C          20.6370      23.4480      -5.2020
    O          21.6140      24.1770      -5.0200
    N          19.7980      23.6330      -6.2260
    C          19.7860      24.8670      -7.0400
    N          22.7840      23.3220      -8.0900
    N          24.2310      25.1080      -7.5570
    C          24.0150      23.7560      -7.6670
    C          22.9650      25.5940      -7.8760
    C          22.1010      24.5230      -8.1820
    C          20.5820      24.6090      -8.3330
    C          18.3090      25.2900      -7.2700
    O          17.7260      25.0560      -8.3280
    N          17.6970      25.8820      -6.2360
    C          16.2630      26.2710      -6.2490
    C          15.7560      26.3840      -4.7930
    O          14.3320      26.2720      -4.7520
    C          15.8320      27.4660      -7.1480
    O          14.7590      27.4600      -7.7480
    N          16.7730      28.3830      -7.3410
    C          16.9010      29.1900      -8.5910
    C          18.2640      29.9350      -8.5160
    C          19.5770      29.1390      -8.6820
    O          19.8140      28.0950      -8.0800
    N          20.4720      29.6000      -9.5170
    C          16.7180      28.4750      -9.9750
    O          16.1030      29.0230     -10.8890
    N          17.2690      27.2620     -10.1020
    C          17.1170      26.4200     -11.3230
    C          18.4280      25.6230     -11.5760
    C          19.7550      26.4180     -11.7230
    C          20.9200      25.4470     -11.9520
    C          19.7300      27.4430     -12.8690
    C          15.8500      25.4940     -11.3960
    O          15.6000      24.9030     -12.4500
    N          15.0320      25.3670     -10.3330
    C          13.6050      24.9850     -10.4830
    C          13.2680      24.0010      -9.3580
    S          11.8020      23.0530      -9.8080
    C          12.5910      26.1760     -10.5210
    O          11.7070      26.2240     -11.3680
    O          12.6080      26.9360      -9.5140
    H          16.1490      14.1880     -13.8180
    H          15.5490      13.9350     -12.2670
    H          14.6950      14.8930     -13.3530
    H          15.8440      16.2700     -11.6940
    H          17.3840      15.5500     -12.1930
    H          17.2810      18.7120     -14.0410
    H          17.7450      17.8750     -11.2490
    H          19.1430      19.3970     -12.6490
    H          17.9960      20.6980     -12.3220
    H          15.5860      20.5030     -12.3760
    H          13.9610      21.0720     -10.0170
    H          14.2090      22.3360     -12.2160
    H          13.3170      21.0740     -13.0630
    H          13.5710      18.2890     -12.3200
    H          10.9560      17.4050     -11.2200
    H          11.3110      15.6860     -12.9640
    H          11.3950      17.3010     -13.6040
    H          13.0780      16.3300     -14.4970
    H          14.2220      16.8190     -10.2060
    H          13.3480      14.4970      -8.4330
    H          16.1000      15.8320      -9.0650
    H          15.8140      14.9780      -7.6110
    H          16.3670      11.9110      -8.7320
    H          15.7070      13.0880      -7.4870
    H          12.5240      18.0590      -5.5840
    H          13.1530      13.9990      -6.1680
    H          11.6410      14.6190      -6.7880
    H          11.9660      16.7770      -3.3060
    H          10.8660      16.8310      -4.6790
    H          12.7100      14.5200      -3.9240
    H          11.0340      14.4320      -4.4170
    H          15.0930      15.9280      -5.1100
    H          16.5670      17.7030      -3.1490
    H          17.0680      14.9400      -4.4730
    H          19.0700      16.3170      -2.5200
    H          19.1710      14.6330      -3.0800
    H          19.3830      15.9540      -4.2330
    H          15.5200      14.9200      -2.4580
    H          17.0070      14.0240      -2.1200
    H          16.7840      15.6580      -1.4560
    H          17.3550      16.5750      -6.4220
    H          19.2590      18.6700      -6.6590
    H          19.3250      16.5100      -8.0740
    H          17.9400      17.1120      -8.9970
    H          16.1220      18.7990      -7.3870
    H          15.7920      21.4440      -8.4700
    H          11.5560      20.2090      -8.1160
    H          11.2880      23.8370      -5.8760
    H          10.3500      22.3800      -7.8070
    H          13.8330      22.9480      -5.9870
    H          13.9640      19.8040      -8.2300
    H          14.3100      19.7470      -6.5140
    H          16.6390      20.4460      -5.3250
    H          16.0610      23.2770      -4.1720
    H          16.1600      20.6680      -2.6010
    H          16.0850      22.2440      -1.8410
    H          13.9770      21.1990      -3.8140
    H          14.0090      19.8550      -1.7060
    H          13.8530      21.3340      -0.7290
    H          12.5320      20.8260      -1.8110
    H          13.8840      23.6670      -1.9190
    H          13.9760      23.7500      -3.6870
    H          12.5300      23.0890      -2.9160
    H          18.7370      20.8660      -3.8610
    H          20.9340      22.4220      -3.3570
    H          20.1420      20.5450      -5.6880
    H          21.7130      21.1690      -5.5150
    H          22.1180      20.0500      -3.3420
    H          20.4330      19.5380      -3.2930
    H          22.1100      16.6180      -4.2410
    H          18.9600      23.0460      -6.1470
    H          20.2700      25.7070      -6.5170
    H          22.3910      22.3750      -8.0640
    H          25.0900      25.6200      -7.3080
    H          24.7680      23.0400      -7.3340
    H          22.6390      26.6260      -7.7820
    H          20.1640      23.6860      -8.7730
    H          20.3510      25.4260      -9.0360
    H          18.0360      25.4460      -5.3950
    H          15.7960      25.4120      -6.7070
    H          16.1910      25.5990      -4.1420
    H          16.0820      27.3460      -4.3460
    H          14.0160      26.8670      -4.0590
    H          17.5880      27.9670      -6.8780
    H          16.1010      29.9530      -8.5590
    H          18.2190      30.7280      -9.2820
    H          18.3320      30.4630      -7.5510
    H          21.3240      29.0440      -9.6010
    H          20.2140      30.4320     -10.0570
    H          17.5880      26.8930      -9.1950
    H          16.9990      27.1010     -12.1770
    H          18.5330      24.8720     -10.7720
    H          18.2840      25.0240     -12.4970
    H          19.9430      26.9700     -10.7820
    H          20.9780      24.6710     -11.1700
    H          20.8240      24.9210     -12.9210
    H          21.8900      25.9770     -11.9600
    H          19.5020      26.9780     -13.8470
    H          18.9700      28.2290     -12.7010
    H          20.6960      27.9710     -12.9780
    H          15.3800      25.8540      -9.4980
    H          13.4610      24.4470     -11.4370
    H          14.0200      23.2240      -9.1930
    H          13.2150      24.5520      -8.3990

============== BASIS INFOS ==============
 BASIS FUNCTIONS = 2276
 NSHELL =  780 NPRIM  = 4072
 JSHELL =  780 JBASIS = 1820


 @ End Reading Molecular Information 


 @ Begin XC Quadrature Formation

 OCTAGO: OCTree Algorithm for Grid Operations 
   PRUNING CUTOFF       = 0.100E-09
   INITIAL GRID POINTS  =      832640
|   FINAL GRID POINTS    =      521585
|   SIGNIFICANT NUMBER OF BASIS FUNCTIONS     =     1890667
|   SIGNIFICANT NUMBER OF PRIMITIVE FUNCTIONS =     2008476

 @ End XC Quadrature Formation


 @ Begin Energy Calculation

                                         SCF ENERGY
| ------------------------------------------------------------------------------------------------------------------------
| NCYC       ENERGY         DELTA_E      SCF_TIME  DII_CYC   DII_TIME   O_TIME  DIAG_TIME    MAX_ERR    RMS_CHG    MAX_CHG
| ------------------------------------------------------------------------------------------------------------------------
|  1  -7167.879054845      ------         3.867     1        0.58      3.26      0.23    0.2473E+01  0.7213E-02  0.6142E+00
|  2  -7139.408400319  -.284707E+02       4.488     2        0.60      3.86      0.23    0.2991E+00  0.1645E-01  0.6235E+01
|  3  -7028.770301781  -.110638E+03       4.669     3        0.63      4.02      0.23    0.1031E+01  0.2626E-01  0.9889E+01
|  4  -6933.699815265  -.950705E+02       4.683     4        0.65      4.01      0.23    0.1080E+01  0.2060E-01  0.9895E+01
|  5  -7141.206229379  0.207506E+03       4.585     5        0.68      3.88      0.23    0.3456E+00  0.3011E-02  0.8247E+00
|  6  -7135.675537221  -.553069E+01       4.609     6        0.70      3.88      0.23    0.7922E+00  0.4572E-02  0.1169E+01
|  7  -7137.040152523  0.136462E+01       4.652     7        0.73      3.90      0.23    0.5177E+00  0.4575E-02  0.1157E+01
|  8  -7142.462939877  0.542279E+01       4.665     8        0.75      3.89      0.23    0.2283E+00  0.3189E-02  0.6814E+00
|  9  -7142.596347252  0.133407E+00       4.676     9        0.78      3.88      0.23    0.1234E+00  0.1721E-02  0.5005E+00
| 10  -7142.437140609  -.159207E+00       4.690    10        0.80      3.87      0.23    0.1970E+00  0.2537E-02  0.5737E+00
| 11  -7142.637004266  0.199864E+00       4.842     1        0.93      3.88      0.23    0.1062E+00  0.3606E-02  0.1073E+01
| 12  -7142.766069040  0.129065E+00       4.836     2        0.93      3.88      0.23    0.6602E-01  0.2995E-02  0.1060E+01
| 13  -7142.631932878  -.134136E+00       4.832     3        0.93      3.88      0.23    0.1586E+00  0.1985E-02  0.5636E+00
| 14  -7142.843157023  0.211224E+00       4.843     4        0.93      3.88      0.23    0.6771E-01  0.2814E-02  0.5782E+00
| 15  -7142.864264791  0.211078E-01       4.837     5        0.94      3.88      0.23    0.5089E-01  0.2706E-02  0.5993E+00
| 16  -7142.650371145  -.213894E+00       4.825     6        0.93      3.87      0.23    0.1285E+00  0.2522E-02  0.3421E+00
| 17  -7142.974376241  0.324005E+00       4.844     7        0.93      3.89      0.23    0.4610E-01  0.2366E-02  0.3265E+00
| 18  -7142.713103595  -.261273E+00       4.833     8        0.93      3.88      0.23    0.1165E+00  0.1673E-02  0.5685E+00
| 19  -7142.663929593  -.491740E-01       4.831     9        0.93      3.88      0.23    0.1525E+00  0.1613E-02  0.5699E+00
| 20  -7142.633429140  -.305005E-01       4.833    10        0.93      3.88      0.23    0.1346E+00  0.3351E-03  0.3610E-01
| 21  -7142.703890038  0.704609E-01       4.825     1        0.93      3.87      0.23    0.1209E+00  0.1397E-03  0.1205E-01
| 22  -7142.731304062  0.274140E-01       4.833     2        0.93      3.88      0.23    0.1144E+00  0.3883E-04  0.5785E-02
| 23  -7142.728891654  -.241241E-02       4.826     3        0.93      3.87      0.23    0.1146E+00  0.3686E-04  0.3153E-02
| 24  -7142.735560229  0.666858E-02       4.825     4        0.93      3.87      0.23    0.1133E+00  0.1412E-03  0.1238E-01
| 25  -7142.758377879  0.228176E-01       4.841     5        0.93      3.88      0.23    0.1069E+00  0.2630E-03  0.2975E-01
| 26  -7142.767552384  0.917451E-02       4.829     6        0.93      3.87      0.23    0.1056E+00  0.1037E-03  0.1288E-01
| 27  -7142.784373624  0.168212E-01       4.839     7        0.94      3.88      0.23    0.1022E+00  0.3558E-02  0.1123E+01
| 28  -7141.083878167  -.170050E+01       4.846     8        0.93      3.89      0.23    0.3615E+00  0.3062E-02  0.9969E+00
| 29  -7142.789181337  0.170530E+01       4.835     9        0.93      3.88      0.23    0.1154E+00  0.2598E-02  0.6159E+00
| 30  -7140.121818882  -.266736E+01       4.824    10        0.93      3.87      0.23    0.3258E+00  0.1494E-02  0.5394E+00
| 31  -7142.557005863  0.243519E+01       4.831     1        0.93      3.88      0.23    0.1940E+00  0.2658E-02  0.5983E+00
| 32  -7142.837762527  0.280757E+00       4.834     2        0.93      3.88      0.23    0.4583E-01  0.3391E-02  0.9039E+00
| 33  -7142.870477809  0.327153E-01       4.829     3        0.93      3.87      0.23    0.5783E-01  0.2928E-02  0.8981E+00
| 34  -7142.646390175  -.224088E+00       4.829     4        0.93      3.87      0.23    0.1653E+00  0.1757E-02  0.5541E+00
| 35  -7142.866612326  0.220222E+00       4.833     5        0.93      3.88      0.23    0.7749E-01  0.4250E-03  0.4343E-01
| 36  -7142.759416263  -.107196E+00       4.831     6        0.93      3.87      0.23    0.1086E+00  0.7278E-04  0.8767E-02
| 37  -7142.744301037  -.151152E-01       4.834     7        0.94      3.87      0.23    0.1124E+00  0.6648E-04  0.5083E-02
| 38  -7142.759772551  0.154715E-01       4.829     8        0.93      3.87      0.23    0.1082E+00  0.3796E-04  0.4791E-02
| 39  -7142.756265453  -.350710E-02       4.833     9        0.93      3.88      0.23    0.1090E+00  0.1572E-03  0.1550E-01
| 40  -7142.781051471  0.247860E-01       4.833    10        0.93      3.88      0.23    0.1036E+00  0.5032E-04  0.7464E-02
| 41  -7142.782906225  0.185475E-02       4.833     1        0.93      3.88      0.23    0.1038E+00  0.1728E-02  0.2096E+00
| 42  -7143.012466691  0.229560E+00       4.833     2        0.93      3.88      0.23    0.5234E-01  0.3704E-02  0.9383E+00
| 43  -7141.195233573  -.181723E+01       4.855     3        0.93      3.90      0.23    0.2941E+00  0.4527E-02  0.1175E+01
| 44  -7142.714166020  0.151893E+01       4.836     4        0.93      3.88      0.23    0.9237E-01  0.3249E-02  0.1172E+01
| 45  -7142.533211932  -.180954E+00       4.819     5        0.93      3.86      0.23    0.2088E+00  0.2582E-02  0.5488E+00
| 46  -7142.861668597  0.328457E+00       4.837     6        0.93      3.88      0.23    0.6401E-01  0.2562E-02  0.5512E+00
| 47  -7142.691038056  -.170631E+00       4.829     7        0.93      3.87      0.23    0.1509E+00  0.1693E-02  0.5357E+00
| 48  -7142.830922959  0.139885E+00       4.832     8        0.93      3.88      0.23    0.9061E-01  0.1235E-03  0.1165E-01
| 49  -7142.816387040  -.145359E-01       4.834     9        0.93      3.88      0.23    0.9617E-01  0.1452E-04  0.2140E-02
| 50  -7142.815265317  -.112172E-02       4.831    10        0.93      3.87      0.23    0.9619E-01  0.3830E-04  0.4520E-02
| 51  -7142.817043496  0.177818E-02       4.844     1        0.94      3.88      0.23    0.9566E-01  0.8310E-04  0.8264E-02
| 52  -7142.839127906  0.220844E-01       4.830     2        0.93      3.87      0.23    0.8989E-01  0.1972E-02  0.4774E+00
| 53  -7142.496856326  -.342272E+00       4.829     3        0.93      3.87      0.23    0.1929E+00  0.1937E-02  0.4787E+00
| 54  -7142.802597611  0.305741E+00       4.829     4        0.93      3.87      0.23    0.9762E-01  0.3306E-02  0.1364E+01
| 55  -7142.655479182  -.147118E+00       4.830     5        0.93      3.87      0.23    0.1031E+00  0.3347E-02  0.1373E+01
| 56  -7142.750431512  0.949523E-01       4.840     6        0.93      3.88      0.23    0.1107E+00  0.2266E-02  0.4565E+00
| 57  -7142.734152844  -.162787E-01       4.831     7        0.93      3.88      0.23    0.1077E+00  0.2761E-02  0.5555E+00
| 58  -7140.227575427  -.250658E+01       4.843     8        0.93      3.88      0.23    0.3348E+00  0.1446E-02  0.5455E+00
| 59  -7142.567558109  0.233998E+01       4.821     9        0.93      3.86      0.23    0.1981E+00  0.8988E-03  0.1581E+00
| 60  -7142.892765316  0.325207E+00       4.824    10        0.93      3.87      0.23    0.9206E-01  0.1456E-02  0.4021E+00
| 61  -7142.956177108  0.634118E-01       4.833     1        0.93      3.88      0.23    0.4758E-01  0.4884E-03  0.5097E-01
| 62  -7142.985157137  0.289800E-01       4.826     2        0.93      3.87      0.23    0.4815E-01  0.2627E-03  0.4478E-01
| 63  -7142.989522266  0.436513E-02       4.832     3        0.93      3.88      0.23    0.4976E-01  0.2089E-02  0.4648E+00
| 64  -7142.520518627  -.469004E+00       4.830     4        0.93      3.87      0.23    0.1845E+00  0.2160E-02  0.4639E+00
| 65  -7142.992698480  0.472180E+00       4.843     5        0.93      3.89      0.23    0.4306E-01  0.3155E-02  0.1204E+01
| 66  -7142.723056302  -.269642E+00       4.838     6        0.93      3.88      0.23    0.9013E-01  0.2935E-02  0.1148E+01
| 67  -7143.009253477  0.286197E+00       4.835     7        0.93      3.88      0.23    0.4159E-01  0.9948E-03  0.1691E+00
| 68  -7143.017868180  0.861470E-02       4.838     8        0.93      3.88      0.23    0.3061E-01  0.9126E-03  0.1723E+00
| 69  -7143.064661319  0.467931E-01       4.845     9        0.93      3.89      0.23    0.7355E-02  0.2339E-03  0.4097E-01
| 70  -7143.059928026  -.473329E-02       4.837    10        0.93      3.88      0.23    0.1718E-01  0.3964E-03  0.8612E-01
| 71  -7143.062812569  0.288454E-02       4.842     1        0.93      3.88      0.23    0.1006E-01  0.2063E-03  0.1997E-01
| 72  -7143.066968799  0.415623E-02       4.835     2        0.93      3.88      0.23    0.3546E-02  0.6992E-04  0.1082E-01
| 73  -7143.067443508  0.474710E-03       4.832     3        0.93      3.87      0.23    0.2392E-02  0.8127E-04  0.1555E-01
| 74  -7143.066442811  -.100070E-02       4.832     4        0.93      3.88      0.23    0.6891E-02  0.6604E-04  0.1309E-01
| 75  -7143.064652584  -.179023E-02       4.834     5        0.93      3.88      0.23    0.1090E-01  0.3486E-04  0.7907E-02
| 76  -7143.065845287  0.119270E-02       4.845     6        0.93      3.89      0.23    0.8580E-02  0.2791E-04  0.4140E-02
| 77  -7143.065995554  0.150266E-03       4.834     7        0.93      3.88      0.23    0.7916E-02  0.8139E-04  0.1836E-01
| 78  -7143.067573083  0.157753E-02       4.845     8        0.93      3.89      0.23    0.2457E-02  0.1835E-04  0.2266E-02
| 79  -7143.067712670  0.139587E-03       4.839     9        0.94      3.88      0.23    0.1883E-02  0.6224E-04  0.1223E-01
| 80  -7143.067693046  -.196241E-04       4.835    10        0.93      3.88      0.23    0.1817E-02  0.3404E-04  0.5482E-02
| 81  -7143.067827269  0.134223E-03       4.837     1        0.93      3.88      0.23    0.1990E-03  0.7613E-05  0.7696E-03
| -------------- 2E-INT CUTOFF CHANGE TO 0.1000E-08 ------------
| 82  -7143.067098281  -.728988E-03       8.393     2        0.93      7.44      0.23    0.2782E-03  0.4742E-06  0.6080E-04
| ------------------------------------------------------------------------------------------------------------------------
| REACH CONVERGENCE AFTER  82 CYLCES
| MAX ERROR = 0.278242E-03   RMS CHANGE = 0.474164E-06   MAX CHANGE = 0.608017E-04
| -----------------------------------------------
 ALPHA ELECTRON DENSITY    =  454.0001910635
 BETA ELECTRON DENSITY     =  454.0001910635
 ELECTRONIC ENERGY    =-40181.611785745
 CORE_CORE REPULSION  = 33038.544687464
 TOTAL ENERGY         = -7143.067098281

 @ End Energy calculation


 @ Begin Gradient Calculation

 ANALYTICAL GRADIENT: 
----------------------------------------
 COORDINATE    XYZ            GRADIENT
----------------------------------------
    1X    15.6340011939    -0.0117070824
    1Y    14.6160011161    -0.0111095526
    1Z   -13.0350009954     0.0158251668
    2X    16.3740012504    -0.0155187307
    2Y    15.8230012083    -0.0329514080
    2Z   -12.5520009585    -0.0277459963
    3X    16.6010012677     0.0179053882
    3Y    16.9570012949     0.0206537091
    3Z   -13.5650010359     0.0261255517
    4X    16.4070012529     0.0089827637
    4Y    16.7720012808     0.0272302244
    4Z   -14.7600011271     0.0252359361
    5X    17.0440013015    -0.0025515126
    5Y    18.1640013871    -0.0137634395
    5Z   -13.2170010093    -0.0410365748
    6X    17.2600013180    -0.0099722820
    6Y    18.6750014261    -0.0041392394
    6Z   -11.8320009035     0.0080377680
    7X    18.3710014029    -0.0077958258
    7Y    19.7330015069     0.0096657601
    7Z   -11.9340009113     0.0203982618
    8X    19.2810014724     0.0117349887
    8Y    19.9410015228    -0.0591576097
    8Z   -10.3820007928     0.0022512148
    9X    15.9660012192    -0.0180511370
    9Y    19.0900014578     0.0133370741
    9Z   -11.0490008437     0.0099265067
   10X    15.5930011907     0.0042828793
   10Y    18.3820014037     0.0175408870
   10Z   -10.1130007723    -0.0150425518
   11X    15.2430011640     0.0064085249
   11Y    20.1390015379     0.0013489229
   11Z   -11.4830008769     0.0131525497
   12X    13.8720010593    -0.0132735059
   12Y    20.5230015672    -0.0122624378
   12Z   -10.9940008395     0.0135167036
   13X    13.4380010262    -0.0068703016
   13Y    21.5510016457    -0.0047337627
   13Z   -12.0710009218    -0.0044316316
   14X    11.9020009089     0.0161618510
   14Y    22.4460017141    -0.0036283396
   14Z   -11.7180008948     0.0391991261
   15X    12.7950009771    -0.0127453393
   15Y    19.3830014802    -0.0131915677
   15Z   -10.7990008247    -0.0240245796
   16X    11.9860009153    -0.0007638228
   16Y    19.4550014857     0.0017971864
   16Z    -9.8710007538     0.0042985368
   17X    12.8200009790    -0.0090037712
   17Y    18.3270013995     0.0137264468
   17Z   -11.6330008883     0.0054515205
   18X    11.9860009153    -0.0156136774
   18Y    17.1110013067    -0.0122265583
   18Z   -11.5030008784     0.0217916440
   19X    11.9360009115     0.0316730405
   19Y    16.5800012661     0.0121788682
   19Z   -12.9560009894     0.0010328026
   20X    13.2090010087    -0.0053350944
   20Y    16.2590012416    -0.0045998288
   20Z   -13.5390010339    -0.0020319571
   21X    12.4080009475     0.0195500000
   21Y    16.0160012230     0.0084054878
   21Z   -10.4570007985    -0.0120555225
   22X    11.5760008840     0.0085939471
   22Y    15.1930011602    -0.0048517907
   22Z   -10.0770007695     0.0109820931
   23X    13.6480010422    -0.0113539480
   23Y    16.0190012233    -0.0113110357
   23Z    -9.9340007586     0.0031334563
   24X    13.9640010663     0.0044733419
   24Y    15.3960011757    -0.0065506006
   24Z    -8.6310006591    -0.0083823525
   25X    15.4670011811    -0.0069318733
   25Y    15.0270011475    -0.0017815447
   25Z    -8.6490006605     0.0015366129
   26X    15.8110012074     0.0117059823
   26Y    13.6980010460    -0.0672318981
   26Z    -9.2800007087     0.0149388704
   27X    16.1140012305    -0.0118498114
   27Y    13.5570010353     0.0044424374
   27Z   -10.4570007985     0.0565880600
   28X    15.8220012082     0.0044261328
   28Y    12.7170009711     0.0411517162
   28Z    -8.4340006441    -0.0451296907
   29X    13.7550010504    -0.0019697019
   29Y    16.4340012550    -0.0115708456
   29Z    -7.4810005713     0.0168075964
   30X    14.3390010950    -0.0078329516
   30Y    17.5170013377    -0.0035459242
   30Z    -7.5780005787    -0.0002881778
   31X    13.0550009969    -0.0108654067
   31Y    16.1530012335     0.0177672977
   31Z    -6.3510004850    -0.0116720234
   32X    12.9510009890     0.0074813800
   32Y    17.1260013078    -0.0021691766
   32Z    -5.2230003988     0.0102780548
   33X    12.4450009503     0.0028044965
   33Y    14.8380011331     0.0046722247
   33Z    -6.0650004631     0.0033777351
   34X    11.8670009062     0.0114394817
   34Y    16.4770012582    -0.0022914947
   34Z    -4.3600003329    -0.0122264057
   35X    11.9760009145     0.0034252198
   35Y    14.9700011432     0.0103726557
   35Z    -4.6130003523    -0.0129849149
   36X    14.2660010894     0.0088136618
   36Y    17.5840013428    -0.0204339143
   36Z    -4.5060003441     0.0118179971
   37X    14.3670010971     0.0112896595
   37Y    18.7160014292    -0.0023194808
   37Z    -4.0400003085    -0.0053615099
   38X    15.2970011681    -0.0155588992
   38Y    16.7450012787     0.0181422999
   38Z    -4.5390003466    -0.0000560557
   39X    16.6590012721     0.0068061663
   39Y    17.0360013009     0.0140415948
   39Z    -4.0170003068     0.0010901101
   40X    17.2690013187    -0.0111663905
   40Y    15.6390011943     0.0098607590
   40Z    -3.6220002766    -0.0076519331
   41X    18.7940014352    -0.0100930117
   41Y    15.6390011943    -0.0070661863
   41Z    -3.3510002559     0.0072127023
   42X    16.6150012688     0.0149883937
   42Y    15.0330011480     0.0002205782
   42Z    -2.3550001798    -0.0038124090
   43X    17.5100013371     0.0036674402
   43Y    17.9150013681     0.0005900743
   43Z    -4.9750003799    -0.0037062872
   44X    17.9480013706    -0.0046540211
   44Y    19.0010014510    -0.0087314704
   44Z    -4.5840003501    -0.0083598665
   45X    17.7230013534     0.0150184272
   45Y    17.4960013361    -0.0013668099
   45Z    -6.2340004761     0.0072448204
   46X    18.4260014071    -0.0122799921
   46Y    18.3310013998     0.0180625290
   46Z    -7.2410005530    -0.0036550950
   47X    18.8320014381     0.0179035481
   47Y    17.4340013313     0.0003020123
   47Z    -8.4350006441    -0.0102168363
   48X    19.9890015264    -0.0312105725
   48Y    18.2280013920     0.0393498336
   48Z    -9.5900007323     0.0026884295
   49X    17.8100013600    -0.0077622578
   49Y    19.6970015041    -0.0212737773
   49Z    -7.6330005829    -0.0115988775
   50X    18.4960014124    -0.0060747690
   50Y    20.7030015810     0.0092470440
   50Z    -7.8290005979    -0.0126469908
   51X    16.4900012592     0.0206740236
   51Y    19.7300015067     0.0156802050
   51Z    -7.5770005786    -0.0139701762
   52X    15.6720011968     0.0070877295
   52Y    20.9540016001     0.0068234102
   52Z    -7.5200005743     0.0027338543
   53X    11.7430008967    -0.0043361856
   53Y    20.8710015938    -0.0361796604
   53Z    -7.3430005607    -0.0252954494
   54X    11.6650008908    -0.0251732603
   54Y    22.9700017541     0.0434667566
   54Z    -6.2860004800     0.0149080736
   55X    11.0610008447     0.0916279694
   55Y    22.0270016821    -0.0086685534
   55Z    -7.0660005396     0.0300926929
   56X    12.9330009876    -0.0338030066
   56Y    22.4190017120     0.0224669403
   56Z    -6.2070004740     0.0012368060
   57X    12.9880009918    -0.0423452109
   57Y    21.1780016172    -0.0415782106
   57Z    -6.8370005221     0.0201885219
   58X    14.2120010853     0.0068175215
   58Y    20.4410015610     0.0285718112
   58Z    -7.3720005630    -0.0492998923
   59X    16.1160012307     0.0031550321
   59Y    21.9460016759    -0.0123620418
   59Z    -6.4080004893     0.0196094911
   60X    16.1520012334     0.0066331513
   60Y    23.1430017673    -0.0156922083
   60Z    -6.6490005077     0.0061776734
   61X    16.3480012484    -0.0132723690
   61Y    21.4420016374     0.0259238069
   61Z    -5.1990003970    -0.0154819585
   62X    16.5430012633     0.0109428428
   62Y    22.3060017034     0.0060790570
   62Z    -3.9820003041    -0.0017945272
   63X    15.7960012062    -0.0054997758
   63Y    21.7020016572     0.0076111281
   63Z    -2.7640002111    -0.0094532779
   64X    14.2480010880     0.0039001864
   64Y    21.7050016575     0.0016143992
   64Z    -2.8660002189     0.0034957843
   65X    13.6320010410     0.0007731205
   65Y    20.8940015955     0.0120015523
   65Z    -1.7190001313    -0.0066607194
   66X    13.6340010411    -0.0017041928
   66Y    23.1200017655    -0.0082551359
   66Z    -2.8480002175     0.0045642181
   67X    18.0030013748     0.0145973794
   67Y    22.7490017372    -0.0141192954
   67Z    -3.6770002808     0.0035750452
   68X    18.2470013934     0.0043804240
   68Y    23.9150018262    -0.0049869405
   68Z    -3.3620002567     0.0032966716
   69X    18.9740014489    -0.0064267212
   69Y    21.8670016698     0.0150273786
   69Z    -3.9200002993     0.0046796344
   70X    20.3660015552     0.0057568476
   70Y    22.2220016970     0.0278546526
   70Z    -4.2680003259    -0.0113015351
   71X    20.8550015926    -0.0171007327
   71Y    20.9060015965     0.0083824786
   71Z    -4.9190003756     0.0214197211
   72X    21.2680016241     0.0063273336
   72Y    19.7440015077    -0.0075166853
   72Z    -3.9800003039    -0.0077043114
   73X    21.6270016515     0.0032079081
   73Y    18.4330014076    -0.0055635207
   73Z    -4.6860003578     0.0231636062
   74X    21.6530016535    -0.0009857342
   74Y    18.2900013967     0.0029734869
   74Z    -5.9060004510    -0.0287200624
   75X    21.8980016722     0.0051851065
   75Y    17.4380013316    -0.0203913068
   75Z    -3.7950002898    -0.0077417939
   76X    20.6370015759    -0.0155470521
   76Y    23.4480017906    -0.0116207785
   76Z    -5.2020003972    -0.0175990889
   77X    21.6140016505     0.0019761373
   77Y    24.1770018462     0.0135644834
   77Z    -5.0200003833    -0.0069091908
   78X    19.7980015119     0.0290580975
   78Y    23.6330018047     0.0055072515
   78Z    -6.2260004754    -0.0044510572
   79X    19.7860015109    -0.0054202647
   79Y    24.8670018989     0.0022037606
   79Z    -7.0400005376    -0.0069844967
   80X    22.7840017399    -0.0103435262
   80Y    23.3220017810    -0.0448826421
   80Z    -8.0900006178    -0.0074624194
   81X    24.2310018504     0.0399032229
   81Y    25.1080019173     0.0104851016
   81Z    -7.5570005771     0.0094679379
   82X    24.0150018339    -0.0771256456
   82Y    23.7560018141     0.0669947123
   82Z    -7.6670005855    -0.0182631640
   83X    22.9650017537     0.0366125466
   83Y    25.5940019545     0.0080447941
   83Z    -7.8760006014     0.0110743317
   84X    22.1010016877     0.0241073170
   84Y    24.5230018727    -0.0387808828
   84Z    -8.1820006248    -0.0127155925
   85X    20.5820015717     0.0022305129
   85Y    24.6090018792    -0.0044296207
   85Z    -8.3330006363     0.0195736121
   86X    18.3090013981     0.0047269623
   86Y    25.2900019312     0.0219441910
   86Z    -7.2700005552     0.0364195177
   87X    17.7260013536    -0.0103699284
   87Y    25.0560019134    -0.0083456968
   87Z    -8.3280006360     0.0055924035
   88X    17.6970013514    -0.0012311746
   88Y    25.8820019764    -0.0234741149
   88Z    -6.2360004762    -0.0235807345
   89X    16.2630012419     0.0083030423
   89Y    26.2710020062     0.0232393768
   89Z    -6.2490004772    -0.0081576474
   90X    15.7560012032    -0.0016559351
   90Y    26.3840020148    -0.0052651709
   90Z    -4.7930003660    -0.0119963804
   91X    14.3320010944    -0.0043580135
   91Y    26.2720020062    -0.0009460826
   91Z    -4.7520003629     0.0024624511
   92X    15.8320012090     0.0406280742
   92Y    27.4660020974     0.0251403923
   92Z    -7.1480005458     0.0246549589
   93X    14.7590011271    -0.0107125784
   93Y    27.4600020970     0.0043647103
   93Z    -7.7480005917    -0.0183355633
   94X    16.7730012809    -0.0430974219
   94Y    28.3830021674    -0.0042911261
   94Z    -7.3410005606    -0.0005867062
   95X    16.9010012906    -0.0040734222
   95Y    29.1900022291    -0.0027207067
   95Z    -8.5910006560    -0.0174874400
   96X    18.2640013947    -0.0019313606
   96Y    29.9350022860    -0.0155061898
   96Z    -8.5160006503     0.0077516809
   97X    19.5770014950     0.0378173961
   97Y    29.1390022252     0.0238516614
   97Z    -8.6820006630    -0.0227932873
   98X    19.8140015131     0.0054450162
   98Y    28.0950021454     0.0156556210
   98Z    -8.0800006170    -0.0183579794
   99X    20.4720015633    -0.0171418152
   99Y    29.6000022604    -0.0362275048
   99Z    -9.5170007268     0.0320539691
  100X    16.7180012767     0.0264314004
  100Y    28.4750021745    -0.0103249248
  100Z    -9.9750007617     0.0138944169
  101X    16.1030012297    -0.0107042618
  101Y    29.0230022163    -0.0101749391
  101Z   -10.8890008315    -0.0110467907
  102X    17.2690013187    -0.0078074301
  102Y    27.2620020818     0.0178733795
  102Z   -10.1020007714    -0.0131881926
  103X    17.1170013071    -0.0119494886
  103Y    26.4200020175    -0.0011894255
  103Z   -11.3230008647    -0.0067746028
  104X    18.4280014072     0.0023775927
  104Y    25.6230019567     0.0131201364
  104Z   -11.5760008840     0.0019085947
  105X    19.7550015086     0.0034053852
  105Y    26.4180020174    -0.0014617944
  105Z   -11.7230008952    -0.0002220781
  106X    20.9200015975    -0.0065813378
  106Y    25.4470019432     0.0067764660
  106Z   -11.9520009127    -0.0004170731
  107X    19.7300015067     0.0062780275
  107Y    27.4430020957    -0.0112235502
  107Z   -12.8690009827     0.0038761832
  108X    15.8500012104     0.0098434745
  108Y    25.4940019468     0.0086872573
  108Z   -11.3960008702     0.0043029949
  109X    15.6000011913    -0.0147345815
  109Y    24.9030019017    -0.0014462211
  109Z   -12.4500009507     0.0133282079
  110X    15.0320011479    -0.0124212366
  110Y    25.3670019371    -0.0184884384
  110Z   -10.3330007891    -0.0095212663
  111X    13.6050010389    -0.0135284887
  111Y    24.9850019080     0.0103657665
  111Z   -10.4830008005     0.0093301097
  112X    13.2680010132    -0.0192484578
  112Y    24.0010018328    -0.0111251151
  112Z    -9.3580007146     0.0061790909
  113X    11.8020009012     0.0209682853
  113Y    23.0530017604     0.0063483455
  113Z    -9.8080007490    -0.0357555747
  114X    12.5910009615     0.0181307658
  114Y    26.1760019989    -0.0319529297
  114Z   -10.5210008034    -0.0538583284
  115X    11.7070008940     0.0098176553
  115Y    26.2240020026     0.0232306002
  115Z   -11.3680008681     0.0490003449
  116X    12.6080009628    -0.0241758658
  116Y    26.9360020569     0.0078929031
  116Z    -9.5140007265    -0.0085832155
  117X    16.1490012332     0.0054672467
  117Y    14.1880010835    -0.0039830854
  117Z   -13.8180010552    -0.0015800737
  118X    15.5490011874    -0.0052539862
  118Y    13.9350010641    -0.0007367820
  118Z   -12.2670009368    -0.0158107369
  119X    14.6950011222     0.0047674791
  119Y    14.8930011373    -0.0047556223
  119Z   -13.3530010197     0.0005394903
  120X    15.8440012099    -0.0020588849
  120Y    16.2700012424     0.0127835559
  120Z   -11.6940008930     0.0035907039
  121X    17.3840013275     0.0107912001
  121Y    15.5500011875     0.0093897984
  121Z   -12.1930009311    -0.0005010444
  122X    17.2810013196     0.0024239631
  122Y    18.7120014289    -0.0031829418
  122Z   -14.0410010722    -0.0059502613
  123X    17.7450013551     0.0119246795
  123Y    17.8750013650     0.0004107190
  123Z   -11.2490008590     0.0026509711
  124X    19.1430014618     0.0105578870
  124Y    19.3970014812     0.0017554509
  124Z   -12.6490009659     0.0030176447
  125X    17.9960013742    -0.0032756866
  125Y    20.6980015806     0.0015114124
  125Z   -12.3220009410    -0.0107826953
  126X    15.5860011902     0.0120280871
  126Y    20.5030015657    -0.0071628923
  126Z   -12.3760009451    -0.0093077493
  127X    13.9610010661     0.0028078805
  127Y    21.0720016091     0.0148193018
  127Z   -10.0170007649     0.0167460196
  128X    14.2090010851     0.0004933037
  128Y    22.3360017057     0.0089489558
  128Z   -12.2160009329    -0.0061229960
  129X    13.3170010169     0.0049583976
  129Y    21.0740016093    -0.0007020670
  129Z   -13.0630009975    -0.0074008413
  130X    13.5710010363     0.0053721846
  130Y    18.2890013966     0.0006497798
  130Z   -12.3200009408    -0.0031384234
  131X    10.9560008366    -0.0104497601
  131Y    17.4050013291     0.0032111728
  131Z   -11.2200008568     0.0014598693
  132X    11.3110008638     0.0014308483
  132Y    15.6860011978     0.0059269152
  132Z   -12.9640009900    -0.0028854253
  133X    11.3950008702    -0.0088110125
  133Y    17.3010013212    -0.0002055606
  133Z   -13.6040010389    -0.0083081899
  134X    13.0780009987    -0.0050443919
  134Y    16.3300012470    -0.0009081542
  134Z   -14.4970011070    -0.0030368162
  135X    14.2220010860    -0.0041747970
  135Y    16.8190012844    -0.0014879800
  135Z   -10.2060007794    -0.0122495432
  136X    13.3480010193    -0.0045106362
  136Y    14.4970011070    -0.0097383732
  136Z    -8.4330006440     0.0127679144
  137X    16.1000012295     0.0125291669
  137Y    15.8320012090     0.0035922482
  137Z    -9.0650006922     0.0045530566
  138X    15.8140012076    -0.0009980638
  138Y    14.9780011438     0.0007387438
  138Z    -7.6110005812    -0.0135407406
  139X    16.3670012498     0.0045865195
  139Y    11.9110009096     0.0026164758
  139Z    -8.7320006668    -0.0125692983
  140X    15.7070011994    -0.0113103765
  140Y    13.0880009994     0.0252310198
  140Z    -7.4870005717    -0.0056254483
  141X    12.5240009564    -0.0048161747
  141Y    18.0590013791    -0.0055621607
  141Z    -5.5840004264     0.0060279023
  142X    13.1530010044    -0.0016896747
  142Y    13.9990010690    -0.0057227076
  142Z    -6.1680004710    -0.0006709605
  143X    11.6410008890     0.0015323537
  143Y    14.6190011164    -0.0049266372
  143Z    -6.7880005184    -0.0049348494
  144X    11.9660009138    -0.0001309164
  144Y    16.7770012812     0.0047740109
  144Z    -3.3060002525     0.0032702251
  145X    10.8660008298    -0.0089735602
  145Y    16.8310012853     0.0009911675
  145Z    -4.6790003573     0.0004242066
  146X    12.7100009706    -0.0001804508
  146Y    14.5200011088    -0.0025473425
  146Z    -3.9240002997     0.0045979754
  147X    11.0340008426    -0.0033261986
  147Y    14.4320011021    -0.0042711495
  147Z    -4.4170003373     0.0031508342
  148X    15.0930011526    -0.0137334911
  148Y    15.9280012163     0.0072583942
  148Z    -5.1100003902    -0.0017119314
  149X    16.5670012651     0.0037560114
  149Y    17.7030013519     0.0071775796
  149Z    -3.1490002405     0.0009198971
  150X    17.0680013034    -0.0025014088
  150Y    14.9400011409    -0.0073234501
  150Z    -4.4730003416    -0.0057859297
  151X    19.0700014563     0.0038605436
  151Y    16.3170012460     0.0038618537
  151Z    -2.5200001924     0.0058227697
  152X    19.1710014640     0.0075909059
  152Y    14.6330011174    -0.0063149858
  152Z    -3.0800002352     0.0017419968
  153X    19.3830014802     0.0047135433
  153Y    15.9540012183    -0.0000037096
  153Z    -4.2330003232    -0.0047704196
  154X    15.5200011852    -0.0058995722
  154Y    14.9200011393    -0.0022031049
  154Z    -2.4580001877     0.0005642586
  155X    17.0070012987    -0.0002631022
  155Y    14.0240010709    -0.0080937204
  155Z    -2.1200001619     0.0052673228
  156X    16.7840012817    -0.0007800510
  156Y    15.6580011957     0.0022271005
  156Z    -1.4560001112     0.0079470908
  157X    17.3550013253     0.0018079179
  157Y    16.5750012657     0.0034781441
  157Z    -6.4220004904     0.0144073096
  158X    19.2590014707    -0.0230146672
  158Y    18.6700014257    -0.0012096266
  158Z    -6.6590005085     0.0050422079
  159X    19.3250014757    -0.0007592262
  159Y    16.5100012608    -0.0082950087
  159Z    -8.0740006166     0.0011601682
  160X    17.9400013700    -0.0018059228
  160Y    17.1120013067    -0.0034821338
  160Z    -8.9970006870    -0.0055419369
  161X    16.1220012311     0.0209293020
  161Y    18.7990014356    -0.0098172043
  161Z    -7.3870005641     0.0026942318
  162X    15.7920012059    -0.0036406214
  162Y    21.4440016375    -0.0134648452
  162Z    -8.4700006468     0.0056440676
  163X    11.5560008825    -0.0034196355
  163Y    20.2090015432    -0.0150991845
  163Z    -8.1160006198    -0.0034986221
  164X    11.2880008620    -0.0065007574
  164Y    23.8370018203     0.0158345484
  164Z    -5.8760004487     0.0127738583
  165X    10.3500007904     0.0143315108
  165Y    22.3800017090     0.0070185482
  165Z    -7.8070005962    -0.0110010923
  166X    13.8330010563    -0.0010269969
  166Y    22.9480017524    -0.0103664977
  166Z    -5.9870004572    -0.0127794373
  167X    13.9640010663     0.0009807103
  167Y    19.8040015123    -0.0071804585
  167Z    -8.2300006285    -0.0047769423
  168X    14.3100010928    -0.0060399416
  168Y    19.7470015080     0.0090885874
  168Z    -6.5140004974     0.0116603097
  169X    16.6390012706     0.0058443393
  169Y    20.4460015613    -0.0185363894
  169Z    -5.3250004066    -0.0310324680
  170X    16.0610012265    -0.0026345581
  170Y    23.2770017775     0.0083121419
  170Z    -4.1720003186     0.0088034920
  171X    16.1600012340     0.0049630491
  171Y    20.6680015783    -0.0047791777
  171Z    -2.6010001986     0.0034061633
  172X    16.0850012283    -0.0005534989
  172Y    22.2440016986    -0.0013170732
  172Z    -1.8410001406     0.0078247730
  173X    13.9770010673    -0.0011177117
  173Y    21.1990016188    -0.0048726972
  173Z    -3.8140002913    -0.0076467878
  174X    14.0090010698     0.0014881432
  174Y    19.8550015162    -0.0066328901
  174Z    -1.7060001303     0.0015555438
  175X    13.8530010579     0.0007610232
  175Y    21.3340016291    -0.0000460843
  175Z    -0.7290000557     0.0051831919
  176X    12.5320009570    -0.0066084513
  176Y    20.8260015904    -0.0025517719
  176Z    -1.8110001383     0.0004703058
  177X    13.8840010602     0.0005541079
  177Y    23.6670018073     0.0047681604
  177Z    -1.9190001465     0.0037872682
  178X    13.9760010673     0.0015053992
  178Y    23.7500018136     0.0020495358
  178Z    -3.6870002816    -0.0048048889
  179X    12.5300009568    -0.0070277120
  179Y    23.0890017632     0.0026620895
  179Z    -2.9160002227    -0.0007771427
  180X    18.7370014308    -0.0018100900
  180Y    20.8660015934    -0.0126856119
  180Z    -3.8610002948     0.0120413568
  181X    20.9340015986    -0.0031941351
  181Y    22.4220017122    -0.0044575941
  181Z    -3.3570002564     0.0005589970
  182X    20.1420015381    -0.0007646975
  182Y    20.5450015689    -0.0059778204
  182Z    -5.6880004344    -0.0112817973
  183X    21.7130016581    -0.0147163810
  183Y    21.1690016165    -0.0004652730
  183Z    -5.5150004211     0.0053579185
  184X    22.1180016890     0.0041232353
  184Y    20.0500015311     0.0033865081
  184Z    -3.3420002552     0.0030719265
  185X    20.4330015603    -0.0042914306
  185Y    19.5380014920     0.0044034269
  185Z    -3.2930002515    -0.0005822020
  186X    22.1100016884    -0.0026300466
  186Y    16.6180012690     0.0074198824
  186Z    -4.2410003239     0.0129763445
  187X    18.9600014479    -0.0030416479
  187Y    23.0460017599    -0.0085334128
  187Z    -6.1470004694     0.0153369750
  188X    20.2700015479     0.0010671512
  188Y    25.7070019631     0.0103852014
  188Z    -6.5170004977    -0.0057545356
  189X    22.3910017099    -0.0073668332
  189Y    22.3750017086    -0.0138828642
  189Z    -8.0640006158    -0.0022723358
  190X    25.0900019160     0.0182004067
  190Y    25.6200019564     0.0148800226
  190Z    -7.3080005581     0.0048473634
  191X    24.7680018914     0.0039298465
  191Y    23.0400017594    -0.0056518981
  191Z    -7.3340005601     0.0050751506
  192X    22.6390017288    -0.0052777765
  192Y    26.6260020333     0.0034818211
  192Z    -7.7820005943     0.0026222063
  193X    20.1640015398    -0.0064943175
  193Y    23.6860018088    -0.0048926022
  193Z    -8.7730006699     0.0009696022
  194X    20.3510015541    -0.0011953334
  194Y    25.4260019416     0.0045787131
  194Z    -9.0360006900    -0.0044852075
  195X    18.0360013773    -0.0001748187
  195Y    25.4460019432    -0.0096372763
  195Z    -5.3950004120    -0.0203025622
  196X    15.7960012062     0.0144851873
  196Y    25.4120019406     0.0032350254
  196Z    -6.7070005122     0.0022576122
  197X    16.1910012364    -0.0026185699
  197Y    25.5990019548    -0.0017594254
  197Z    -4.1420003163     0.0085362932
  198X    16.0820012281     0.0010525772
  198Y    27.3460020882     0.0037802203
  198Z    -4.3460003319     0.0049634456
  199X    14.0160010703    -0.0000201829
  199Y    26.8670020517     0.0015427829
  199Z    -4.0590003100     0.0031590120
  200X    17.5880013431    -0.0151137032
  200Y    27.9670021357    -0.0234413818
  200Z    -6.8780005252     0.0144891951
  201X    16.1010012295    -0.0068495559
  201Y    29.9530022873     0.0068341343
  201Z    -8.5590006536     0.0030999168
  202X    18.2190013913    -0.0009242255
  202Y    30.7280023465     0.0032690017
  202Z    -9.2820007088    -0.0026239232
  203X    18.3320013999     0.0011987936
  203Y    30.4630023263     0.0036663141
  203Z    -7.5510005766     0.0017918561
  204X    21.3240016284     0.0065087607
  204Y    29.0440022179    -0.0121049121
  204Z    -9.6010007332     0.0067079056
  205X    20.2140015436    -0.0177859182
  205Y    30.4320023239     0.0127543220
  205Z   -10.0570007680     0.0002302421
  206X    17.5880013431    -0.0005191474
  206Y    26.8930020537     0.0115392246
  206Z    -9.1950007022     0.0226516803
  207X    16.9990012981     0.0050755786
  207Y    27.1010020695    -0.0015814475
  207Z   -12.1770009299    -0.0078310744
  208X    18.5330014153    -0.0015654315
  208Y    24.8720018993    -0.0060708457
  208Z   -10.7720008226     0.0020320947
  209X    18.2840013962     0.0026869906
  209Y    25.0240019109    -0.0060004523
  209Z   -12.4970009543    -0.0044621774
  210X    19.9430015229     0.0016503719
  210Y    26.9700020595     0.0030670798
  210Z   -10.7820008234     0.0044006418
  211X    20.9780016020     0.0006343364
  211Y    24.6710018840    -0.0037356419
  211Z   -11.1700008530     0.0039350720
  212X    20.8240015902     0.0003630648
  212Y    24.9210019031    -0.0037761336
  212Z   -12.9210009867    -0.0051477800
  213X    21.8900016716     0.0050469469
  213Y    25.9770019837     0.0023661564
  213Z   -11.9600009133     0.0005291839
  214X    19.5020014892    -0.0013675628
  214Y    26.9780020601    -0.0005082299
  214Z   -13.8470010574    -0.0067802208
  215X    18.9700014486    -0.0034753838
  215Y    28.2290021557     0.0056599330
  215Z   -12.7010009699     0.0009306549
  216X    20.6960015804     0.0035614523
  216Y    27.9710021360     0.0049784930
  216Z   -12.9780009910    -0.0018330163
  217X    15.3800011745     0.0213953091
  217Y    25.8540019743     0.0021989856
  217Z    -9.4980007253     0.0057333902
  218X    13.4610010279    -0.0136455585
  218Y    24.4470018669    -0.0086680145
  218Z   -11.4370008734    -0.0048401621
  219X    14.0200010706    -0.0093071624
  219Y    23.2240017735    -0.0057313379
  219Z    -9.1930007020     0.0039932443
  220X    13.2150010091     0.0160776715
  220Y    24.5520018749     0.0028381152
  220Z    -8.3990006414     0.0076578693
----------------------------------------

 @ End Gradient Calculation


 @ Output Timing Information

------------- TIMING ---------------
| INITIAL GUESS TIME  =    16.941721640(  3.49%)
| DFT GRID OPERATIONS =     4.527018000(  0.93%)
| TOTAL SCF TIME      =   397.201297000( 81.81%)
|       TOTAL OP TIME      =   321.152981000( 66.15%)
|             TOTAL 1e TIME      =     0.962369000(  0.20%)
|             TOTAL 2e TIME      =   225.018367000( 46.35%)
|             TOTAL EXC TIME     =    87.548858000( 18.03%)
|       TOTAL DII TIME      =    74.082844000( 15.26%)
|             TOTAL DIAG TIME    =    19.182094000(  3.95%)
| TOTAL GRADIENT TIME      =    55.455027000( 11.42%)
|       TOTAL 1e GRADIENT TIME (OVERLAPPED WITH 2e GRAD TIME) =     3.563657000( 1.16%)
|       TOTAL 2e GRADIENT TIME (OVERLAPPED WITH 1e GRAD TIME) =    44.897772000( 9.25%)
|       TOTAL EXC GRADIENT TIME     =     4.854462000(  1.00%)
| TOTAL TIME          =   485.495686000
------------------------------------
| Job cpu time:  0 days  0 hours  8 minutes  5.5 seconds.

 @ Finish Output Timing Information

| Normal Termination. Task Finished on: Thu Aug  5 20:30:34 2021
