  *********************************************************************************************************
  **                                                                                                     **
  **           888888888888                                                                              **
  **         8888888888888888                                                                            **
  **      888888888888888888                                                                             **
  **     888888888888888888                                                                              **
  **    888888888888888                                                                                  **
  **   88888888888888888888                               88888                       8888:              **
  **   8888888888888888888888Z                            88888                       8888:              **
  **   888888888888888888888888?                          88888                       8888:              **
  **   8888888888888      8888888                                        888888       8888:              **
  **    88888888888         888888     8888:     88888    88888        888888888I     8888:    888888    **
  **    8888888888           88888:    8888:     88888    88888      $888888888888    8888:   888888     **
  **    I8Z 88888             88888    8888:     88888    88888    .888888     8888   8888: 888888       **
  **    .8Z 88888             88888    8888:     88888    88888    $88888             8888:88888         **
  **     8I 88888      .=88. .88888    8888:     88888    88888    88888              8888888888         **
  **    :8  88888      888888$8888$    8888:     88888    88888    8888O              88888888888        **
  **   ,7   +88888.     8888888888.    8888:     88888    88888    888888             88888O888888       **
  **         $888888:.   .8888888      88888....888888    88888     888888     8888   8888:  888888      **
  **          I8888888888888888888     888888888888888    88888     O888888888888O    8888:   888888     **
  **            O888888888888888888     88888888888888    88888       88888888888$    8888:    888888    **
  **               8888888Z     888      .8888I  88888    88888         8888888       8888:     888888   **
  **                                                                                                     **
  **                                                                                                     **
  **                                         Copyright (c) 2021                                          **
  **                          Regents of the University of California San Diego                          **
  **                                    & Michigan State University                                      **
  **                                        All Rights Reserved.                                         **
  **                                                                                                     **
  **                   This software provided pursuant to a license agreement containing                 **
  **                   restrictions on its disclosure, duplication, and use. This software               **
  **                   contains confidential and proprietary information, and may not be                 **
  **                   extracted or distributed, in whole or in part, for any purpose                    **
  **                   whatsoever, without the express written permission of the authors.                **
  **                   This notice, and the associated author list, must be attached to                  **
  **                   all copies, or extracts, of this software. Any additional                         **
  **                   restrictions set forth in the license agreement also apply to this                **
  **                   software.                                                                         **
  *********************************************************************************************************
                                                                                                           
  Cite this work as:                                                                                       
  Manathunga, M.; Jin, C.; Cruzeiro, V.W.D.; Smith, J.; Keipert, K.; Pekurovsky, D.; Mu, D.; Miao, Y.;     
  He, X.; Ayers, K.; Brothers, E.; Goetz, A.W.; Merz, K.M. QUICK-21.03                                     
  University of California San Diego, CA and Michigan State University, East Lansing, MI, 2021             
                                                                                                           
  If you have any comments or queries, please send us an email for technical support:                      
  quick.merzlab@gmail.com                                                                                  
                                                                                                           
| TASK STARTS ON: Thu Aug  5 23:58:47 2021
| INPUT FILE :    /home/saatvik/QUICK-gpu/install/benchmark/1m2c_8.in
| OUTPUT FILE:    /home/saatvik/QUICK-gpu/install/benchmark/1m2c_8.out
| DATE FILE  :    /home/saatvik/QUICK-gpu/install/benchmark/1m2c_8.dat
| BASIS SET PATH: /home/saatvik/QUICK-gpu/install/basis

| - MPI Enabled -
| TOTAL RANKS     =     8
| MASTER NAME     = exp-5-59                      

|------------ GPU INFORMATION -------------------------------
| CUDA ENABLED DEVICES          :        8
|                                                            
|        --    MPI RANK   0 --          
|   CUDA DEVICE IN USE          :        0
|   CUDA DEVICE NAME            : Tesla V100-SXM2-32GB
|   CUDA DEVICE PM              :       80
|   CUDA DEVICE CORE FREQ(GHZ)  :     1.53
|   CUDA DEVICE MEMORY SIZE (MB):    32510
|   SUPPORTING CUDA VERSION     :      7.0
|                                                            
|        --    MPI RANK   1 --          
|   CUDA DEVICE IN USE          :        1
|   CUDA DEVICE NAME            : Tesla V100-SXM2-32GB
|   CUDA DEVICE PM              :       80
|   CUDA DEVICE CORE FREQ(GHZ)  :     1.53
|   CUDA DEVICE MEMORY SIZE (MB):    32510
|   SUPPORTING CUDA VERSION     :      7.0
|                                                            
|        --    MPI RANK   2 --          
|   CUDA DEVICE IN USE          :        2
|   CUDA DEVICE NAME            : Tesla V100-SXM2-32GB
|   CUDA DEVICE PM              :       80
|   CUDA DEVICE CORE FREQ(GHZ)  :     1.53
|   CUDA DEVICE MEMORY SIZE (MB):    32510
|   SUPPORTING CUDA VERSION     :      7.0
|                                                            
|        --    MPI RANK   3 --          
|   CUDA DEVICE IN USE          :        3
|   CUDA DEVICE NAME            : Tesla V100-SXM2-32GB
|   CUDA DEVICE PM              :       80
|   CUDA DEVICE CORE FREQ(GHZ)  :     1.53
|   CUDA DEVICE MEMORY SIZE (MB):    32510
|   SUPPORTING CUDA VERSION     :      7.0
|                                                            
|        --    MPI RANK   4 --          
|   CUDA DEVICE IN USE          :        0
|   CUDA DEVICE NAME            : Tesla V100-SXM2-32GB
|   CUDA DEVICE PM              :       80
|   CUDA DEVICE CORE FREQ(GHZ)  :     1.53
|   CUDA DEVICE MEMORY SIZE (MB):    32510
|   SUPPORTING CUDA VERSION     :      7.0
|                                                            
|        --    MPI RANK   5 --          
|   CUDA DEVICE IN USE          :        1
|   CUDA DEVICE NAME            : Tesla V100-SXM2-32GB
|   CUDA DEVICE PM              :       80
|   CUDA DEVICE CORE FREQ(GHZ)  :     1.53
|   CUDA DEVICE MEMORY SIZE (MB):    32510
|   SUPPORTING CUDA VERSION     :      7.0
|                                                            
|        --    MPI RANK   6 --          
|   CUDA DEVICE IN USE          :        2
|   CUDA DEVICE NAME            : Tesla V100-SXM2-32GB
|   CUDA DEVICE PM              :       80
|   CUDA DEVICE CORE FREQ(GHZ)  :     1.53
|   CUDA DEVICE MEMORY SIZE (MB):    32510
|   SUPPORTING CUDA VERSION     :      7.0
|                                                            
|        --    MPI RANK   7 --          
|   CUDA DEVICE IN USE          :        3
|   CUDA DEVICE NAME            : Tesla V100-SXM2-32GB
|   CUDA DEVICE PM              :       80
|   CUDA DEVICE CORE FREQ(GHZ)  :     1.53
|   CUDA DEVICE MEMORY SIZE (MB):    32510
|   SUPPORTING CUDA VERSION     :      7.0
|------------------------------------------------------------

 @ Read Job And Atom

  KEYWORD=DFT B3LYP BASIS=6-31G** CUTOFF=1.0E-7 DENSERMS=1.0E-6 NCYC=1000 GRADIENT                                                                                                                                
 ============== JOB CARD =============
 METHOD = DENSITY FUNCTIONAL THEORY
 DENSITY FUNCTIONAL = B3LYP
 DIRECT SCF 
 SAD INITAL GUESS 
 USE DIIS SCF
 PRINT ENERGY EVERY CYCLE
 READ SAD GUESS FROM FILE
 STANDARD GRID = SG1
 GRADIENT CALCULATION
 MAX SCF CYCLES =    200
 MAX DIIS CYCLES =   10
 DELTA DENSITY START CYCLE = 1000
 COMPUTATIONAL CUTOFF: 
      TWO-e INTEGRAL   =  0.100E-06
      BASIS SET PRIME  =  0.100E-19
      MATRIX ELEMENTS  =  0.100E-09
      BASIS FUNCTION   =  0.100E-09
      GRADIENT CUTOFF  =  0.100E-06
 DENSITY MATRIX MAXIMUM RMS FOR CONVERGENCE  =  0.100E-05
 BASIS SET = 6-31G**,  TYPE = CARTESIAN
| BASIS FILE = /home/saatvik/QUICK-gpu/install/basis/6-31GDP.BAS

 @ Finish reading job


 @ Begin SAD initial guess

 For Atom Kind =    1
 ELEMENT = N 
 BASIS FUNCTIONS =   15
 For Atom Kind =    2
 ELEMENT = C 
 BASIS FUNCTIONS =   15
 For Atom Kind =    3
 ELEMENT = O 
 BASIS FUNCTIONS =   15
 For Atom Kind =    4
 ELEMENT = S 
 BASIS FUNCTIONS =   19
 For Atom Kind =    5
 ELEMENT = H 
 BASIS FUNCTIONS =    5

 @ Finish SAD initial guess


 @ Begin Reading Molecular Information


 =========== Molecule Input ==========
 TOTAL MOLECULAR CHARGE  =    0    MULTIPLICITY                =    1
 TOTAL ATOM NUMBER       =  220    NUMBER OF ATOM TYPES        =    5
 NUMBER OF HYDROGEN ATOM =  104    NUMBER OF NON-HYDROGEN ATOM =  116
 NUMBER OF ELECTRONS     =  908

 -- INPUT GEOMETRY -- :
    N          15.6340      14.6160     -13.0350
    C          16.3740      15.8230     -12.5520
    C          16.6010      16.9570     -13.5650
    O          16.4070      16.7720     -14.7600
    N          17.0440      18.1640     -13.2170
    C          17.2600      18.6750     -11.8320
    C          18.3710      19.7330     -11.9340
    S          19.2810      19.9410     -10.3820
    C          15.9660      19.0900     -11.0490
    O          15.5930      18.3820     -10.1130
    N          15.2430      20.1390     -11.4830
    C          13.8720      20.5230     -10.9940
    C          13.4380      21.5510     -12.0710
    S          11.9020      22.4460     -11.7180
    C          12.7950      19.3830     -10.7990
    O          11.9860      19.4550      -9.8710
    N          12.8200      18.3270     -11.6330
    C          11.9860      17.1110     -11.5030
    C          11.9360      16.5800     -12.9560
    O          13.2090      16.2590     -13.5390
    C          12.4080      16.0160     -10.4570
    O          11.5760      15.1930     -10.0770
    N          13.6480      16.0190      -9.9340
    C          13.9640      15.3960      -8.6310
    C          15.4670      15.0270      -8.6490
    C          15.8110      13.6980      -9.2800
    O          16.1140      13.5570     -10.4570
    N          15.8220      12.7170      -8.4340
    C          13.7550      16.4340      -7.4810
    O          14.3390      17.5170      -7.5780
    N          13.0550      16.1530      -6.3510
    C          12.9510      17.1260      -5.2230
    C          12.4450      14.8380      -6.0650
    C          11.8670      16.4770      -4.3600
    C          11.9760      14.9700      -4.6130
    C          14.2660      17.5840      -4.5060
    O          14.3670      18.7160      -4.0400
    N          15.2970      16.7450      -4.5390
    C          16.6590      17.0360      -4.0170
    C          17.2690      15.6390      -3.6220
    C          18.7940      15.6390      -3.3510
    C          16.6150      15.0330      -2.3550
    C          17.5100      17.9150      -4.9750
    O          17.9480      19.0010      -4.5840
    N          17.7230      17.4960      -6.2340
    C          18.4260      18.3310      -7.2410
    C          18.8320      17.4340      -8.4350
    S          19.9890      18.2280      -9.5900
    C          17.8100      19.6970      -7.6330
    O          18.4960      20.7030      -7.8290
    N          16.4900      19.7300      -7.5770
    C          15.6720      20.9540      -7.5200
    N          11.7430      20.8710      -7.3430
    N          11.6650      22.9700      -6.2860
    C          11.0610      22.0270      -7.0660
    C          12.9330      22.4190      -6.2070
    C          12.9880      21.1780      -6.8370
    C          14.2120      20.4410      -7.3720
    C          16.1160      21.9460      -6.4080
    O          16.1520      23.1430      -6.6490
    N          16.3480      21.4420      -5.1990
    C          16.5430      22.3060      -3.9820
    C          15.7960      21.7020      -2.7640
    C          14.2480      21.7050      -2.8660
    C          13.6320      20.8940      -1.7190
    C          13.6340      23.1200      -2.8480
    C          18.0030      22.7490      -3.6770
    O          18.2470      23.9150      -3.3620
    N          18.9740      21.8670      -3.9200
    C          20.3660      22.2220      -4.2680
    C          20.8550      20.9060      -4.9190
    C          21.2680      19.7440      -3.9800
    C          21.6270      18.4330      -4.6860
    O          21.6530      18.2900      -5.9060
    O          21.8980      17.4380      -3.7950
    C          20.6370      23.4480      -5.2020
    O          21.6140      24.1770      -5.0200
    N          19.7980      23.6330      -6.2260
    C          19.7860      24.8670      -7.0400
    N          22.7840      23.3220      -8.0900
    N          24.2310      25.1080      -7.5570
    C          24.0150      23.7560      -7.6670
    C          22.9650      25.5940      -7.8760
    C          22.1010      24.5230      -8.1820
    C          20.5820      24.6090      -8.3330
    C          18.3090      25.2900      -7.2700
    O          17.7260      25.0560      -8.3280
    N          17.6970      25.8820      -6.2360
    C          16.2630      26.2710      -6.2490
    C          15.7560      26.3840      -4.7930
    O          14.3320      26.2720      -4.7520
    C          15.8320      27.4660      -7.1480
    O          14.7590      27.4600      -7.7480
    N          16.7730      28.3830      -7.3410
    C          16.9010      29.1900      -8.5910
    C          18.2640      29.9350      -8.5160
    C          19.5770      29.1390      -8.6820
    O          19.8140      28.0950      -8.0800
    N          20.4720      29.6000      -9.5170
    C          16.7180      28.4750      -9.9750
    O          16.1030      29.0230     -10.8890
    N          17.2690      27.2620     -10.1020
    C          17.1170      26.4200     -11.3230
    C          18.4280      25.6230     -11.5760
    C          19.7550      26.4180     -11.7230
    C          20.9200      25.4470     -11.9520
    C          19.7300      27.4430     -12.8690
    C          15.8500      25.4940     -11.3960
    O          15.6000      24.9030     -12.4500
    N          15.0320      25.3670     -10.3330
    C          13.6050      24.9850     -10.4830
    C          13.2680      24.0010      -9.3580
    S          11.8020      23.0530      -9.8080
    C          12.5910      26.1760     -10.5210
    O          11.7070      26.2240     -11.3680
    O          12.6080      26.9360      -9.5140
    H          16.1490      14.1880     -13.8180
    H          15.5490      13.9350     -12.2670
    H          14.6950      14.8930     -13.3530
    H          15.8440      16.2700     -11.6940
    H          17.3840      15.5500     -12.1930
    H          17.2810      18.7120     -14.0410
    H          17.7450      17.8750     -11.2490
    H          19.1430      19.3970     -12.6490
    H          17.9960      20.6980     -12.3220
    H          15.5860      20.5030     -12.3760
    H          13.9610      21.0720     -10.0170
    H          14.2090      22.3360     -12.2160
    H          13.3170      21.0740     -13.0630
    H          13.5710      18.2890     -12.3200
    H          10.9560      17.4050     -11.2200
    H          11.3110      15.6860     -12.9640
    H          11.3950      17.3010     -13.6040
    H          13.0780      16.3300     -14.4970
    H          14.2220      16.8190     -10.2060
    H          13.3480      14.4970      -8.4330
    H          16.1000      15.8320      -9.0650
    H          15.8140      14.9780      -7.6110
    H          16.3670      11.9110      -8.7320
    H          15.7070      13.0880      -7.4870
    H          12.5240      18.0590      -5.5840
    H          13.1530      13.9990      -6.1680
    H          11.6410      14.6190      -6.7880
    H          11.9660      16.7770      -3.3060
    H          10.8660      16.8310      -4.6790
    H          12.7100      14.5200      -3.9240
    H          11.0340      14.4320      -4.4170
    H          15.0930      15.9280      -5.1100
    H          16.5670      17.7030      -3.1490
    H          17.0680      14.9400      -4.4730
    H          19.0700      16.3170      -2.5200
    H          19.1710      14.6330      -3.0800
    H          19.3830      15.9540      -4.2330
    H          15.5200      14.9200      -2.4580
    H          17.0070      14.0240      -2.1200
    H          16.7840      15.6580      -1.4560
    H          17.3550      16.5750      -6.4220
    H          19.2590      18.6700      -6.6590
    H          19.3250      16.5100      -8.0740
    H          17.9400      17.1120      -8.9970
    H          16.1220      18.7990      -7.3870
    H          15.7920      21.4440      -8.4700
    H          11.5560      20.2090      -8.1160
    H          11.2880      23.8370      -5.8760
    H          10.3500      22.3800      -7.8070
    H          13.8330      22.9480      -5.9870
    H          13.9640      19.8040      -8.2300
    H          14.3100      19.7470      -6.5140
    H          16.6390      20.4460      -5.3250
    H          16.0610      23.2770      -4.1720
    H          16.1600      20.6680      -2.6010
    H          16.0850      22.2440      -1.8410
    H          13.9770      21.1990      -3.8140
    H          14.0090      19.8550      -1.7060
    H          13.8530      21.3340      -0.7290
    H          12.5320      20.8260      -1.8110
    H          13.8840      23.6670      -1.9190
    H          13.9760      23.7500      -3.6870
    H          12.5300      23.0890      -2.9160
    H          18.7370      20.8660      -3.8610
    H          20.9340      22.4220      -3.3570
    H          20.1420      20.5450      -5.6880
    H          21.7130      21.1690      -5.5150
    H          22.1180      20.0500      -3.3420
    H          20.4330      19.5380      -3.2930
    H          22.1100      16.6180      -4.2410
    H          18.9600      23.0460      -6.1470
    H          20.2700      25.7070      -6.5170
    H          22.3910      22.3750      -8.0640
    H          25.0900      25.6200      -7.3080
    H          24.7680      23.0400      -7.3340
    H          22.6390      26.6260      -7.7820
    H          20.1640      23.6860      -8.7730
    H          20.3510      25.4260      -9.0360
    H          18.0360      25.4460      -5.3950
    H          15.7960      25.4120      -6.7070
    H          16.1910      25.5990      -4.1420
    H          16.0820      27.3460      -4.3460
    H          14.0160      26.8670      -4.0590
    H          17.5880      27.9670      -6.8780
    H          16.1010      29.9530      -8.5590
    H          18.2190      30.7280      -9.2820
    H          18.3320      30.4630      -7.5510
    H          21.3240      29.0440      -9.6010
    H          20.2140      30.4320     -10.0570
    H          17.5880      26.8930      -9.1950
    H          16.9990      27.1010     -12.1770
    H          18.5330      24.8720     -10.7720
    H          18.2840      25.0240     -12.4970
    H          19.9430      26.9700     -10.7820
    H          20.9780      24.6710     -11.1700
    H          20.8240      24.9210     -12.9210
    H          21.8900      25.9770     -11.9600
    H          19.5020      26.9780     -13.8470
    H          18.9700      28.2290     -12.7010
    H          20.6960      27.9710     -12.9780
    H          15.3800      25.8540      -9.4980
    H          13.4610      24.4470     -11.4370
    H          14.0200      23.2240      -9.1930
    H          13.2150      24.5520      -8.3990

============== BASIS INFOS ==============
 BASIS FUNCTIONS = 2276
 NSHELL =  780 NPRIM  = 4072
 JSHELL =  780 JBASIS = 1820


 @ End Reading Molecular Information 


 @ Begin XC Quadrature Formation

 OCTAGO: OCTree Algorithm for Grid Operations 
   PRUNING CUTOFF       = 0.100E-09
   INITIAL GRID POINTS  =      832640
|   FINAL GRID POINTS    =      521585
|   SIGNIFICANT NUMBER OF BASIS FUNCTIONS     =     1890667
|   SIGNIFICANT NUMBER OF PRIMITIVE FUNCTIONS =     2008476

 @ End XC Quadrature Formation


 @ Begin Energy Calculation

                                         SCF ENERGY
| ------------------------------------------------------------------------------------------------------------------------
| NCYC       ENERGY         DELTA_E      SCF_TIME  DII_CYC   DII_TIME   O_TIME  DIAG_TIME    MAX_ERR    RMS_CHG    MAX_CHG
| ------------------------------------------------------------------------------------------------------------------------
|  1  -7167.879054845      ------         5.979     1        0.70      5.26      0.25    0.2473E+01  0.7213E-02  0.6142E+00
|  2  -7139.408400317  -.284707E+02       7.474     2        0.72      6.73      0.25    0.2991E+00  0.1645E-01  0.6235E+01
|  3  -7028.770301705  -.110638E+03       7.839     3        0.75      7.06      0.25    0.1031E+01  0.2626E-01  0.9889E+01
|  4  -6933.699815442  -.950705E+02       7.873     4        0.77      7.07      0.25    0.1080E+01  0.2060E-01  0.9895E+01
|  5  -7141.206229380  0.207506E+03       7.626     5        0.80      6.80      0.25    0.3456E+00  0.3011E-02  0.8247E+00
|  6  -7135.675537194  -.553069E+01       7.648     6        0.82      6.80      0.25    0.7922E+00  0.4572E-02  0.1169E+01
|  7  -7137.040152524  0.136462E+01       7.709     7        0.85      6.84      0.25    0.5177E+00  0.4575E-02  0.1157E+01
|  8  -7142.462939876  0.542279E+01       7.701     8        0.87      6.80      0.25    0.2283E+00  0.3189E-02  0.6814E+00
|  9  -7142.596347250  0.133407E+00       7.713     9        0.90      6.79      0.25    0.1234E+00  0.1721E-02  0.5005E+00
| 10  -7142.437140609  -.159207E+00       7.731    10        0.92      6.78      0.25    0.1970E+00  0.2537E-02  0.5737E+00
| 11  -7142.637004273  0.199864E+00       7.884     1        1.06      6.80      0.25    0.1062E+00  0.3606E-02  0.1073E+01
| 12  -7142.766069019  0.129065E+00       7.889     2        1.06      6.81      0.25    0.6602E-01  0.2995E-02  0.1060E+01
| 13  -7142.631932874  -.134136E+00       7.869     3        1.06      6.79      0.25    0.1586E+00  0.1985E-02  0.5636E+00
| 14  -7142.843156893  0.211224E+00       7.893     4        1.06      6.81      0.25    0.6771E-01  0.2814E-02  0.5782E+00
| 15  -7142.864264758  0.211079E-01       7.893     5        1.06      6.81      0.25    0.5089E-01  0.2706E-02  0.5993E+00
| 16  -7142.650371156  -.213894E+00       7.859     6        1.05      6.79      0.25    0.1285E+00  0.2522E-02  0.3421E+00
| 17  -7142.974376136  0.324005E+00       7.888     7        1.05      6.81      0.25    0.4610E-01  0.2366E-02  0.3265E+00
| 18  -7142.713103738  -.261272E+00       7.863     8        1.05      6.79      0.25    0.1165E+00  0.1673E-02  0.5685E+00
| 19  -7142.663929527  -.491742E-01       7.851     9        1.05      6.78      0.25    0.1525E+00  0.1613E-02  0.5699E+00
| 20  -7142.633429077  -.305005E-01       7.863    10        1.05      6.79      0.25    0.1346E+00  0.3351E-03  0.3610E-01
| 21  -7142.703890105  0.704610E-01       7.864     1        1.05      6.79      0.25    0.1209E+00  0.1397E-03  0.1205E-01
| 22  -7142.731304605  0.274145E-01       7.866     2        1.05      6.79      0.25    0.1144E+00  0.3883E-04  0.5785E-02
| 23  -7142.728892643  -.241196E-02       7.859     3        1.05      6.78      0.25    0.1146E+00  0.3686E-04  0.3152E-02
| 24  -7142.735560831  0.666819E-02       7.862     4        1.05      6.79      0.25    0.1133E+00  0.1412E-03  0.1238E-01
| 25  -7142.758379477  0.228186E-01       7.860     5        1.05      6.79      0.25    0.1069E+00  0.2630E-03  0.2975E-01
| 26  -7142.767551464  0.917199E-02       7.866     6        1.05      6.79      0.25    0.1056E+00  0.1037E-03  0.1288E-01
| 27  -7142.784371779  0.168203E-01       7.859     7        1.05      6.79      0.25    0.1022E+00  0.3558E-02  0.1123E+01
| 28  -7141.083867493  -.170050E+01       7.887     8        1.05      6.81      0.25    0.3615E+00  0.3062E-02  0.9969E+00
| 29  -7142.789194743  0.170533E+01       7.871     9        1.05      6.80      0.25    0.1154E+00  0.2598E-02  0.6159E+00
| 30  -7140.121805471  -.266739E+01       7.851    10        1.05      6.78      0.25    0.3258E+00  0.1494E-02  0.5394E+00
| 31  -7142.557007979  0.243520E+01       7.851     1        1.05      6.78      0.25    0.1940E+00  0.2658E-02  0.5983E+00
| 32  -7142.837766654  0.280759E+00       7.876     2        1.05      6.80      0.25    0.4583E-01  0.3391E-02  0.9039E+00
| 33  -7142.870468650  0.327020E-01       7.884     3        1.05      6.81      0.25    0.5784E-01  0.2928E-02  0.8981E+00
| 34  -7142.646390400  -.224078E+00       7.855     4        1.05      6.78      0.25    0.1653E+00  0.1757E-02  0.5541E+00
| 35  -7142.866610102  0.220220E+00       7.856     5        1.05      6.78      0.25    0.7749E-01  0.4250E-03  0.4343E-01
| 36  -7142.759413290  -.107197E+00       7.850     6        1.05      6.78      0.25    0.1086E+00  0.7277E-04  0.8766E-02
| 37  -7142.744302010  -.151113E-01       7.878     7        1.05      6.80      0.25    0.1124E+00  0.6646E-04  0.5082E-02
| 38  -7142.759767359  0.154653E-01       7.859     8        1.05      6.79      0.25    0.1082E+00  0.3797E-04  0.4791E-02
| 39  -7142.756262809  -.350455E-02       7.858     9        1.05      6.78      0.25    0.1090E+00  0.1572E-03  0.1550E-01
| 40  -7142.781046054  0.247832E-01       7.856    10        1.05      6.78      0.25    0.1036E+00  0.5028E-04  0.7459E-02
| 41  -7142.782887619  0.184157E-02       7.871     1        1.05      6.80      0.25    0.1038E+00  0.1729E-02  0.2096E+00
| 42  -7143.012337710  0.229450E+00       7.876     2        1.05      6.80      0.25    0.5241E-01  0.3704E-02  0.9383E+00
| 43  -7141.195141153  -.181720E+01       7.887     3        1.05      6.81      0.25    0.2942E+00  0.4529E-02  0.1176E+01
| 44  -7142.713742208  0.151860E+01       7.867     4        1.05      6.79      0.25    0.9244E-01  0.3250E-02  0.1173E+01
| 45  -7142.532435014  -.181307E+00       7.855     5        1.05      6.78      0.25    0.2091E+00  0.2582E-02  0.5490E+00
| 46  -7142.861927671  0.329493E+00       7.885     6        1.05      6.81      0.25    0.6394E-01  0.2563E-02  0.5516E+00
| 47  -7142.689809752  -.172118E+00       7.860     7        1.05      6.79      0.25    0.1512E+00  0.1695E-02  0.5368E+00
| 48  -7142.829029722  0.139220E+00       7.857     8        1.05      6.78      0.25    0.9103E-01  0.1212E-03  0.1143E-01
| 49  -7142.814754379  -.142753E-01       7.863     9        1.05      6.79      0.25    0.9648E-01  0.1451E-04  0.1918E-02
| 50  -7142.814718286  -.360931E-04       7.877    10        1.05      6.80      0.25    0.9624E-01  0.3193E-04  0.4339E-02
| 51  -7142.820203342  0.548506E-02       7.862     1        1.05      6.79      0.25    0.9469E-01  0.8724E-04  0.9010E-02
| 52  -7142.842690941  0.224876E-01       7.859     2        1.05      6.79      0.25    0.8886E-01  0.1976E-02  0.4783E+00
| 53  -7142.495667696  -.347023E+00       7.856     3        1.05      6.78      0.25    0.1929E+00  0.1937E-02  0.4794E+00
| 54  -7142.804869336  0.309202E+00       7.870     4        1.05      6.80      0.25    0.9699E-01  0.3298E-02  0.1360E+01
| 55  -7142.659884485  -.144985E+00       7.866     5        1.05      6.79      0.25    0.1024E+00  0.3343E-02  0.1370E+01
| 56  -7142.751542338  0.916579E-01       7.862     6        1.05      6.79      0.25    0.1103E+00  0.2267E-02  0.4586E+00
| 57  -7142.742818101  -.872424E-02       7.875     7        1.05      6.80      0.25    0.1053E+00  0.2769E-02  0.5563E+00
| 58  -7140.225436418  -.251738E+01       7.868     8        1.05      6.80      0.25    0.3324E+00  0.1448E-02  0.5455E+00
| 59  -7142.568315650  0.234288E+01       7.848     9        1.05      6.77      0.25    0.1979E+00  0.7869E-03  0.1309E+00
| 60  -7142.848691848  0.280376E+00       7.858    10        1.05      6.79      0.25    0.1065E+00  0.1604E-02  0.4443E+00
| 61  -7142.970602556  0.121911E+00       7.873     1        1.05      6.80      0.25    0.3677E-01  0.7043E-03  0.6820E-01
| 62  -7142.974931416  0.432886E-02       7.866     2        1.05      6.79      0.25    0.5478E-01  0.1473E-03  0.1351E-01
| 63  -7142.987167857  0.122364E-01       7.865     3        1.05      6.79      0.25    0.5055E-01  0.2112E-02  0.4674E+00
| 64  -7142.516896635  -.470271E+00       7.858     4        1.05      6.78      0.25    0.1859E+00  0.2136E-02  0.4671E+00
| 65  -7142.975741759  0.458845E+00       7.869     5        1.05      6.80      0.25    0.5232E-01  0.3350E-02  0.1344E+01
| 66  -7142.655731556  -.320010E+00       7.867     6        1.05      6.79      0.25    0.1036E+00  0.3620E-02  0.1352E+01
| 67  -7143.022728660  0.366997E+00       7.875     7        1.05      6.80      0.25    0.2506E-01  0.1106E-02  0.2237E+00
| 68  -7143.056827901  0.340992E-01       7.868     8        1.05      6.80      0.25    0.2126E-01  0.5725E-03  0.6226E-01
| 69  -7143.052698716  -.412919E-02       7.872     9        1.05      6.80      0.25    0.1890E-01  0.4870E-03  0.9053E-01
| 70  -7143.062862829  0.101641E-01       7.875    10        1.05      6.80      0.25    0.9011E-02  0.2767E-03  0.4200E-01
| 71  -7143.057512164  -.535067E-02       7.883     1        1.05      6.81      0.25    0.1897E-01  0.2166E-03  0.3813E-01
| 72  -7143.065960058  0.844789E-02       7.872     2        1.05      6.80      0.25    0.7852E-02  0.1169E-03  0.1172E-01
| 73  -7143.065527279  -.432779E-03       7.874     3        1.05      6.80      0.25    0.8884E-02  0.1159E-03  0.2431E-01
| 74  -7143.067054659  0.152738E-02       7.883     4        1.05      6.81      0.25    0.4147E-02  0.3788E-04  0.3361E-02
| 75  -7143.067130195  0.755363E-04       7.875     5        1.05      6.80      0.25    0.2967E-02  0.6528E-04  0.1240E-01
| 76  -7143.066831335  -.298860E-03       7.870     6        1.05      6.80      0.25    0.5799E-02  0.1087E-03  0.2385E-01
| 77  -7143.067427910  0.596575E-03       7.871     7        1.05      6.80      0.25    0.3354E-02  0.7576E-04  0.8681E-02
| 78  -7143.067743571  0.315661E-03       7.869     8        1.05      6.80      0.25    0.1475E-02  0.2691E-04  0.4278E-02
| 79  -7143.067799663  0.560924E-04       7.863     9        1.05      6.79      0.25    0.5932E-03  0.1803E-04  0.1973E-02
| 80  -7143.067819902  0.202387E-04       7.863    10        1.05      6.79      0.25    0.5269E-03  0.1410E-04  0.2250E-02
| 81  -7143.067822311  0.240893E-05       7.877     1        1.05      6.80      0.25    0.4311E-03  0.1143E-04  0.1765E-02
| 82  -7143.067825473  0.316244E-05       7.896     2        1.05      6.82      0.25    0.3510E-03  0.2744E-05  0.4082E-03
| -------------- 2E-INT CUTOFF CHANGE TO 0.1000E-08 ------------
| 83  -7143.067097911  -.727562E-03      15.205     3        1.05     14.13      0.25    0.2247E-03  0.2970E-05  0.3781E-03
| 84  -7143.067098684  0.772881E-06      15.206     4        1.05     14.13      0.25    0.1708E-03  0.2467E-05  0.3544E-03
| 85  -7143.067099334  0.650492E-06      15.201     5        1.05     14.13      0.25    0.1171E-03  0.2470E-05  0.4534E-03
| 86  -7143.067099798  0.463326E-06      15.211     6        1.06     14.13      0.25    0.9900E-04  0.3184E-05  0.6417E-03
| 87  -7143.067099374  -.423533E-06      15.214     7        1.05     14.14      0.25    0.1271E-03  0.2339E-05  0.4882E-03
| 88  -7143.067099825  0.450433E-06      15.215     8        1.05     14.14      0.25    0.9904E-04  0.1066E-05  0.1040E-03
| 89  -7143.067099929  0.104505E-06      15.196     9        1.05     14.12      0.25    0.9928E-04  0.2586E-05  0.4203E-03
| 90  -7143.067099569  -.360422E-06      15.219    10        1.05     14.14      0.25    0.9882E-04  0.2079E-05  0.2485E-03
| 91  -7143.067099863  0.294451E-06      15.220     1        1.05     14.15      0.25    0.9899E-04  0.1051E-04  0.1750E-02
| 92  -7143.067093187  -.667576E-05      15.210     2        1.05     14.14      0.25    0.2923E-03  0.8630E-04  0.4422E-02
| 93  -7143.067203617  0.110429E-03      15.211     3        1.05     14.13      0.25    0.6079E-03  0.2709E-04  0.3790E-02
| 94  -7143.067167576  -.360403E-04      15.210     4        1.05     14.14      0.25    0.1348E-02  0.2655E-04  0.4352E-02
| 95  -7143.067226754  0.591773E-04      15.203     5        1.05     14.13      0.25    0.1280E-03  0.4377E-05  0.7165E-03
| 96  -7143.067225707  -.104648E-05      15.199     6        1.05     14.12      0.25    0.2432E-03  0.5491E-05  0.9768E-03
| 97  -7143.067227279  0.157212E-05      15.206     7        1.05     14.13      0.25    0.8004E-04  0.2912E-05  0.5947E-03
| 98  -7143.067227159  -.120155E-06      15.207     8        1.05     14.13      0.25    0.1131E-03  0.1960E-05  0.3480E-03
| 99  -7143.067227474  0.314991E-06      15.209     9        1.05     14.13      0.25    0.1919E-04  0.6408E-06  0.1090E-03
| -------------- 2E-INT CUTOFF CHANGE TO 0.1000E-09 ------------
|100  -7143.067227605  0.130472E-06      18.786    10        1.05     17.71      0.25    0.1531E-04  0.6913E-06  0.1345E-03
|101  -7143.067227621  0.159780E-07      18.789     1        1.05     17.71      0.25    0.5662E-05  0.6657E-06  0.9822E-04
| ------------------------------------------------------------------------------------------------------------------------
| REACH CONVERGENCE AFTER 101 CYLCES
| MAX ERROR = 0.566175E-05   RMS CHANGE = 0.665685E-06   MAX CHANGE = 0.982223E-04
| -----------------------------------------------
 ALPHA ELECTRON DENSITY    =  454.0001909831
 BETA ELECTRON DENSITY     =  454.0001909831
 ELECTRONIC ENERGY    =-40181.611915085
 CORE_CORE REPULSION  = 33038.544687464
 TOTAL ENERGY         = -7143.067227621

 @ End Energy calculation


 @ Begin Gradient Calculation

 ANALYTICAL GRADIENT: 
----------------------------------------
 COORDINATE    XYZ            GRADIENT
----------------------------------------
    1X    15.6340011939    -0.0117165557
    1Y    14.6160011161    -0.0111030453
    1Z   -13.0350009954     0.0158101229
    2X    16.3740012504    -0.0155133859
    2Y    15.8230012083    -0.0328985552
    2Z   -12.5520009585    -0.0276638869
    3X    16.6010012677     0.0179151510
    3Y    16.9570012949     0.0207603916
    3Z   -13.5650010359     0.0259189510
    4X    16.4070012529     0.0090093972
    4Y    16.7720012808     0.0272450185
    4Z   -14.7600011271     0.0254477934
    5X    17.0440013015    -0.0025905259
    5Y    18.1640013871    -0.0138701290
    5Z   -13.2170010093    -0.0411223856
    6X    17.2600013180    -0.0100042931
    6Y    18.6750014261    -0.0041257129
    6Z   -11.8320009035     0.0081258169
    7X    18.3710014029    -0.0078478806
    7Y    19.7330015069     0.0096328962
    7Z   -11.9340009113     0.0203558930
    8X    19.2810014724     0.0117247083
    8Y    19.9410015228    -0.0591057856
    8Z   -10.3820007928     0.0022089938
    9X    15.9660012192    -0.0181943317
    9Y    19.0900014578     0.0132241337
    9Z   -11.0490008437     0.0101984045
   10X    15.5930011907     0.0043624512
   10Y    18.3820014037     0.0176685261
   10Z   -10.1130007723    -0.0152788560
   11X    15.2430011640     0.0065446827
   11Y    20.1390015379     0.0012833785
   11Z   -11.4830008769     0.0130660515
   12X    13.8720010593    -0.0132811776
   12Y    20.5230015672    -0.0122463792
   12Z   -10.9940008395     0.0135321766
   13X    13.4380010262    -0.0068739997
   13Y    21.5510016457    -0.0047196236
   13Z   -12.0710009218    -0.0044695943
   14X    11.9020009089     0.0161764862
   14Y    22.4460017141    -0.0036372788
   14Z   -11.7180008948     0.0391904747
   15X    12.7950009771    -0.0128500667
   15Y    19.3830014802    -0.0132058260
   15Z   -10.7990008247    -0.0239317524
   16X    11.9860009153    -0.0006566147
   16Y    19.4550014857     0.0017958078
   16Z    -9.8710007538     0.0042066353
   17X    12.8200009790    -0.0089159599
   17Y    18.3270013995     0.0137640593
   17Z   -11.6330008883     0.0054297427
   18X    11.9860009153    -0.0156366880
   18Y    17.1110013067    -0.0122193876
   18Z   -11.5030008784     0.0217642059
   19X    11.9360009115     0.0316437781
   19Y    16.5800012661     0.0121782176
   19Z   -12.9560009894     0.0010464570
   20X    13.2090010087    -0.0053139003
   20Y    16.2590012416    -0.0045968197
   20Z   -13.5390010339    -0.0020554768
   21X    12.4080009475     0.0195289356
   21Y    16.0160012230     0.0083704814
   21Z   -10.4570007985    -0.0119667492
   22X    11.5760008840     0.0086303411
   22Y    15.1930011602    -0.0048126298
   22Z   -10.0770007695     0.0109381263
   23X    13.6480010422    -0.0113614844
   23Y    16.0190012233    -0.0112464234
   23Z    -9.9340007586     0.0031268559
   24X    13.9640010663     0.0045299088
   24Y    15.3960011757    -0.0065857202
   24Z    -8.6310006591    -0.0084779814
   25X    15.4670011811    -0.0069915079
   25Y    15.0270011475    -0.0018330223
   25Z    -8.6490006605     0.0014365110
   26X    15.8110012074     0.0117121691
   26Y    13.6980010460    -0.0672577805
   26Z    -9.2800007087     0.0148453343
   27X    16.1140012305    -0.0118654082
   27Y    13.5570010353     0.0044863548
   27Z   -10.4570007985     0.0566695593
   28X    15.8220012082     0.0044167944
   28Y    12.7170009711     0.0411584100
   28Z    -8.4340006441    -0.0452005463
   29X    13.7550010504    -0.0019280666
   29Y    16.4340012550    -0.0115127908
   29Z    -7.4810005713     0.0168517780
   30X    14.3390010950    -0.0078820187
   30Y    17.5170013377    -0.0035654779
   30Z    -7.5780005787    -0.0003244813
   31X    13.0550009969    -0.0108594844
   31Y    16.1530012335     0.0177744455
   31Z    -6.3510004850    -0.0116921227
   32X    12.9510009890     0.0074823401
   32Y    17.1260013078    -0.0021764311
   32Z    -5.2230003988     0.0103100014
   33X    12.4450009503     0.0027592316
   33Y    14.8380011331     0.0046641187
   33Z    -6.0650004631     0.0033912034
   34X    11.8670009062     0.0114441260
   34Y    16.4770012582    -0.0023025099
   34Z    -4.3600003329    -0.0122474906
   35X    11.9760009145     0.0033980426
   35Y    14.9700011432     0.0103873055
   35Z    -4.6130003523    -0.0130112883
   36X    14.2660010894     0.0087342470
   36Y    17.5840013428    -0.0204914227
   36Z    -4.5060003441     0.0117764044
   37X    14.3670010971     0.0112867417
   37Y    18.7160014292    -0.0021978503
   37Z    -4.0400003085    -0.0053161925
   38X    15.2970011681    -0.0154790236
   38Y    16.7450012787     0.0181972581
   38Z    -4.5390003466     0.0000464989
   39X    16.6590012721     0.0068322562
   39Y    17.0360013009     0.0139834212
   39Z    -4.0170003068     0.0010403599
   40X    17.2690013187    -0.0111732959
   40Y    15.6390011943     0.0098858026
   40Z    -3.6220002766    -0.0075945460
   41X    18.7940014352    -0.0101449920
   41Y    15.6390011943    -0.0070908399
   41Z    -3.3510002559     0.0072316320
   42X    16.6150012688     0.0150217976
   42Y    15.0330011480     0.0002284741
   42Z    -2.3550001798    -0.0038365371
   43X    17.5100013371     0.0035100564
   43Y    17.9150013681     0.0003324648
   43Z    -4.9750003799    -0.0036869293
   44X    17.9480013706    -0.0045317977
   44Y    19.0010014510    -0.0084443954
   44Z    -4.5840003501    -0.0082520849
   45X    17.7230013534     0.0151363359
   45Y    17.4960013361    -0.0012201802
   45Z    -6.2340004761     0.0070942169
   46X    18.4260014071    -0.0123477463
   46Y    18.3310013998     0.0180264103
   46Z    -7.2410005530    -0.0037128636
   47X    18.8320014381     0.0178512102
   47Y    17.4340013313     0.0003255317
   47Z    -8.4350006441    -0.0102118127
   48X    19.9890015264    -0.0312113654
   48Y    18.2280013920     0.0393337410
   48Z    -9.5900007323     0.0027093807
   49X    17.8100013600    -0.0078522124
   49Y    19.6970015041    -0.0213847227
   49Z    -7.6330005829    -0.0115839026
   50X    18.4960014124    -0.0060087436
   50Y    20.7030015810     0.0093459988
   50Z    -7.8290005979    -0.0126659579
   51X    16.4900012592     0.0206847666
   51Y    19.7300015067     0.0157113506
   51Z    -7.5770005786    -0.0139987162
   52X    15.6720011968     0.0070501434
   52Y    20.9540016001     0.0068393545
   52Z    -7.5200005743     0.0027227694
   53X    11.7430008967    -0.0043272342
   53Y    20.8710015938    -0.0360701517
   53Z    -7.3430005607    -0.0253176024
   54X    11.6650008908    -0.0252367904
   54Y    22.9700017541     0.0434101756
   54Z    -6.2860004800     0.0148771978
   55X    11.0610008447     0.0916679305
   55Y    22.0270016821    -0.0086980640
   55Z    -7.0660005396     0.0300333949
   56X    12.9330009876    -0.0337595952
   56Y    22.4190017120     0.0224035302
   56Z    -6.2070004740     0.0012223114
   57X    12.9880009918    -0.0423811488
   57Y    21.1780016172    -0.0415213504
   57Z    -6.8370005221     0.0201710806
   58X    14.2120010853     0.0067835411
   58Y    20.4410015610     0.0285437448
   58Z    -7.3720005630    -0.0493070188
   59X    16.1160012307     0.0031474817
   59Y    21.9460016759    -0.0124310761
   59Z    -6.4080004893     0.0196206322
   60X    16.1520012334     0.0066296423
   60Y    23.1430017673    -0.0156560862
   60Z    -6.6490005077     0.0061645427
   61X    16.3480012484    -0.0132776993
   61Y    21.4420016374     0.0259924633
   61Z    -5.1990003970    -0.0154745952
   62X    16.5430012633     0.0109419657
   62Y    22.3060017034     0.0060652154
   62Z    -3.9820003041    -0.0017784687
   63X    15.7960012062    -0.0055236835
   63Y    21.7020016572     0.0076410084
   63Z    -2.7640002111    -0.0094821320
   64X    14.2480010880     0.0039006506
   64Y    21.7050016575     0.0016242081
   64Z    -2.8660002189     0.0034956087
   65X    13.6320010410     0.0007674982
   65Y    20.8940015955     0.0120180081
   65Z    -1.7190001313    -0.0066636576
   66X    13.6340010411    -0.0017138930
   66Y    23.1200017655    -0.0082602353
   66Z    -2.8480002175     0.0045655222
   67X    18.0030013748     0.0145952994
   67Y    22.7490017372    -0.0141562200
   67Z    -3.6770002808     0.0035704289
   68X    18.2470013934     0.0043891749
   68Y    23.9150018262    -0.0049433861
   68Z    -3.3620002567     0.0033047049
   69X    18.9740014489    -0.0064062424
   69Y    21.8670016698     0.0150751964
   69Z    -3.9200002993     0.0046729688
   70X    20.3660015552     0.0057280542
   70Y    22.2220016970     0.0278318892
   70Z    -4.2680003259    -0.0113229964
   71X    20.8550015926    -0.0170961264
   71Y    20.9060015965     0.0083941828
   71Z    -4.9190003756     0.0214987377
   72X    21.2680016241     0.0063550978
   72Y    19.7440015077    -0.0075053744
   72Z    -3.9800003039    -0.0077444434
   73X    21.6270016515     0.0031936980
   73Y    18.4330014076    -0.0055628359
   73Z    -4.6860003578     0.0232674972
   74X    21.6530016535    -0.0009629235
   74Y    18.2900013967     0.0029530168
   74Z    -5.9060004510    -0.0288205810
   75X    21.8980016722     0.0051861466
   75Y    17.4380013316    -0.0203540574
   75Z    -3.7950002898    -0.0077222310
   76X    20.6370015759    -0.0154265377
   76Y    23.4480017906    -0.0115638736
   76Z    -5.2020003972    -0.0175415904
   77X    21.6140016505     0.0019294128
   77Y    24.1770018462     0.0135382740
   77Z    -5.0200003833    -0.0069187465
   78X    19.7980015119     0.0290736361
   78Y    23.6330018047     0.0055338806
   78Z    -6.2260004754    -0.0045090050
   79X    19.7860015109    -0.0054345475
   79Y    24.8670018989     0.0022234813
   79Z    -7.0400005376    -0.0070014544
   80X    22.7840017399    -0.0102792572
   80Y    23.3220017810    -0.0448721410
   80Z    -8.0900006178    -0.0074534096
   81X    24.2310018504     0.0398590207
   81Y    25.1080019173     0.0104500009
   81Z    -7.5570005771     0.0094650697
   82X    24.0150018339    -0.0771008152
   82Y    23.7560018141     0.0670422466
   82Z    -7.6670005855    -0.0182517652
   83X    22.9650017537     0.0366408453
   83Y    25.5940019545     0.0080374393
   83Z    -7.8760006014     0.0110980772
   84X    22.1010016877     0.0241374929
   84Y    24.5230018727    -0.0387194972
   84Z    -8.1820006248    -0.0127183037
   85X    20.5820015717     0.0022337436
   85Y    24.6090018792    -0.0044204288
   85Z    -8.3330006363     0.0196091788
   86X    18.3090013981     0.0047346378
   86Y    25.2900019312     0.0219529719
   86Z    -7.2700005552     0.0364589356
   87X    17.7260013536    -0.0103799435
   87Y    25.0560019134    -0.0083335477
   87Z    -8.3280006360     0.0055570856
   88X    17.6970013514    -0.0012305302
   88Y    25.8820019764    -0.0234805540
   88Z    -6.2360004762    -0.0235995376
   89X    16.2630012419     0.0083093736
   89Y    26.2710020062     0.0232607788
   89Z    -6.2490004772    -0.0081410022
   90X    15.7560012032    -0.0016558366
   90Y    26.3840020148    -0.0052599087
   90Z    -4.7930003660    -0.0120045243
   91X    14.3320010944    -0.0043618286
   91Y    26.2720020062    -0.0009483709
   91Z    -4.7520003629     0.0024588546
   92X    15.8320012090     0.0405900480
   92Y    27.4660020974     0.0251254719
   92Z    -7.1480005458     0.0246372258
   93X    14.7590011271    -0.0107059127
   93Y    27.4600020970     0.0043606372
   93Z    -7.7480005917    -0.0183238404
   94X    16.7730012809    -0.0430788432
   94Y    28.3830021674    -0.0042758172
   94Z    -7.3410005606    -0.0005888420
   95X    16.9010012906    -0.0040611194
   95Y    29.1900022291    -0.0027154657
   95Z    -8.5910006560    -0.0174930205
   96X    18.2640013947    -0.0019407307
   96Y    29.9350022860    -0.0155197659
   96Z    -8.5160006503     0.0077510187
   97X    19.5770014950     0.0378187965
   97Y    29.1390022252     0.0238530678
   97Z    -8.6820006630    -0.0228049761
   98X    19.8140015131     0.0054482796
   98Y    28.0950021454     0.0156584328
   98Z    -8.0800006170    -0.0183532084
   99X    20.4720015633    -0.0171439286
   99Y    29.6000022604    -0.0362252806
   99Z    -9.5170007268     0.0320600317
  100X    16.7180012767     0.0264140543
  100Y    28.4750021745    -0.0103044276
  100Z    -9.9750007617     0.0138605181
  101X    16.1030012297    -0.0106942633
  101Y    29.0230022163    -0.0101929589
  101Z   -10.8890008315    -0.0110184233
  102X    17.2690013187    -0.0078051156
  102Y    27.2620020818     0.0178731063
  102Z   -10.1020007714    -0.0131871148
  103X    17.1170013071    -0.0119463394
  103Y    26.4200020175    -0.0011927878
  103Z   -11.3230008647    -0.0067827999
  104X    18.4280014072     0.0023742516
  104Y    25.6230019567     0.0131371660
  104Z   -11.5760008840     0.0019034384
  105X    19.7550015086     0.0034029904
  105Y    26.4180020174    -0.0014549465
  105Z   -11.7230008952    -0.0002243499
  106X    20.9200015975    -0.0065836417
  106Y    25.4470019432     0.0067854334
  106Z   -11.9520009127    -0.0004244149
  107X    19.7300015067     0.0062765411
  107Y    27.4430020957    -0.0112263361
  107Z   -12.8690009827     0.0038764694
  108X    15.8500012104     0.0098202865
  108Y    25.4940019468     0.0086713209
  108Z   -11.3960008702     0.0043071296
  109X    15.6000011913    -0.0147288175
  109Y    24.9030019017    -0.0014364425
  109Z   -12.4500009507     0.0133390777
  110X    15.0320011479    -0.0124071094
  110Y    25.3670019371    -0.0184717631
  110Z   -10.3330007891    -0.0095411685
  111X    13.6050010389    -0.0135539108
  111Y    24.9850019080     0.0103596059
  111Z   -10.4830008005     0.0093279888
  112X    13.2680010132    -0.0192443771
  112Y    24.0010018328    -0.0111361961
  112Z    -9.3580007146     0.0061902103
  113X    11.8020009012     0.0209679112
  113Y    23.0530017604     0.0063414617
  113Z    -9.8080007490    -0.0357412304
  114X    12.5910009615     0.0181538690
  114Y    26.1760019989    -0.0319610462
  114Z   -10.5210008034    -0.0538385912
  115X    11.7070008940     0.0098107093
  115Y    26.2240020026     0.0232342293
  115Z   -11.3680008681     0.0489895341
  116X    12.6080009628    -0.0241742541
  116Y    26.9360020569     0.0078883395
  116Z    -9.5140007265    -0.0085959654
  117X    16.1490012332     0.0054526829
  117Y    14.1880010835    -0.0039774568
  117Z   -13.8180010552    -0.0015634545
  118X    15.5490011874    -0.0052469318
  118Y    13.9350010641    -0.0007335312
  118Z   -12.2670009368    -0.0158097414
  119X    14.6950011222     0.0047915428
  119Y    14.8930011373    -0.0047666824
  119Z   -13.3530010197     0.0005464870
  120X    15.8440012099    -0.0020389938
  120Y    16.2700012424     0.0127439777
  120Z   -11.6940008930     0.0035434537
  121X    17.3840013275     0.0107681008
  121Y    15.5500011875     0.0094015340
  121Z   -12.1930009311    -0.0005074984
  122X    17.2810013196     0.0024139586
  122Y    18.7120014289    -0.0032158849
  122Z   -14.0410010722    -0.0059125990
  123X    17.7450013551     0.0119209339
  123Y    17.8750013650     0.0004276961
  123Z   -11.2490008590     0.0026328353
  124X    19.1430014618     0.0105852106
  124Y    19.3970014812     0.0017615626
  124Z   -12.6490009659     0.0030300674
  125X    17.9960013742    -0.0032527999
  125Y    20.6980015806     0.0015073978
  125Z   -12.3220009410    -0.0107696758
  126X    15.5860011902     0.0119710578
  126Y    20.5030015657    -0.0071712260
  126Z   -12.3760009451    -0.0092706841
  127X    13.9610010661     0.0028053420
  127Y    21.0720016091     0.0147985401
  127Z   -10.0170007649     0.0167089449
  128X    14.2090010851     0.0004768004
  128Y    22.3360017057     0.0089323353
  128Z   -12.2160009329    -0.0061116293
  129X    13.3170010169     0.0049684288
  129Y    21.0740016093    -0.0006939948
  129Z   -13.0630009975    -0.0073712659
  130X    13.5710010363     0.0053190064
  130Y    18.2890013966     0.0006533445
  130Z   -12.3200009408    -0.0030998517
  131X    10.9560008366    -0.0104321294
  131Y    17.4050013291     0.0032011756
  131Z   -11.2200008568     0.0014562016
  132X    11.3110008638     0.0014371067
  132Y    15.6860011978     0.0059377160
  132Z   -12.9640009900    -0.0028868284
  133X    11.3950008702    -0.0087963047
  133Y    17.3010013212    -0.0002187197
  133Z   -13.6040010389    -0.0082963695
  134X    13.0780009987    -0.0050471099
  134Y    16.3300012470    -0.0009069394
  134Z   -14.4970011070    -0.0030098979
  135X    14.2220010860    -0.0041836926
  135Y    16.8190012844    -0.0015263989
  135Z   -10.2060007794    -0.0122262903
  136X    13.3480010193    -0.0045126580
  136Y    14.4970011070    -0.0097422004
  136Z    -8.4330006440     0.0127813605
  137X    16.1000012295     0.0125228812
  137Y    15.8320012090     0.0036001659
  137Z    -9.0650006922     0.0045537360
  138X    15.8140012076    -0.0009851103
  138Y    14.9780011438     0.0007269294
  138Z    -7.6110005812    -0.0134717863
  139X    16.3670012498     0.0046001798
  139Y    11.9110009096     0.0026087142
  139Z    -8.7320006668    -0.0125719403
  140X    15.7070011994    -0.0113146924
  140Y    13.0880009994     0.0252621421
  140Z    -7.4870005717    -0.0055459863
  141X    12.5240009564    -0.0048304197
  141Y    18.0590013791    -0.0055443818
  141Z    -5.5840004264     0.0060225876
  142X    13.1530010044    -0.0016555842
  142Y    13.9990010690    -0.0057333297
  142Z    -6.1680004710    -0.0006690585
  143X    11.6410008890     0.0015273574
  143Y    14.6190011164    -0.0049230430
  143Z    -6.7880005184    -0.0049379873
  144X    11.9660009138    -0.0001246412
  144Y    16.7770012812     0.0047824793
  144Z    -3.3060002525     0.0032877786
  145X    10.8660008298    -0.0089800168
  145Y    16.8310012853     0.0009925354
  145Z    -4.6790003573     0.0004180506
  146X    12.7100009706    -0.0001527796
  146Y    14.5200011088    -0.0025607504
  146Z    -3.9240002997     0.0046174322
  147X    11.0340008426    -0.0033312184
  147Y    14.4320011021    -0.0042757816
  147Z    -4.4170003373     0.0031538801
  148X    15.0930011526    -0.0137526343
  148Y    15.9280012163     0.0071343544
  148Z    -5.1100003902    -0.0017999890
  149X    16.5670012651     0.0037604507
  149Y    17.7030013519     0.0072270675
  149Z    -3.1490002405     0.0009640826
  150X    17.0680013034    -0.0025125934
  150Y    14.9400011409    -0.0073535433
  150Z    -4.4730003416    -0.0058417954
  151X    19.0700014563     0.0038690944
  151Y    16.3170012460     0.0038900526
  151Z    -2.5200001924     0.0058528892
  152X    19.1710014640     0.0076006006
  152Y    14.6330011174    -0.0063405066
  152Z    -3.0800002352     0.0017475584
  153X    19.3830014802     0.0047405835
  153Y    15.9540012183     0.0000094879
  153Z    -4.2330003232    -0.0048208378
  154X    15.5200011852    -0.0059405338
  154Y    14.9200011393    -0.0022070217
  154Z    -2.4580001877     0.0005579751
  155X    17.0070012987    -0.0002524970
  155Y    14.0240010709    -0.0081198922
  155Z    -2.1200001619     0.0052719061
  156X    16.7840012817    -0.0007761566
  156Y    15.6580011957     0.0022456811
  156Z    -1.4560001112     0.0079735735
  157X    17.3550013253     0.0017709091
  157Y    16.5750012657     0.0033495724
  157Z    -6.4220004904     0.0144083357
  158X    19.2590014707    -0.0229729167
  158Y    18.6700014257    -0.0011810841
  158Z    -6.6590005085     0.0050869130
  159X    19.3250014757    -0.0007282919
  159Y    16.5100012608    -0.0083561279
  159Z    -8.0740006166     0.0011971682
  160X    17.9400013700    -0.0017946896
  160Y    17.1120013067    -0.0034714600
  160Z    -8.9970006870    -0.0055426933
  161X    16.1220012311     0.0209513239
  161Y    18.7990014356    -0.0098313181
  161Z    -7.3870005641     0.0027103882
  162X    15.7920012059    -0.0036301320
  162Y    21.4440016375    -0.0134739053
  162Z    -8.4700006468     0.0056688383
  163X    11.5560008825    -0.0034143472
  163Y    20.2090015432    -0.0150571225
  163Z    -8.1160006198    -0.0034180780
  164X    11.2880008620    -0.0064816098
  164Y    23.8370018203     0.0158059787
  164Z    -5.8760004487     0.0127623974
  165X    10.3500007904     0.0143532273
  165Y    22.3800017090     0.0069940468
  165Z    -7.8070005962    -0.0109501070
  166X    13.8330010563    -0.0010283669
  166Y    22.9480017524    -0.0103732643
  166Z    -5.9870004572    -0.0127852002
  167X    13.9640010663     0.0009966097
  167Y    19.8040015123    -0.0071518877
  167Z    -8.2300006285    -0.0047481302
  168X    14.3100010928    -0.0060318958
  168Y    19.7470015080     0.0090884414
  168Z    -6.5140004974     0.0116654050
  169X    16.6390012706     0.0058638119
  169Y    20.4460015613    -0.0185893588
  169Z    -5.3250004066    -0.0310407329
  170X    16.0610012265    -0.0026411107
  170Y    23.2770017775     0.0083205847
  170Z    -4.1720003186     0.0088060452
  171X    16.1600012340     0.0049775546
  171Y    20.6680015783    -0.0048089203
  171Z    -2.6010001986     0.0034110545
  172X    16.0850012283    -0.0005504286
  172Y    22.2440016986    -0.0013120016
  172Z    -1.8410001406     0.0078375156
  173X    13.9770010673    -0.0011145160
  173Y    21.1990016188    -0.0048794283
  173Z    -3.8140002913    -0.0076504578
  174X    14.0090010698     0.0014969941
  174Y    19.8550015162    -0.0066500368
  174Z    -1.7060001303     0.0015520721
  175X    13.8530010579     0.0007640167
  175Y    21.3340016291    -0.0000427771
  175Z    -0.7290000557     0.0051912428
  176X    12.5320009570    -0.0066093737
  176Y    20.8260015904    -0.0025532779
  176Z    -1.8110001383     0.0004681849
  177X    13.8840010602     0.0005554523
  177Y    23.6670018073     0.0047704403
  177Z    -1.9190001465     0.0037923411
  178X    13.9760010673     0.0015116208
  178Y    23.7500018136     0.0020470259
  178Z    -3.6870002816    -0.0048046768
  179X    12.5300009568    -0.0070233923
  179Y    23.0890017632     0.0026620286
  179Z    -2.9160002227    -0.0007769567
  180X    18.7370014308    -0.0018185711
  180Y    20.8660015934    -0.0127382164
  180Z    -3.8610002948     0.0120473120
  181X    20.9340015986    -0.0031893066
  181Y    22.4220017122    -0.0044543883
  181Z    -3.3570002564     0.0005613633
  182X    20.1420015381    -0.0007930251
  182Y    20.5450015689    -0.0059907061
  182Z    -5.6880004344    -0.0113140017
  183X    21.7130016581    -0.0147019061
  183Y    21.1690016165    -0.0004569734
  183Z    -5.5150004211     0.0053449637
  184X    22.1180016890     0.0041329715
  184Y    20.0500015311     0.0033916776
  184Z    -3.3420002552     0.0030778723
  185X    20.4330015603    -0.0043229488
  185Y    19.5380014920     0.0043986219
  185Z    -3.2930002515    -0.0005637849
  186X    22.1100016884    -0.0026260966
  186Y    16.6180012690     0.0073851748
  186Z    -4.2410003239     0.0129603278
  187X    18.9600014479    -0.0030942163
  187Y    23.0460017599    -0.0085762746
  187Z    -6.1470004694     0.0153477992
  188X    20.2700015479     0.0010724218
  188Y    25.7070019631     0.0103854048
  188Z    -6.5170004977    -0.0057550836
  189X    22.3910017099    -0.0073853310
  189Y    22.3750017086    -0.0139099901
  189Z    -8.0640006158    -0.0022730664
  190X    25.0900019160     0.0181559896
  190Y    25.6200019564     0.0148520593
  190Z    -7.3080005581     0.0048253801
  191X    24.7680018914     0.0039093754
  191Y    23.0400017594    -0.0056420648
  191Z    -7.3340005601     0.0050650406
  192X    22.6390017288    -0.0052788264
  192Y    26.6260020333     0.0034548410
  192Z    -7.7820005943     0.0026138485
  193X    20.1640015398    -0.0065109791
  193Y    23.6860018088    -0.0049221328
  193Z    -8.7730006699     0.0009642779
  194X    20.3510015541    -0.0011970756
  194Y    25.4260019416     0.0045785405
  194Z    -9.0360006900    -0.0044894151
  195X    18.0360013773    -0.0001675519
  195Y    25.4460019432    -0.0096396601
  195Z    -5.3950004120    -0.0202910536
  196X    15.7960012062     0.0144831863
  196Y    25.4120019406     0.0032282982
  196Z    -6.7070005122     0.0022582769
  197X    16.1910012364    -0.0026161273
  197Y    25.5990019548    -0.0017631303
  197Z    -4.1420003163     0.0085387268
  198X    16.0820012281     0.0010525916
  198Y    27.3460020882     0.0037799401
  198Z    -4.3460003319     0.0049614533
  199X    14.0160010703    -0.0000190744
  199Y    26.8670020517     0.0015411824
  199Z    -4.0590003100     0.0031592339
  200X    17.5880013431    -0.0151094598
  200Y    27.9670021357    -0.0234472752
  200Z    -6.8780005252     0.0144916612
  201X    16.1010012295    -0.0068502178
  201Y    29.9530022873     0.0068330610
  201Z    -8.5590006536     0.0031006678
  202X    18.2190013913    -0.0009237859
  202Y    30.7280023465     0.0032654601
  202Z    -9.2820007088    -0.0026211488
  203X    18.3320013999     0.0012011966
  203Y    30.4630023263     0.0036655718
  203Z    -7.5510005766     0.0017934471
  204X    21.3240016284     0.0065017383
  204Y    29.0440022179    -0.0121000852
  204Z    -9.6010007332     0.0067093741
  205X    20.2140015436    -0.0177832953
  205Y    30.4320023239     0.0127511713
  205Z   -10.0570007680     0.0002317224
  206X    17.5880013431    -0.0005187474
  206Y    26.8930020537     0.0115342396
  206Z    -9.1950007022     0.0226580195
  207X    16.9990012981     0.0050768681
  207Y    27.1010020695    -0.0015824004
  207Z   -12.1770009299    -0.0078282723
  208X    18.5330014153    -0.0015665923
  208Y    24.8720018993    -0.0060777868
  208Z   -10.7720008226     0.0020366810
  209X    18.2840013962     0.0026856444
  209Y    25.0240019109    -0.0059987607
  209Z   -12.4970009543    -0.0044600577
  210X    19.9430015229     0.0016504151
  210Y    26.9700020595     0.0030627334
  210Z   -10.7820008234     0.0043954148
  211X    20.9780016020     0.0006354456
  211Y    24.6710018840    -0.0037417746
  211Z   -11.1700008530     0.0039444054
  212X    20.8240015902     0.0003639740
  212Y    24.9210019031    -0.0037784659
  212Z   -12.9210009867    -0.0051485058
  213X    21.8900016716     0.0050435244
  213Y    25.9770019837     0.0023636994
  213Z   -11.9600009133     0.0005291926
  214X    19.5020014892    -0.0013648656
  214Y    26.9780020601    -0.0005060136
  214Z   -13.8470010574    -0.0067755922
  215X    18.9700014486    -0.0034726989
  215Y    28.2290021557     0.0056546192
  215Z   -12.7010009699     0.0009318318
  216X    20.6960015804     0.0035606410
  216Y    27.9710021360     0.0049773821
  216Z   -12.9780009910    -0.0018330286
  217X    15.3800011745     0.0213966763
  217Y    25.8540019743     0.0021913054
  217Z    -9.4980007253     0.0057307802
  218X    13.4610010279    -0.0136402605
  218Y    24.4470018669    -0.0086611009
  218Z   -11.4370008734    -0.0048295324
  219X    14.0200010706    -0.0093125368
  219Y    23.2240017735    -0.0057114479
  219Z    -9.1930007020     0.0039889579
  220X    13.2150010091     0.0160816042
  220Y    24.5520018749     0.0028331682
  220Z    -8.3990006414     0.0076460691
----------------------------------------

 @ End Gradient Calculation


 @ Output Timing Information

------------- TIMING ---------------
| INITIAL GUESS TIME  =    16.944806416(  1.58%)
| DFT GRID OPERATIONS =     4.455409000(  0.41%)
| TOTAL SCF TIME      =   937.933785000( 87.29%)
|       TOTAL OP TIME      =   831.838080000( 77.42%)
|             TOTAL 1e TIME      =     1.445747000(  0.13%)
|             TOTAL 2e TIME      =   675.041881000( 62.82%)
|             TOTAL EXC TIME     =   146.464705000( 13.63%)
|       TOTAL DII TIME      =   103.659789000(  9.65%)
|             TOTAL DIAG TIME    =    24.907825000(  2.32%)
| TOTAL GRADIENT TIME      =   103.217058000(  9.61%)
|       TOTAL 1e GRADIENT TIME (OVERLAPPED WITH 2e GRAD TIME) =     4.286523000( 0.77%)
|       TOTAL 2e GRADIENT TIME (OVERLAPPED WITH 1e GRAD TIME) =    88.285477000( 8.22%)
|       TOTAL EXC GRADIENT TIME     =     6.623256000(  0.62%)
| TOTAL TIME          =  1074.487174000
------------------------------------
| Job cpu time:  0 days  0 hours 17 minutes 54.5 seconds.

 @ Finish Output Timing Information

| Normal Termination. Task Finished on: Fri Aug  6 00:16:44 2021
